<?xml version="1.0" encoding="UTF-8" standalone="no"?>
<!DOCTYPE log SYSTEM "logger.dtd">
<log>
<record>
  <date>2019-08-27T15:52:37</date>
  <millis>1566895957667</millis>
  <sequence>0</sequence>
  <level>START</level>
  <class>com.kms.katalon.core.logging.XmlKeywordLogger</class>
  <method>startSuite</method>
  <thread>1</thread>
  <message>Start Test Suite : Test Suites/1.0/Create single orders</message>
  <nestedLevel>0</nestedLevel>
  <property name="name">Create single orders</property>
  <property name="description"></property>
  <property name="id">Test Suites/1.0/Create single orders</property>
</record>
<record>
  <date>2019-08-27T15:52:37</date>
  <millis>1566895957680</millis>
  <sequence>1</sequence>
  <level>RUN_DATA</level>
  <class>com.kms.katalon.core.logging.XmlKeywordLogger</class>
  <method>logMessage</method>
  <thread>1</thread>
  <message>hostName = jarwo - redstar</message>
  <nestedLevel>0</nestedLevel>
  <property name="hostName">jarwo - redstar</property>
</record>
<record>
  <date>2019-08-27T15:52:37</date>
  <millis>1566895957680</millis>
  <sequence>2</sequence>
  <level>RUN_DATA</level>
  <class>com.kms.katalon.core.logging.XmlKeywordLogger</class>
  <method>logMessage</method>
  <thread>1</thread>
  <message>os = Linux 64bit</message>
  <nestedLevel>0</nestedLevel>
  <property name="os">Linux 64bit</property>
</record>
<record>
  <date>2019-08-27T15:52:37</date>
  <millis>1566895957681</millis>
  <sequence>3</sequence>
  <level>RUN_DATA</level>
  <class>com.kms.katalon.core.logging.XmlKeywordLogger</class>
  <method>logMessage</method>
  <thread>1</thread>
  <message>hostAddress = 127.0.1.1</message>
  <nestedLevel>0</nestedLevel>
  <property name="hostAddress">127.0.1.1</property>
</record>
<record>
  <date>2019-08-27T15:52:37</date>
  <millis>1566895957682</millis>
  <sequence>4</sequence>
  <level>RUN_DATA</level>
  <class>com.kms.katalon.core.logging.XmlKeywordLogger</class>
  <method>logMessage</method>
  <thread>1</thread>
  <message>katalonVersion = 6.2.1.2</message>
  <nestedLevel>0</nestedLevel>
  <property name="katalonVersion">6.2.1.2</property>
</record>
<record>
  <date>2019-08-27T15:52:37</date>
  <millis>1566895957819</millis>
  <sequence>5</sequence>
  <level>START</level>
  <class>com.kms.katalon.core.logging.XmlKeywordLogger</class>
  <method>startTest</method>
  <thread>1</thread>
  <message>Start Test Case : Test Cases/Web Ritase/Login/Login Shippers (DIRA XL)</message>
  <nestedLevel>1</nestedLevel>
  <property name="name">Test Cases/Web Ritase/Login/Login Shippers (DIRA XL)</property>
  <property name="description"></property>
  <property name="id">Test Cases/Web Ritase/Login/Login Shippers (DIRA XL)</property>
  <property name="source">\\home\\jarwo\\Katalon Studio\\Ritase Automation Testing\\Test Cases\\Web Ritase\\Login\\Login Shippers (DIRA XL).tc</property>
  <property name="tag"></property>
  <property name="isOptional">false</property>
</record>
<record>
  <date>2019-08-27T15:52:37</date>
  <millis>1566895957954</millis>
  <sequence>7</sequence>
  <level>START</level>
  <class>com.kms.katalon.core.logging.XmlKeywordLogger</class>
  <method>startKeyword</method>
  <thread>1</thread>
  <message>Start action : runFeatureFile(\&amp;quot;Include/features/Web/Login/LoginShippers.feature\&amp;quot;, STOP_ON_FAILURE)</message>
  <nestedLevel>1</nestedLevel>
  <property name="startLine">16</property>
  <property name="stepIndex">1</property>
</record>
<record>
  <date>2019-08-27T15:52:37</date>
  <millis>1566895957982</millis>
  <sequence>8</sequence>
  <level>INFO</level>
  <class>com.kms.katalon.core.logging.XmlKeywordLogger</class>
  <method>logMessage</method>
  <thread>1</thread>
  <message>Starting run keyword runFeatureFile: &amp;apos;Include/features/Web/Login/LoginShippers.feature&amp;apos; and extract report to folder: &amp;apos;/home/jarwo/Katalon Studio/Ritase Automation Testing/Reports/1.0/Create single orders/20190827_155230/cucumber_report/1566895957971&amp;apos;...</message>
  <nestedLevel>1</nestedLevel>
</record>
<record>
  <date>2019-08-27T15:52:38</date>
  <millis>1566895958262</millis>
  <sequence>9</sequence>
  <level>START</level>
  <class>com.kms.katalon.core.logging.XmlKeywordLogger</class>
  <method>startTest</method>
  <thread>1</thread>
  <message>Start Test Case : SCENARIO Login Shippers</message>
  <nestedLevel>2</nestedLevel>
</record>
<record>
  <date>2019-08-27T15:52:38</date>
  <millis>1566895958263</millis>
  <sequence>10</sequence>
  <level>START</level>
  <class>com.kms.katalon.core.logging.XmlKeywordLogger</class>
  <method>startKeyword</method>
  <thread>1</thread>
  <message>Start action : User open browser and visit https://staging.shippers.rit-ase.com/</message>
  <nestedLevel>2</nestedLevel>
</record>
<record>
  <date>2019-08-27T15:52:38</date>
  <millis>1566895958380</millis>
  <sequence>12</sequence>
  <level>INFO</level>
  <class>com.kms.katalon.core.logging.XmlKeywordLogger</class>
  <method>logMessage</method>
  <thread>1</thread>
  <message>Starting &amp;apos;Firefox&amp;apos; driver</message>
  <nestedLevel>2</nestedLevel>
</record>
<record>
  <date>2019-08-27T15:52:38</date>
  <millis>1566895958459</millis>
  <sequence>14</sequence>
  <level>INFO</level>
  <class>com.kms.katalon.core.logging.XmlKeywordLogger</class>
  <method>logMessage</method>
  <thread>1</thread>
  <message>Action delay is set to 0 seconds</message>
  <nestedLevel>2</nestedLevel>
</record>
<record>
  <date>2019-08-27T15:52:40</date>
  <millis>1566895960743</millis>
  <sequence>16</sequence>
  <level>RUN_DATA</level>
  <class>com.kms.katalon.core.logging.XmlKeywordLogger</class>
  <method>logMessage</method>
  <thread>1</thread>
  <message>sessionId = 37b9d89c-9ab4-440a-bed1-e88e13e4954a</message>
  <nestedLevel>2</nestedLevel>
  <property name="sessionId">37b9d89c-9ab4-440a-bed1-e88e13e4954a</property>
</record>
<record>
  <date>2019-08-27T15:52:40</date>
  <millis>1566895960757</millis>
  <sequence>17</sequence>
  <level>RUN_DATA</level>
  <class>com.kms.katalon.core.logging.XmlKeywordLogger</class>
  <method>logMessage</method>
  <thread>1</thread>
  <message>browser = Firefox 68.0</message>
  <nestedLevel>2</nestedLevel>
  <property name="browser">Firefox 68.0</property>
</record>
<record>
  <date>2019-08-27T15:52:40</date>
  <millis>1566895960757</millis>
  <sequence>18</sequence>
  <level>RUN_DATA</level>
  <class>com.kms.katalon.core.logging.XmlKeywordLogger</class>
  <method>logMessage</method>
  <thread>1</thread>
  <message>platform = Linux</message>
  <nestedLevel>2</nestedLevel>
  <property name="platform">Linux</property>
</record>
<record>
  <date>2019-08-27T15:52:40</date>
  <millis>1566895960757</millis>
  <sequence>19</sequence>
  <level>RUN_DATA</level>
  <class>com.kms.katalon.core.logging.XmlKeywordLogger</class>
  <method>logMessage</method>
  <thread>1</thread>
  <message>seleniumVersion = 3.141.59</message>
  <nestedLevel>2</nestedLevel>
  <property name="seleniumVersion">3.141.59</property>
</record>
<record>
  <date>2019-08-27T15:52:40</date>
  <millis>1566895960758</millis>
  <sequence>20</sequence>
  <level>RUN_DATA</level>
  <class>com.kms.katalon.core.logging.XmlKeywordLogger</class>
  <method>logMessage</method>
  <thread>1</thread>
  <message>proxyInformation = ProxyInformation{proxyOption=NO_PROXY, proxyServerType=HTTP, password=, proxyServerAddress=, proxyServerPort=0}</message>
  <nestedLevel>2</nestedLevel>
  <property name="proxyInformation">ProxyInformation{proxyOption=NO_PROXY, proxyServerType=HTTP, password=, proxyServerAddress=, proxyServerPort=0}</property>
</record>
<record>
  <date>2019-08-27T15:52:48</date>
  <millis>1566895968134</millis>
  <sequence>22</sequence>
  <level>PASSED</level>
  <class>com.kms.katalon.core.logging.XmlKeywordLogger</class>
  <method>logMessage</method>
  <thread>1</thread>
  <message>Browser is opened with url: &amp;apos;https://staging.shippers.rit-ase.com/&amp;apos;</message>
  <nestedLevel>2</nestedLevel>
</record>
<record>
  <date>2019-08-27T15:52:48</date>
  <millis>1566895968142</millis>
  <sequence>23</sequence>
  <level>PASSED</level>
  <class>com.kms.katalon.core.logging.XmlKeywordLogger</class>
  <method>logMessage</method>
  <thread>1</thread>
  <message>User open browser and visit https://staging.shippers.rit-ase.com/</message>
  <nestedLevel>2</nestedLevel>
</record>
<record>
  <date>2019-08-27T15:52:48</date>
  <millis>1566895968142</millis>
  <sequence>24</sequence>
  <level>END</level>
  <class>com.kms.katalon.core.logging.XmlKeywordLogger</class>
  <method>endKeyword</method>
  <thread>1</thread>
  <message>End End action : User open browser and visit https://staging.shippers.rit-ase.com/</message>
  <nestedLevel>2</nestedLevel>
</record>
<record>
  <date>2019-08-27T15:52:48</date>
  <millis>1566895968143</millis>
  <sequence>25</sequence>
  <level>START</level>
  <class>com.kms.katalon.core.logging.XmlKeywordLogger</class>
  <method>startKeyword</method>
  <thread>1</thread>
  <message>Start action : User see login page</message>
  <nestedLevel>2</nestedLevel>
</record>
<record>
  <date>2019-08-27T15:52:48</date>
  <millis>1566895968224</millis>
  <sequence>32</sequence>
  <level>PASSED</level>
  <class>com.kms.katalon.core.logging.XmlKeywordLogger</class>
  <method>logMessage</method>
  <thread>1</thread>
  <message>Text of object &amp;apos;Object Repository/Shippers Web/Login/text_loginForm&amp;apos; is: &amp;apos;Please login to partners account&amp;apos;</message>
  <nestedLevel>2</nestedLevel>
</record>
<record>
  <date>2019-08-27T15:52:48</date>
  <millis>1566895968227</millis>
  <sequence>33</sequence>
  <level>PASSED</level>
  <class>com.kms.katalon.core.logging.XmlKeywordLogger</class>
  <method>logMessage</method>
  <thread>1</thread>
  <message>User see login page</message>
  <nestedLevel>2</nestedLevel>
</record>
<record>
  <date>2019-08-27T15:52:48</date>
  <millis>1566895968227</millis>
  <sequence>34</sequence>
  <level>END</level>
  <class>com.kms.katalon.core.logging.XmlKeywordLogger</class>
  <method>endKeyword</method>
  <thread>1</thread>
  <message>End End action : User see login page</message>
  <nestedLevel>2</nestedLevel>
</record>
<record>
  <date>2019-08-27T15:52:48</date>
  <millis>1566895968228</millis>
  <sequence>35</sequence>
  <level>START</level>
  <class>com.kms.katalon.core.logging.XmlKeywordLogger</class>
  <method>startKeyword</method>
  <thread>1</thread>
  <message>Start action : User fill email shippers order@xl.co.id</message>
  <nestedLevel>2</nestedLevel>
</record>
<record>
  <date>2019-08-27T15:52:48</date>
  <millis>1566895968439</millis>
  <sequence>44</sequence>
  <level>PASSED</level>
  <class>com.kms.katalon.core.logging.XmlKeywordLogger</class>
  <method>logMessage</method>
  <thread>1</thread>
  <message>Text &amp;apos;order@xl.co.id&amp;apos; is set on object &amp;apos;Object Repository/Shippers Web/Login/input_emailAddress&amp;apos;</message>
  <nestedLevel>2</nestedLevel>
</record>
<record>
  <date>2019-08-27T15:52:48</date>
  <millis>1566895968439</millis>
  <sequence>45</sequence>
  <level>PASSED</level>
  <class>com.kms.katalon.core.logging.XmlKeywordLogger</class>
  <method>logMessage</method>
  <thread>1</thread>
  <message>User fill email shippers order@xl.co.id</message>
  <nestedLevel>2</nestedLevel>
</record>
<record>
  <date>2019-08-27T15:52:48</date>
  <millis>1566895968440</millis>
  <sequence>46</sequence>
  <level>END</level>
  <class>com.kms.katalon.core.logging.XmlKeywordLogger</class>
  <method>endKeyword</method>
  <thread>1</thread>
  <message>End End action : User fill email shippers order@xl.co.id</message>
  <nestedLevel>2</nestedLevel>
</record>
<record>
  <date>2019-08-27T15:52:48</date>
  <millis>1566895968440</millis>
  <sequence>47</sequence>
  <level>START</level>
  <class>com.kms.katalon.core.logging.XmlKeywordLogger</class>
  <method>startKeyword</method>
  <thread>1</thread>
  <message>Start action : User fill password shippers YFZfyx+NhJE=</message>
  <nestedLevel>2</nestedLevel>
</record>
<record>
  <date>2019-08-27T15:52:48</date>
  <millis>1566895968554</millis>
  <sequence>56</sequence>
  <level>PASSED</level>
  <class>com.kms.katalon.core.logging.XmlKeywordLogger</class>
  <method>logMessage</method>
  <thread>1</thread>
  <message>Text ****** has been set on object &amp;apos;Object Repository/Shippers Web/Login/input_password&amp;apos;</message>
  <nestedLevel>2</nestedLevel>
</record>
<record>
  <date>2019-08-27T15:52:48</date>
  <millis>1566895968555</millis>
  <sequence>57</sequence>
  <level>PASSED</level>
  <class>com.kms.katalon.core.logging.XmlKeywordLogger</class>
  <method>logMessage</method>
  <thread>1</thread>
  <message>User fill password shippers YFZfyx+NhJE=</message>
  <nestedLevel>2</nestedLevel>
</record>
<record>
  <date>2019-08-27T15:52:48</date>
  <millis>1566895968555</millis>
  <sequence>58</sequence>
  <level>END</level>
  <class>com.kms.katalon.core.logging.XmlKeywordLogger</class>
  <method>endKeyword</method>
  <thread>1</thread>
  <message>End End action : User fill password shippers YFZfyx+NhJE=</message>
  <nestedLevel>2</nestedLevel>
</record>
<record>
  <date>2019-08-27T15:52:48</date>
  <millis>1566895968556</millis>
  <sequence>59</sequence>
  <level>START</level>
  <class>com.kms.katalon.core.logging.XmlKeywordLogger</class>
  <method>startKeyword</method>
  <thread>1</thread>
  <message>Start action : User click button login</message>
  <nestedLevel>2</nestedLevel>
</record>
<record>
  <date>2019-08-27T15:52:48</date>
  <millis>1566895968837</millis>
  <sequence>66</sequence>
  <level>PASSED</level>
  <class>com.kms.katalon.core.logging.XmlKeywordLogger</class>
  <method>logMessage</method>
  <thread>1</thread>
  <message>Object: &amp;apos;Object Repository/Shippers Web/Login/button_loginShippers&amp;apos; is clicked on</message>
  <nestedLevel>2</nestedLevel>
</record>
<record>
  <date>2019-08-27T15:52:51</date>
  <millis>1566895971888</millis>
  <sequence>68</sequence>
  <level>PASSED</level>
  <class>com.kms.katalon.core.logging.XmlKeywordLogger</class>
  <method>logMessage</method>
  <thread>1</thread>
  <message>Delayed 3 second(s)</message>
  <nestedLevel>2</nestedLevel>
</record>
<record>
  <date>2019-08-27T15:52:51</date>
  <millis>1566895971889</millis>
  <sequence>69</sequence>
  <level>PASSED</level>
  <class>com.kms.katalon.core.logging.XmlKeywordLogger</class>
  <method>logMessage</method>
  <thread>1</thread>
  <message>User click button login</message>
  <nestedLevel>2</nestedLevel>
</record>
<record>
  <date>2019-08-27T15:52:51</date>
  <millis>1566895971889</millis>
  <sequence>70</sequence>
  <level>END</level>
  <class>com.kms.katalon.core.logging.XmlKeywordLogger</class>
  <method>endKeyword</method>
  <thread>1</thread>
  <message>End End action : User click button login</message>
  <nestedLevel>2</nestedLevel>
</record>
<record>
  <date>2019-08-27T15:52:51</date>
  <millis>1566895971889</millis>
  <sequence>71</sequence>
  <level>START</level>
  <class>com.kms.katalon.core.logging.XmlKeywordLogger</class>
  <method>startKeyword</method>
  <thread>1</thread>
  <message>Start action : User see dashboard menu</message>
  <nestedLevel>2</nestedLevel>
</record>
<record>
  <date>2019-08-27T15:52:51</date>
  <millis>1566895971913</millis>
  <sequence>77</sequence>
  <level>PASSED</level>
  <class>com.kms.katalon.core.logging.XmlKeywordLogger</class>
  <method>logMessage</method>
  <thread>1</thread>
  <message>Object &amp;apos;Object Repository/Shippers Web/Login/text_DashboardTxt&amp;apos; is present</message>
  <nestedLevel>2</nestedLevel>
</record>
<record>
  <date>2019-08-27T15:52:51</date>
  <millis>1566895971914</millis>
  <sequence>78</sequence>
  <level>PASSED</level>
  <class>com.kms.katalon.core.logging.XmlKeywordLogger</class>
  <method>logMessage</method>
  <thread>1</thread>
  <message>User see dashboard menu</message>
  <nestedLevel>2</nestedLevel>
</record>
<record>
  <date>2019-08-27T15:52:51</date>
  <millis>1566895971914</millis>
  <sequence>79</sequence>
  <level>END</level>
  <class>com.kms.katalon.core.logging.XmlKeywordLogger</class>
  <method>endKeyword</method>
  <thread>1</thread>
  <message>End End action : User see dashboard menu</message>
  <nestedLevel>2</nestedLevel>
</record>
<record>
  <date>2019-08-27T15:52:51</date>
  <millis>1566895971918</millis>
  <sequence>80</sequence>
  <level>PASSED</level>
  <class>com.kms.katalon.core.logging.XmlKeywordLogger</class>
  <method>logMessage</method>
  <thread>1</thread>
  <message>SCENARIO Login Shippers</message>
  <nestedLevel>2</nestedLevel>
</record>
<record>
  <date>2019-08-27T15:52:51</date>
  <millis>1566895971919</millis>
  <sequence>81</sequence>
  <level>END</level>
  <class>com.kms.katalon.core.logging.XmlKeywordLogger</class>
  <method>endTest</method>
  <thread>1</thread>
  <message>End Test Case : SCENARIO Login Shippers</message>
  <nestedLevel>1</nestedLevel>
</record>
<record>
  <date>2019-08-27T15:52:51</date>
  <millis>1566895971971</millis>
  <sequence>82</sequence>
  <level>PASSED</level>
  <class>com.kms.katalon.core.logging.XmlKeywordLogger</class>
  <method>logMessage</method>
  <thread>1</thread>
  <message>Feature file: &amp;apos;Include/features/Web/Login/LoginShippers.feature&amp;apos; was passed</message>
  <nestedLevel>1</nestedLevel>
</record>
<record>
  <date>2019-08-27T15:52:51</date>
  <millis>1566895971971</millis>
  <sequence>83</sequence>
  <level>END</level>
  <class>com.kms.katalon.core.logging.XmlKeywordLogger</class>
  <method>endKeyword</method>
  <thread>1</thread>
  <message>End action : runFeatureFile(\&amp;quot;Include/features/Web/Login/LoginShippers.feature\&amp;quot;, STOP_ON_FAILURE)</message>
  <nestedLevel>1</nestedLevel>
</record>
<record>
  <date>2019-08-27T15:52:51</date>
  <millis>1566895971971</millis>
  <sequence>84</sequence>
  <level>PASSED</level>
  <class>com.kms.katalon.core.logging.XmlKeywordLogger</class>
  <method>logMessage</method>
  <thread>1</thread>
  <message>Test Cases/Web Ritase/Login/Login Shippers (DIRA XL)</message>
  <nestedLevel>1</nestedLevel>
</record>
<record>
  <date>2019-08-27T15:52:51</date>
  <millis>1566895971972</millis>
  <sequence>85</sequence>
  <level>END</level>
  <class>com.kms.katalon.core.logging.XmlKeywordLogger</class>
  <method>endTest</method>
  <thread>1</thread>
  <message>End Test Case : Test Cases/Web Ritase/Login/Login Shippers (DIRA XL)</message>
  <nestedLevel>0</nestedLevel>
</record>
<record>
  <date>2019-08-27T15:52:51</date>
  <millis>1566895971976</millis>
  <sequence>86</sequence>
  <level>START</level>
  <class>com.kms.katalon.core.logging.XmlKeywordLogger</class>
  <method>startTest</method>
  <thread>1</thread>
  <message>Start Test Case : Test Cases/Web Ritase/Orders/Single Orders (DIRA XL)</message>
  <nestedLevel>1</nestedLevel>
  <property name="name">Test Cases/Web Ritase/Orders/Single Orders (DIRA XL)</property>
  <property name="description"></property>
  <property name="id">Test Cases/Web Ritase/Orders/Single Orders (DIRA XL)</property>
  <property name="source">\\home\\jarwo\\Katalon Studio\\Ritase Automation Testing\\Test Cases\\Web Ritase\\Orders\\Single Orders (DIRA XL).tc</property>
  <property name="tag"></property>
  <property name="isOptional">false</property>
</record>
<record>
  <date>2019-08-27T15:52:52</date>
  <millis>1566895972070</millis>
  <sequence>88</sequence>
  <level>START</level>
  <class>com.kms.katalon.core.logging.XmlKeywordLogger</class>
  <method>startKeyword</method>
  <thread>1</thread>
  <message>Start action : runFeatureFile(\&amp;quot;Include/features/Web/Orders/SingleOrderXL.feature\&amp;quot;, STOP_ON_FAILURE)</message>
  <nestedLevel>1</nestedLevel>
  <property name="startLine">16</property>
  <property name="stepIndex">1</property>
</record>
<record>
  <date>2019-08-27T15:52:52</date>
  <millis>1566895972071</millis>
  <sequence>89</sequence>
  <level>INFO</level>
  <class>com.kms.katalon.core.logging.XmlKeywordLogger</class>
  <method>logMessage</method>
  <thread>1</thread>
  <message>Starting run keyword runFeatureFile: &amp;apos;Include/features/Web/Orders/SingleOrderXL.feature&amp;apos; and extract report to folder: &amp;apos;/home/jarwo/Katalon Studio/Ritase Automation Testing/Reports/1.0/Create single orders/20190827_155230/cucumber_report/1566895972071&amp;apos;...</message>
  <nestedLevel>1</nestedLevel>
</record>
<record>
  <date>2019-08-27T15:52:52</date>
  <millis>1566895972120</millis>
  <sequence>90</sequence>
  <level>START</level>
  <class>com.kms.katalon.core.logging.XmlKeywordLogger</class>
  <method>startTest</method>
  <thread>1</thread>
  <message>Start Test Case : SCENARIO Single Order as Dira XL</message>
  <nestedLevel>2</nestedLevel>
</record>
<record>
  <date>2019-08-27T15:52:52</date>
  <millis>1566895972121</millis>
  <sequence>91</sequence>
  <level>START</level>
  <class>com.kms.katalon.core.logging.XmlKeywordLogger</class>
  <method>startKeyword</method>
  <thread>1</thread>
  <message>Start action : QA generate unique number for testing</message>
  <nestedLevel>2</nestedLevel>
</record>
<record>
  <date>2019-08-27T15:52:52</date>
  <millis>1566895972217</millis>
  <sequence>92</sequence>
  <level>PASSED</level>
  <class>com.kms.katalon.core.logging.XmlKeywordLogger</class>
  <method>logMessage</method>
  <thread>1</thread>
  <message>QA generate unique number for testing</message>
  <nestedLevel>2</nestedLevel>
</record>
<record>
  <date>2019-08-27T15:52:52</date>
  <millis>1566895972218</millis>
  <sequence>93</sequence>
  <level>END</level>
  <class>com.kms.katalon.core.logging.XmlKeywordLogger</class>
  <method>endKeyword</method>
  <thread>1</thread>
  <message>End End action : QA generate unique number for testing</message>
  <nestedLevel>2</nestedLevel>
</record>
<record>
  <date>2019-08-27T15:52:52</date>
  <millis>1566895972218</millis>
  <sequence>94</sequence>
  <level>START</level>
  <class>com.kms.katalon.core.logging.XmlKeywordLogger</class>
  <method>startKeyword</method>
  <thread>1</thread>
  <message>Start action : User click order menu</message>
  <nestedLevel>2</nestedLevel>
</record>
<record>
  <date>2019-08-27T15:52:52</date>
  <millis>1566895972771</millis>
  <sequence>101</sequence>
  <level>PASSED</level>
  <class>com.kms.katalon.core.logging.XmlKeywordLogger</class>
  <method>logMessage</method>
  <thread>1</thread>
  <message>Object: &amp;apos;Object Repository/Shippers Web/Orders/click_orderMenuButton&amp;apos; is clicked on</message>
  <nestedLevel>2</nestedLevel>
</record>
<record>
  <date>2019-08-27T15:52:52</date>
  <millis>1566895972772</millis>
  <sequence>102</sequence>
  <level>PASSED</level>
  <class>com.kms.katalon.core.logging.XmlKeywordLogger</class>
  <method>logMessage</method>
  <thread>1</thread>
  <message>User click order menu</message>
  <nestedLevel>2</nestedLevel>
</record>
<record>
  <date>2019-08-27T15:52:52</date>
  <millis>1566895972772</millis>
  <sequence>103</sequence>
  <level>END</level>
  <class>com.kms.katalon.core.logging.XmlKeywordLogger</class>
  <method>endKeyword</method>
  <thread>1</thread>
  <message>End End action : User click order menu</message>
  <nestedLevel>2</nestedLevel>
</record>
<record>
  <date>2019-08-27T15:52:52</date>
  <millis>1566895972772</millis>
  <sequence>104</sequence>
  <level>START</level>
  <class>com.kms.katalon.core.logging.XmlKeywordLogger</class>
  <method>startKeyword</method>
  <thread>1</thread>
  <message>Start action : User see order menu</message>
  <nestedLevel>2</nestedLevel>
</record>
<record>
  <date>2019-08-27T15:52:52</date>
  <millis>1566895972800</millis>
  <sequence>111</sequence>
  <level>PASSED</level>
  <class>com.kms.katalon.core.logging.XmlKeywordLogger</class>
  <method>logMessage</method>
  <thread>1</thread>
  <message>Text of object &amp;apos;Object Repository/Shippers Web/Orders/text_orderMenuTxt&amp;apos; is: &amp;apos;Manajemen Order&amp;apos;</message>
  <nestedLevel>2</nestedLevel>
</record>
<record>
  <date>2019-08-27T15:52:52</date>
  <millis>1566895972801</millis>
  <sequence>112</sequence>
  <level>PASSED</level>
  <class>com.kms.katalon.core.logging.XmlKeywordLogger</class>
  <method>logMessage</method>
  <thread>1</thread>
  <message>User see order menu</message>
  <nestedLevel>2</nestedLevel>
</record>
<record>
  <date>2019-08-27T15:52:52</date>
  <millis>1566895972801</millis>
  <sequence>113</sequence>
  <level>END</level>
  <class>com.kms.katalon.core.logging.XmlKeywordLogger</class>
  <method>endKeyword</method>
  <thread>1</thread>
  <message>End End action : User see order menu</message>
  <nestedLevel>2</nestedLevel>
</record>
<record>
  <date>2019-08-27T15:52:52</date>
  <millis>1566895972801</millis>
  <sequence>114</sequence>
  <level>START</level>
  <class>com.kms.katalon.core.logging.XmlKeywordLogger</class>
  <method>startKeyword</method>
  <thread>1</thread>
  <message>Start action : User click add order menu</message>
  <nestedLevel>2</nestedLevel>
</record>
<record>
  <date>2019-08-27T15:52:53</date>
  <millis>1566895973557</millis>
  <sequence>121</sequence>
  <level>PASSED</level>
  <class>com.kms.katalon.core.logging.XmlKeywordLogger</class>
  <method>logMessage</method>
  <thread>1</thread>
  <message>Object: &amp;apos;Object Repository/Shippers Web/Orders/click_addOrderMenuButton&amp;apos; is clicked on</message>
  <nestedLevel>2</nestedLevel>
</record>
<record>
  <date>2019-08-27T15:52:53</date>
  <millis>1566895973558</millis>
  <sequence>122</sequence>
  <level>PASSED</level>
  <class>com.kms.katalon.core.logging.XmlKeywordLogger</class>
  <method>logMessage</method>
  <thread>1</thread>
  <message>User click add order menu</message>
  <nestedLevel>2</nestedLevel>
</record>
<record>
  <date>2019-08-27T15:52:53</date>
  <millis>1566895973558</millis>
  <sequence>123</sequence>
  <level>END</level>
  <class>com.kms.katalon.core.logging.XmlKeywordLogger</class>
  <method>endKeyword</method>
  <thread>1</thread>
  <message>End End action : User click add order menu</message>
  <nestedLevel>2</nestedLevel>
</record>
<record>
  <date>2019-08-27T15:52:53</date>
  <millis>1566895973559</millis>
  <sequence>124</sequence>
  <level>START</level>
  <class>com.kms.katalon.core.logging.XmlKeywordLogger</class>
  <method>startKeyword</method>
  <thread>1</thread>
  <message>Start action : User see add order menu</message>
  <nestedLevel>2</nestedLevel>
</record>
<record>
  <date>2019-08-27T15:52:53</date>
  <millis>1566895973591</millis>
  <sequence>131</sequence>
  <level>PASSED</level>
  <class>com.kms.katalon.core.logging.XmlKeywordLogger</class>
  <method>logMessage</method>
  <thread>1</thread>
  <message>Text of object &amp;apos;Object Repository/Shippers Web/Orders/text_addOrderMenuTxt&amp;apos; is: &amp;apos;Tambah Order&amp;apos;</message>
  <nestedLevel>2</nestedLevel>
</record>
<record>
  <date>2019-08-27T15:52:53</date>
  <millis>1566895973592</millis>
  <sequence>132</sequence>
  <level>PASSED</level>
  <class>com.kms.katalon.core.logging.XmlKeywordLogger</class>
  <method>logMessage</method>
  <thread>1</thread>
  <message>User see add order menu</message>
  <nestedLevel>2</nestedLevel>
</record>
<record>
  <date>2019-08-27T15:52:53</date>
  <millis>1566895973592</millis>
  <sequence>133</sequence>
  <level>END</level>
  <class>com.kms.katalon.core.logging.XmlKeywordLogger</class>
  <method>endKeyword</method>
  <thread>1</thread>
  <message>End End action : User see add order menu</message>
  <nestedLevel>2</nestedLevel>
</record>
<record>
  <date>2019-08-27T15:52:53</date>
  <millis>1566895973592</millis>
  <sequence>134</sequence>
  <level>START</level>
  <class>com.kms.katalon.core.logging.XmlKeywordLogger</class>
  <method>startKeyword</method>
  <thread>1</thread>
  <message>Start action : User fill company transporter Ritase</message>
  <nestedLevel>2</nestedLevel>
</record>
<record>
  <date>2019-08-27T15:52:53</date>
  <millis>1566895973856</millis>
  <sequence>141</sequence>
  <level>PASSED</level>
  <class>com.kms.katalon.core.logging.XmlKeywordLogger</class>
  <method>logMessage</method>
  <thread>1</thread>
  <message>Object: &amp;apos;Object Repository/Shippers Web/Orders/click_companyTransport&amp;apos; is clicked on</message>
  <nestedLevel>2</nestedLevel>
</record>
<record>
  <date>2019-08-27T15:52:55</date>
  <millis>1566895975859</millis>
  <sequence>143</sequence>
  <level>PASSED</level>
  <class>com.kms.katalon.core.logging.XmlKeywordLogger</class>
  <method>logMessage</method>
  <thread>1</thread>
  <message>Delayed 2 second(s)</message>
  <nestedLevel>2</nestedLevel>
</record>
<record>
  <date>2019-08-27T15:52:56</date>
  <millis>1566895976125</millis>
  <sequence>150</sequence>
  <level>PASSED</level>
  <class>com.kms.katalon.core.logging.XmlKeywordLogger</class>
  <method>logMessage</method>
  <thread>1</thread>
  <message>Object: &amp;apos;Object Repository/Shippers Web/Orders/companyTransport_Ritase&amp;apos; is clicked on</message>
  <nestedLevel>2</nestedLevel>
</record>
<record>
  <date>2019-08-27T15:52:56</date>
  <millis>1566895976129</millis>
  <sequence>151</sequence>
  <level>PASSED</level>
  <class>com.kms.katalon.core.logging.XmlKeywordLogger</class>
  <method>logMessage</method>
  <thread>1</thread>
  <message>User fill company transporter Ritase</message>
  <nestedLevel>2</nestedLevel>
</record>
<record>
  <date>2019-08-27T15:52:56</date>
  <millis>1566895976129</millis>
  <sequence>152</sequence>
  <level>END</level>
  <class>com.kms.katalon.core.logging.XmlKeywordLogger</class>
  <method>endKeyword</method>
  <thread>1</thread>
  <message>End End action : User fill company transporter Ritase</message>
  <nestedLevel>2</nestedLevel>
</record>
<record>
  <date>2019-08-27T15:52:56</date>
  <millis>1566895976131</millis>
  <sequence>153</sequence>
  <level>START</level>
  <class>com.kms.katalon.core.logging.XmlKeywordLogger</class>
  <method>startKeyword</method>
  <thread>1</thread>
  <message>Start action : User fill origin Jeki kompeni</message>
  <nestedLevel>2</nestedLevel>
</record>
<record>
  <date>2019-08-27T15:52:56</date>
  <millis>1566895976419</millis>
  <sequence>160</sequence>
  <level>PASSED</level>
  <class>com.kms.katalon.core.logging.XmlKeywordLogger</class>
  <method>logMessage</method>
  <thread>1</thread>
  <message>Object: &amp;apos;Object Repository/Shippers Web/Orders/click_originContact&amp;apos; is clicked on</message>
  <nestedLevel>2</nestedLevel>
</record>
<record>
  <date>2019-08-27T15:52:58</date>
  <millis>1566895978421</millis>
  <sequence>162</sequence>
  <level>PASSED</level>
  <class>com.kms.katalon.core.logging.XmlKeywordLogger</class>
  <method>logMessage</method>
  <thread>1</thread>
  <message>Delayed 2 second(s)</message>
  <nestedLevel>2</nestedLevel>
</record>
<record>
  <date>2019-08-27T15:52:58</date>
  <millis>1566895978858</millis>
  <sequence>169</sequence>
  <level>PASSED</level>
  <class>com.kms.katalon.core.logging.XmlKeywordLogger</class>
  <method>logMessage</method>
  <thread>1</thread>
  <message>Object: &amp;apos;Object Repository/Shippers Web/Orders/originContact_Jeki kompeni&amp;apos; is clicked on</message>
  <nestedLevel>2</nestedLevel>
</record>
<record>
  <date>2019-08-27T15:52:58</date>
  <millis>1566895978859</millis>
  <sequence>170</sequence>
  <level>PASSED</level>
  <class>com.kms.katalon.core.logging.XmlKeywordLogger</class>
  <method>logMessage</method>
  <thread>1</thread>
  <message>User fill origin Jeki kompeni</message>
  <nestedLevel>2</nestedLevel>
</record>
<record>
  <date>2019-08-27T15:52:58</date>
  <millis>1566895978860</millis>
  <sequence>171</sequence>
  <level>END</level>
  <class>com.kms.katalon.core.logging.XmlKeywordLogger</class>
  <method>endKeyword</method>
  <thread>1</thread>
  <message>End End action : User fill origin Jeki kompeni</message>
  <nestedLevel>2</nestedLevel>
</record>
<record>
  <date>2019-08-27T15:52:58</date>
  <millis>1566895978862</millis>
  <sequence>172</sequence>
  <level>START</level>
  <class>com.kms.katalon.core.logging.XmlKeywordLogger</class>
  <method>startKeyword</method>
  <thread>1</thread>
  <message>Start action : User fill destination Rizki kompeni</message>
  <nestedLevel>2</nestedLevel>
</record>
<record>
  <date>2019-08-27T15:52:59</date>
  <millis>1566895979174</millis>
  <sequence>179</sequence>
  <level>PASSED</level>
  <class>com.kms.katalon.core.logging.XmlKeywordLogger</class>
  <method>logMessage</method>
  <thread>1</thread>
  <message>Object: &amp;apos;Object Repository/Shippers Web/Orders/click_destinationContact&amp;apos; is clicked on</message>
  <nestedLevel>2</nestedLevel>
</record>
<record>
  <date>2019-08-27T15:53:01</date>
  <millis>1566895981175</millis>
  <sequence>181</sequence>
  <level>PASSED</level>
  <class>com.kms.katalon.core.logging.XmlKeywordLogger</class>
  <method>logMessage</method>
  <thread>1</thread>
  <message>Delayed 2 second(s)</message>
  <nestedLevel>2</nestedLevel>
</record>
<record>
  <date>2019-08-27T15:53:01</date>
  <millis>1566895981520</millis>
  <sequence>188</sequence>
  <level>PASSED</level>
  <class>com.kms.katalon.core.logging.XmlKeywordLogger</class>
  <method>logMessage</method>
  <thread>1</thread>
  <message>Object: &amp;apos;Object Repository/Shippers Web/Orders/destinationContact_Rizki kompeni&amp;apos; is clicked on</message>
  <nestedLevel>2</nestedLevel>
</record>
<record>
  <date>2019-08-27T15:53:01</date>
  <millis>1566895981522</millis>
  <sequence>189</sequence>
  <level>PASSED</level>
  <class>com.kms.katalon.core.logging.XmlKeywordLogger</class>
  <method>logMessage</method>
  <thread>1</thread>
  <message>User fill destination Rizki kompeni</message>
  <nestedLevel>2</nestedLevel>
</record>
<record>
  <date>2019-08-27T15:53:01</date>
  <millis>1566895981523</millis>
  <sequence>190</sequence>
  <level>END</level>
  <class>com.kms.katalon.core.logging.XmlKeywordLogger</class>
  <method>endKeyword</method>
  <thread>1</thread>
  <message>End End action : User fill destination Rizki kompeni</message>
  <nestedLevel>2</nestedLevel>
</record>
<record>
  <date>2019-08-27T15:53:01</date>
  <millis>1566895981524</millis>
  <sequence>191</sequence>
  <level>START</level>
  <class>com.kms.katalon.core.logging.XmlKeywordLogger</class>
  <method>startKeyword</method>
  <thread>1</thread>
  <message>Start action : User fill po number</message>
  <nestedLevel>2</nestedLevel>
</record>
<record>
  <date>2019-08-27T15:53:01</date>
  <millis>1566895981710</millis>
  <sequence>200</sequence>
  <level>PASSED</level>
  <class>com.kms.katalon.core.logging.XmlKeywordLogger</class>
  <method>logMessage</method>
  <thread>1</thread>
  <message>Text &amp;apos;PO-49914&amp;apos; is set on object &amp;apos;Object Repository/Shippers Web/Orders/input_poNumber&amp;apos;</message>
  <nestedLevel>2</nestedLevel>
</record>
<record>
  <date>2019-08-27T15:53:01</date>
  <millis>1566895981710</millis>
  <sequence>201</sequence>
  <level>PASSED</level>
  <class>com.kms.katalon.core.logging.XmlKeywordLogger</class>
  <method>logMessage</method>
  <thread>1</thread>
  <message>User fill po number</message>
  <nestedLevel>2</nestedLevel>
</record>
<record>
  <date>2019-08-27T15:53:01</date>
  <millis>1566895981711</millis>
  <sequence>202</sequence>
  <level>END</level>
  <class>com.kms.katalon.core.logging.XmlKeywordLogger</class>
  <method>endKeyword</method>
  <thread>1</thread>
  <message>End End action : User fill po number</message>
  <nestedLevel>2</nestedLevel>
</record>
<record>
  <date>2019-08-27T15:53:01</date>
  <millis>1566895981711</millis>
  <sequence>203</sequence>
  <level>START</level>
  <class>com.kms.katalon.core.logging.XmlKeywordLogger</class>
  <method>startKeyword</method>
  <thread>1</thread>
  <message>Start action : User fill order number</message>
  <nestedLevel>2</nestedLevel>
</record>
<record>
  <date>2019-08-27T15:53:01</date>
  <millis>1566895981869</millis>
  <sequence>212</sequence>
  <level>PASSED</level>
  <class>com.kms.katalon.core.logging.XmlKeywordLogger</class>
  <method>logMessage</method>
  <thread>1</thread>
  <message>Text &amp;apos;ORD-25359&amp;apos; is set on object &amp;apos;Object Repository/Shippers Web/Orders/input_orderNumber&amp;apos;</message>
  <nestedLevel>2</nestedLevel>
</record>
<record>
  <date>2019-08-27T15:53:01</date>
  <millis>1566895981869</millis>
  <sequence>213</sequence>
  <level>PASSED</level>
  <class>com.kms.katalon.core.logging.XmlKeywordLogger</class>
  <method>logMessage</method>
  <thread>1</thread>
  <message>User fill order number</message>
  <nestedLevel>2</nestedLevel>
</record>
<record>
  <date>2019-08-27T15:53:01</date>
  <millis>1566895981869</millis>
  <sequence>214</sequence>
  <level>END</level>
  <class>com.kms.katalon.core.logging.XmlKeywordLogger</class>
  <method>endKeyword</method>
  <thread>1</thread>
  <message>End End action : User fill order number</message>
  <nestedLevel>2</nestedLevel>
</record>
<record>
  <date>2019-08-27T15:53:01</date>
  <millis>1566895981870</millis>
  <sequence>215</sequence>
  <level>START</level>
  <class>com.kms.katalon.core.logging.XmlKeywordLogger</class>
  <method>startKeyword</method>
  <thread>1</thread>
  <message>Start action : User fill shipment number</message>
  <nestedLevel>2</nestedLevel>
</record>
<record>
  <date>2019-08-27T15:53:01</date>
  <millis>1566895981995</millis>
  <sequence>224</sequence>
  <level>PASSED</level>
  <class>com.kms.katalon.core.logging.XmlKeywordLogger</class>
  <method>logMessage</method>
  <thread>1</thread>
  <message>Text &amp;apos;86408311&amp;apos; is set on object &amp;apos;Object Repository/Shippers Web/Orders/input_shipmentNumber&amp;apos;</message>
  <nestedLevel>2</nestedLevel>
</record>
<record>
  <date>2019-08-27T15:53:01</date>
  <millis>1566895981995</millis>
  <sequence>225</sequence>
  <level>PASSED</level>
  <class>com.kms.katalon.core.logging.XmlKeywordLogger</class>
  <method>logMessage</method>
  <thread>1</thread>
  <message>User fill shipment number</message>
  <nestedLevel>2</nestedLevel>
</record>
<record>
  <date>2019-08-27T15:53:01</date>
  <millis>1566895981996</millis>
  <sequence>226</sequence>
  <level>END</level>
  <class>com.kms.katalon.core.logging.XmlKeywordLogger</class>
  <method>endKeyword</method>
  <thread>1</thread>
  <message>End End action : User fill shipment number</message>
  <nestedLevel>2</nestedLevel>
</record>
<record>
  <date>2019-08-27T15:53:01</date>
  <millis>1566895981996</millis>
  <sequence>227</sequence>
  <level>START</level>
  <class>com.kms.katalon.core.logging.XmlKeywordLogger</class>
  <method>startKeyword</method>
  <thread>1</thread>
  <message>Start action : User fill vehicle type CDD</message>
  <nestedLevel>2</nestedLevel>
</record>
<record>
  <date>2019-08-27T15:53:02</date>
  <millis>1566895982316</millis>
  <sequence>234</sequence>
  <level>PASSED</level>
  <class>com.kms.katalon.core.logging.XmlKeywordLogger</class>
  <method>logMessage</method>
  <thread>1</thread>
  <message>Object: &amp;apos;Object Repository/Shippers Web/Orders/click_vehicleType&amp;apos; is clicked on</message>
  <nestedLevel>2</nestedLevel>
</record>
<record>
  <date>2019-08-27T15:53:04</date>
  <millis>1566895984318</millis>
  <sequence>236</sequence>
  <level>PASSED</level>
  <class>com.kms.katalon.core.logging.XmlKeywordLogger</class>
  <method>logMessage</method>
  <thread>1</thread>
  <message>Delayed 2 second(s)</message>
  <nestedLevel>2</nestedLevel>
</record>
<record>
  <date>2019-08-27T15:53:04</date>
  <millis>1566895984649</millis>
  <sequence>243</sequence>
  <level>PASSED</level>
  <class>com.kms.katalon.core.logging.XmlKeywordLogger</class>
  <method>logMessage</method>
  <thread>1</thread>
  <message>Object: &amp;apos;Object Repository/Shippers Web/Orders/vehicleType_CDD&amp;apos; is clicked on</message>
  <nestedLevel>2</nestedLevel>
</record>
<record>
  <date>2019-08-27T15:53:04</date>
  <millis>1566895984651</millis>
  <sequence>244</sequence>
  <level>PASSED</level>
  <class>com.kms.katalon.core.logging.XmlKeywordLogger</class>
  <method>logMessage</method>
  <thread>1</thread>
  <message>User fill vehicle type CDD</message>
  <nestedLevel>2</nestedLevel>
</record>
<record>
  <date>2019-08-27T15:53:04</date>
  <millis>1566895984651</millis>
  <sequence>245</sequence>
  <level>END</level>
  <class>com.kms.katalon.core.logging.XmlKeywordLogger</class>
  <method>endKeyword</method>
  <thread>1</thread>
  <message>End End action : User fill vehicle type CDD</message>
  <nestedLevel>2</nestedLevel>
</record>
<record>
  <date>2019-08-27T15:53:04</date>
  <millis>1566895984653</millis>
  <sequence>246</sequence>
  <level>START</level>
  <class>com.kms.katalon.core.logging.XmlKeywordLogger</class>
  <method>startKeyword</method>
  <thread>1</thread>
  <message>Start action : User fill shipper price</message>
  <nestedLevel>2</nestedLevel>
</record>
<record>
  <date>2019-08-27T15:53:04</date>
  <millis>1566895984726</millis>
  <sequence>255</sequence>
  <level>PASSED</level>
  <class>com.kms.katalon.core.logging.XmlKeywordLogger</class>
  <method>logMessage</method>
  <thread>1</thread>
  <message>Text &amp;apos;1618022&amp;apos; is set on object &amp;apos;Object Repository/Shippers Web/Orders/input_shipperPrice&amp;apos;</message>
  <nestedLevel>2</nestedLevel>
</record>
<record>
  <date>2019-08-27T15:53:04</date>
  <millis>1566895984727</millis>
  <sequence>256</sequence>
  <level>PASSED</level>
  <class>com.kms.katalon.core.logging.XmlKeywordLogger</class>
  <method>logMessage</method>
  <thread>1</thread>
  <message>User fill shipper price</message>
  <nestedLevel>2</nestedLevel>
</record>
<record>
  <date>2019-08-27T15:53:04</date>
  <millis>1566895984727</millis>
  <sequence>257</sequence>
  <level>END</level>
  <class>com.kms.katalon.core.logging.XmlKeywordLogger</class>
  <method>endKeyword</method>
  <thread>1</thread>
  <message>End End action : User fill shipper price</message>
  <nestedLevel>2</nestedLevel>
</record>
<record>
  <date>2019-08-27T15:53:04</date>
  <millis>1566895984728</millis>
  <sequence>258</sequence>
  <level>START</level>
  <class>com.kms.katalon.core.logging.XmlKeywordLogger</class>
  <method>startKeyword</method>
  <thread>1</thread>
  <message>Start action : User fill description</message>
  <nestedLevel>2</nestedLevel>
</record>
<record>
  <date>2019-08-27T15:53:04</date>
  <millis>1566895984891</millis>
  <sequence>267</sequence>
  <level>PASSED</level>
  <class>com.kms.katalon.core.logging.XmlKeywordLogger</class>
  <method>logMessage</method>
  <thread>1</thread>
  <message>Text &amp;apos;QA-52617&amp;apos; is set on object &amp;apos;Object Repository/Shippers Web/Orders/input_description&amp;apos;</message>
  <nestedLevel>2</nestedLevel>
</record>
<record>
  <date>2019-08-27T15:53:04</date>
  <millis>1566895984891</millis>
  <sequence>268</sequence>
  <level>PASSED</level>
  <class>com.kms.katalon.core.logging.XmlKeywordLogger</class>
  <method>logMessage</method>
  <thread>1</thread>
  <message>User fill description</message>
  <nestedLevel>2</nestedLevel>
</record>
<record>
  <date>2019-08-27T15:53:04</date>
  <millis>1566895984891</millis>
  <sequence>269</sequence>
  <level>END</level>
  <class>com.kms.katalon.core.logging.XmlKeywordLogger</class>
  <method>endKeyword</method>
  <thread>1</thread>
  <message>End End action : User fill description</message>
  <nestedLevel>2</nestedLevel>
</record>
<record>
  <date>2019-08-27T15:53:04</date>
  <millis>1566895984892</millis>
  <sequence>270</sequence>
  <level>START</level>
  <class>com.kms.katalon.core.logging.XmlKeywordLogger</class>
  <method>startKeyword</method>
  <thread>1</thread>
  <message>Start action : User fill instruction</message>
  <nestedLevel>2</nestedLevel>
</record>
<record>
  <date>2019-08-27T15:53:04</date>
  <millis>1566895984982</millis>
  <sequence>279</sequence>
  <level>PASSED</level>
  <class>com.kms.katalon.core.logging.XmlKeywordLogger</class>
  <method>logMessage</method>
  <thread>1</thread>
  <message>Text &amp;apos;QA-52617&amp;apos; is set on object &amp;apos;Object Repository/Shippers Web/Orders/input_instruction&amp;apos;</message>
  <nestedLevel>2</nestedLevel>
</record>
<record>
  <date>2019-08-27T15:53:04</date>
  <millis>1566895984983</millis>
  <sequence>280</sequence>
  <level>PASSED</level>
  <class>com.kms.katalon.core.logging.XmlKeywordLogger</class>
  <method>logMessage</method>
  <thread>1</thread>
  <message>User fill instruction</message>
  <nestedLevel>2</nestedLevel>
</record>
<record>
  <date>2019-08-27T15:53:04</date>
  <millis>1566895984983</millis>
  <sequence>281</sequence>
  <level>END</level>
  <class>com.kms.katalon.core.logging.XmlKeywordLogger</class>
  <method>endKeyword</method>
  <thread>1</thread>
  <message>End End action : User fill instruction</message>
  <nestedLevel>2</nestedLevel>
</record>
<record>
  <date>2019-08-27T15:53:04</date>
  <millis>1566895984983</millis>
  <sequence>282</sequence>
  <level>START</level>
  <class>com.kms.katalon.core.logging.XmlKeywordLogger</class>
  <method>startKeyword</method>
  <thread>1</thread>
  <message>Start action : User fill pickup time estimation</message>
  <nestedLevel>2</nestedLevel>
</record>
<record>
  <date>2019-08-27T15:53:05</date>
  <millis>1566895985424</millis>
  <sequence>289</sequence>
  <level>PASSED</level>
  <class>com.kms.katalon.core.logging.XmlKeywordLogger</class>
  <method>logMessage</method>
  <thread>1</thread>
  <message>Object: &amp;apos;Object Repository/Shippers Web/Orders/click_pickupTimeEstimation&amp;apos; is clicked on</message>
  <nestedLevel>2</nestedLevel>
</record>
<record>
  <date>2019-08-27T15:53:05</date>
  <millis>1566895985884</millis>
  <sequence>296</sequence>
  <level>PASSED</level>
  <class>com.kms.katalon.core.logging.XmlKeywordLogger</class>
  <method>logMessage</method>
  <thread>1</thread>
  <message>Object: &amp;apos;Object Repository/Shippers Web/Orders/pickupTimeEstimation_today&amp;apos; is clicked on</message>
  <nestedLevel>2</nestedLevel>
</record>
<record>
  <date>2019-08-27T15:53:06</date>
  <millis>1566895986155</millis>
  <sequence>303</sequence>
  <level>PASSED</level>
  <class>com.kms.katalon.core.logging.XmlKeywordLogger</class>
  <method>logMessage</method>
  <thread>1</thread>
  <message>Object: &amp;apos;Object Repository/Shippers Web/Orders/pickupTimeEstimation_plusOneHour&amp;apos; is clicked on</message>
  <nestedLevel>2</nestedLevel>
</record>
<record>
  <date>2019-08-27T15:53:06</date>
  <millis>1566895986421</millis>
  <sequence>310</sequence>
  <level>PASSED</level>
  <class>com.kms.katalon.core.logging.XmlKeywordLogger</class>
  <method>logMessage</method>
  <thread>1</thread>
  <message>Object: &amp;apos;Object Repository/Shippers Web/Orders/pickupTimeEstimation_close&amp;apos; is clicked on</message>
  <nestedLevel>2</nestedLevel>
</record>
<record>
  <date>2019-08-27T15:53:06</date>
  <millis>1566895986424</millis>
  <sequence>311</sequence>
  <level>PASSED</level>
  <class>com.kms.katalon.core.logging.XmlKeywordLogger</class>
  <method>logMessage</method>
  <thread>1</thread>
  <message>User fill pickup time estimation</message>
  <nestedLevel>2</nestedLevel>
</record>
<record>
  <date>2019-08-27T15:53:06</date>
  <millis>1566895986425</millis>
  <sequence>312</sequence>
  <level>END</level>
  <class>com.kms.katalon.core.logging.XmlKeywordLogger</class>
  <method>endKeyword</method>
  <thread>1</thread>
  <message>End End action : User fill pickup time estimation</message>
  <nestedLevel>2</nestedLevel>
</record>
<record>
  <date>2019-08-27T15:53:06</date>
  <millis>1566895986426</millis>
  <sequence>313</sequence>
  <level>START</level>
  <class>com.kms.katalon.core.logging.XmlKeywordLogger</class>
  <method>startKeyword</method>
  <thread>1</thread>
  <message>Start action : User click traced button</message>
  <nestedLevel>2</nestedLevel>
</record>
<record>
  <date>2019-08-27T15:53:06</date>
  <millis>1566895986681</millis>
  <sequence>320</sequence>
  <level>PASSED</level>
  <class>com.kms.katalon.core.logging.XmlKeywordLogger</class>
  <method>logMessage</method>
  <thread>1</thread>
  <message>Object: &amp;apos;Object Repository/Shippers Web/Orders/click_tracedButton&amp;apos; is clicked on</message>
  <nestedLevel>2</nestedLevel>
</record>
<record>
  <date>2019-08-27T15:53:06</date>
  <millis>1566895986682</millis>
  <sequence>321</sequence>
  <level>PASSED</level>
  <class>com.kms.katalon.core.logging.XmlKeywordLogger</class>
  <method>logMessage</method>
  <thread>1</thread>
  <message>User click traced button</message>
  <nestedLevel>2</nestedLevel>
</record>
<record>
  <date>2019-08-27T15:53:06</date>
  <millis>1566895986682</millis>
  <sequence>322</sequence>
  <level>END</level>
  <class>com.kms.katalon.core.logging.XmlKeywordLogger</class>
  <method>endKeyword</method>
  <thread>1</thread>
  <message>End End action : User click traced button</message>
  <nestedLevel>2</nestedLevel>
</record>
<record>
  <date>2019-08-27T15:53:06</date>
  <millis>1566895986683</millis>
  <sequence>323</sequence>
  <level>START</level>
  <class>com.kms.katalon.core.logging.XmlKeywordLogger</class>
  <method>startKeyword</method>
  <thread>1</thread>
  <message>Start action : User click add order</message>
  <nestedLevel>2</nestedLevel>
</record>
<record>
  <date>2019-08-27T15:53:06</date>
  <millis>1566895986683</millis>
  <sequence>324</sequence>
  <level>PASSED</level>
  <class>com.kms.katalon.core.logging.XmlKeywordLogger</class>
  <method>logMessage</method>
  <thread>1</thread>
  <message>User click add order</message>
  <nestedLevel>2</nestedLevel>
</record>
<record>
  <date>2019-08-27T15:53:06</date>
  <millis>1566895986683</millis>
  <sequence>325</sequence>
  <level>END</level>
  <class>com.kms.katalon.core.logging.XmlKeywordLogger</class>
  <method>endKeyword</method>
  <thread>1</thread>
  <message>End End action : User click add order</message>
  <nestedLevel>2</nestedLevel>
</record>
<record>
  <date>2019-08-27T15:53:06</date>
  <millis>1566895986684</millis>
  <sequence>326</sequence>
  <level>START</level>
  <class>com.kms.katalon.core.logging.XmlKeywordLogger</class>
  <method>startKeyword</method>
  <thread>1</thread>
  <message>Start action : User see popup order success</message>
  <nestedLevel>2</nestedLevel>
</record>
<record>
  <date>2019-08-27T15:53:06</date>
  <millis>1566895986684</millis>
  <sequence>327</sequence>
  <level>PASSED</level>
  <class>com.kms.katalon.core.logging.XmlKeywordLogger</class>
  <method>logMessage</method>
  <thread>1</thread>
  <message>User see popup order success</message>
  <nestedLevel>2</nestedLevel>
</record>
<record>
  <date>2019-08-27T15:53:06</date>
  <millis>1566895986684</millis>
  <sequence>328</sequence>
  <level>END</level>
  <class>com.kms.katalon.core.logging.XmlKeywordLogger</class>
  <method>endKeyword</method>
  <thread>1</thread>
  <message>End End action : User see popup order success</message>
  <nestedLevel>2</nestedLevel>
</record>
<record>
  <date>2019-08-27T15:53:06</date>
  <millis>1566895986685</millis>
  <sequence>329</sequence>
  <level>PASSED</level>
  <class>com.kms.katalon.core.logging.XmlKeywordLogger</class>
  <method>logMessage</method>
  <thread>1</thread>
  <message>SCENARIO Single Order as Dira XL</message>
  <nestedLevel>2</nestedLevel>
</record>
<record>
  <date>2019-08-27T15:53:06</date>
  <millis>1566895986685</millis>
  <sequence>330</sequence>
  <level>END</level>
  <class>com.kms.katalon.core.logging.XmlKeywordLogger</class>
  <method>endTest</method>
  <thread>1</thread>
  <message>End Test Case : SCENARIO Single Order as Dira XL</message>
  <nestedLevel>1</nestedLevel>
</record>
<record>
  <date>2019-08-27T15:53:06</date>
  <millis>1566895986692</millis>
  <sequence>331</sequence>
  <level>PASSED</level>
  <class>com.kms.katalon.core.logging.XmlKeywordLogger</class>
  <method>logMessage</method>
  <thread>1</thread>
  <message>Feature file: &amp;apos;Include/features/Web/Orders/SingleOrderXL.feature&amp;apos; was passed</message>
  <nestedLevel>1</nestedLevel>
</record>
<record>
  <date>2019-08-27T15:53:06</date>
  <millis>1566895986692</millis>
  <sequence>332</sequence>
  <level>END</level>
  <class>com.kms.katalon.core.logging.XmlKeywordLogger</class>
  <method>endKeyword</method>
  <thread>1</thread>
  <message>End action : runFeatureFile(\&amp;quot;Include/features/Web/Orders/SingleOrderXL.feature\&amp;quot;, STOP_ON_FAILURE)</message>
  <nestedLevel>1</nestedLevel>
</record>
<record>
  <date>2019-08-27T15:53:06</date>
  <millis>1566895986692</millis>
  <sequence>333</sequence>
  <level>PASSED</level>
  <class>com.kms.katalon.core.logging.XmlKeywordLogger</class>
  <method>logMessage</method>
  <thread>1</thread>
  <message>Test Cases/Web Ritase/Orders/Single Orders (DIRA XL)</message>
  <nestedLevel>1</nestedLevel>
</record>
<record>
  <date>2019-08-27T15:53:06</date>
  <millis>1566895986693</millis>
  <sequence>334</sequence>
  <level>END</level>
  <class>com.kms.katalon.core.logging.XmlKeywordLogger</class>
  <method>endTest</method>
  <thread>1</thread>
  <message>End Test Case : Test Cases/Web Ritase/Orders/Single Orders (DIRA XL)</message>
  <nestedLevel>0</nestedLevel>
</record>
<record>
  <date>2019-08-27T15:53:06</date>
  <millis>1566895986693</millis>
  <sequence>335</sequence>
  <level>START</level>
  <class>com.kms.katalon.core.logging.XmlKeywordLogger</class>
  <method>startKeyword</method>
  <thread>1</thread>
  <message>Start listener action : exportKatalonReports</message>
  <nestedLevel>0</nestedLevel>
</record>
<record>
  <date>2019-08-27T15:53:06</date>
  <millis>1566895986825</millis>
  <sequence>621</sequence>
  <level>INFO</level>
  <class>com.kms.katalon.core.logging.XmlKeywordLogger</class>
  <method>logMessage</method>
  <thread>1</thread>
  <message>Start generating HTML report folder at: /home/jarwo/Katalon Studio/Ritase Automation Testing/Reports/1.0/Create single orders/20190827_155230...</message>
  <nestedLevel>0</nestedLevel>
</record>
<record>
  <date>2019-08-27T15:53:06</date>
  <millis>1566895986841</millis>
  <sequence>622</sequence>
  <level>INFO</level>
  <class>com.kms.katalon.core.logging.XmlKeywordLogger</class>
  <method>logMessage</method>
  <thread>1</thread>
  <message>HTML report generated</message>
  <nestedLevel>0</nestedLevel>
</record>
<record>
  <date>2019-08-27T15:53:06</date>
  <millis>1566895986842</millis>
  <sequence>623</sequence>
  <level>INFO</level>
  <class>com.kms.katalon.core.logging.XmlKeywordLogger</class>
  <method>logMessage</method>
  <thread>1</thread>
  <message>Start generating CSV report folder at: /home/jarwo/Katalon Studio/Ritase Automation Testing/Reports/1.0/Create single orders/20190827_155230...</message>
  <nestedLevel>0</nestedLevel>
</record>
<record>
  <date>2019-08-27T15:53:06</date>
  <millis>1566895986854</millis>
  <sequence>624</sequence>
  <level>INFO</level>
  <class>com.kms.katalon.core.logging.XmlKeywordLogger</class>
  <method>logMessage</method>
  <thread>1</thread>
  <message>CSV report generated</message>
  <nestedLevel>0</nestedLevel>
</record>
<record>
  <date>2019-08-27T15:53:06</date>
  <millis>1566895986854</millis>
  <sequence>625</sequence>
  <level>INFO</level>
  <class>com.kms.katalon.core.logging.XmlKeywordLogger</class>
  <method>logMessage</method>
  <thread>1</thread>
  <message>Start generating JUnit report folder at: /home/jarwo/Katalon Studio/Ritase Automation Testing/Reports/1.0/Create single orders/20190827_155230...</message>
  <nestedLevel>0</nestedLevel>
</record>
<record>
  <date>2019-08-27T15:53:07</date>
  <millis>1566895987042</millis>
  <sequence>626</sequence>
  <level>INFO</level>
  <class>com.kms.katalon.core.logging.XmlKeywordLogger</class>
  <method>logMessage</method>
  <thread>1</thread>
  <message>JUnit report generated</message>
  <nestedLevel>0</nestedLevel>
</record>
<record>
  <date>2019-08-27T15:53:07</date>
  <millis>1566895987042</millis>
  <sequence>628</sequence>
  <level>END</level>
  <class>com.kms.katalon.core.logging.XmlKeywordLogger</class>
  <method>endKeyword</method>
  <thread>1</thread>
  <message>End listener action : exportKatalonReports</message>
  <nestedLevel>0</nestedLevel>
</record>
<record>
  <date>2019-08-27T15:53:10</date>
  <millis>1566895990751</millis>
  <sequence>629</sequence>
  <level>END</level>
  <class>com.kms.katalon.core.logging.XmlKeywordLogger</class>
  <method>endSuite</method>
  <thread>1</thread>
  <message>End Test Suite : Test Suites/1.0/Create single orders</message>
  <nestedLevel>0</nestedLevel>
</record>
</log>