[35m[Appium][39m Welcome to Appium v1.14.1
[35m[Appium][39m Non-default server args:
[35m[Appium][39m   port: 38819
[35m[Appium][39m   chromeDriverPort: 41093
[35m[Appium][39m   tmpDir: /tmp/Katalon/Appium/Temp1566886859399
[35m[Appium][39m Appium REST http interface listener started on 0.0.0.0:38819
[35m[HTTP][39m [37m-->[39m [37mGET[39m [37m/wd/hub/status[39m
[35m[HTTP][39m [90m{}[39m
[debug] [35m[GENERIC][39m Calling AppiumDriver.getStatus() with args: []
[debug] [35m[GENERIC][39m Responding to client with driver.getStatus() result: {"build":{"version":"1.14.1"}}
[35m[HTTP][39m [37m<-- GET /wd/hub/status [39m[32m200[39m [90m11 ms - 68[39m
[35m[HTTP][39m [90m[39m
[35m[HTTP][39m [37m-->[39m [37mPOST[39m [37m/wd/hub/session[39m
[35m[HTTP][39m [90m{"desiredCapabilities":{"app":"/home/jarwo/Katalon Studio/Ritase Automation Testing/APK/stg-driver.apk","noReset":true,"newCommandTimeout":1800,"platformVersion":"8.1.0","automationName":"uiautomator2","autoGrantPermissions":true,"platformName":"Android","udid":"f24006487d26","deviceName":"Xiaomi Redmi 6A (Android 8.1.0)","fullReset":false,"platform":"ANDROID"},"capabilities":{"firstMatch":[{"appium:app":"/home/jarwo/Katalon Studio/Ritase Automation Testing/APK/stg-driver.apk","appium:autoGrantPermissions":true,"appium:automationName":"uiautomator2","appium:deviceName":"Xiaomi Redmi 6A (Android 8.1.0)","appium:fullReset":false,"appium:newCommandTimeout":1800,"appium:noReset":true,"platform":"ANDROID","platformName":"android","appium:platformVersion":"8.1.0","appium:udid":"f24006487d26"}]}}[39m
[debug] [35m[W3C][39m Calling AppiumDriver.createSession() with args: [{"app":"/home/jarwo/Katalon Studio/Ritase Automation Testing/APK/stg-driver.apk","noReset":true,"newCommandTimeout":1800,"platformVersion":"8.1.0","automationName":"uiautomator2","autoGrantPermissions":true,"platformName":"Android","udid":"f24006487d26","deviceName":"Xiaomi Redmi 6A (Android 8.1.0)","fullReset":false,"platform":"ANDROID"},null,{"firstMatch":[{"appium:app":"/home/jarwo/Katalon Studio/Ritase Automation Testing/APK/stg-driver.apk","appium:autoGrantPermissions":true,"appium:automationName":"uiautomator2","appium:deviceName":"Xiaomi Redmi 6A (Android 8.1.0)","appium:fullReset":false,"appium:newCommandTimeout":1800,"appium:noReset":true,"platform":"ANDROID","platformName":"android","appium:platformVersion":"8.1.0","appium:udid":"f24006487d26"}]}]
[debug] [35m[BaseDriver][39m Event 'newSessionRequested' logged at 1566886860808 (13:21:00 GMT+0700 (Western Indonesia Time))
[35m[BaseDriver][39m The capabilities ["platform"] are not standard capabilities and should have an extension prefix
[35m[Appium][39m Appium v1.14.1 creating new AndroidUiautomator2Driver (v1.33.1) session
[35m[Appium][39m Capabilities:
[35m[Appium][39m   platform: ANDROID
[35m[Appium][39m   platformName: android
[35m[Appium][39m   app: /home/jarwo/Katalon Studio/Ritase Automation Testing/APK/stg-driver.apk
[35m[Appium][39m   autoGrantPermissions: true
[35m[Appium][39m   automationName: uiautomator2
[35m[Appium][39m   deviceName: Xiaomi Redmi 6A (Android 8.1.0)
[35m[Appium][39m   fullReset: false
[35m[Appium][39m   newCommandTimeout: 1800
[35m[Appium][39m   noReset: true
[35m[Appium][39m   platformVersion: 8.1.0
[35m[Appium][39m   udid: f24006487d26
[debug] [35m[BaseDriver][39m W3C capabilities {"alwaysMatch":{"appium:pla... and MJSONWP desired capabilities {"app":"/home/jarwo/Katalon... were provided
[debug] [35m[BaseDriver][39m Creating session with W3C capabilities: {"alwaysMatch":{"appium:pla...
[35m[BaseDriver][39m The following capabilities were provided, but are not recognized by appium: platform.
[35m[BaseDriver][39m Session created with session id: 6f0838f8-f0c0-4741-8aae-8e1622180507
[35m[BaseDriver][39m Using local app '/home/jarwo/Katalon Studio/Ritase Automation Testing/APK/stg-driver.apk'
[debug] [35m[UiAutomator2][39m Checking whether app is actually present
[35m[ADB][39m Found 1 'build-tools' folders under '/home/jarwo/.katalon/tools/android_sdk' (newest first):
[35m[ADB][39m     /home/jarwo/.katalon/tools/android_sdk/build-tools/29.0.1
[35m[ADB][39m Using 'adb' from '/home/jarwo/.katalon/tools/android_sdk/platform-tools/adb'
[35m[AndroidDriver][39m Retrieving device list
[debug] [35m[ADB][39m Trying to find a connected android device
[debug] [35m[ADB][39m Getting connected devices...
[debug] [35m[ADB][39m 1 device(s) connected
[35m[AndroidDriver][39m Using device: f24006487d26
[35m[ADB][39m Using 'adb' from '/home/jarwo/.katalon/tools/android_sdk/platform-tools/adb'
[debug] [35m[ADB][39m Setting device id to f24006487d26
[debug] [35m[ADB][39m Running '/home/jarwo/.katalon/tools/android_sdk/platform-tools/adb -P 5037 -s f24006487d26 shell getprop ro.build.version.sdk'
[debug] [35m[ADB][39m Current device property 'ro.build.version.sdk': 27
[debug] [35m[ADB][39m Device API level: 27
[debug] [35m[AndroidDriver][39m Parsing package and activity from app manifest
[35m[ADB][39m Using 'apkanalyzer' from '/home/jarwo/.katalon/tools/android_sdk/tools/bin/apkanalyzer'
[debug] [35m[ADB][39m Starting '/home/jarwo/.katalon/tools/android_sdk/tools/bin/apkanalyzer' with args ["-h","manifest","print","/home/jarwo/Katalon Studio/Ritase Automation Testing/APK/stg-driver.apk"]
[35m[ADB][39m Using the alternative activity name detection method because of: Command '/home/jarwo/.katalon/tools/android_sdk/tools/bin/apkanalyzer -h manifest print '/home/jarwo/Katalon Studio/Ritase Automation Testing/APK/stg-driver.apk'' exited with code 1
[35m[ADB][39m Using 'aapt' from '/home/jarwo/.katalon/tools/android_sdk/build-tools/29.0.1/aapt'
[35m[ADB][39m Extracting package and launch activity from manifest
[35m[ADB][39m Package name: 'com.ritase.driver.staging'
[35m[ADB][39m Main activity name: 'com.ritase.driver.activity.SplashActivity'
[debug] [35m[AndroidDriver][39m Parsed package and activity are: com.ritase.driver.staging/com.ritase.driver.activity.SplashActivity
[debug] [35m[ADB][39m Running '/home/jarwo/.katalon/tools/android_sdk/platform-tools/adb -P 5037 -s f24006487d26 wait-for-device'
[debug] [35m[ADB][39m Running '/home/jarwo/.katalon/tools/android_sdk/platform-tools/adb -P 5037 -s f24006487d26 shell echo ping'
[debug] [35m[AndroidDriver][39m Pushing settings apk to device...
[debug] [35m[ADB][39m Getting install status for io.appium.settings
[debug] [35m[ADB][39m Running '/home/jarwo/.katalon/tools/android_sdk/platform-tools/adb -P 5037 -s f24006487d26 shell dumpsys package io.appium.settings'
[debug] [35m[ADB][39m 'io.appium.settings' is installed
[debug] [35m[ADB][39m Getting package info for 'io.appium.settings'
[debug] [35m[ADB][39m Running '/home/jarwo/.katalon/tools/android_sdk/platform-tools/adb -P 5037 -s f24006487d26 shell dumpsys package io.appium.settings'
[debug] [35m[ADB][39m The version code of the installed 'io.appium.settings' is greater than the application version code (18 > 17)
[debug] [35m[ADB][39m There is no need to install/upgrade '/home/jarwo/.nvm/versions/node/v12.5.0/lib/node_modules/appium/node_modules/io.appium.settings/apks/settings_apk-debug.apk'
[debug] [35m[ADB][39m Getting IDs of all 'io.appium.settings' processes
[debug] [35m[ADB][39m Running '/home/jarwo/.katalon/tools/android_sdk/platform-tools/adb -P 5037 -s f24006487d26 shell 'pgrep --help; echo $?''
[debug] [35m[ADB][39m Running '/home/jarwo/.katalon/tools/android_sdk/platform-tools/adb -P 5037 -s f24006487d26 shell pgrep -f io\\.appium\\.settings'
[debug] [35m[AndroidDriver][39m io.appium.settings is already running. There is no need to reset its permissions.
[debug] [35m[ADB][39m Running '/home/jarwo/.katalon/tools/android_sdk/platform-tools/adb -P 5037 -s f24006487d26 shell appops set io.appium.settings android\:mock_location allow'
[debug] [35m[Logcat][39m Starting logcat capture
[debug] [35m[ADB][39m Getting install status for io.appium.uiautomator2.server
[debug] [35m[ADB][39m Running '/home/jarwo/.katalon/tools/android_sdk/platform-tools/adb -P 5037 -s f24006487d26 shell dumpsys package io.appium.uiautomator2.server'
[debug] [35m[ADB][39m 'io.appium.uiautomator2.server' is installed
[debug] [35m[ADB][39m Getting package info for 'io.appium.uiautomator2.server'
[debug] [35m[ADB][39m Running '/home/jarwo/.katalon/tools/android_sdk/platform-tools/adb -P 5037 -s f24006487d26 shell dumpsys package io.appium.uiautomator2.server'
[debug] [35m[ADB][39m The version name of the installed 'io.appium.uiautomator2.server' is greater or equal to the application version name ('3.5.1' >= '3.5.1')
[debug] [35m[UiAutomator2][39m io.appium.uiautomator2.server installation state: sameVersionInstalled
[debug] [35m[ADB][39m Checking app cert for /home/jarwo/.nvm/versions/node/v12.5.0/lib/node_modules/appium/node_modules/appium-uiautomator2-server/apks/appium-uiautomator2-server-v3.5.1.apk
[35m[ADB][39m Using 'apksigner' from '/home/jarwo/.katalon/tools/android_sdk/build-tools/29.0.1/apksigner'
[debug] [35m[ADB][39m Starting '/home/jarwo/.katalon/tools/android_sdk/build-tools/29.0.1/apksigner' with args '["verify","--print-certs","/home/jarwo/.nvm/versions/node/v12.5.0/lib/node_modules/appium/node_modules/appium-uiautomator2-server/apks/appium-uiautomator2-server-v3.5.1.apk"]'
[debug] [35m[ADB][39m apksigner stdout: Signer #1 certificate DN: EMAILADDRESS=android@android.com, CN=Android, OU=Android, O=Android, L=Mountain View, ST=California, C=US
[debug] [35m[ADB][39m Signer #1 certificate SHA-256 digest: a40da80a59d170caa950cf15c18c454d47a39b26989d8b640ecd745ba71bf5dc
[debug] [35m[ADB][39m Signer #1 certificate SHA-1 digest: 61ed377e85d386a8dfee6b864bd85b0bfaa5af81
[debug] [35m[ADB][39m Signer #1 certificate MD5 digest: e89b158e4bcf988ebd09eb83f5378e87
[debug] [35m[ADB][39m 
[debug] [35m[ADB][39m '/home/jarwo/.nvm/versions/node/v12.5.0/lib/node_modules/appium/node_modules/appium-uiautomator2-server/apks/appium-uiautomator2-server-v3.5.1.apk' is already signed.
[debug] [35m[ADB][39m Getting install status for io.appium.uiautomator2.server.test
[debug] [35m[ADB][39m Running '/home/jarwo/.katalon/tools/android_sdk/platform-tools/adb -P 5037 -s f24006487d26 shell dumpsys package io.appium.uiautomator2.server.test'
[debug] [35m[ADB][39m 'io.appium.uiautomator2.server.test' is installed
[debug] [35m[ADB][39m Checking app cert for /home/jarwo/.nvm/versions/node/v12.5.0/lib/node_modules/appium/node_modules/appium-uiautomator2-server/apks/appium-uiautomator2-server-debug-androidTest.apk
[debug] [35m[ADB][39m Starting '/home/jarwo/.katalon/tools/android_sdk/build-tools/29.0.1/apksigner' with args '["verify","--print-certs","/home/jarwo/.nvm/versions/node/v12.5.0/lib/node_modules/appium/node_modules/appium-uiautomator2-server/apks/appium-uiautomator2-server-debug-androidTest.apk"]'
[debug] [35m[ADB][39m apksigner stdout: Signer #1 certificate DN: EMAILADDRESS=android@android.com, CN=Android, OU=Android, O=Android, L=Mountain View, ST=California, C=US
[debug] [35m[ADB][39m Signer #1 certificate SHA-256 digest: a40da80a59d170caa950cf15c18c454d47a39b26989d8b640ecd745ba71bf5dc
[debug] [35m[ADB][39m Signer #1 certificate SHA-1 digest: 61ed377e85d386a8dfee6b864bd85b0bfaa5af81
[debug] [35m[ADB][39m Signer #1 certificate MD5 digest: e89b158e4bcf988ebd09eb83f5378e87
[debug] [35m[ADB][39m 
[debug] [35m[ADB][39m '/home/jarwo/.nvm/versions/node/v12.5.0/lib/node_modules/appium/node_modules/appium-uiautomator2-server/apks/appium-uiautomator2-server-debug-androidTest.apk' is already signed.
[35m[UiAutomator2][39m Server packages are not going to be (re)installed
[debug] [35m[UiAutomator2][39m Waiting up to 30000ms for services to be available
[debug] [35m[ADB][39m Running '/home/jarwo/.katalon/tools/android_sdk/platform-tools/adb -P 5037 -s f24006487d26 shell pm list instrumentation'
[debug] [35m[UiAutomator2][39m Instrumentation target 'io.appium.uiautomator2.server.test/androidx.test.runner.AndroidJUnitRunner' is available
[debug] [35m[UiAutomator2][39m Forwarding UiAutomator2 Server port 6790 to 8200
[debug] [35m[ADB][39m Forwarding system: 8200 to device: 6790
[debug] [35m[ADB][39m Running '/home/jarwo/.katalon/tools/android_sdk/platform-tools/adb -P 5037 -s f24006487d26 forward tcp\:8200 tcp\:6790'
[debug] [35m[ADB][39m Checking app cert for /home/jarwo/Katalon Studio/Ritase Automation Testing/APK/stg-driver.apk
[debug] [35m[ADB][39m Starting '/home/jarwo/.katalon/tools/android_sdk/build-tools/29.0.1/apksigner' with args '["verify","--print-certs","/home/jarwo/Katalon Studio/Ritase Automation Testing/APK/stg-driver.apk"]'
[debug] [35m[ADB][39m apksigner stdout: Signer #1 certificate DN: EMAILADDRESS=android@android.com, CN=Android, OU=Android, O=Android, L=Mountain View, ST=California, C=US
[debug] [35m[ADB][39m Signer #1 certificate SHA-256 digest: a40da80a59d170caa950cf15c18c454d47a39b26989d8b640ecd745ba71bf5dc
[debug] [35m[ADB][39m Signer #1 certificate SHA-1 digest: 61ed377e85d386a8dfee6b864bd85b0bfaa5af81
[debug] [35m[ADB][39m Signer #1 certificate MD5 digest: e89b158e4bcf988ebd09eb83f5378e87
[debug] [35m[ADB][39m 
[debug] [35m[ADB][39m '/home/jarwo/Katalon Studio/Ritase Automation Testing/APK/stg-driver.apk' is already signed.
[debug] [35m[ADB][39m Getting install status for com.ritase.driver.staging
[debug] [35m[ADB][39m Running '/home/jarwo/.katalon/tools/android_sdk/platform-tools/adb -P 5037 -s f24006487d26 shell dumpsys package com.ritase.driver.staging'
[debug] [35m[ADB][39m 'com.ritase.driver.staging' is installed
[debug] [35m[ADB][39m Getting package info for 'com.ritase.driver.staging'
[debug] [35m[ADB][39m Running '/home/jarwo/.katalon/tools/android_sdk/platform-tools/adb -P 5037 -s f24006487d26 shell dumpsys package com.ritase.driver.staging'
[debug] [35m[ADB][39m The version name of the installed 'com.ritase.driver.staging' is greater or equal to the application version name ('2.0.0' >= '2.0.0')
[debug] [35m[ADB][39m There is no need to install/upgrade '/home/jarwo/Katalon Studio/Ritase Automation Testing/APK/stg-driver.apk'
[debug] [35m[UiAutomator2][39m Performing shallow cleanup of automation leftovers
[debug] [35m[UiAutomator2][39m No obsolete sessions have been detected (Error: socket hang up)
[debug] [35m[ADB][39m Running '/home/jarwo/.katalon/tools/android_sdk/platform-tools/adb -P 5037 -s f24006487d26 shell am force-stop io.appium.uiautomator2.server.test'
[35m[UiAutomator2][39m Starting UIAutomator2 server 3.5.1
[35m[UiAutomator2][39m Using UIAutomator2 server from '/home/jarwo/.nvm/versions/node/v12.5.0/lib/node_modules/appium/node_modules/appium-uiautomator2-server/apks/appium-uiautomator2-server-v3.5.1.apk' and test from '/home/jarwo/.nvm/versions/node/v12.5.0/lib/node_modules/appium/node_modules/appium-uiautomator2-server/apks/appium-uiautomator2-server-debug-androidTest.apk'
[35m[UiAutomator2][39m Waiting up to 30000ms for UiAutomator2 to be online...
[debug] [35m[ADB][39m Creating ADB subprocess with args: ["-P",5037,"-s","f24006487d26","shell","am","instrument","-w","io.appium.uiautomator2.server.test/androidx.test.runner.AndroidJUnitRunner"]
[debug] [35m[WD Proxy][39m Matched '/status' to command name 'getStatus'
[debug] [35m[WD Proxy][39m Proxying [GET /status] to [GET http://localhost:8200/wd/hub/status] with no body
[35m[WD Proxy][39m Got an unexpected response: {"code":"ECONNRESET"}
[debug] [35m[WD Proxy][39m Matched '/status' to command name 'getStatus'
[debug] [35m[WD Proxy][39m Proxying [GET /status] to [GET http://localhost:8200/wd/hub/status] with no body
[35m[WD Proxy][39m Got an unexpected response: {"code":"ECONNRESET"}
[debug] [35m[Instrumentation][39m io.appium.uiautomator2.server.test.AppiumUiAutomator2Server:
[debug] [35m[WD Proxy][39m Matched '/status' to command name 'getStatus'
[debug] [35m[WD Proxy][39m Proxying [GET /status] to [GET http://localhost:8200/wd/hub/status] with no body
[35m[WD Proxy][39m Got an unexpected response: {"code":"ECONNRESET"}
[debug] [35m[WD Proxy][39m Matched '/status' to command name 'getStatus'
[debug] [35m[WD Proxy][39m Proxying [GET /status] to [GET http://localhost:8200/wd/hub/status] with no body
[debug] [35m[WD Proxy][39m Got response with status 200: "{\"sessionId\":\"None\",\"status\":0,\"value\":\"Status Invoked\"}"
[debug] [35m[WD Proxy][39m Determined that the downstream protocol for proxy is MJSONWP
[debug] [35m[UiAutomator2][39m The initialization of the instrumentation process took 4195ms
[debug] [35m[WD Proxy][39m Matched '/session' to command name 'createSession'
[debug] [35m[WD Proxy][39m Proxying [POST /session] to [POST http://localhost:8200/wd/hub/session] with body: {"desiredCapabilities":{"platform":"ANDROID","webStorageEnabled":false,"takesScreenshot":true,"javascriptEnabled":true,"databaseEnabled":false,"networkConnectionEnabled":true,"locationContextEnabled":false,"warnings":{},"desired":{"platformName":"android","platform":"ANDROID","app":"/home/jarwo/Katalon Studio/Ritase Automation Testing/APK/stg-driver.apk","autoGrantPermissions":true,"automationName":"uiautomator2","deviceName":"Xiaomi Redmi 6A (Android 8.1.0)","fullReset":false,"newCommandTimeout":1800,"noReset":true,"platformVersion":"8.1.0","udid":"f24006487d26"},"platformName":"android","app":"/home/jarwo/Katalon Studio/Ritase Automation Testing/APK/stg-driver.apk","autoGrantPermissions":true,"automationName":"uiautomator2","deviceName":"f24006487d26","fullReset":false,"newCommandTimeout":1800,"noReset":true,"platformVersion":"8.1.0","udid":"f24006487d26","deviceUDID":"f24006487d26","appPackage":"com.ritase.driver.staging"}}
[debug] [35m[WD Proxy][39m Got response with status 200: {"sessionId":"ff44e4ad-6f07-4649-b96e-213a17b4eea5","status":0,"value":"Created Session"}
[debug] [35m[WD Proxy][39m Proxying [GET /appium/device/info] to [GET http://localhost:8200/wd/hub/session/ff44e4ad-6f07-4649-b96e-213a17b4eea5/appium/device/info] with no body
[debug] [35m[WD Proxy][39m Got response with status 200: "{\"sessionId\":\"ff44e4ad-6f07-4649-b96e-213a17b4eea5\",\"status\":0,\"value\":{\"androidId\":\"077f3bd29a889ea0\",\"manufacturer\":\"Xiaomi\",\"model\":\"Redmi 6A\",\"brand\":\"xiaomi\",\"apiVersion\":\"27\",\"platformVersion\":\"8.1.0\",\"carrierName\":\"\",\"realDisplaySize\":\"720x1440\",\"displayDensity\":320,\"networks\":[{\"type\":1,\"typeName\":\"WIFI\",\"subtype\":0,\"subtypeName\":\"\",\"isConnected\":true,\"detailedState\":\"CONNECTED\",\"state\":\"CONNECTED\",\"extraInfo\":\"\\\"CoHive Wi-Fi Access\\\"\",\"isAvailable\":true,\"isFailover\":false,\"isRoaming\":false,\"capabilities\":{\"transportTypes\":\"NET_CAPABILITY_SUPL\",\"networkCapabilities\":\"\",\"linkUpstreamBandwidthKbps\":1048576,\"linkDownBandwidthKbps\":1048576,\"signalStrength\":-52,\"networkSpecifier\":null,\"SSID\":null}}]}}"
[debug] [35m[ADB][39m Running '/home/jarwo/.katalon/tools/android_sdk/platform-tools/adb -P 5037 -s f24006487d26 shell dumpsys window'
[35m[AndroidDriver][39m Screen already unlocked, doing nothing
[35m[UiAutomator2][39m UiAutomator2 did not start the activity we were waiting for, 'com.ritase.driver.staging/com.ritase.driver.activity.SplashActivity'. Starting it ourselves
[debug] [35m[ADB][39m Running '/home/jarwo/.katalon/tools/android_sdk/platform-tools/adb -P 5037 -s f24006487d26 shell am start -W -n com.ritase.driver.staging/com.ritase.driver.activity.SplashActivity -S -a android.intent.action.MAIN -c android.intent.category.LAUNCHER -f 0x10200000'
[debug] [35m[ADB][39m Waiting up to 20000ms for activity matching pkg: 'com.ritase.driver.staging' and activity: 'com.ritase.driver.activity.SplashActivity' to be focused
[debug] [35m[ADB][39m Possible activities, to be checked: 'com.ritase.driver.activity.SplashActivity', 'com.ritase.driver.staging.com.ritase.driver.activity.SplashActivity'
[debug] [35m[ADB][39m Getting focused package and activity
[debug] [35m[ADB][39m Running '/home/jarwo/.katalon/tools/android_sdk/platform-tools/adb -P 5037 -s f24006487d26 shell dumpsys window windows'
[debug] [35m[ADB][39m Found package: 'com.ritase.driver.staging' and fully qualified activity name : 'com.ritase.driver.activity.SplashActivity'
[debug] [35m[WD Proxy][39m Proxying [GET /appium/device/pixel_ratio] to [GET http://localhost:8200/wd/hub/session/ff44e4ad-6f07-4649-b96e-213a17b4eea5/appium/device/pixel_ratio] with body: {}
[debug] [35m[WD Proxy][39m Got response with status 200: "{\"sessionId\":\"ff44e4ad-6f07-4649-b96e-213a17b4eea5\",\"status\":0,\"value\":2}"
[debug] [35m[WD Proxy][39m Matched '/appium/device/system_bars' to command name 'getSystemBars'
[debug] [35m[WD Proxy][39m Proxying [GET /appium/device/system_bars] to [GET http://localhost:8200/wd/hub/session/ff44e4ad-6f07-4649-b96e-213a17b4eea5/appium/device/system_bars] with body: {}
[debug] [35m[WD Proxy][39m Got response with status 200: "{\"sessionId\":\"ff44e4ad-6f07-4649-b96e-213a17b4eea5\",\"status\":0,\"value\":{\"statusBar\":50}}"
[debug] [35m[WD Proxy][39m Matched '/window/current/size' to command name 'getWindowSize'
[debug] [35m[WD Proxy][39m Proxying [GET /window/current/size] to [GET http://localhost:8200/wd/hub/session/ff44e4ad-6f07-4649-b96e-213a17b4eea5/window/current/size] with body: {}
[debug] [35m[WD Proxy][39m Got response with status 200: "{\"sessionId\":\"ff44e4ad-6f07-4649-b96e-213a17b4eea5\",\"status\":0,\"value\":{\"height\":1344,\"width\":720}}"
[35m[Appium][39m New AndroidUiautomator2Driver session created successfully, session 6f0838f8-f0c0-4741-8aae-8e1622180507 added to master session list
[debug] [35m[BaseDriver][39m Event 'newSessionStarted' logged at 1566886872296 (13:21:12 GMT+0700 (Western Indonesia Time))
[debug] [35m[W3C (6f0838f8)][39m Cached the protocol value 'W3C' for the new session 6f0838f8-f0c0-4741-8aae-8e1622180507
[debug] [35m[W3C (6f0838f8)][39m Responding to client with driver.createSession() result: {"capabilities":{"platform":"ANDROID","webStorageEnabled":false,"takesScreenshot":true,"javascriptEnabled":true,"databaseEnabled":false,"networkConnectionEnabled":true,"locationContextEnabled":false,"warnings":{},"desired":{"platformName":"android","platform":"ANDROID","app":"/home/jarwo/Katalon Studio/Ritase Automation Testing/APK/stg-driver.apk","autoGrantPermissions":true,"automationName":"uiautomator2","deviceName":"Xiaomi Redmi 6A (Android 8.1.0)","fullReset":false,"newCommandTimeout":1800,"noReset":true,"platformVersion":"8.1.0","udid":"f24006487d26"},"platformName":"android","app":"/home/jarwo/Katalon Studio/Ritase Automation Testing/APK/stg-driver.apk","autoGrantPermissions":true,"automationName":"uiautomator2","deviceName":"f24006487d26","fullReset":false,"newCommandTimeout":1800,"noReset":true,"platformVersion":"8.1.0","udid":"f24006487d26","deviceUDID":"f24006487d26","appPackage":"com.ritase.driver.staging","deviceApiLevel":27,"deviceScreenSize":"720x1440","deviceScreenDensity":320,"deviceModel"...
[35m[HTTP][39m [37m<-- POST /wd/hub/session [39m[32m200[39m [90m11494 ms - 1220[39m
[35m[HTTP][39m [90m[39m
[35m[HTTP][39m [37m-->[39m [37mGET[39m [37m/wd/hub/session/6f0838f8-f0c0-4741-8aae-8e1622180507[39m
[35m[HTTP][39m [90m{}[39m
[debug] [35m[W3C (6f0838f8)][39m Calling AppiumDriver.getSession() with args: ["6f0838f8-f0c0-4741-8aae-8e1622180507"]
[debug] [35m[UiAutomator2][39m Getting session details from server to mix in
[debug] [35m[WD Proxy][39m Matched '/' to command name 'getSession'
[debug] [35m[WD Proxy][39m Proxying [GET /] to [GET http://localhost:8200/wd/hub/session/ff44e4ad-6f07-4649-b96e-213a17b4eea5] with body: {}
[debug] [35m[WD Proxy][39m Got response with status 200: "{\"sessionId\":\"ff44e4ad-6f07-4649-b96e-213a17b4eea5\",\"status\":0,\"value\":{}}"
[debug] [35m[W3C (6f0838f8)][39m Responding to client with driver.getSession() result: {"platform":"ANDROID","webStorageEnabled":false,"takesScreenshot":true,"javascriptEnabled":true,"databaseEnabled":false,"networkConnectionEnabled":true,"locationContextEnabled":false,"warnings":{},"desired":{"platformName":"android","platform":"ANDROID","app":"/home/jarwo/Katalon Studio/Ritase Automation Testing/APK/stg-driver.apk","autoGrantPermissions":true,"automationName":"uiautomator2","deviceName":"Xiaomi Redmi 6A (Android 8.1.0)","fullReset":false,"newCommandTimeout":1800,"noReset":true,"platformVersion":"8.1.0","udid":"f24006487d26"},"platformName":"android","app":"/home/jarwo/Katalon Studio/Ritase Automation Testing/APK/stg-driver.apk","autoGrantPermissions":true,"automationName":"uiautomator2","deviceName":"f24006487d26","fullReset":false,"newCommandTimeout":1800,"noReset":true,"platformVersion":"8.1.0","udid":"f24006487d26","deviceUDID":"f24006487d26","appPackage":"com.ritase.driver.staging","deviceApiLevel":27,"deviceScreenSize":"720x1440","deviceScreenDensity":320,"deviceModel":"Redmi 6A","dev...
[35m[HTTP][39m [37m<-- GET /wd/hub/session/6f0838f8-f0c0-4741-8aae-8e1622180507 [39m[32m200[39m [90m48 ms - 1152[39m
[35m[HTTP][39m [90m[39m
[35m[HTTP][39m [37m-->[39m [37mGET[39m [37m/wd/hub/session/6f0838f8-f0c0-4741-8aae-8e1622180507[39m
[35m[HTTP][39m [90m{}[39m
[debug] [35m[W3C (6f0838f8)][39m Calling AppiumDriver.getSession() with args: ["6f0838f8-f0c0-4741-8aae-8e1622180507"]
[debug] [35m[UiAutomator2][39m Getting session details from server to mix in
[debug] [35m[WD Proxy][39m Matched '/' to command name 'getSession'
[debug] [35m[WD Proxy][39m Proxying [GET /] to [GET http://localhost:8200/wd/hub/session/ff44e4ad-6f07-4649-b96e-213a17b4eea5] with body: {}
[debug] [35m[WD Proxy][39m Got response with status 200: "{\"sessionId\":\"ff44e4ad-6f07-4649-b96e-213a17b4eea5\",\"status\":0,\"value\":{}}"
[debug] [35m[W3C (6f0838f8)][39m Responding to client with driver.getSession() result: {"platform":"ANDROID","webStorageEnabled":false,"takesScreenshot":true,"javascriptEnabled":true,"databaseEnabled":false,"networkConnectionEnabled":true,"locationContextEnabled":false,"warnings":{},"desired":{"platformName":"android","platform":"ANDROID","app":"/home/jarwo/Katalon Studio/Ritase Automation Testing/APK/stg-driver.apk","autoGrantPermissions":true,"automationName":"uiautomator2","deviceName":"Xiaomi Redmi 6A (Android 8.1.0)","fullReset":false,"newCommandTimeout":1800,"noReset":true,"platformVersion":"8.1.0","udid":"f24006487d26"},"platformName":"android","app":"/home/jarwo/Katalon Studio/Ritase Automation Testing/APK/stg-driver.apk","autoGrantPermissions":true,"automationName":"uiautomator2","deviceName":"f24006487d26","fullReset":false,"newCommandTimeout":1800,"noReset":true,"platformVersion":"8.1.0","udid":"f24006487d26","deviceUDID":"f24006487d26","appPackage":"com.ritase.driver.staging","deviceApiLevel":27,"deviceScreenSize":"720x1440","deviceScreenDensity":320,"deviceModel":"Redmi 6A","dev...
[35m[HTTP][39m [37m<-- GET /wd/hub/session/6f0838f8-f0c0-4741-8aae-8e1622180507 [39m[32m200[39m [90m30 ms - 1152[39m
[35m[HTTP][39m [90m[39m
[35m[HTTP][39m [37m-->[39m [37mGET[39m [37m/wd/hub/status[39m
[35m[HTTP][39m [90m{}[39m
[debug] [35m[GENERIC][39m Calling AppiumDriver.getStatus() with args: []
[debug] [35m[GENERIC][39m Responding to client with driver.getStatus() result: {"build":{"version":"1.14.1"}}
[35m[HTTP][39m [37m<-- GET /wd/hub/status [39m[32m200[39m [90m1 ms - 68[39m
[35m[HTTP][39m [90m[39m
[35m[HTTP][39m [37m-->[39m [37mPOST[39m [37m/wd/hub/session/6f0838f8-f0c0-4741-8aae-8e1622180507/timeouts[39m
[35m[HTTP][39m [90m{"implicit":30000}[39m
[debug] [35m[W3C (6f0838f8)][39m Calling AppiumDriver.timeouts() with args: [null,null,null,null,30000,"6f0838f8-f0c0-4741-8aae-8e1622180507"]
[debug] [35m[BaseDriver][39m W3C timeout argument: {"implicit":30000}}
[debug] [35m[BaseDriver][39m Set implicit wait to 30000ms
[debug] [35m[W3C (6f0838f8)][39m Responding to client with driver.timeouts() result: null
[35m[HTTP][39m [37m<-- POST /wd/hub/session/6f0838f8-f0c0-4741-8aae-8e1622180507/timeouts [39m[32m200[39m [90m7 ms - 14[39m
[35m[HTTP][39m [90m[39m
[35m[HTTP][39m [37m-->[39m [37mGET[39m [37m/wd/hub/session/6f0838f8-f0c0-4741-8aae-8e1622180507/context[39m
[35m[HTTP][39m [90m{}[39m
[debug] [35m[W3C (6f0838f8)][39m Calling AppiumDriver.getCurrentContext() with args: ["6f0838f8-f0c0-4741-8aae-8e1622180507"]
[debug] [35m[W3C (6f0838f8)][39m Responding to client with driver.getCurrentContext() result: "NATIVE_APP"
[35m[HTTP][39m [37m<-- GET /wd/hub/session/6f0838f8-f0c0-4741-8aae-8e1622180507/context [39m[32m200[39m [90m5 ms - 22[39m
[35m[HTTP][39m [90m[39m
[35m[HTTP][39m [37m-->[39m [37mGET[39m [37m/wd/hub/session/6f0838f8-f0c0-4741-8aae-8e1622180507/contexts[39m
[35m[HTTP][39m [90m{}[39m
[debug] [35m[W3C (6f0838f8)][39m Calling AppiumDriver.getContexts() with args: ["6f0838f8-f0c0-4741-8aae-8e1622180507"]
[debug] [35m[AndroidDriver][39m Getting a list of available webviews
[debug] [35m[ADB][39m Running '/home/jarwo/.katalon/tools/android_sdk/platform-tools/adb -P 5037 -s f24006487d26 shell cat /proc/net/unix'
[debug] [35m[AndroidDriver][39m Found webviews: []
[debug] [35m[AndroidDriver][39m Available contexts: ["NATIVE_APP"]
[debug] [35m[W3C (6f0838f8)][39m Responding to client with driver.getContexts() result: ["NATIVE_APP"]
[35m[HTTP][39m [37m<-- GET /wd/hub/session/6f0838f8-f0c0-4741-8aae-8e1622180507/contexts [39m[32m200[39m [90m57 ms - 24[39m
[35m[HTTP][39m [90m[39m
[35m[HTTP][39m [37m-->[39m [37mPOST[39m [37m/wd/hub/session/6f0838f8-f0c0-4741-8aae-8e1622180507/context[39m
[35m[HTTP][39m [90m{"name":"NATIVE_APP"}[39m
[debug] [35m[W3C (6f0838f8)][39m Calling AppiumDriver.setContext() with args: ["NATIVE_APP","6f0838f8-f0c0-4741-8aae-8e1622180507"]
[debug] [35m[W3C (6f0838f8)][39m Responding to client with driver.setContext() result: null
[35m[HTTP][39m [37m<-- POST /wd/hub/session/6f0838f8-f0c0-4741-8aae-8e1622180507/context [39m[32m200[39m [90m7 ms - 14[39m
[35m[HTTP][39m [90m[39m
[35m[HTTP][39m [37m-->[39m [37mGET[39m [37m/wd/hub/session/6f0838f8-f0c0-4741-8aae-8e1622180507/window/rect[39m
[35m[HTTP][39m [90m{}[39m
[debug] [35m[W3C (6f0838f8)][39m Calling AppiumDriver.getWindowRect() with args: ["6f0838f8-f0c0-4741-8aae-8e1622180507"]
[debug] [35m[WD Proxy][39m Matched '/window/current/size' to command name 'getWindowSize'
[debug] [35m[WD Proxy][39m Proxying [GET /window/current/size] to [GET http://localhost:8200/wd/hub/session/ff44e4ad-6f07-4649-b96e-213a17b4eea5/window/current/size] with body: {}
[debug] [35m[WD Proxy][39m Got response with status 200: "{\"sessionId\":\"ff44e4ad-6f07-4649-b96e-213a17b4eea5\",\"status\":0,\"value\":{\"height\":1344,\"width\":720}}"
[debug] [35m[W3C (6f0838f8)][39m Responding to client with driver.getWindowRect() result: {"width":720,"height":1344,"x":0,"y":0}
[35m[HTTP][39m [37m<-- GET /wd/hub/session/6f0838f8-f0c0-4741-8aae-8e1622180507/window/rect [39m[32m200[39m [90m55 ms - 49[39m
[35m[HTTP][39m [90m[39m
[35m[HTTP][39m [37m-->[39m [37mPOST[39m [37m/wd/hub/session/6f0838f8-f0c0-4741-8aae-8e1622180507/context[39m
[35m[HTTP][39m [90m{"name":"NATIVE_APP"}[39m
[debug] [35m[W3C (6f0838f8)][39m Calling AppiumDriver.setContext() with args: ["NATIVE_APP","6f0838f8-f0c0-4741-8aae-8e1622180507"]
[debug] [35m[W3C (6f0838f8)][39m Responding to client with driver.setContext() result: null
[35m[HTTP][39m [37m<-- POST /wd/hub/session/6f0838f8-f0c0-4741-8aae-8e1622180507/context [39m[32m200[39m [90m6 ms - 14[39m
[35m[HTTP][39m [90m[39m
[35m[HTTP][39m [37m-->[39m [37mGET[39m [37m/wd/hub/session/6f0838f8-f0c0-4741-8aae-8e1622180507/context[39m
[35m[HTTP][39m [90m{}[39m
[debug] [35m[W3C (6f0838f8)][39m Calling AppiumDriver.getCurrentContext() with args: ["6f0838f8-f0c0-4741-8aae-8e1622180507"]
[debug] [35m[W3C (6f0838f8)][39m Responding to client with driver.getCurrentContext() result: "NATIVE_APP"
[35m[HTTP][39m [37m<-- GET /wd/hub/session/6f0838f8-f0c0-4741-8aae-8e1622180507/context [39m[32m200[39m [90m9 ms - 22[39m
[35m[HTTP][39m [90m[39m
[35m[HTTP][39m [37m-->[39m [37mGET[39m [37m/wd/hub/session/6f0838f8-f0c0-4741-8aae-8e1622180507/contexts[39m
[35m[HTTP][39m [90m{}[39m
[debug] [35m[W3C (6f0838f8)][39m Calling AppiumDriver.getContexts() with args: ["6f0838f8-f0c0-4741-8aae-8e1622180507"]
[debug] [35m[AndroidDriver][39m Getting a list of available webviews
[debug] [35m[ADB][39m Running '/home/jarwo/.katalon/tools/android_sdk/platform-tools/adb -P 5037 -s f24006487d26 shell cat /proc/net/unix'
[debug] [35m[AndroidDriver][39m Found webviews: []
[debug] [35m[AndroidDriver][39m Available contexts: ["NATIVE_APP"]
[debug] [35m[W3C (6f0838f8)][39m Responding to client with driver.getContexts() result: ["NATIVE_APP"]
[35m[HTTP][39m [37m<-- GET /wd/hub/session/6f0838f8-f0c0-4741-8aae-8e1622180507/contexts [39m[32m200[39m [90m70 ms - 24[39m
[35m[HTTP][39m [90m[39m
[35m[HTTP][39m [37m-->[39m [37mPOST[39m [37m/wd/hub/session/6f0838f8-f0c0-4741-8aae-8e1622180507/context[39m
[35m[HTTP][39m [90m{"name":"NATIVE_APP"}[39m
[debug] [35m[W3C (6f0838f8)][39m Calling AppiumDriver.setContext() with args: ["NATIVE_APP","6f0838f8-f0c0-4741-8aae-8e1622180507"]
[debug] [35m[W3C (6f0838f8)][39m Responding to client with driver.setContext() result: null
[35m[HTTP][39m [37m<-- POST /wd/hub/session/6f0838f8-f0c0-4741-8aae-8e1622180507/context [39m[32m200[39m [90m7 ms - 14[39m
[35m[HTTP][39m [90m[39m
[35m[HTTP][39m [37m-->[39m [37mGET[39m [37m/wd/hub/session/6f0838f8-f0c0-4741-8aae-8e1622180507/window/rect[39m
[35m[HTTP][39m [90m{}[39m
[debug] [35m[W3C (6f0838f8)][39m Calling AppiumDriver.getWindowRect() with args: ["6f0838f8-f0c0-4741-8aae-8e1622180507"]
[debug] [35m[WD Proxy][39m Matched '/window/current/size' to command name 'getWindowSize'
[debug] [35m[WD Proxy][39m Proxying [GET /window/current/size] to [GET http://localhost:8200/wd/hub/session/ff44e4ad-6f07-4649-b96e-213a17b4eea5/window/current/size] with body: {}
[debug] [35m[WD Proxy][39m Got response with status 200: "{\"sessionId\":\"ff44e4ad-6f07-4649-b96e-213a17b4eea5\",\"status\":0,\"value\":{\"height\":1344,\"width\":720}}"
[debug] [35m[W3C (6f0838f8)][39m Responding to client with driver.getWindowRect() result: {"width":720,"height":1344,"x":0,"y":0}
[35m[HTTP][39m [37m<-- GET /wd/hub/session/6f0838f8-f0c0-4741-8aae-8e1622180507/window/rect [39m[32m200[39m [90m39 ms - 49[39m
[35m[HTTP][39m [90m[39m
[35m[HTTP][39m [37m-->[39m [37mPOST[39m [37m/wd/hub/session/6f0838f8-f0c0-4741-8aae-8e1622180507/context[39m
[35m[HTTP][39m [90m{"name":"NATIVE_APP"}[39m
[debug] [35m[W3C (6f0838f8)][39m Calling AppiumDriver.setContext() with args: ["NATIVE_APP","6f0838f8-f0c0-4741-8aae-8e1622180507"]
[debug] [35m[W3C (6f0838f8)][39m Responding to client with driver.setContext() result: null
[35m[HTTP][39m [37m<-- POST /wd/hub/session/6f0838f8-f0c0-4741-8aae-8e1622180507/context [39m[32m200[39m [90m7 ms - 14[39m
[35m[HTTP][39m [90m[39m
[35m[HTTP][39m [37m-->[39m [37mPOST[39m [37m/wd/hub/session/6f0838f8-f0c0-4741-8aae-8e1622180507/timeouts[39m
[35m[HTTP][39m [90m{"implicit":50}[39m
[debug] [35m[W3C (6f0838f8)][39m Calling AppiumDriver.timeouts() with args: [null,null,null,null,50,"6f0838f8-f0c0-4741-8aae-8e1622180507"]
[debug] [35m[BaseDriver][39m W3C timeout argument: {"implicit":50}}
[debug] [35m[BaseDriver][39m Set implicit wait to 50ms
[debug] [35m[W3C (6f0838f8)][39m Responding to client with driver.timeouts() result: null
[35m[HTTP][39m [37m<-- POST /wd/hub/session/6f0838f8-f0c0-4741-8aae-8e1622180507/timeouts [39m[32m200[39m [90m2 ms - 14[39m
[35m[HTTP][39m [90m[39m
[35m[HTTP][39m [37m-->[39m [37mGET[39m [37m/wd/hub/session/6f0838f8-f0c0-4741-8aae-8e1622180507/window/rect[39m
[35m[HTTP][39m [90m{}[39m
[debug] [35m[W3C (6f0838f8)][39m Calling AppiumDriver.getWindowRect() with args: ["6f0838f8-f0c0-4741-8aae-8e1622180507"]
[debug] [35m[WD Proxy][39m Matched '/window/current/size' to command name 'getWindowSize'
[debug] [35m[WD Proxy][39m Proxying [GET /window/current/size] to [GET http://localhost:8200/wd/hub/session/ff44e4ad-6f07-4649-b96e-213a17b4eea5/window/current/size] with body: {}
[debug] [35m[WD Proxy][39m Got response with status 200: "{\"sessionId\":\"ff44e4ad-6f07-4649-b96e-213a17b4eea5\",\"status\":0,\"value\":{\"height\":1344,\"width\":720}}"
[debug] [35m[W3C (6f0838f8)][39m Responding to client with driver.getWindowRect() result: {"width":720,"height":1344,"x":0,"y":0}
[35m[HTTP][39m [37m<-- GET /wd/hub/session/6f0838f8-f0c0-4741-8aae-8e1622180507/window/rect [39m[32m200[39m [90m27 ms - 49[39m
[35m[HTTP][39m [90m[39m
[35m[HTTP][39m [37m-->[39m [37mPOST[39m [37m/wd/hub/session/6f0838f8-f0c0-4741-8aae-8e1622180507/elements[39m
[35m[HTTP][39m [90m{"using":"-android uiautomator","value":"new UiSelector().className(\"android.widget.Button\").text(\"LOGIN\").resourceId(\"com.ritase.driver.staging:id/to_login_btn\")"}[39m
[debug] [35m[W3C (6f0838f8)][39m Calling AppiumDriver.findElements() with args: ["-android uiautomator","new UiSelector().className(\"android.widget.Button\").text(\"LOGIN\").resourceId(\"com.ritase.driver.staging:id/to_login_btn\")","6f0838f8-f0c0-4741-8aae-8e1622180507"]
[debug] [35m[BaseDriver][39m Valid locator strategies for this request: xpath, id, class name, accessibility id, -android uiautomator
[debug] [35m[BaseDriver][39m Waiting up to 50 ms for condition
[debug] [35m[WD Proxy][39m Matched '/elements' to command name 'findElements'
[debug] [35m[WD Proxy][39m Proxying [POST /elements] to [POST http://localhost:8200/wd/hub/session/ff44e4ad-6f07-4649-b96e-213a17b4eea5/elements] with body: {"strategy":"-android uiautomator","selector":"new UiSelector().className(\"android.widget.Button\").text(\"LOGIN\").resourceId(\"com.ritase.driver.staging:id/to_login_btn\")","context":"","multiple":true}
[debug] [35m[WD Proxy][39m Got response with status 200: {"sessionId":"ff44e4ad-6f07-4649-b96e-213a17b4eea5","status":0,"value":[]}
[debug] [35m[W3C (6f0838f8)][39m Responding to client with driver.findElements() result: []
[35m[HTTP][39m [37m<-- POST /wd/hub/session/6f0838f8-f0c0-4741-8aae-8e1622180507/elements [39m[32m200[39m [90m111 ms - 12[39m
[35m[HTTP][39m [90m[39m
[35m[HTTP][39m [37m-->[39m [37mPOST[39m [37m/wd/hub/session/6f0838f8-f0c0-4741-8aae-8e1622180507/elements[39m
[35m[HTTP][39m [90m{"using":"-android uiautomator","value":"new UiSelector().className(\"android.widget.Button\").text(\"LOGIN\").resourceId(\"com.ritase.driver.staging:id/to_login_btn\")"}[39m
[debug] [35m[W3C (6f0838f8)][39m Calling AppiumDriver.findElements() with args: ["-android uiautomator","new UiSelector().className(\"android.widget.Button\").text(\"LOGIN\").resourceId(\"com.ritase.driver.staging:id/to_login_btn\")","6f0838f8-f0c0-4741-8aae-8e1622180507"]
[debug] [35m[BaseDriver][39m Valid locator strategies for this request: xpath, id, class name, accessibility id, -android uiautomator
[debug] [35m[BaseDriver][39m Waiting up to 50 ms for condition
[debug] [35m[WD Proxy][39m Matched '/elements' to command name 'findElements'
[debug] [35m[WD Proxy][39m Proxying [POST /elements] to [POST http://localhost:8200/wd/hub/session/ff44e4ad-6f07-4649-b96e-213a17b4eea5/elements] with body: {"strategy":"-android uiautomator","selector":"new UiSelector().className(\"android.widget.Button\").text(\"LOGIN\").resourceId(\"com.ritase.driver.staging:id/to_login_btn\")","context":"","multiple":true}
[debug] [35m[WD Proxy][39m Got response with status 200: {"sessionId":"ff44e4ad-6f07-4649-b96e-213a17b4eea5","status":0,"value":[]}
[debug] [35m[W3C (6f0838f8)][39m Responding to client with driver.findElements() result: []
[35m[HTTP][39m [37m<-- POST /wd/hub/session/6f0838f8-f0c0-4741-8aae-8e1622180507/elements [39m[32m200[39m [90m96 ms - 12[39m
[35m[HTTP][39m [90m[39m
[35m[HTTP][39m [37m-->[39m [37mPOST[39m [37m/wd/hub/session/6f0838f8-f0c0-4741-8aae-8e1622180507/elements[39m
[35m[HTTP][39m [90m{"using":"-android uiautomator","value":"new UiSelector().className(\"android.widget.Button\").text(\"LOGIN\").resourceId(\"com.ritase.driver.staging:id/to_login_btn\")"}[39m
[debug] [35m[W3C (6f0838f8)][39m Calling AppiumDriver.findElements() with args: ["-android uiautomator","new UiSelector().className(\"android.widget.Button\").text(\"LOGIN\").resourceId(\"com.ritase.driver.staging:id/to_login_btn\")","6f0838f8-f0c0-4741-8aae-8e1622180507"]
[debug] [35m[BaseDriver][39m Valid locator strategies for this request: xpath, id, class name, accessibility id, -android uiautomator
[debug] [35m[BaseDriver][39m Waiting up to 50 ms for condition
[debug] [35m[WD Proxy][39m Matched '/elements' to command name 'findElements'
[debug] [35m[WD Proxy][39m Proxying [POST /elements] to [POST http://localhost:8200/wd/hub/session/ff44e4ad-6f07-4649-b96e-213a17b4eea5/elements] with body: {"strategy":"-android uiautomator","selector":"new UiSelector().className(\"android.widget.Button\").text(\"LOGIN\").resourceId(\"com.ritase.driver.staging:id/to_login_btn\")","context":"","multiple":true}
[debug] [35m[WD Proxy][39m Got response with status 200: {"sessionId":"ff44e4ad-6f07-4649-b96e-213a17b4eea5","status":0,"value":[]}
[debug] [35m[W3C (6f0838f8)][39m Responding to client with driver.findElements() result: []
[35m[HTTP][39m [37m<-- POST /wd/hub/session/6f0838f8-f0c0-4741-8aae-8e1622180507/elements [39m[32m200[39m [90m96 ms - 12[39m
[35m[HTTP][39m [90m[39m
[35m[HTTP][39m [37m-->[39m [37mPOST[39m [37m/wd/hub/session/6f0838f8-f0c0-4741-8aae-8e1622180507/elements[39m
[35m[HTTP][39m [90m{"using":"-android uiautomator","value":"new UiSelector().className(\"android.widget.Button\").text(\"LOGIN\").resourceId(\"com.ritase.driver.staging:id/to_login_btn\")"}[39m
[debug] [35m[W3C (6f0838f8)][39m Calling AppiumDriver.findElements() with args: ["-android uiautomator","new UiSelector().className(\"android.widget.Button\").text(\"LOGIN\").resourceId(\"com.ritase.driver.staging:id/to_login_btn\")","6f0838f8-f0c0-4741-8aae-8e1622180507"]
[debug] [35m[BaseDriver][39m Valid locator strategies for this request: xpath, id, class name, accessibility id, -android uiautomator
[debug] [35m[BaseDriver][39m Waiting up to 50 ms for condition
[debug] [35m[WD Proxy][39m Matched '/elements' to command name 'findElements'
[debug] [35m[WD Proxy][39m Proxying [POST /elements] to [POST http://localhost:8200/wd/hub/session/ff44e4ad-6f07-4649-b96e-213a17b4eea5/elements] with body: {"strategy":"-android uiautomator","selector":"new UiSelector().className(\"android.widget.Button\").text(\"LOGIN\").resourceId(\"com.ritase.driver.staging:id/to_login_btn\")","context":"","multiple":true}
[debug] [35m[WD Proxy][39m Got response with status 200: {"sessionId":"ff44e4ad-6f07-4649-b96e-213a17b4eea5","status":0,"value":[]}
[debug] [35m[W3C (6f0838f8)][39m Responding to client with driver.findElements() result: []
[35m[HTTP][39m [37m<-- POST /wd/hub/session/6f0838f8-f0c0-4741-8aae-8e1622180507/elements [39m[32m200[39m [90m84 ms - 12[39m
[35m[HTTP][39m [90m[39m
[35m[HTTP][39m [37m-->[39m [37mPOST[39m [37m/wd/hub/session/6f0838f8-f0c0-4741-8aae-8e1622180507/elements[39m
[35m[HTTP][39m [90m{"using":"-android uiautomator","value":"new UiSelector().className(\"android.widget.Button\").text(\"LOGIN\").resourceId(\"com.ritase.driver.staging:id/to_login_btn\")"}[39m
[debug] [35m[W3C (6f0838f8)][39m Calling AppiumDriver.findElements() with args: ["-android uiautomator","new UiSelector().className(\"android.widget.Button\").text(\"LOGIN\").resourceId(\"com.ritase.driver.staging:id/to_login_btn\")","6f0838f8-f0c0-4741-8aae-8e1622180507"]
[debug] [35m[BaseDriver][39m Valid locator strategies for this request: xpath, id, class name, accessibility id, -android uiautomator
[debug] [35m[BaseDriver][39m Waiting up to 50 ms for condition
[debug] [35m[WD Proxy][39m Matched '/elements' to command name 'findElements'
[debug] [35m[WD Proxy][39m Proxying [POST /elements] to [POST http://localhost:8200/wd/hub/session/ff44e4ad-6f07-4649-b96e-213a17b4eea5/elements] with body: {"strategy":"-android uiautomator","selector":"new UiSelector().className(\"android.widget.Button\").text(\"LOGIN\").resourceId(\"com.ritase.driver.staging:id/to_login_btn\")","context":"","multiple":true}
[debug] [35m[WD Proxy][39m Got response with status 200: {"sessionId":"ff44e4ad-6f07-4649-b96e-213a17b4eea5","status":0,"value":[]}
[debug] [35m[W3C (6f0838f8)][39m Responding to client with driver.findElements() result: []
[35m[HTTP][39m [37m<-- POST /wd/hub/session/6f0838f8-f0c0-4741-8aae-8e1622180507/elements [39m[32m200[39m [90m84 ms - 12[39m
[35m[HTTP][39m [90m[39m
[35m[HTTP][39m [37m-->[39m [37mPOST[39m [37m/wd/hub/session/6f0838f8-f0c0-4741-8aae-8e1622180507/elements[39m
[35m[HTTP][39m [90m{"using":"-android uiautomator","value":"new UiSelector().className(\"android.widget.Button\").text(\"LOGIN\").resourceId(\"com.ritase.driver.staging:id/to_login_btn\")"}[39m
[debug] [35m[W3C (6f0838f8)][39m Calling AppiumDriver.findElements() with args: ["-android uiautomator","new UiSelector().className(\"android.widget.Button\").text(\"LOGIN\").resourceId(\"com.ritase.driver.staging:id/to_login_btn\")","6f0838f8-f0c0-4741-8aae-8e1622180507"]
[debug] [35m[BaseDriver][39m Valid locator strategies for this request: xpath, id, class name, accessibility id, -android uiautomator
[debug] [35m[BaseDriver][39m Waiting up to 50 ms for condition
[debug] [35m[WD Proxy][39m Matched '/elements' to command name 'findElements'
[debug] [35m[WD Proxy][39m Proxying [POST /elements] to [POST http://localhost:8200/wd/hub/session/ff44e4ad-6f07-4649-b96e-213a17b4eea5/elements] with body: {"strategy":"-android uiautomator","selector":"new UiSelector().className(\"android.widget.Button\").text(\"LOGIN\").resourceId(\"com.ritase.driver.staging:id/to_login_btn\")","context":"","multiple":true}
[debug] [35m[WD Proxy][39m Got response with status 200: {"sessionId":"ff44e4ad-6f07-4649-b96e-213a17b4eea5","status":0,"value":[]}
[debug] [35m[W3C (6f0838f8)][39m Responding to client with driver.findElements() result: []
[35m[HTTP][39m [37m<-- POST /wd/hub/session/6f0838f8-f0c0-4741-8aae-8e1622180507/elements [39m[32m200[39m [90m83 ms - 12[39m
[35m[HTTP][39m [90m[39m
[35m[HTTP][39m [37m-->[39m [37mPOST[39m [37m/wd/hub/session/6f0838f8-f0c0-4741-8aae-8e1622180507/elements[39m
[35m[HTTP][39m [90m{"using":"-android uiautomator","value":"new UiSelector().className(\"android.widget.Button\").text(\"LOGIN\").resourceId(\"com.ritase.driver.staging:id/to_login_btn\")"}[39m
[debug] [35m[W3C (6f0838f8)][39m Calling AppiumDriver.findElements() with args: ["-android uiautomator","new UiSelector().className(\"android.widget.Button\").text(\"LOGIN\").resourceId(\"com.ritase.driver.staging:id/to_login_btn\")","6f0838f8-f0c0-4741-8aae-8e1622180507"]
[debug] [35m[BaseDriver][39m Valid locator strategies for this request: xpath, id, class name, accessibility id, -android uiautomator
[debug] [35m[BaseDriver][39m Waiting up to 50 ms for condition
[debug] [35m[WD Proxy][39m Matched '/elements' to command name 'findElements'
[debug] [35m[WD Proxy][39m Proxying [POST /elements] to [POST http://localhost:8200/wd/hub/session/ff44e4ad-6f07-4649-b96e-213a17b4eea5/elements] with body: {"strategy":"-android uiautomator","selector":"new UiSelector().className(\"android.widget.Button\").text(\"LOGIN\").resourceId(\"com.ritase.driver.staging:id/to_login_btn\")","context":"","multiple":true}
[debug] [35m[WD Proxy][39m Got response with status 200: {"sessionId":"ff44e4ad-6f07-4649-b96e-213a17b4eea5","status":0,"value":[]}
[debug] [35m[W3C (6f0838f8)][39m Responding to client with driver.findElements() result: []
[35m[HTTP][39m [37m<-- POST /wd/hub/session/6f0838f8-f0c0-4741-8aae-8e1622180507/elements [39m[32m200[39m [90m80 ms - 12[39m
[35m[HTTP][39m [90m[39m
[35m[HTTP][39m [37m-->[39m [37mPOST[39m [37m/wd/hub/session/6f0838f8-f0c0-4741-8aae-8e1622180507/elements[39m
[35m[HTTP][39m [90m{"using":"-android uiautomator","value":"new UiSelector().className(\"android.widget.Button\").text(\"LOGIN\").resourceId(\"com.ritase.driver.staging:id/to_login_btn\")"}[39m
[debug] [35m[W3C (6f0838f8)][39m Calling AppiumDriver.findElements() with args: ["-android uiautomator","new UiSelector().className(\"android.widget.Button\").text(\"LOGIN\").resourceId(\"com.ritase.driver.staging:id/to_login_btn\")","6f0838f8-f0c0-4741-8aae-8e1622180507"]
[debug] [35m[BaseDriver][39m Valid locator strategies for this request: xpath, id, class name, accessibility id, -android uiautomator
[debug] [35m[BaseDriver][39m Waiting up to 50 ms for condition
[debug] [35m[WD Proxy][39m Matched '/elements' to command name 'findElements'
[debug] [35m[WD Proxy][39m Proxying [POST /elements] to [POST http://localhost:8200/wd/hub/session/ff44e4ad-6f07-4649-b96e-213a17b4eea5/elements] with body: {"strategy":"-android uiautomator","selector":"new UiSelector().className(\"android.widget.Button\").text(\"LOGIN\").resourceId(\"com.ritase.driver.staging:id/to_login_btn\")","context":"","multiple":true}
[debug] [35m[WD Proxy][39m Got response with status 200: {"sessionId":"ff44e4ad-6f07-4649-b96e-213a17b4eea5","status":0,"value":[]}
[debug] [35m[W3C (6f0838f8)][39m Responding to client with driver.findElements() result: []
[35m[HTTP][39m [37m<-- POST /wd/hub/session/6f0838f8-f0c0-4741-8aae-8e1622180507/elements [39m[32m200[39m [90m74 ms - 12[39m
[35m[HTTP][39m [90m[39m
[35m[HTTP][39m [37m-->[39m [37mPOST[39m [37m/wd/hub/session/6f0838f8-f0c0-4741-8aae-8e1622180507/elements[39m
[35m[HTTP][39m [90m{"using":"-android uiautomator","value":"new UiSelector().className(\"android.widget.Button\").text(\"LOGIN\").resourceId(\"com.ritase.driver.staging:id/to_login_btn\")"}[39m
[debug] [35m[W3C (6f0838f8)][39m Calling AppiumDriver.findElements() with args: ["-android uiautomator","new UiSelector().className(\"android.widget.Button\").text(\"LOGIN\").resourceId(\"com.ritase.driver.staging:id/to_login_btn\")","6f0838f8-f0c0-4741-8aae-8e1622180507"]
[debug] [35m[BaseDriver][39m Valid locator strategies for this request: xpath, id, class name, accessibility id, -android uiautomator
[debug] [35m[BaseDriver][39m Waiting up to 50 ms for condition
[debug] [35m[WD Proxy][39m Matched '/elements' to command name 'findElements'
[debug] [35m[WD Proxy][39m Proxying [POST /elements] to [POST http://localhost:8200/wd/hub/session/ff44e4ad-6f07-4649-b96e-213a17b4eea5/elements] with body: {"strategy":"-android uiautomator","selector":"new UiSelector().className(\"android.widget.Button\").text(\"LOGIN\").resourceId(\"com.ritase.driver.staging:id/to_login_btn\")","context":"","multiple":true}
[debug] [35m[WD Proxy][39m Got response with status 200: {"sessionId":"ff44e4ad-6f07-4649-b96e-213a17b4eea5","status":0,"value":[]}
[debug] [35m[W3C (6f0838f8)][39m Responding to client with driver.findElements() result: []
[35m[HTTP][39m [37m<-- POST /wd/hub/session/6f0838f8-f0c0-4741-8aae-8e1622180507/elements [39m[32m200[39m [90m67 ms - 12[39m
[35m[HTTP][39m [90m[39m
[35m[HTTP][39m [37m-->[39m [37mPOST[39m [37m/wd/hub/session/6f0838f8-f0c0-4741-8aae-8e1622180507/elements[39m
[35m[HTTP][39m [90m{"using":"-android uiautomator","value":"new UiSelector().className(\"android.widget.Button\").text(\"LOGIN\").resourceId(\"com.ritase.driver.staging:id/to_login_btn\")"}[39m
[debug] [35m[W3C (6f0838f8)][39m Calling AppiumDriver.findElements() with args: ["-android uiautomator","new UiSelector().className(\"android.widget.Button\").text(\"LOGIN\").resourceId(\"com.ritase.driver.staging:id/to_login_btn\")","6f0838f8-f0c0-4741-8aae-8e1622180507"]
[debug] [35m[BaseDriver][39m Valid locator strategies for this request: xpath, id, class name, accessibility id, -android uiautomator
[debug] [35m[BaseDriver][39m Waiting up to 50 ms for condition
[debug] [35m[WD Proxy][39m Matched '/elements' to command name 'findElements'
[debug] [35m[WD Proxy][39m Proxying [POST /elements] to [POST http://localhost:8200/wd/hub/session/ff44e4ad-6f07-4649-b96e-213a17b4eea5/elements] with body: {"strategy":"-android uiautomator","selector":"new UiSelector().className(\"android.widget.Button\").text(\"LOGIN\").resourceId(\"com.ritase.driver.staging:id/to_login_btn\")","context":"","multiple":true}
[debug] [35m[WD Proxy][39m Got response with status 200: {"sessionId":"ff44e4ad-6f07-4649-b96e-213a17b4eea5","status":0,"value":[]}
[debug] [35m[W3C (6f0838f8)][39m Responding to client with driver.findElements() result: []
[35m[HTTP][39m [37m<-- POST /wd/hub/session/6f0838f8-f0c0-4741-8aae-8e1622180507/elements [39m[32m200[39m [90m64 ms - 12[39m
[35m[HTTP][39m [90m[39m
[35m[HTTP][39m [37m-->[39m [37mPOST[39m [37m/wd/hub/session/6f0838f8-f0c0-4741-8aae-8e1622180507/elements[39m
[35m[HTTP][39m [90m{"using":"-android uiautomator","value":"new UiSelector().className(\"android.widget.Button\").text(\"LOGIN\").resourceId(\"com.ritase.driver.staging:id/to_login_btn\")"}[39m
[debug] [35m[W3C (6f0838f8)][39m Calling AppiumDriver.findElements() with args: ["-android uiautomator","new UiSelector().className(\"android.widget.Button\").text(\"LOGIN\").resourceId(\"com.ritase.driver.staging:id/to_login_btn\")","6f0838f8-f0c0-4741-8aae-8e1622180507"]
[debug] [35m[BaseDriver][39m Valid locator strategies for this request: xpath, id, class name, accessibility id, -android uiautomator
[debug] [35m[BaseDriver][39m Waiting up to 50 ms for condition
[debug] [35m[WD Proxy][39m Matched '/elements' to command name 'findElements'
[debug] [35m[WD Proxy][39m Proxying [POST /elements] to [POST http://localhost:8200/wd/hub/session/ff44e4ad-6f07-4649-b96e-213a17b4eea5/elements] with body: {"strategy":"-android uiautomator","selector":"new UiSelector().className(\"android.widget.Button\").text(\"LOGIN\").resourceId(\"com.ritase.driver.staging:id/to_login_btn\")","context":"","multiple":true}
[debug] [35m[WD Proxy][39m Got response with status 200: {"sessionId":"ff44e4ad-6f07-4649-b96e-213a17b4eea5","status":0,"value":[]}
[debug] [35m[W3C (6f0838f8)][39m Responding to client with driver.findElements() result: []
[35m[HTTP][39m [37m<-- POST /wd/hub/session/6f0838f8-f0c0-4741-8aae-8e1622180507/elements [39m[32m200[39m [90m64 ms - 12[39m
[35m[HTTP][39m [90m[39m
[35m[HTTP][39m [37m-->[39m [37mPOST[39m [37m/wd/hub/session/6f0838f8-f0c0-4741-8aae-8e1622180507/elements[39m
[35m[HTTP][39m [90m{"using":"-android uiautomator","value":"new UiSelector().className(\"android.widget.Button\").text(\"LOGIN\").resourceId(\"com.ritase.driver.staging:id/to_login_btn\")"}[39m
[debug] [35m[W3C (6f0838f8)][39m Calling AppiumDriver.findElements() with args: ["-android uiautomator","new UiSelector().className(\"android.widget.Button\").text(\"LOGIN\").resourceId(\"com.ritase.driver.staging:id/to_login_btn\")","6f0838f8-f0c0-4741-8aae-8e1622180507"]
[debug] [35m[BaseDriver][39m Valid locator strategies for this request: xpath, id, class name, accessibility id, -android uiautomator
[debug] [35m[BaseDriver][39m Waiting up to 50 ms for condition
[debug] [35m[WD Proxy][39m Matched '/elements' to command name 'findElements'
[debug] [35m[WD Proxy][39m Proxying [POST /elements] to [POST http://localhost:8200/wd/hub/session/ff44e4ad-6f07-4649-b96e-213a17b4eea5/elements] with body: {"strategy":"-android uiautomator","selector":"new UiSelector().className(\"android.widget.Button\").text(\"LOGIN\").resourceId(\"com.ritase.driver.staging:id/to_login_btn\")","context":"","multiple":true}
[debug] [35m[WD Proxy][39m Got response with status 200: {"sessionId":"ff44e4ad-6f07-4649-b96e-213a17b4eea5","status":0,"value":[]}
[debug] [35m[W3C (6f0838f8)][39m Responding to client with driver.findElements() result: []
[35m[HTTP][39m [37m<-- POST /wd/hub/session/6f0838f8-f0c0-4741-8aae-8e1622180507/elements [39m[32m200[39m [90m66 ms - 12[39m
[35m[HTTP][39m [90m[39m
[35m[HTTP][39m [37m-->[39m [37mPOST[39m [37m/wd/hub/session/6f0838f8-f0c0-4741-8aae-8e1622180507/elements[39m
[35m[HTTP][39m [90m{"using":"-android uiautomator","value":"new UiSelector().className(\"android.widget.Button\").text(\"LOGIN\").resourceId(\"com.ritase.driver.staging:id/to_login_btn\")"}[39m
[debug] [35m[W3C (6f0838f8)][39m Calling AppiumDriver.findElements() with args: ["-android uiautomator","new UiSelector().className(\"android.widget.Button\").text(\"LOGIN\").resourceId(\"com.ritase.driver.staging:id/to_login_btn\")","6f0838f8-f0c0-4741-8aae-8e1622180507"]
[debug] [35m[BaseDriver][39m Valid locator strategies for this request: xpath, id, class name, accessibility id, -android uiautomator
[debug] [35m[BaseDriver][39m Waiting up to 50 ms for condition
[debug] [35m[WD Proxy][39m Matched '/elements' to command name 'findElements'
[debug] [35m[WD Proxy][39m Proxying [POST /elements] to [POST http://localhost:8200/wd/hub/session/ff44e4ad-6f07-4649-b96e-213a17b4eea5/elements] with body: {"strategy":"-android uiautomator","selector":"new UiSelector().className(\"android.widget.Button\").text(\"LOGIN\").resourceId(\"com.ritase.driver.staging:id/to_login_btn\")","context":"","multiple":true}
[debug] [35m[WD Proxy][39m Got response with status 200: {"sessionId":"ff44e4ad-6f07-4649-b96e-213a17b4eea5","status":0,"value":[]}
[debug] [35m[W3C (6f0838f8)][39m Responding to client with driver.findElements() result: []
[35m[HTTP][39m [37m<-- POST /wd/hub/session/6f0838f8-f0c0-4741-8aae-8e1622180507/elements [39m[32m200[39m [90m61 ms - 12[39m
[35m[HTTP][39m [90m[39m
[35m[HTTP][39m [37m-->[39m [37mPOST[39m [37m/wd/hub/session/6f0838f8-f0c0-4741-8aae-8e1622180507/elements[39m
[35m[HTTP][39m [90m{"using":"-android uiautomator","value":"new UiSelector().className(\"android.widget.Button\").text(\"LOGIN\").resourceId(\"com.ritase.driver.staging:id/to_login_btn\")"}[39m
[debug] [35m[W3C (6f0838f8)][39m Calling AppiumDriver.findElements() with args: ["-android uiautomator","new UiSelector().className(\"android.widget.Button\").text(\"LOGIN\").resourceId(\"com.ritase.driver.staging:id/to_login_btn\")","6f0838f8-f0c0-4741-8aae-8e1622180507"]
[debug] [35m[BaseDriver][39m Valid locator strategies for this request: xpath, id, class name, accessibility id, -android uiautomator
[debug] [35m[BaseDriver][39m Waiting up to 50 ms for condition
[debug] [35m[WD Proxy][39m Matched '/elements' to command name 'findElements'
[debug] [35m[WD Proxy][39m Proxying [POST /elements] to [POST http://localhost:8200/wd/hub/session/ff44e4ad-6f07-4649-b96e-213a17b4eea5/elements] with body: {"strategy":"-android uiautomator","selector":"new UiSelector().className(\"android.widget.Button\").text(\"LOGIN\").resourceId(\"com.ritase.driver.staging:id/to_login_btn\")","context":"","multiple":true}
[debug] [35m[WD Proxy][39m Got response with status 200: {"sessionId":"ff44e4ad-6f07-4649-b96e-213a17b4eea5","status":0,"value":[]}
[debug] [35m[W3C (6f0838f8)][39m Responding to client with driver.findElements() result: []
[35m[HTTP][39m [37m<-- POST /wd/hub/session/6f0838f8-f0c0-4741-8aae-8e1622180507/elements [39m[32m200[39m [90m62 ms - 12[39m
[35m[HTTP][39m [90m[39m
[35m[HTTP][39m [37m-->[39m [37mPOST[39m [37m/wd/hub/session/6f0838f8-f0c0-4741-8aae-8e1622180507/elements[39m
[35m[HTTP][39m [90m{"using":"-android uiautomator","value":"new UiSelector().className(\"android.widget.Button\").text(\"LOGIN\").resourceId(\"com.ritase.driver.staging:id/to_login_btn\")"}[39m
[debug] [35m[W3C (6f0838f8)][39m Calling AppiumDriver.findElements() with args: ["-android uiautomator","new UiSelector().className(\"android.widget.Button\").text(\"LOGIN\").resourceId(\"com.ritase.driver.staging:id/to_login_btn\")","6f0838f8-f0c0-4741-8aae-8e1622180507"]
[debug] [35m[BaseDriver][39m Valid locator strategies for this request: xpath, id, class name, accessibility id, -android uiautomator
[debug] [35m[BaseDriver][39m Waiting up to 50 ms for condition
[debug] [35m[WD Proxy][39m Matched '/elements' to command name 'findElements'
[debug] [35m[WD Proxy][39m Proxying [POST /elements] to [POST http://localhost:8200/wd/hub/session/ff44e4ad-6f07-4649-b96e-213a17b4eea5/elements] with body: {"strategy":"-android uiautomator","selector":"new UiSelector().className(\"android.widget.Button\").text(\"LOGIN\").resourceId(\"com.ritase.driver.staging:id/to_login_btn\")","context":"","multiple":true}
[debug] [35m[WD Proxy][39m Got response with status 200: {"sessionId":"ff44e4ad-6f07-4649-b96e-213a17b4eea5","status":0,"value":[]}
[debug] [35m[W3C (6f0838f8)][39m Responding to client with driver.findElements() result: []
[35m[HTTP][39m [37m<-- POST /wd/hub/session/6f0838f8-f0c0-4741-8aae-8e1622180507/elements [39m[32m200[39m [90m59 ms - 12[39m
[35m[HTTP][39m [90m[39m
[35m[HTTP][39m [37m-->[39m [37mPOST[39m [37m/wd/hub/session/6f0838f8-f0c0-4741-8aae-8e1622180507/elements[39m
[35m[HTTP][39m [90m{"using":"-android uiautomator","value":"new UiSelector().className(\"android.widget.Button\").text(\"LOGIN\").resourceId(\"com.ritase.driver.staging:id/to_login_btn\")"}[39m
[debug] [35m[W3C (6f0838f8)][39m Calling AppiumDriver.findElements() with args: ["-android uiautomator","new UiSelector().className(\"android.widget.Button\").text(\"LOGIN\").resourceId(\"com.ritase.driver.staging:id/to_login_btn\")","6f0838f8-f0c0-4741-8aae-8e1622180507"]
[debug] [35m[BaseDriver][39m Valid locator strategies for this request: xpath, id, class name, accessibility id, -android uiautomator
[debug] [35m[BaseDriver][39m Waiting up to 50 ms for condition
[debug] [35m[WD Proxy][39m Matched '/elements' to command name 'findElements'
[debug] [35m[WD Proxy][39m Proxying [POST /elements] to [POST http://localhost:8200/wd/hub/session/ff44e4ad-6f07-4649-b96e-213a17b4eea5/elements] with body: {"strategy":"-android uiautomator","selector":"new UiSelector().className(\"android.widget.Button\").text(\"LOGIN\").resourceId(\"com.ritase.driver.staging:id/to_login_btn\")","context":"","multiple":true}
[debug] [35m[WD Proxy][39m Got response with status 200: {"sessionId":"ff44e4ad-6f07-4649-b96e-213a17b4eea5","status":0,"value":[]}
[debug] [35m[W3C (6f0838f8)][39m Responding to client with driver.findElements() result: []
[35m[HTTP][39m [37m<-- POST /wd/hub/session/6f0838f8-f0c0-4741-8aae-8e1622180507/elements [39m[32m200[39m [90m57 ms - 12[39m
[35m[HTTP][39m [90m[39m
[35m[HTTP][39m [37m-->[39m [37mPOST[39m [37m/wd/hub/session/6f0838f8-f0c0-4741-8aae-8e1622180507/elements[39m
[35m[HTTP][39m [90m{"using":"-android uiautomator","value":"new UiSelector().className(\"android.widget.Button\").text(\"LOGIN\").resourceId(\"com.ritase.driver.staging:id/to_login_btn\")"}[39m
[debug] [35m[W3C (6f0838f8)][39m Calling AppiumDriver.findElements() with args: ["-android uiautomator","new UiSelector().className(\"android.widget.Button\").text(\"LOGIN\").resourceId(\"com.ritase.driver.staging:id/to_login_btn\")","6f0838f8-f0c0-4741-8aae-8e1622180507"]
[debug] [35m[BaseDriver][39m Valid locator strategies for this request: xpath, id, class name, accessibility id, -android uiautomator
[debug] [35m[BaseDriver][39m Waiting up to 50 ms for condition
[debug] [35m[WD Proxy][39m Matched '/elements' to command name 'findElements'
[debug] [35m[WD Proxy][39m Proxying [POST /elements] to [POST http://localhost:8200/wd/hub/session/ff44e4ad-6f07-4649-b96e-213a17b4eea5/elements] with body: {"strategy":"-android uiautomator","selector":"new UiSelector().className(\"android.widget.Button\").text(\"LOGIN\").resourceId(\"com.ritase.driver.staging:id/to_login_btn\")","context":"","multiple":true}
[debug] [35m[WD Proxy][39m Got response with status 200: {"sessionId":"ff44e4ad-6f07-4649-b96e-213a17b4eea5","status":0,"value":[]}
[debug] [35m[W3C (6f0838f8)][39m Responding to client with driver.findElements() result: []
[35m[HTTP][39m [37m<-- POST /wd/hub/session/6f0838f8-f0c0-4741-8aae-8e1622180507/elements [39m[32m200[39m [90m62 ms - 12[39m
[35m[HTTP][39m [90m[39m
[35m[HTTP][39m [37m-->[39m [37mPOST[39m [37m/wd/hub/session/6f0838f8-f0c0-4741-8aae-8e1622180507/elements[39m
[35m[HTTP][39m [90m{"using":"-android uiautomator","value":"new UiSelector().className(\"android.widget.Button\").text(\"LOGIN\").resourceId(\"com.ritase.driver.staging:id/to_login_btn\")"}[39m
[debug] [35m[W3C (6f0838f8)][39m Calling AppiumDriver.findElements() with args: ["-android uiautomator","new UiSelector().className(\"android.widget.Button\").text(\"LOGIN\").resourceId(\"com.ritase.driver.staging:id/to_login_btn\")","6f0838f8-f0c0-4741-8aae-8e1622180507"]
[debug] [35m[BaseDriver][39m Valid locator strategies for this request: xpath, id, class name, accessibility id, -android uiautomator
[debug] [35m[BaseDriver][39m Waiting up to 50 ms for condition
[debug] [35m[WD Proxy][39m Matched '/elements' to command name 'findElements'
[debug] [35m[WD Proxy][39m Proxying [POST /elements] to [POST http://localhost:8200/wd/hub/session/ff44e4ad-6f07-4649-b96e-213a17b4eea5/elements] with body: {"strategy":"-android uiautomator","selector":"new UiSelector().className(\"android.widget.Button\").text(\"LOGIN\").resourceId(\"com.ritase.driver.staging:id/to_login_btn\")","context":"","multiple":true}
[debug] [35m[WD Proxy][39m Got response with status 200: {"sessionId":"ff44e4ad-6f07-4649-b96e-213a17b4eea5","status":0,"value":[]}
[debug] [35m[W3C (6f0838f8)][39m Responding to client with driver.findElements() result: []
[35m[HTTP][39m [37m<-- POST /wd/hub/session/6f0838f8-f0c0-4741-8aae-8e1622180507/elements [39m[32m200[39m [90m224 ms - 12[39m
[35m[HTTP][39m [90m[39m
[35m[HTTP][39m [37m-->[39m [37mPOST[39m [37m/wd/hub/session/6f0838f8-f0c0-4741-8aae-8e1622180507/elements[39m
[35m[HTTP][39m [90m{"using":"-android uiautomator","value":"new UiSelector().className(\"android.widget.Button\").text(\"LOGIN\").resourceId(\"com.ritase.driver.staging:id/to_login_btn\")"}[39m
[debug] [35m[W3C (6f0838f8)][39m Calling AppiumDriver.findElements() with args: ["-android uiautomator","new UiSelector().className(\"android.widget.Button\").text(\"LOGIN\").resourceId(\"com.ritase.driver.staging:id/to_login_btn\")","6f0838f8-f0c0-4741-8aae-8e1622180507"]
[debug] [35m[BaseDriver][39m Valid locator strategies for this request: xpath, id, class name, accessibility id, -android uiautomator
[debug] [35m[BaseDriver][39m Waiting up to 50 ms for condition
[debug] [35m[WD Proxy][39m Matched '/elements' to command name 'findElements'
[debug] [35m[WD Proxy][39m Proxying [POST /elements] to [POST http://localhost:8200/wd/hub/session/ff44e4ad-6f07-4649-b96e-213a17b4eea5/elements] with body: {"strategy":"-android uiautomator","selector":"new UiSelector().className(\"android.widget.Button\").text(\"LOGIN\").resourceId(\"com.ritase.driver.staging:id/to_login_btn\")","context":"","multiple":true}
[debug] [35m[WD Proxy][39m Got response with status 200: {"sessionId":"ff44e4ad-6f07-4649-b96e-213a17b4eea5","status":0,"value":[]}
[debug] [35m[W3C (6f0838f8)][39m Responding to client with driver.findElements() result: []
[35m[HTTP][39m [37m<-- POST /wd/hub/session/6f0838f8-f0c0-4741-8aae-8e1622180507/elements [39m[32m200[39m [90m2550 ms - 12[39m
[35m[HTTP][39m [90m[39m
[35m[HTTP][39m [37m-->[39m [37mPOST[39m [37m/wd/hub/session/6f0838f8-f0c0-4741-8aae-8e1622180507/timeouts[39m
[35m[HTTP][39m [90m{"implicit":30000}[39m
[debug] [35m[W3C (6f0838f8)][39m Calling AppiumDriver.timeouts() with args: [null,null,null,null,30000,"6f0838f8-f0c0-4741-8aae-8e1622180507"]
[debug] [35m[BaseDriver][39m W3C timeout argument: {"implicit":30000}}
[debug] [35m[BaseDriver][39m Set implicit wait to 30000ms
[debug] [35m[W3C (6f0838f8)][39m Responding to client with driver.timeouts() result: null
[35m[HTTP][39m [37m<-- POST /wd/hub/session/6f0838f8-f0c0-4741-8aae-8e1622180507/timeouts [39m[32m200[39m [90m7 ms - 14[39m
[35m[HTTP][39m [90m[39m
[35m[HTTP][39m [37m-->[39m [37mGET[39m [37m/wd/hub/session/6f0838f8-f0c0-4741-8aae-8e1622180507/context[39m
[35m[HTTP][39m [90m{}[39m
[debug] [35m[W3C (6f0838f8)][39m Calling AppiumDriver.getCurrentContext() with args: ["6f0838f8-f0c0-4741-8aae-8e1622180507"]
[debug] [35m[W3C (6f0838f8)][39m Responding to client with driver.getCurrentContext() result: "NATIVE_APP"
[35m[HTTP][39m [37m<-- GET /wd/hub/session/6f0838f8-f0c0-4741-8aae-8e1622180507/context [39m[32m200[39m [90m3 ms - 22[39m
[35m[HTTP][39m [90m[39m
[35m[HTTP][39m [37m-->[39m [37mGET[39m [37m/wd/hub/session/6f0838f8-f0c0-4741-8aae-8e1622180507/contexts[39m
[35m[HTTP][39m [90m{}[39m
[debug] [35m[W3C (6f0838f8)][39m Calling AppiumDriver.getContexts() with args: ["6f0838f8-f0c0-4741-8aae-8e1622180507"]
[debug] [35m[AndroidDriver][39m Getting a list of available webviews
[debug] [35m[ADB][39m Running '/home/jarwo/.katalon/tools/android_sdk/platform-tools/adb -P 5037 -s f24006487d26 shell cat /proc/net/unix'
[debug] [35m[AndroidDriver][39m Found webviews: []
[debug] [35m[AndroidDriver][39m Available contexts: ["NATIVE_APP"]
[debug] [35m[W3C (6f0838f8)][39m Responding to client with driver.getContexts() result: ["NATIVE_APP"]
[35m[HTTP][39m [37m<-- GET /wd/hub/session/6f0838f8-f0c0-4741-8aae-8e1622180507/contexts [39m[32m200[39m [90m72 ms - 24[39m
[35m[HTTP][39m [90m[39m
[35m[HTTP][39m [37m-->[39m [37mPOST[39m [37m/wd/hub/session/6f0838f8-f0c0-4741-8aae-8e1622180507/context[39m
[35m[HTTP][39m [90m{"name":"NATIVE_APP"}[39m
[debug] [35m[W3C (6f0838f8)][39m Calling AppiumDriver.setContext() with args: ["NATIVE_APP","6f0838f8-f0c0-4741-8aae-8e1622180507"]
[debug] [35m[W3C (6f0838f8)][39m Responding to client with driver.setContext() result: null
[35m[HTTP][39m [37m<-- POST /wd/hub/session/6f0838f8-f0c0-4741-8aae-8e1622180507/context [39m[32m200[39m [90m7 ms - 14[39m
[35m[HTTP][39m [90m[39m
[35m[HTTP][39m [37m-->[39m [37mGET[39m [37m/wd/hub/session/6f0838f8-f0c0-4741-8aae-8e1622180507/screenshot[39m
[35m[HTTP][39m [90m{}[39m
[debug] [35m[W3C (6f0838f8)][39m Calling AppiumDriver.getScreenshot() with args: ["6f0838f8-f0c0-4741-8aae-8e1622180507"]
[debug] [35m[WD Proxy][39m Matched '/screenshot' to command name 'getScreenshot'
[debug] [35m[WD Proxy][39m Proxying [GET /screenshot] to [GET http://localhost:8200/wd/hub/session/ff44e4ad-6f07-4649-b96e-213a17b4eea5/screenshot] with no body
[debug] [35m[WD Proxy][39m Got response with status 200: "{\"sessionId\":\"ff44e4ad-6f07-4649-b96e-213a17b4eea5\",\"status\":0,\"value\":\"iVBORw0KGgoAAAANSUhEUgAAAtAAAAWgCAYAAAB30nTTAAAABHNCSVQICAgIfAhkiAAAIABJREFU\\neJzs3Xd8W9XdBvDnDu1heWU7e++EQBhh7wIvUGYZhS4gQKGUl9k9KaWFUlYHHay3ZbVQZtmzjDKS\\nkJA9nDiO99Aed7x\\/SLq+siXH15Znnu\\/nwwfLurr3OLqSHp17zu8I3mmTdRARERERUY+Ig90AIiIi\\nIqLhhAGaiIiIiMgCBmgiIiIiIgsYoImIiIiILGCAJiIiIiKygAGaiIiIiMgCBmgiIiIiIgsYoImI\\niIiILGCAJiIiIiKygAGaiIiIiMgCBmgiIiIiIgsYoImIiIiILGCAJiIion5nk2WcfuIX4PV4evyY\\n4444ElXjxvVjq4h6Rx7sBhAREdHINmvadNz+ox9j5tRpeOCxR\\/HT39y+18csmDMH9\\/z8F0gkk7jt\\n3rvx0BOPQ9O0AWjt8OF0OFBRVoZoLI7W9jbouj6gxxcEASsOWI5jDz8CyxYtwqiKCpT4\\/AN2fFVT\\n0djcjJraWrzxn3fx\\/KuvYFdt7YAcW\\/BOmzyw\\/9pERES0z7j0wi\\/jmksvgyRK0HQNP7ztl\\/jbU\\/\\/c\\n6+MmV03Ew\\/fci9EVlQCA1evW4uv\\/+220tbf3d5MxY+pUHHPoYRAEodf7aAsG8fyrrxStvSV+P444\\n+BAce9hhmDNjJirKyuB2uY37VU1FS2sb9jTU490PP8TLb72BtRs29Fuo3n\\/xEtx89bcwf9bsftl\\/\\nb6iaikefegq3\\/+F3aA8G+\\/VYDNBERETUL1ZedDG+felKAMD2ndX49g+\\/j7UbNkCSJCxdsBBHrViB\\nSeMnoKK8HOFIBHsa6vHBJ5\\/gjf+8i2...
[debug] [35m[W3C (6f0838f8)][39m Responding to client with driver.getScreenshot() result: "iVBORw0KGgoAAAANSUhEUgAAAtAAAAWgCAYAAAB30nTTAAAABHNCSVQICAgIfAhkiAAAIABJREFU\neJzs3Xd8W9XdBvDnDu1heWU7e++EQBhh7wIvUGYZhS4gQKGUl9k9KaWFUlYHHay3ZbVQZtmzjDKS\nkJA9nDiO99Aed7x/SLq+siXH15Znnu/nwwfLurr3OLqSHp17zu8I3mmTdRARERERUY+Ig90AIiIi\nIqLhhAGaiIiIiMgCBmgiIiIiIgsYoImIiIiILGCAJiIiIiKygAGaiIiIiMgCBmgiIiIiIgsYoImI\niIiILGCAJiIiIiKygAGaiIiIiMgCBmgiIiIiIgsYoImIiIiILGCAJiIion5nk2WcfuIX4PV4evyY\n4444ElXjxvVjq4h6Rx7sBhAREdHINmvadNz+ox9j5tRpeOCxR/HT39y+18csmDMH9/z8F0gkk7jt\n3rvx0BOPQ9O0AWjt8OF0OFBRVoZoLI7W9jbouj6gxxcEASsOWI5jDz8CyxYtwqiKCpT4/AN2fFVT\n0djcjJraWrzxn3fx/KuvYFdt7YAcW/BOmzyw/9pERES0z7j0wi/jmksvgyRK0HQNP7ztl/jbU//c\n6+MmV03Ew/fci9EVlQCA1evW4uv/+220tbf3d5MxY+pUHHPoYRAEodf7aAsG8fyrrxStvSV+P444\n+BAce9hhmDNjJirKyuB2uY37VU1FS2sb9jTU490PP8TLb72BtRs29Fuo3n/xEtx89bcwf9bsftl/\nb6iaikefegq3/+F3aA8G+/VYDNBERETUL1ZedDG+felKAMD2ndX49g+/j7UbNkCSJCxdsBBHrViB\nSeMnoKK8HOFIBHsa6vHBJ5/gjf+8i2AoBLfLjeuvuALnf/FMAMC6TRtx3srLEI1F+63NyxYtxp/v\n+A1cTlef91VdswsnXXAeEslkr/dx1IoV+Pp5F2C/RYsgQICma5BEqdvHKKoKWZLQ1NKCf730In7/\n4INoaW...
[35m[HTTP][39m [37m<-- GET /wd/hub/session/6f0838f8-f0c0-4741-8aae-8e1622180507/screenshot [39m[32m200[39m [90m925 ms - 95682[39m
[35m[HTTP][39m [90m[39m
[35m[HTTP][39m [37m-->[39m [37mPOST[39m [37m/wd/hub/session/6f0838f8-f0c0-4741-8aae-8e1622180507/context[39m
[35m[HTTP][39m [90m{"name":"NATIVE_APP"}[39m
[debug] [35m[W3C (6f0838f8)][39m Calling AppiumDriver.setContext() with args: ["NATIVE_APP","6f0838f8-f0c0-4741-8aae-8e1622180507"]
[debug] [35m[W3C (6f0838f8)][39m Responding to client with driver.setContext() result: null
[35m[HTTP][39m [37m<-- POST /wd/hub/session/6f0838f8-f0c0-4741-8aae-8e1622180507/context [39m[32m200[39m [90m3 ms - 14[39m
[35m[HTTP][39m [90m[39m
[35m[HTTP][39m [37m-->[39m [37mGET[39m [37m/wd/hub/session/6f0838f8-f0c0-4741-8aae-8e1622180507/context[39m
[35m[HTTP][39m [90m{}[39m
[debug] [35m[W3C (6f0838f8)][39m Calling AppiumDriver.getCurrentContext() with args: ["6f0838f8-f0c0-4741-8aae-8e1622180507"]
[debug] [35m[W3C (6f0838f8)][39m Responding to client with driver.getCurrentContext() result: "NATIVE_APP"
[35m[HTTP][39m [37m<-- GET /wd/hub/session/6f0838f8-f0c0-4741-8aae-8e1622180507/context [39m[32m200[39m [90m2 ms - 22[39m
[35m[HTTP][39m [90m[39m
[35m[HTTP][39m [37m-->[39m [37mGET[39m [37m/wd/hub/session/6f0838f8-f0c0-4741-8aae-8e1622180507/contexts[39m
[35m[HTTP][39m [90m{}[39m
[debug] [35m[W3C (6f0838f8)][39m Calling AppiumDriver.getContexts() with args: ["6f0838f8-f0c0-4741-8aae-8e1622180507"]
[debug] [35m[AndroidDriver][39m Getting a list of available webviews
[debug] [35m[ADB][39m Running '/home/jarwo/.katalon/tools/android_sdk/platform-tools/adb -P 5037 -s f24006487d26 shell cat /proc/net/unix'
[debug] [35m[AndroidDriver][39m Found webviews: []
[debug] [35m[AndroidDriver][39m Available contexts: ["NATIVE_APP"]
[debug] [35m[W3C (6f0838f8)][39m Responding to client with driver.getContexts() result: ["NATIVE_APP"]
[35m[HTTP][39m [37m<-- GET /wd/hub/session/6f0838f8-f0c0-4741-8aae-8e1622180507/contexts [39m[32m200[39m [90m64 ms - 24[39m
[35m[HTTP][39m [90m[39m
[35m[HTTP][39m [37m-->[39m [37mPOST[39m [37m/wd/hub/session/6f0838f8-f0c0-4741-8aae-8e1622180507/context[39m
[35m[HTTP][39m [90m{"name":"NATIVE_APP"}[39m
[debug] [35m[W3C (6f0838f8)][39m Calling AppiumDriver.setContext() with args: ["NATIVE_APP","6f0838f8-f0c0-4741-8aae-8e1622180507"]
[debug] [35m[W3C (6f0838f8)][39m Responding to client with driver.setContext() result: null
[35m[HTTP][39m [37m<-- POST /wd/hub/session/6f0838f8-f0c0-4741-8aae-8e1622180507/context [39m[32m200[39m [90m3 ms - 14[39m
[35m[HTTP][39m [90m[39m
[35m[HTTP][39m [37m-->[39m [37mGET[39m [37m/wd/hub/session/6f0838f8-f0c0-4741-8aae-8e1622180507/screenshot[39m
[35m[HTTP][39m [90m{}[39m
[debug] [35m[W3C (6f0838f8)][39m Calling AppiumDriver.getScreenshot() with args: ["6f0838f8-f0c0-4741-8aae-8e1622180507"]
[debug] [35m[WD Proxy][39m Matched '/screenshot' to command name 'getScreenshot'
[debug] [35m[WD Proxy][39m Proxying [GET /screenshot] to [GET http://localhost:8200/wd/hub/session/ff44e4ad-6f07-4649-b96e-213a17b4eea5/screenshot] with no body
[debug] [35m[WD Proxy][39m Got response with status 200: "{\"sessionId\":\"ff44e4ad-6f07-4649-b96e-213a17b4eea5\",\"status\":0,\"value\":\"iVBORw0KGgoAAAANSUhEUgAAAtAAAAWgCAYAAAB30nTTAAAABHNCSVQICAgIfAhkiAAAIABJREFU\\neJzs3Xd4HNXZNvB7yvaiVXOXLcu9y8ZgCKa3EOAlBAiEEkgDTAiE8EGA9EpII4SW\\/ob2JrQEQg29\\nhhKKbWzccJEty+ple5ny\\/bG7o1lpV9ZIq+r7d11caFezM0fe2d17z5zzHME7q1oHERERERH1izjS\\nDSAiIiIiGksYoImIiIiILGCAJiIiIiKygAGaiIiIiMgCBmgiIiIiIgsYoImIiIiILGCAJiIiIiKy\\ngAGaiIiIiMgCBmgiIiIiIgsYoImIiIiILGCAJiIiIiKygAGaiIiIiMgCBmgiIiIacjZZxhknfwpe\\nj6ffjznx6GNQNWXKELaKaGDkkW4AERERjW\\/zZs3Gr3\\/wQ8ytmYW7H3wAP\\/7Nr\\/f7mCULFuCOn\\/4M\\niWQSv7jzdtz78EPQNG0YWjt2OB0OVJSVIRqLo6OrE7quD+vxBUHA6kNW4YSjjsbKZcswoaICJT7\\/\\nsB1f1VS0tLWhvqEBL\\/\\/nDTz1wvPY09AwLMcWvLOqh\\/dfm4iIiA4Yl174eVx96WWQRAmaruH7v\\/g5\\n\\/vboP\\/f7uOqq6bjvjjsxsaISALBu4wZ8+f99A51dXUPdZMypqcHxRxwJQRAGvI\\/OYBBPvfB80dpb\\n4vfj6E8cjhOOPBIL5sxFRVkZ3C638XtVU9He0Yl9zU1445138NyrL2PD5s1DFqoPrl2OG6\\/6OhbP\\nmz8k+x8IVVPxwKOP4td\\/+B26gsEhPRYDNBEREQ2JNRddjG9cugYAsHN3Hb7x\\/e9iw+bNkCQJK5Ys\\nxbGrV2PG1GmoKC9HOBLBvuYmvP3++3j5P2...
[debug] [35m[W3C (6f0838f8)][39m Responding to client with driver.getScreenshot() result: "iVBORw0KGgoAAAANSUhEUgAAAtAAAAWgCAYAAAB30nTTAAAABHNCSVQICAgIfAhkiAAAIABJREFU\neJzs3Xd4HNXZNvB7yvaiVXOXLcu9y8ZgCKa3EOAlBAiEEkgDTAiE8EGA9EpII4SW/ob2JrQEQg29\nhhKKbWzccJEty+ple5ny/bG7o1lpV9ZIq+r7d11caFezM0fe2d17z5zzHME7q1oHERERERH1izjS\nDSAiIiIiGksYoImIiIiILGCAJiIiIiKygAGaiIiIiMgCBmgiIiIiIgsYoImIiIiILGCAJiIiIiKy\ngAGaiIiIiMgCBmgiIiIiIgsYoImIiIiILGCAJiIiIiKygAGaiIiIiMgCBmgiIiIacjZZxhknfwpe\nj6ffjznx6GNQNWXKELaKaGDkkW4AERERjW/zZs3Gr3/wQ8ytmYW7H3wAP/7Nr/f7mCULFuCOn/4M\niWQSv7jzdtz78EPQNG0YWjt2OB0OVJSVIRqLo6OrE7quD+vxBUHA6kNW4YSjjsbKZcswoaICJT7/\nsB1f1VS0tLWhvqEBL//nDTz1wvPY09AwLMcWvLOqh/dfm4iIiA4Yl174eVx96WWQRAmaruH7v/g5\n/vboP/f7uOqq6bjvjjsxsaISALBu4wZ8+f99A51dXUPdZMypqcHxRxwJQRAGvI/OYBBPvfB80dpb\n4vfj6E8cjhOOPBIL5sxFRVkZ3C638XtVU9He0Yl9zU1445138NyrL2PD5s1DFqoPrl2OG6/6OhbP\nmz8k+x8IVVPxwKOP4td/+B26gsEhPRYDNBEREQ2JNRddjG9cugYAsHN3Hb7x/e9iw+bNkCQJK5Ys\nxbGrV2PG1GmoKC9HOBLBvuYmvP3++3j5P28gGArB7XLjuq9+Fed/5iwAwMatW3DemssQjUWHrM0r\nl9XiL7f8Bi6na9D7qqvfg1MuOA+JZHLA+zh29Wp8+bwLcNCyZRAgQNM1SKLU52MUVYUsSWhtb8e/\nnn0Gv7...
[35m[HTTP][39m [37m<-- GET /wd/hub/session/6f0838f8-f0c0-4741-8aae-8e1622180507/screenshot [39m[32m200[39m [90m808 ms - 97960[39m
[35m[HTTP][39m [90m[39m
[35m[HTTP][39m [37m-->[39m [37mPOST[39m [37m/wd/hub/session/6f0838f8-f0c0-4741-8aae-8e1622180507/context[39m
[35m[HTTP][39m [90m{"name":"NATIVE_APP"}[39m
[debug] [35m[W3C (6f0838f8)][39m Calling AppiumDriver.setContext() with args: ["NATIVE_APP","6f0838f8-f0c0-4741-8aae-8e1622180507"]
[debug] [35m[W3C (6f0838f8)][39m Responding to client with driver.setContext() result: null
[35m[HTTP][39m [37m<-- POST /wd/hub/session/6f0838f8-f0c0-4741-8aae-8e1622180507/context [39m[32m200[39m [90m2 ms - 14[39m
[35m[HTTP][39m [90m[39m
[35m[HTTP][39m [37m-->[39m [37mDELETE[39m [37m/wd/hub/session/6f0838f8-f0c0-4741-8aae-8e1622180507[39m
[35m[HTTP][39m [90m{}[39m
[debug] [35m[W3C (6f0838f8)][39m Calling AppiumDriver.deleteSession() with args: ["6f0838f8-f0c0-4741-8aae-8e1622180507"]
[debug] [35m[BaseDriver][39m Event 'quitSessionRequested' logged at 1566886879977 (13:21:19 GMT+0700 (Western Indonesia Time))
[35m[Appium][39m Removing session 6f0838f8-f0c0-4741-8aae-8e1622180507 from our master session list
[debug] [35m[UiAutomator2][39m Deleting UiAutomator2 session
[debug] [35m[UiAutomator2][39m Deleting UiAutomator2 server session
[debug] [35m[WD Proxy][39m Matched '/' to command name 'deleteSession'
[debug] [35m[WD Proxy][39m Proxying [DELETE /] to [DELETE http://localhost:8200/wd/hub/session/ff44e4ad-6f07-4649-b96e-213a17b4eea5] with no body
[debug] [35m[WD Proxy][39m Got response with status 200: "{\"sessionId\":\"ff44e4ad-6f07-4649-b96e-213a17b4eea5\",\"status\":0,\"value\":\"Session deleted\"}"
[debug] [35m[ADB][39m Running '/home/jarwo/.katalon/tools/android_sdk/platform-tools/adb -P 5037 -s f24006487d26 shell am force-stop com.ritase.driver.staging'
[debug] [35m[Instrumentation][39m .
[debug] [35m[Logcat][39m Stopping logcat capture
[debug] [35m[ADB][39m Removing forwarded port socket connection: 8200 
[debug] [35m[ADB][39m Running '/home/jarwo/.katalon/tools/android_sdk/platform-tools/adb -P 5037 -s f24006487d26 forward --remove tcp\:8200'
[debug] [35m[BaseDriver][39m Event 'quitSessionFinished' logged at 1566886880298 (13:21:20 GMT+0700 (Western Indonesia Time))
[debug] [35m[W3C (6f0838f8)][39m Received response: null
[debug] [35m[W3C (6f0838f8)][39m But deleting session, so not returning
[debug] [35m[W3C (6f0838f8)][39m Responding to client with driver.deleteSession() result: null
[35m[HTTP][39m [37m<-- DELETE /wd/hub/session/6f0838f8-f0c0-4741-8aae-8e1622180507 [39m[32m200[39m [90m322 ms - 14[39m
[35m[HTTP][39m [90m[39m
