[35m[Appium][39m Welcome to Appium v1.14.2
[35m[Appium][39m Non-default server args:
[35m[Appium][39m   port: 53611
[35m[Appium][39m   loglevel: info
[35m[Appium][39m   chromeDriverPort: 53612
[35m[Appium][39m   tmpDir: C:\Users\Purrari\AppData\Local\Temp\\Katalon\Appium\Temp1568200101524
[35m[Appium][39m Appium REST http interface listener started on 0.0.0.0:53611
[35m[HTTP][39m [37m-->[39m [37mGET[39m [37m/wd/hub/status[39m
[35m[HTTP][39m [90m{}[39m
[35m[HTTP][39m [37m<-- GET /wd/hub/status [39m[32m200[39m [90m9 ms - 68[39m
[35m[HTTP][39m [90m[39m
[35m[HTTP][39m [37m-->[39m [37mGET[39m [37m/wd/hub/status[39m
[35m[HTTP][39m [90m{}[39m
[35m[HTTP][39m [37m<-- GET /wd/hub/status [39m[32m200[39m [90m1 ms - 68[39m
[35m[HTTP][39m [90m[39m
[35m[HTTP][39m [37m-->[39m [37mPOST[39m [37m/wd/hub/session[39m
[35m[HTTP][39m [90m{"desiredCapabilities":{"app":"C:\\Users\\Purrari\\Documents\\Ritase Automation\\APK\\stg-driver.apk","noReset":true,"deviceName":"Xiaomi Redmi 6A (Android 8.1.0)","fullReset":false,"platform":"ANDROID","newCommandTimeout":1800,"platformVersion":"8.1.0","automationName":"uiautomator2","autoGrantPermissions":true,"platformName":"Android","udid":"a864e4de7d26","systemPort":53619},"capabilities":{"firstMatch":[{"appium:app":"C:\\Users\\Purrari\\Documents\\Ritase Automation\\APK\\stg-driver.apk","appium:autoGrantPermissions":true,"appium:automationName":"uiautomator2","appium:deviceName":"Xiaomi Redmi 6A (Android 8.1.0)","appium:fullReset":false,"appium:newCommandTimeout":1800,"appium:noReset":true,"platform":"ANDROID","platformName":"android","appium:platformVersion":"8.1.0","appium:systemPort":53619,"appium:udid":"a864e4de7d26"}]}}[39m
[35m[BaseDriver][39m The capabilities ["platform"] are not standard capabilities and should have an extension prefix
[35m[Appium][39m Appium v1.14.2 creating new AndroidUiautomator2Driver (v1.33.1) session
[35m[Appium][39m Capabilities:
[35m[Appium][39m   platform: ANDROID
[35m[Appium][39m   platformName: android
[35m[Appium][39m   app: C:\Users\Purrari\Documents\Ritase Automation\APK\stg-driver.apk
[35m[Appium][39m   autoGrantPermissions: true
[35m[Appium][39m   automationName: uiautomator2
[35m[Appium][39m   deviceName: Xiaomi Redmi 6A (Android 8.1.0)
[35m[Appium][39m   fullReset: false
[35m[Appium][39m   newCommandTimeout: 1800
[35m[Appium][39m   noReset: true
[35m[Appium][39m   platformVersion: 8.1.0
[35m[Appium][39m   systemPort: 53619
[35m[Appium][39m   udid: a864e4de7d26
[35m[BaseDriver][39m The following capabilities were provided, but are not recognized by Appium:
[35m[BaseDriver][39m   platform
[35m[BaseDriver][39m Session created with session id: a8853ebf-ff98-43df-8e18-6a67b3993ef8
[35m[BaseDriver][39m Using local app 'C:\Users\Purrari\Documents\Ritase Automation\APK\stg-driver.apk'
[35m[ADB][39m Found 1 'build-tools' folders under 'C:\Users\Purrari\.katalon\tools\android_sdk' (newest first):
[35m[ADB][39m     C:/Users/Purrari/.katalon/tools/android_sdk/build-tools/29.0.2
[35m[ADB][39m Using 'adb.exe' from 'C:\Users\Purrari\.katalon\tools\android_sdk\platform-tools\adb.exe'
[35m[AndroidDriver][39m Retrieving device list
[35m[AndroidDriver][39m Using device: a864e4de7d26
[35m[ADB][39m Using 'adb.exe' from 'C:\Users\Purrari\.katalon\tools\android_sdk\platform-tools\adb.exe'
[35m[ADB][39m Using the alternative activity name detection method because of: Could not find 'apkanalyzer.bat' in ["C:\\Users\\Purrari\\.katalon\\tools\\android_sdk\\platform-tools\\apkanalyzer.bat","C:\\Users\\Purrari\\.katalon\\tools\\android_sdk\\emulator\\apkanalyzer.bat","C:\\Users\\Purrari\\.katalon\\tools\\android_sdk\\tools\\apkanalyzer.bat","C:\\Users\\Purrari\\.katalon\\tools\\android_sdk\\tools\\bin\\apkanalyzer.bat","C:\\Users\\Purrari\\.katalon\\tools\\android_sdk\\build-tools\\29.0.2\\apkanalyzer.bat"]. Do you have Android Build Tools installed at 'C:\Users\Purrari\.katalon\tools\android_sdk'?
[35m[ADB][39m Using 'aapt.exe' from 'C:\Users\Purrari\.katalon\tools\android_sdk\build-tools\29.0.2\aapt.exe'
[35m[ADB][39m Extracting package and launch activity from manifest
[35m[ADB][39m Package name: 'com.ritase.driver.staging'
[35m[ADB][39m Main activity name: 'com.ritase.driver.activity.SplashActivity'
[35m[ADB][39m Using 'apksigner.bat' from 'C:\Users\Purrari\.katalon\tools\android_sdk\build-tools\29.0.2\apksigner.bat'
[35m[UiAutomator2][39m Server packages are not going to be (re)installed
[35m[UiAutomator2][39m Starting UIAutomator2 server 3.7.0
[35m[UiAutomator2][39m Using UIAutomator2 server from 'C:\Users\Purrari\AppData\Roaming\npm\node_modules\appium\node_modules\appium-uiautomator2-server\apks\appium-uiautomator2-server-v3.7.0.apk' and test from 'C:\Users\Purrari\AppData\Roaming\npm\node_modules\appium\node_modules\appium-uiautomator2-server\apks\appium-uiautomator2-server-debug-androidTest.apk'
[35m[UiAutomator2][39m Waiting up to 30000ms for UiAutomator2 to be online...
[35m[WD Proxy][39m Got an unexpected response: {"code":"ECONNRESET"}
[35m[WD Proxy][39m Got an unexpected response: {"code":"ECONNRESET"}
[35m[WD Proxy][39m Got an unexpected response: {"code":"ECONNRESET"}
[35m[WD Proxy][39m Got an unexpected response: {"code":"ECONNRESET"}
[35m[AndroidDriver][39m Screen already unlocked, doing nothing
[35m[UiAutomator2][39m UiAutomator2 did not start the activity we were waiting for, 'com.ritase.driver.staging/com.ritase.driver.activity.SplashActivity'. Starting it ourselves
[35m[Appium][39m New AndroidUiautomator2Driver session created successfully, session a8853ebf-ff98-43df-8e18-6a67b3993ef8 added to master session list
[35m[HTTP][39m [37m<-- POST /wd/hub/session [39m[32m200[39m [90m16033 ms - 1254[39m
[35m[HTTP][39m [90m[39m
[35m[HTTP][39m [37m-->[39m [37mGET[39m [37m/wd/hub/session/a8853ebf-ff98-43df-8e18-6a67b3993ef8[39m
[35m[HTTP][39m [90m{}[39m
[35m[HTTP][39m [37m<-- GET /wd/hub/session/a8853ebf-ff98-43df-8e18-6a67b3993ef8 [39m[32m200[39m [90m106 ms - 1186[39m
[35m[HTTP][39m [90m[39m
[35m[HTTP][39m [37m-->[39m [37mGET[39m [37m/wd/hub/session/a8853ebf-ff98-43df-8e18-6a67b3993ef8[39m
[35m[HTTP][39m [90m{}[39m
[35m[HTTP][39m [37m<-- GET /wd/hub/session/a8853ebf-ff98-43df-8e18-6a67b3993ef8 [39m[32m200[39m [90m26 ms - 1186[39m
[35m[HTTP][39m [90m[39m
[35m[HTTP][39m [37m-->[39m [37mGET[39m [37m/wd/hub/status[39m
[35m[HTTP][39m [90m{}[39m
[35m[HTTP][39m [37m<-- GET /wd/hub/status [39m[32m200[39m [90m1 ms - 68[39m
[35m[HTTP][39m [90m[39m
[35m[HTTP][39m [37m-->[39m [37mPOST[39m [37m/wd/hub/session/a8853ebf-ff98-43df-8e18-6a67b3993ef8/timeouts[39m
[35m[HTTP][39m [90m{"implicit":60000}[39m
[35m[HTTP][39m [37m<-- POST /wd/hub/session/a8853ebf-ff98-43df-8e18-6a67b3993ef8/timeouts [39m[32m200[39m [90m7 ms - 14[39m
[35m[HTTP][39m [90m[39m
[35m[HTTP][39m [37m-->[39m [37mGET[39m [37m/wd/hub/session/a8853ebf-ff98-43df-8e18-6a67b3993ef8/source[39m
[35m[HTTP][39m [90m{}[39m
[35m[W3C (a8853ebf)][39m Driver proxy active, passing request on via HTTP proxy
[35m[WD Proxy][39m Replacing sessionId 3c0f884c-fa99-48ad-b362-e04723fa5cd2 with a8853ebf-ff98-43df-8e18-6a67b3993ef8
[35m[HTTP][39m [37m<-- GET /wd/hub/session/a8853ebf-ff98-43df-8e18-6a67b3993ef8/source [39m[32m200[39m [90m194 ms - 3772[39m
[35m[HTTP][39m [90m[39m
[35m[HTTP][39m [37m-->[39m [37mGET[39m [37m/wd/hub/session/a8853ebf-ff98-43df-8e18-6a67b3993ef8/screenshot[39m
[35m[HTTP][39m [90m{}[39m
[35m[HTTP][39m [37m<-- GET /wd/hub/session/a8853ebf-ff98-43df-8e18-6a67b3993ef8/screenshot [39m[32m200[39m [90m701 ms - 35996[39m
[35m[HTTP][39m [90m[39m
[35m[HTTP][39m [37m-->[39m [37mGET[39m [37m/wd/hub/session/a8853ebf-ff98-43df-8e18-6a67b3993ef8/source[39m
[35m[HTTP][39m [90m{}[39m
[35m[W3C (a8853ebf)][39m Driver proxy active, passing request on via HTTP proxy
[35m[WD Proxy][39m Replacing sessionId 3c0f884c-fa99-48ad-b362-e04723fa5cd2 with a8853ebf-ff98-43df-8e18-6a67b3993ef8
[35m[HTTP][39m [37m<-- GET /wd/hub/session/a8853ebf-ff98-43df-8e18-6a67b3993ef8/source [39m[32m200[39m [90m734 ms - 18591[39m
[35m[HTTP][39m [90m[39m
[35m[HTTP][39m [37m-->[39m [37mGET[39m [37m/wd/hub/session/a8853ebf-ff98-43df-8e18-6a67b3993ef8/screenshot[39m
[35m[HTTP][39m [90m{}[39m
[35m[HTTP][39m [37m<-- GET /wd/hub/session/a8853ebf-ff98-43df-8e18-6a67b3993ef8/screenshot [39m[32m200[39m [90m783 ms - 101134[39m
[35m[HTTP][39m [90m[39m
[35m[HTTP][39m [37m-->[39m [37mDELETE[39m [37m/wd/hub/session/a8853ebf-ff98-43df-8e18-6a67b3993ef8[39m
[35m[HTTP][39m [90m{}[39m
[35m[Appium][39m Removing session a8853ebf-ff98-43df-8e18-6a67b3993ef8 from our master session list
[35m[HTTP][39m [37m<-- DELETE /wd/hub/session/a8853ebf-ff98-43df-8e18-6a67b3993ef8 [39m[32m200[39m [90m391 ms - 14[39m
[35m[HTTP][39m [90m[39m
