<?xml version="1.0" encoding="UTF-8" standalone="no"?>
<!DOCTYPE log SYSTEM "logger.dtd">
<log>
<record>
  <date>2019-08-27T15:32:07</date>
  <millis>1566894727257</millis>
  <sequence>0</sequence>
  <level>START</level>
  <class>com.kms.katalon.core.logging.XmlKeywordLogger</class>
  <method>startSuite</method>
  <thread>1</thread>
  <message>Start Test Suite : Test Suites/1.0/Create single orders</message>
  <nestedLevel>0</nestedLevel>
  <property name="name">Create single orders</property>
  <property name="description"></property>
  <property name="id">Test Suites/1.0/Create single orders</property>
</record>
<record>
  <date>2019-08-27T15:32:07</date>
  <millis>1566894727270</millis>
  <sequence>1</sequence>
  <level>RUN_DATA</level>
  <class>com.kms.katalon.core.logging.XmlKeywordLogger</class>
  <method>logMessage</method>
  <thread>1</thread>
  <message>hostName = jarwo - redstar</message>
  <nestedLevel>0</nestedLevel>
  <property name="hostName">jarwo - redstar</property>
</record>
<record>
  <date>2019-08-27T15:32:07</date>
  <millis>1566894727271</millis>
  <sequence>2</sequence>
  <level>RUN_DATA</level>
  <class>com.kms.katalon.core.logging.XmlKeywordLogger</class>
  <method>logMessage</method>
  <thread>1</thread>
  <message>os = Linux 64bit</message>
  <nestedLevel>0</nestedLevel>
  <property name="os">Linux 64bit</property>
</record>
<record>
  <date>2019-08-27T15:32:07</date>
  <millis>1566894727271</millis>
  <sequence>3</sequence>
  <level>RUN_DATA</level>
  <class>com.kms.katalon.core.logging.XmlKeywordLogger</class>
  <method>logMessage</method>
  <thread>1</thread>
  <message>hostAddress = 127.0.1.1</message>
  <nestedLevel>0</nestedLevel>
  <property name="hostAddress">127.0.1.1</property>
</record>
<record>
  <date>2019-08-27T15:32:07</date>
  <millis>1566894727272</millis>
  <sequence>4</sequence>
  <level>RUN_DATA</level>
  <class>com.kms.katalon.core.logging.XmlKeywordLogger</class>
  <method>logMessage</method>
  <thread>1</thread>
  <message>katalonVersion = 6.2.1.2</message>
  <nestedLevel>0</nestedLevel>
  <property name="katalonVersion">6.2.1.2</property>
</record>
<record>
  <date>2019-08-27T15:32:07</date>
  <millis>1566894727404</millis>
  <sequence>5</sequence>
  <level>START</level>
  <class>com.kms.katalon.core.logging.XmlKeywordLogger</class>
  <method>startTest</method>
  <thread>1</thread>
  <message>Start Test Case : Test Cases/Web Ritase/Login/Login Shippers (DIRA XL)</message>
  <nestedLevel>1</nestedLevel>
  <property name="name">Test Cases/Web Ritase/Login/Login Shippers (DIRA XL)</property>
  <property name="description"></property>
  <property name="id">Test Cases/Web Ritase/Login/Login Shippers (DIRA XL)</property>
  <property name="source">\\home\\jarwo\\Katalon Studio\\Ritase Automation Testing\\Test Cases\\Web Ritase\\Login\\Login Shippers (DIRA XL).tc</property>
  <property name="tag"></property>
  <property name="isOptional">false</property>
</record>
<record>
  <date>2019-08-27T15:32:07</date>
  <millis>1566894727534</millis>
  <sequence>7</sequence>
  <level>START</level>
  <class>com.kms.katalon.core.logging.XmlKeywordLogger</class>
  <method>startKeyword</method>
  <thread>1</thread>
  <message>Start action : runFeatureFile(\&amp;quot;Include/features/Web/Login/LoginShippers.feature\&amp;quot;, STOP_ON_FAILURE)</message>
  <nestedLevel>1</nestedLevel>
  <property name="startLine">16</property>
  <property name="stepIndex">1</property>
</record>
<record>
  <date>2019-08-27T15:32:07</date>
  <millis>1566894727561</millis>
  <sequence>8</sequence>
  <level>INFO</level>
  <class>com.kms.katalon.core.logging.XmlKeywordLogger</class>
  <method>logMessage</method>
  <thread>1</thread>
  <message>Starting run keyword runFeatureFile: &amp;apos;Include/features/Web/Login/LoginShippers.feature&amp;apos; and extract report to folder: &amp;apos;/home/jarwo/Katalon Studio/Ritase Automation Testing/Reports/1.0/Create single orders/20190827_153159/cucumber_report/1566894727556&amp;apos;...</message>
  <nestedLevel>1</nestedLevel>
</record>
<record>
  <date>2019-08-27T15:32:07</date>
  <millis>1566894727893</millis>
  <sequence>9</sequence>
  <level>START</level>
  <class>com.kms.katalon.core.logging.XmlKeywordLogger</class>
  <method>startTest</method>
  <thread>1</thread>
  <message>Start Test Case : SCENARIO Login Shippers</message>
  <nestedLevel>2</nestedLevel>
</record>
<record>
  <date>2019-08-27T15:32:07</date>
  <millis>1566894727894</millis>
  <sequence>10</sequence>
  <level>START</level>
  <class>com.kms.katalon.core.logging.XmlKeywordLogger</class>
  <method>startKeyword</method>
  <thread>1</thread>
  <message>Start action : User open browser and visit https://staging.shippers.rit-ase.com/</message>
  <nestedLevel>2</nestedLevel>
</record>
<record>
  <date>2019-08-27T15:32:08</date>
  <millis>1566894728016</millis>
  <sequence>12</sequence>
  <level>INFO</level>
  <class>com.kms.katalon.core.logging.XmlKeywordLogger</class>
  <method>logMessage</method>
  <thread>1</thread>
  <message>Starting &amp;apos;Firefox (headless)&amp;apos; driver</message>
  <nestedLevel>2</nestedLevel>
</record>
<record>
  <date>2019-08-27T15:32:08</date>
  <millis>1566894728108</millis>
  <sequence>14</sequence>
  <level>INFO</level>
  <class>com.kms.katalon.core.logging.XmlKeywordLogger</class>
  <method>logMessage</method>
  <thread>1</thread>
  <message>Action delay is set to 0 seconds</message>
  <nestedLevel>2</nestedLevel>
</record>
<record>
  <date>2019-08-27T15:32:09</date>
  <millis>1566894729938</millis>
  <sequence>16</sequence>
  <level>RUN_DATA</level>
  <class>com.kms.katalon.core.logging.XmlKeywordLogger</class>
  <method>logMessage</method>
  <thread>1</thread>
  <message>sessionId = 6c99db07-9cbc-4fd1-b1d3-fba4b4f07527</message>
  <nestedLevel>2</nestedLevel>
  <property name="sessionId">6c99db07-9cbc-4fd1-b1d3-fba4b4f07527</property>
</record>
<record>
  <date>2019-08-27T15:32:09</date>
  <millis>1566894729950</millis>
  <sequence>17</sequence>
  <level>RUN_DATA</level>
  <class>com.kms.katalon.core.logging.XmlKeywordLogger</class>
  <method>logMessage</method>
  <thread>1</thread>
  <message>browser = Firefox 68.0</message>
  <nestedLevel>2</nestedLevel>
  <property name="browser">Firefox 68.0</property>
</record>
<record>
  <date>2019-08-27T15:32:09</date>
  <millis>1566894729950</millis>
  <sequence>18</sequence>
  <level>RUN_DATA</level>
  <class>com.kms.katalon.core.logging.XmlKeywordLogger</class>
  <method>logMessage</method>
  <thread>1</thread>
  <message>platform = Linux</message>
  <nestedLevel>2</nestedLevel>
  <property name="platform">Linux</property>
</record>
<record>
  <date>2019-08-27T15:32:09</date>
  <millis>1566894729950</millis>
  <sequence>19</sequence>
  <level>RUN_DATA</level>
  <class>com.kms.katalon.core.logging.XmlKeywordLogger</class>
  <method>logMessage</method>
  <thread>1</thread>
  <message>seleniumVersion = 3.141.59</message>
  <nestedLevel>2</nestedLevel>
  <property name="seleniumVersion">3.141.59</property>
</record>
<record>
  <date>2019-08-27T15:32:09</date>
  <millis>1566894729951</millis>
  <sequence>20</sequence>
  <level>RUN_DATA</level>
  <class>com.kms.katalon.core.logging.XmlKeywordLogger</class>
  <method>logMessage</method>
  <thread>1</thread>
  <message>proxyInformation = ProxyInformation{proxyOption=NO_PROXY, proxyServerType=HTTP, password=, proxyServerAddress=, proxyServerPort=0}</message>
  <nestedLevel>2</nestedLevel>
  <property name="proxyInformation">ProxyInformation{proxyOption=NO_PROXY, proxyServerType=HTTP, password=, proxyServerAddress=, proxyServerPort=0}</property>
</record>
<record>
  <date>2019-08-27T15:32:18</date>
  <millis>1566894738923</millis>
  <sequence>22</sequence>
  <level>PASSED</level>
  <class>com.kms.katalon.core.logging.XmlKeywordLogger</class>
  <method>logMessage</method>
  <thread>1</thread>
  <message>Browser is opened with url: &amp;apos;https://staging.shippers.rit-ase.com/&amp;apos;</message>
  <nestedLevel>2</nestedLevel>
</record>
<record>
  <date>2019-08-27T15:32:18</date>
  <millis>1566894738929</millis>
  <sequence>23</sequence>
  <level>PASSED</level>
  <class>com.kms.katalon.core.logging.XmlKeywordLogger</class>
  <method>logMessage</method>
  <thread>1</thread>
  <message>User open browser and visit https://staging.shippers.rit-ase.com/</message>
  <nestedLevel>2</nestedLevel>
</record>
<record>
  <date>2019-08-27T15:32:18</date>
  <millis>1566894738930</millis>
  <sequence>24</sequence>
  <level>END</level>
  <class>com.kms.katalon.core.logging.XmlKeywordLogger</class>
  <method>endKeyword</method>
  <thread>1</thread>
  <message>End End action : User open browser and visit https://staging.shippers.rit-ase.com/</message>
  <nestedLevel>2</nestedLevel>
</record>
<record>
  <date>2019-08-27T15:32:18</date>
  <millis>1566894738931</millis>
  <sequence>25</sequence>
  <level>START</level>
  <class>com.kms.katalon.core.logging.XmlKeywordLogger</class>
  <method>startKeyword</method>
  <thread>1</thread>
  <message>Start action : User see login page</message>
  <nestedLevel>2</nestedLevel>
</record>
<record>
  <date>2019-08-27T15:32:18</date>
  <millis>1566894738997</millis>
  <sequence>32</sequence>
  <level>PASSED</level>
  <class>com.kms.katalon.core.logging.XmlKeywordLogger</class>
  <method>logMessage</method>
  <thread>1</thread>
  <message>Text of object &amp;apos;Object Repository/Shippers Web/Login/text_loginForm&amp;apos; is: &amp;apos;Please login to partners account&amp;apos;</message>
  <nestedLevel>2</nestedLevel>
</record>
<record>
  <date>2019-08-27T15:32:18</date>
  <millis>1566894738999</millis>
  <sequence>33</sequence>
  <level>PASSED</level>
  <class>com.kms.katalon.core.logging.XmlKeywordLogger</class>
  <method>logMessage</method>
  <thread>1</thread>
  <message>User see login page</message>
  <nestedLevel>2</nestedLevel>
</record>
<record>
  <date>2019-08-27T15:32:18</date>
  <millis>1566894738999</millis>
  <sequence>34</sequence>
  <level>END</level>
  <class>com.kms.katalon.core.logging.XmlKeywordLogger</class>
  <method>endKeyword</method>
  <thread>1</thread>
  <message>End End action : User see login page</message>
  <nestedLevel>2</nestedLevel>
</record>
<record>
  <date>2019-08-27T15:32:18</date>
  <millis>1566894738999</millis>
  <sequence>35</sequence>
  <level>START</level>
  <class>com.kms.katalon.core.logging.XmlKeywordLogger</class>
  <method>startKeyword</method>
  <thread>1</thread>
  <message>Start action : User fill email shippers order@xl.co.id</message>
  <nestedLevel>2</nestedLevel>
</record>
<record>
  <date>2019-08-27T15:32:19</date>
  <millis>1566894739175</millis>
  <sequence>44</sequence>
  <level>PASSED</level>
  <class>com.kms.katalon.core.logging.XmlKeywordLogger</class>
  <method>logMessage</method>
  <thread>1</thread>
  <message>Text &amp;apos;order@xl.co.id&amp;apos; is set on object &amp;apos;Object Repository/Shippers Web/Login/input_emailAddress&amp;apos;</message>
  <nestedLevel>2</nestedLevel>
</record>
<record>
  <date>2019-08-27T15:32:19</date>
  <millis>1566894739176</millis>
  <sequence>45</sequence>
  <level>PASSED</level>
  <class>com.kms.katalon.core.logging.XmlKeywordLogger</class>
  <method>logMessage</method>
  <thread>1</thread>
  <message>User fill email shippers order@xl.co.id</message>
  <nestedLevel>2</nestedLevel>
</record>
<record>
  <date>2019-08-27T15:32:19</date>
  <millis>1566894739177</millis>
  <sequence>46</sequence>
  <level>END</level>
  <class>com.kms.katalon.core.logging.XmlKeywordLogger</class>
  <method>endKeyword</method>
  <thread>1</thread>
  <message>End End action : User fill email shippers order@xl.co.id</message>
  <nestedLevel>2</nestedLevel>
</record>
<record>
  <date>2019-08-27T15:32:19</date>
  <millis>1566894739177</millis>
  <sequence>47</sequence>
  <level>START</level>
  <class>com.kms.katalon.core.logging.XmlKeywordLogger</class>
  <method>startKeyword</method>
  <thread>1</thread>
  <message>Start action : User fill password shippers YFZfyx+NhJE=</message>
  <nestedLevel>2</nestedLevel>
</record>
<record>
  <date>2019-08-27T15:32:19</date>
  <millis>1566894739283</millis>
  <sequence>56</sequence>
  <level>PASSED</level>
  <class>com.kms.katalon.core.logging.XmlKeywordLogger</class>
  <method>logMessage</method>
  <thread>1</thread>
  <message>Text ****** has been set on object &amp;apos;Object Repository/Shippers Web/Login/input_password&amp;apos;</message>
  <nestedLevel>2</nestedLevel>
</record>
<record>
  <date>2019-08-27T15:32:19</date>
  <millis>1566894739283</millis>
  <sequence>57</sequence>
  <level>PASSED</level>
  <class>com.kms.katalon.core.logging.XmlKeywordLogger</class>
  <method>logMessage</method>
  <thread>1</thread>
  <message>User fill password shippers YFZfyx+NhJE=</message>
  <nestedLevel>2</nestedLevel>
</record>
<record>
  <date>2019-08-27T15:32:19</date>
  <millis>1566894739284</millis>
  <sequence>58</sequence>
  <level>END</level>
  <class>com.kms.katalon.core.logging.XmlKeywordLogger</class>
  <method>endKeyword</method>
  <thread>1</thread>
  <message>End End action : User fill password shippers YFZfyx+NhJE=</message>
  <nestedLevel>2</nestedLevel>
</record>
<record>
  <date>2019-08-27T15:32:19</date>
  <millis>1566894739284</millis>
  <sequence>59</sequence>
  <level>START</level>
  <class>com.kms.katalon.core.logging.XmlKeywordLogger</class>
  <method>startKeyword</method>
  <thread>1</thread>
  <message>Start action : User click button login</message>
  <nestedLevel>2</nestedLevel>
</record>
<record>
  <date>2019-08-27T15:32:19</date>
  <millis>1566894739568</millis>
  <sequence>66</sequence>
  <level>PASSED</level>
  <class>com.kms.katalon.core.logging.XmlKeywordLogger</class>
  <method>logMessage</method>
  <thread>1</thread>
  <message>Object: &amp;apos;Object Repository/Shippers Web/Login/button_loginShippers&amp;apos; is clicked on</message>
  <nestedLevel>2</nestedLevel>
</record>
<record>
  <date>2019-08-27T15:32:22</date>
  <millis>1566894742604</millis>
  <sequence>68</sequence>
  <level>PASSED</level>
  <class>com.kms.katalon.core.logging.XmlKeywordLogger</class>
  <method>logMessage</method>
  <thread>1</thread>
  <message>Delayed 3 second(s)</message>
  <nestedLevel>2</nestedLevel>
</record>
<record>
  <date>2019-08-27T15:32:22</date>
  <millis>1566894742605</millis>
  <sequence>69</sequence>
  <level>PASSED</level>
  <class>com.kms.katalon.core.logging.XmlKeywordLogger</class>
  <method>logMessage</method>
  <thread>1</thread>
  <message>User click button login</message>
  <nestedLevel>2</nestedLevel>
</record>
<record>
  <date>2019-08-27T15:32:22</date>
  <millis>1566894742605</millis>
  <sequence>70</sequence>
  <level>END</level>
  <class>com.kms.katalon.core.logging.XmlKeywordLogger</class>
  <method>endKeyword</method>
  <thread>1</thread>
  <message>End End action : User click button login</message>
  <nestedLevel>2</nestedLevel>
</record>
<record>
  <date>2019-08-27T15:32:22</date>
  <millis>1566894742606</millis>
  <sequence>71</sequence>
  <level>START</level>
  <class>com.kms.katalon.core.logging.XmlKeywordLogger</class>
  <method>startKeyword</method>
  <thread>1</thread>
  <message>Start action : User see dashboard menu</message>
  <nestedLevel>2</nestedLevel>
</record>
<record>
  <date>2019-08-27T15:32:22</date>
  <millis>1566894742634</millis>
  <sequence>77</sequence>
  <level>PASSED</level>
  <class>com.kms.katalon.core.logging.XmlKeywordLogger</class>
  <method>logMessage</method>
  <thread>1</thread>
  <message>Object &amp;apos;Object Repository/Shippers Web/Login/text_DashboardTxt&amp;apos; is present</message>
  <nestedLevel>2</nestedLevel>
</record>
<record>
  <date>2019-08-27T15:32:22</date>
  <millis>1566894742635</millis>
  <sequence>78</sequence>
  <level>PASSED</level>
  <class>com.kms.katalon.core.logging.XmlKeywordLogger</class>
  <method>logMessage</method>
  <thread>1</thread>
  <message>User see dashboard menu</message>
  <nestedLevel>2</nestedLevel>
</record>
<record>
  <date>2019-08-27T15:32:22</date>
  <millis>1566894742635</millis>
  <sequence>79</sequence>
  <level>END</level>
  <class>com.kms.katalon.core.logging.XmlKeywordLogger</class>
  <method>endKeyword</method>
  <thread>1</thread>
  <message>End End action : User see dashboard menu</message>
  <nestedLevel>2</nestedLevel>
</record>
<record>
  <date>2019-08-27T15:32:22</date>
  <millis>1566894742638</millis>
  <sequence>80</sequence>
  <level>PASSED</level>
  <class>com.kms.katalon.core.logging.XmlKeywordLogger</class>
  <method>logMessage</method>
  <thread>1</thread>
  <message>SCENARIO Login Shippers</message>
  <nestedLevel>2</nestedLevel>
</record>
<record>
  <date>2019-08-27T15:32:22</date>
  <millis>1566894742638</millis>
  <sequence>81</sequence>
  <level>END</level>
  <class>com.kms.katalon.core.logging.XmlKeywordLogger</class>
  <method>endTest</method>
  <thread>1</thread>
  <message>End Test Case : SCENARIO Login Shippers</message>
  <nestedLevel>1</nestedLevel>
</record>
<record>
  <date>2019-08-27T15:32:22</date>
  <millis>1566894742674</millis>
  <sequence>82</sequence>
  <level>PASSED</level>
  <class>com.kms.katalon.core.logging.XmlKeywordLogger</class>
  <method>logMessage</method>
  <thread>1</thread>
  <message>Feature file: &amp;apos;Include/features/Web/Login/LoginShippers.feature&amp;apos; was passed</message>
  <nestedLevel>1</nestedLevel>
</record>
<record>
  <date>2019-08-27T15:32:22</date>
  <millis>1566894742674</millis>
  <sequence>83</sequence>
  <level>END</level>
  <class>com.kms.katalon.core.logging.XmlKeywordLogger</class>
  <method>endKeyword</method>
  <thread>1</thread>
  <message>End action : runFeatureFile(\&amp;quot;Include/features/Web/Login/LoginShippers.feature\&amp;quot;, STOP_ON_FAILURE)</message>
  <nestedLevel>1</nestedLevel>
</record>
<record>
  <date>2019-08-27T15:32:22</date>
  <millis>1566894742674</millis>
  <sequence>84</sequence>
  <level>PASSED</level>
  <class>com.kms.katalon.core.logging.XmlKeywordLogger</class>
  <method>logMessage</method>
  <thread>1</thread>
  <message>Test Cases/Web Ritase/Login/Login Shippers (DIRA XL)</message>
  <nestedLevel>1</nestedLevel>
</record>
<record>
  <date>2019-08-27T15:32:22</date>
  <millis>1566894742674</millis>
  <sequence>85</sequence>
  <level>END</level>
  <class>com.kms.katalon.core.logging.XmlKeywordLogger</class>
  <method>endTest</method>
  <thread>1</thread>
  <message>End Test Case : Test Cases/Web Ritase/Login/Login Shippers (DIRA XL)</message>
  <nestedLevel>0</nestedLevel>
</record>
<record>
  <date>2019-08-27T15:32:22</date>
  <millis>1566894742677</millis>
  <sequence>86</sequence>
  <level>START</level>
  <class>com.kms.katalon.core.logging.XmlKeywordLogger</class>
  <method>startTest</method>
  <thread>1</thread>
  <message>Start Test Case : Test Cases/Web Ritase/Orders/Single Orders (DIRA XL)</message>
  <nestedLevel>1</nestedLevel>
  <property name="name">Test Cases/Web Ritase/Orders/Single Orders (DIRA XL)</property>
  <property name="description"></property>
  <property name="id">Test Cases/Web Ritase/Orders/Single Orders (DIRA XL)</property>
  <property name="source">\\home\\jarwo\\Katalon Studio\\Ritase Automation Testing\\Test Cases\\Web Ritase\\Orders\\Single Orders (DIRA XL).tc</property>
  <property name="tag"></property>
  <property name="isOptional">false</property>
</record>
<record>
  <date>2019-08-27T15:32:22</date>
  <millis>1566894742768</millis>
  <sequence>88</sequence>
  <level>START</level>
  <class>com.kms.katalon.core.logging.XmlKeywordLogger</class>
  <method>startKeyword</method>
  <thread>1</thread>
  <message>Start action : runFeatureFile(\&amp;quot;Include/features/Web/Orders/SingleOrderXL.feature\&amp;quot;, STOP_ON_FAILURE)</message>
  <nestedLevel>1</nestedLevel>
  <property name="startLine">16</property>
  <property name="stepIndex">1</property>
</record>
<record>
  <date>2019-08-27T15:32:22</date>
  <millis>1566894742768</millis>
  <sequence>89</sequence>
  <level>INFO</level>
  <class>com.kms.katalon.core.logging.XmlKeywordLogger</class>
  <method>logMessage</method>
  <thread>1</thread>
  <message>Starting run keyword runFeatureFile: &amp;apos;Include/features/Web/Orders/SingleOrderXL.feature&amp;apos; and extract report to folder: &amp;apos;/home/jarwo/Katalon Studio/Ritase Automation Testing/Reports/1.0/Create single orders/20190827_153159/cucumber_report/1566894742768&amp;apos;...</message>
  <nestedLevel>1</nestedLevel>
</record>
<record>
  <date>2019-08-27T15:32:22</date>
  <millis>1566894742810</millis>
  <sequence>90</sequence>
  <level>START</level>
  <class>com.kms.katalon.core.logging.XmlKeywordLogger</class>
  <method>startTest</method>
  <thread>1</thread>
  <message>Start Test Case : SCENARIO Single Order as Dira XL</message>
  <nestedLevel>2</nestedLevel>
</record>
<record>
  <date>2019-08-27T15:32:22</date>
  <millis>1566894742811</millis>
  <sequence>91</sequence>
  <level>START</level>
  <class>com.kms.katalon.core.logging.XmlKeywordLogger</class>
  <method>startKeyword</method>
  <thread>1</thread>
  <message>Start action : QA generate unique number for testing</message>
  <nestedLevel>2</nestedLevel>
</record>
<record>
  <date>2019-08-27T15:32:22</date>
  <millis>1566894742909</millis>
  <sequence>92</sequence>
  <level>PASSED</level>
  <class>com.kms.katalon.core.logging.XmlKeywordLogger</class>
  <method>logMessage</method>
  <thread>1</thread>
  <message>QA generate unique number for testing</message>
  <nestedLevel>2</nestedLevel>
</record>
<record>
  <date>2019-08-27T15:32:22</date>
  <millis>1566894742909</millis>
  <sequence>93</sequence>
  <level>END</level>
  <class>com.kms.katalon.core.logging.XmlKeywordLogger</class>
  <method>endKeyword</method>
  <thread>1</thread>
  <message>End End action : QA generate unique number for testing</message>
  <nestedLevel>2</nestedLevel>
</record>
<record>
  <date>2019-08-27T15:32:22</date>
  <millis>1566894742909</millis>
  <sequence>94</sequence>
  <level>START</level>
  <class>com.kms.katalon.core.logging.XmlKeywordLogger</class>
  <method>startKeyword</method>
  <thread>1</thread>
  <message>Start action : User click order menu</message>
  <nestedLevel>2</nestedLevel>
</record>
<record>
  <date>2019-08-27T15:32:23</date>
  <millis>1566894743401</millis>
  <sequence>101</sequence>
  <level>PASSED</level>
  <class>com.kms.katalon.core.logging.XmlKeywordLogger</class>
  <method>logMessage</method>
  <thread>1</thread>
  <message>Object: &amp;apos;Object Repository/Shippers Web/Orders/click_orderMenuButton&amp;apos; is clicked on</message>
  <nestedLevel>2</nestedLevel>
</record>
<record>
  <date>2019-08-27T15:32:23</date>
  <millis>1566894743402</millis>
  <sequence>102</sequence>
  <level>PASSED</level>
  <class>com.kms.katalon.core.logging.XmlKeywordLogger</class>
  <method>logMessage</method>
  <thread>1</thread>
  <message>User click order menu</message>
  <nestedLevel>2</nestedLevel>
</record>
<record>
  <date>2019-08-27T15:32:23</date>
  <millis>1566894743402</millis>
  <sequence>103</sequence>
  <level>END</level>
  <class>com.kms.katalon.core.logging.XmlKeywordLogger</class>
  <method>endKeyword</method>
  <thread>1</thread>
  <message>End End action : User click order menu</message>
  <nestedLevel>2</nestedLevel>
</record>
<record>
  <date>2019-08-27T15:32:23</date>
  <millis>1566894743403</millis>
  <sequence>104</sequence>
  <level>START</level>
  <class>com.kms.katalon.core.logging.XmlKeywordLogger</class>
  <method>startKeyword</method>
  <thread>1</thread>
  <message>Start action : User see order menu</message>
  <nestedLevel>2</nestedLevel>
</record>
<record>
  <date>2019-08-27T15:32:23</date>
  <millis>1566894743431</millis>
  <sequence>111</sequence>
  <level>PASSED</level>
  <class>com.kms.katalon.core.logging.XmlKeywordLogger</class>
  <method>logMessage</method>
  <thread>1</thread>
  <message>Text of object &amp;apos;Object Repository/Shippers Web/Orders/text_orderMenuTxt&amp;apos; is: &amp;apos;Manajemen Order&amp;apos;</message>
  <nestedLevel>2</nestedLevel>
</record>
<record>
  <date>2019-08-27T15:32:23</date>
  <millis>1566894743432</millis>
  <sequence>112</sequence>
  <level>PASSED</level>
  <class>com.kms.katalon.core.logging.XmlKeywordLogger</class>
  <method>logMessage</method>
  <thread>1</thread>
  <message>User see order menu</message>
  <nestedLevel>2</nestedLevel>
</record>
<record>
  <date>2019-08-27T15:32:23</date>
  <millis>1566894743432</millis>
  <sequence>113</sequence>
  <level>END</level>
  <class>com.kms.katalon.core.logging.XmlKeywordLogger</class>
  <method>endKeyword</method>
  <thread>1</thread>
  <message>End End action : User see order menu</message>
  <nestedLevel>2</nestedLevel>
</record>
<record>
  <date>2019-08-27T15:32:23</date>
  <millis>1566894743432</millis>
  <sequence>114</sequence>
  <level>START</level>
  <class>com.kms.katalon.core.logging.XmlKeywordLogger</class>
  <method>startKeyword</method>
  <thread>1</thread>
  <message>Start action : User click add order menu</message>
  <nestedLevel>2</nestedLevel>
</record>
<record>
  <date>2019-08-27T15:32:24</date>
  <millis>1566894744218</millis>
  <sequence>121</sequence>
  <level>PASSED</level>
  <class>com.kms.katalon.core.logging.XmlKeywordLogger</class>
  <method>logMessage</method>
  <thread>1</thread>
  <message>Object: &amp;apos;Object Repository/Shippers Web/Orders/click_addOrderMenuButton&amp;apos; is clicked on</message>
  <nestedLevel>2</nestedLevel>
</record>
<record>
  <date>2019-08-27T15:32:24</date>
  <millis>1566894744218</millis>
  <sequence>122</sequence>
  <level>PASSED</level>
  <class>com.kms.katalon.core.logging.XmlKeywordLogger</class>
  <method>logMessage</method>
  <thread>1</thread>
  <message>User click add order menu</message>
  <nestedLevel>2</nestedLevel>
</record>
<record>
  <date>2019-08-27T15:32:24</date>
  <millis>1566894744219</millis>
  <sequence>123</sequence>
  <level>END</level>
  <class>com.kms.katalon.core.logging.XmlKeywordLogger</class>
  <method>endKeyword</method>
  <thread>1</thread>
  <message>End End action : User click add order menu</message>
  <nestedLevel>2</nestedLevel>
</record>
<record>
  <date>2019-08-27T15:32:24</date>
  <millis>1566894744219</millis>
  <sequence>124</sequence>
  <level>START</level>
  <class>com.kms.katalon.core.logging.XmlKeywordLogger</class>
  <method>startKeyword</method>
  <thread>1</thread>
  <message>Start action : User see add order menu</message>
  <nestedLevel>2</nestedLevel>
</record>
<record>
  <date>2019-08-27T15:32:24</date>
  <millis>1566894744249</millis>
  <sequence>131</sequence>
  <level>PASSED</level>
  <class>com.kms.katalon.core.logging.XmlKeywordLogger</class>
  <method>logMessage</method>
  <thread>1</thread>
  <message>Text of object &amp;apos;Object Repository/Shippers Web/Orders/text_addOrderMenuTxt&amp;apos; is: &amp;apos;Tambah Order&amp;apos;</message>
  <nestedLevel>2</nestedLevel>
</record>
<record>
  <date>2019-08-27T15:32:24</date>
  <millis>1566894744249</millis>
  <sequence>132</sequence>
  <level>PASSED</level>
  <class>com.kms.katalon.core.logging.XmlKeywordLogger</class>
  <method>logMessage</method>
  <thread>1</thread>
  <message>User see add order menu</message>
  <nestedLevel>2</nestedLevel>
</record>
<record>
  <date>2019-08-27T15:32:24</date>
  <millis>1566894744249</millis>
  <sequence>133</sequence>
  <level>END</level>
  <class>com.kms.katalon.core.logging.XmlKeywordLogger</class>
  <method>endKeyword</method>
  <thread>1</thread>
  <message>End End action : User see add order menu</message>
  <nestedLevel>2</nestedLevel>
</record>
<record>
  <date>2019-08-27T15:32:24</date>
  <millis>1566894744250</millis>
  <sequence>134</sequence>
  <level>START</level>
  <class>com.kms.katalon.core.logging.XmlKeywordLogger</class>
  <method>startKeyword</method>
  <thread>1</thread>
  <message>Start action : User fill company transporter Ayaayawae</message>
  <nestedLevel>2</nestedLevel>
</record>
<record>
  <date>2019-08-27T15:32:24</date>
  <millis>1566894744484</millis>
  <sequence>141</sequence>
  <level>PASSED</level>
  <class>com.kms.katalon.core.logging.XmlKeywordLogger</class>
  <method>logMessage</method>
  <thread>1</thread>
  <message>Object: &amp;apos;Object Repository/Shippers Web/Orders/click_companyTransport&amp;apos; is clicked on</message>
  <nestedLevel>2</nestedLevel>
</record>
<record>
  <date>2019-08-27T15:32:26</date>
  <millis>1566894746486</millis>
  <sequence>143</sequence>
  <level>PASSED</level>
  <class>com.kms.katalon.core.logging.XmlKeywordLogger</class>
  <method>logMessage</method>
  <thread>1</thread>
  <message>Delayed 2 second(s)</message>
  <nestedLevel>2</nestedLevel>
</record>
<record>
  <date>2019-08-27T15:32:26</date>
  <millis>1566894746779</millis>
  <sequence>150</sequence>
  <level>PASSED</level>
  <class>com.kms.katalon.core.logging.XmlKeywordLogger</class>
  <method>logMessage</method>
  <thread>1</thread>
  <message>Object: &amp;apos;Object Repository/Shippers Web/Orders/companyTransport_Ayaayawae&amp;apos; is clicked on</message>
  <nestedLevel>2</nestedLevel>
</record>
<record>
  <date>2019-08-27T15:32:26</date>
  <millis>1566894746780</millis>
  <sequence>151</sequence>
  <level>PASSED</level>
  <class>com.kms.katalon.core.logging.XmlKeywordLogger</class>
  <method>logMessage</method>
  <thread>1</thread>
  <message>User fill company transporter Ayaayawae</message>
  <nestedLevel>2</nestedLevel>
</record>
<record>
  <date>2019-08-27T15:32:26</date>
  <millis>1566894746780</millis>
  <sequence>152</sequence>
  <level>END</level>
  <class>com.kms.katalon.core.logging.XmlKeywordLogger</class>
  <method>endKeyword</method>
  <thread>1</thread>
  <message>End End action : User fill company transporter Ayaayawae</message>
  <nestedLevel>2</nestedLevel>
</record>
<record>
  <date>2019-08-27T15:32:26</date>
  <millis>1566894746781</millis>
  <sequence>153</sequence>
  <level>START</level>
  <class>com.kms.katalon.core.logging.XmlKeywordLogger</class>
  <method>startKeyword</method>
  <thread>1</thread>
  <message>Start action : User fill origin Jeki kompeni</message>
  <nestedLevel>2</nestedLevel>
</record>
<record>
  <date>2019-08-27T15:32:27</date>
  <millis>1566894747052</millis>
  <sequence>160</sequence>
  <level>PASSED</level>
  <class>com.kms.katalon.core.logging.XmlKeywordLogger</class>
  <method>logMessage</method>
  <thread>1</thread>
  <message>Object: &amp;apos;Object Repository/Shippers Web/Orders/click_originContact&amp;apos; is clicked on</message>
  <nestedLevel>2</nestedLevel>
</record>
<record>
  <date>2019-08-27T15:32:29</date>
  <millis>1566894749054</millis>
  <sequence>162</sequence>
  <level>PASSED</level>
  <class>com.kms.katalon.core.logging.XmlKeywordLogger</class>
  <method>logMessage</method>
  <thread>1</thread>
  <message>Delayed 2 second(s)</message>
  <nestedLevel>2</nestedLevel>
</record>
<record>
  <date>2019-08-27T15:32:29</date>
  <millis>1566894749394</millis>
  <sequence>169</sequence>
  <level>PASSED</level>
  <class>com.kms.katalon.core.logging.XmlKeywordLogger</class>
  <method>logMessage</method>
  <thread>1</thread>
  <message>Object: &amp;apos;Object Repository/Shippers Web/Orders/originContact_Jeki kompeni&amp;apos; is clicked on</message>
  <nestedLevel>2</nestedLevel>
</record>
<record>
  <date>2019-08-27T15:32:29</date>
  <millis>1566894749396</millis>
  <sequence>170</sequence>
  <level>PASSED</level>
  <class>com.kms.katalon.core.logging.XmlKeywordLogger</class>
  <method>logMessage</method>
  <thread>1</thread>
  <message>User fill origin Jeki kompeni</message>
  <nestedLevel>2</nestedLevel>
</record>
<record>
  <date>2019-08-27T15:32:29</date>
  <millis>1566894749396</millis>
  <sequence>171</sequence>
  <level>END</level>
  <class>com.kms.katalon.core.logging.XmlKeywordLogger</class>
  <method>endKeyword</method>
  <thread>1</thread>
  <message>End End action : User fill origin Jeki kompeni</message>
  <nestedLevel>2</nestedLevel>
</record>
<record>
  <date>2019-08-27T15:32:29</date>
  <millis>1566894749397</millis>
  <sequence>172</sequence>
  <level>START</level>
  <class>com.kms.katalon.core.logging.XmlKeywordLogger</class>
  <method>startKeyword</method>
  <thread>1</thread>
  <message>Start action : User fill destination Rizki kompeni</message>
  <nestedLevel>2</nestedLevel>
</record>
<record>
  <date>2019-08-27T15:32:29</date>
  <millis>1566894749693</millis>
  <sequence>179</sequence>
  <level>PASSED</level>
  <class>com.kms.katalon.core.logging.XmlKeywordLogger</class>
  <method>logMessage</method>
  <thread>1</thread>
  <message>Object: &amp;apos;Object Repository/Shippers Web/Orders/click_destinationContact&amp;apos; is clicked on</message>
  <nestedLevel>2</nestedLevel>
</record>
<record>
  <date>2019-08-27T15:32:31</date>
  <millis>1566894751697</millis>
  <sequence>181</sequence>
  <level>PASSED</level>
  <class>com.kms.katalon.core.logging.XmlKeywordLogger</class>
  <method>logMessage</method>
  <thread>1</thread>
  <message>Delayed 2 second(s)</message>
  <nestedLevel>2</nestedLevel>
</record>
<record>
  <date>2019-08-27T15:32:32</date>
  <millis>1566894752016</millis>
  <sequence>188</sequence>
  <level>PASSED</level>
  <class>com.kms.katalon.core.logging.XmlKeywordLogger</class>
  <method>logMessage</method>
  <thread>1</thread>
  <message>Object: &amp;apos;Object Repository/Shippers Web/Orders/destinationContact_Rizki kompeni&amp;apos; is clicked on</message>
  <nestedLevel>2</nestedLevel>
</record>
<record>
  <date>2019-08-27T15:32:32</date>
  <millis>1566894752016</millis>
  <sequence>189</sequence>
  <level>PASSED</level>
  <class>com.kms.katalon.core.logging.XmlKeywordLogger</class>
  <method>logMessage</method>
  <thread>1</thread>
  <message>User fill destination Rizki kompeni</message>
  <nestedLevel>2</nestedLevel>
</record>
<record>
  <date>2019-08-27T15:32:32</date>
  <millis>1566894752016</millis>
  <sequence>190</sequence>
  <level>END</level>
  <class>com.kms.katalon.core.logging.XmlKeywordLogger</class>
  <method>endKeyword</method>
  <thread>1</thread>
  <message>End End action : User fill destination Rizki kompeni</message>
  <nestedLevel>2</nestedLevel>
</record>
<record>
  <date>2019-08-27T15:32:32</date>
  <millis>1566894752017</millis>
  <sequence>191</sequence>
  <level>START</level>
  <class>com.kms.katalon.core.logging.XmlKeywordLogger</class>
  <method>startKeyword</method>
  <thread>1</thread>
  <message>Start action : User fill po number</message>
  <nestedLevel>2</nestedLevel>
</record>
<record>
  <date>2019-08-27T15:32:32</date>
  <millis>1566894752139</millis>
  <sequence>200</sequence>
  <level>PASSED</level>
  <class>com.kms.katalon.core.logging.XmlKeywordLogger</class>
  <method>logMessage</method>
  <thread>1</thread>
  <message>Text &amp;apos;PO-37375&amp;apos; is set on object &amp;apos;Object Repository/Shippers Web/Orders/input_poNumber&amp;apos;</message>
  <nestedLevel>2</nestedLevel>
</record>
<record>
  <date>2019-08-27T15:32:32</date>
  <millis>1566894752139</millis>
  <sequence>201</sequence>
  <level>PASSED</level>
  <class>com.kms.katalon.core.logging.XmlKeywordLogger</class>
  <method>logMessage</method>
  <thread>1</thread>
  <message>User fill po number</message>
  <nestedLevel>2</nestedLevel>
</record>
<record>
  <date>2019-08-27T15:32:32</date>
  <millis>1566894752139</millis>
  <sequence>202</sequence>
  <level>END</level>
  <class>com.kms.katalon.core.logging.XmlKeywordLogger</class>
  <method>endKeyword</method>
  <thread>1</thread>
  <message>End End action : User fill po number</message>
  <nestedLevel>2</nestedLevel>
</record>
<record>
  <date>2019-08-27T15:32:32</date>
  <millis>1566894752140</millis>
  <sequence>203</sequence>
  <level>START</level>
  <class>com.kms.katalon.core.logging.XmlKeywordLogger</class>
  <method>startKeyword</method>
  <thread>1</thread>
  <message>Start action : User fill order number</message>
  <nestedLevel>2</nestedLevel>
</record>
<record>
  <date>2019-08-27T15:32:32</date>
  <millis>1566894752280</millis>
  <sequence>212</sequence>
  <level>PASSED</level>
  <class>com.kms.katalon.core.logging.XmlKeywordLogger</class>
  <method>logMessage</method>
  <thread>1</thread>
  <message>Text &amp;apos;ORD-72200&amp;apos; is set on object &amp;apos;Object Repository/Shippers Web/Orders/input_orderNumber&amp;apos;</message>
  <nestedLevel>2</nestedLevel>
</record>
<record>
  <date>2019-08-27T15:32:32</date>
  <millis>1566894752280</millis>
  <sequence>213</sequence>
  <level>PASSED</level>
  <class>com.kms.katalon.core.logging.XmlKeywordLogger</class>
  <method>logMessage</method>
  <thread>1</thread>
  <message>User fill order number</message>
  <nestedLevel>2</nestedLevel>
</record>
<record>
  <date>2019-08-27T15:32:32</date>
  <millis>1566894752280</millis>
  <sequence>214</sequence>
  <level>END</level>
  <class>com.kms.katalon.core.logging.XmlKeywordLogger</class>
  <method>endKeyword</method>
  <thread>1</thread>
  <message>End End action : User fill order number</message>
  <nestedLevel>2</nestedLevel>
</record>
<record>
  <date>2019-08-27T15:32:32</date>
  <millis>1566894752281</millis>
  <sequence>215</sequence>
  <level>START</level>
  <class>com.kms.katalon.core.logging.XmlKeywordLogger</class>
  <method>startKeyword</method>
  <thread>1</thread>
  <message>Start action : User fill shipment number</message>
  <nestedLevel>2</nestedLevel>
</record>
<record>
  <date>2019-08-27T15:32:32</date>
  <millis>1566894752402</millis>
  <sequence>224</sequence>
  <level>PASSED</level>
  <class>com.kms.katalon.core.logging.XmlKeywordLogger</class>
  <method>logMessage</method>
  <thread>1</thread>
  <message>Text &amp;apos;86308398&amp;apos; is set on object &amp;apos;Object Repository/Shippers Web/Orders/input_shipmentNumber&amp;apos;</message>
  <nestedLevel>2</nestedLevel>
</record>
<record>
  <date>2019-08-27T15:32:32</date>
  <millis>1566894752403</millis>
  <sequence>225</sequence>
  <level>PASSED</level>
  <class>com.kms.katalon.core.logging.XmlKeywordLogger</class>
  <method>logMessage</method>
  <thread>1</thread>
  <message>User fill shipment number</message>
  <nestedLevel>2</nestedLevel>
</record>
<record>
  <date>2019-08-27T15:32:32</date>
  <millis>1566894752403</millis>
  <sequence>226</sequence>
  <level>END</level>
  <class>com.kms.katalon.core.logging.XmlKeywordLogger</class>
  <method>endKeyword</method>
  <thread>1</thread>
  <message>End End action : User fill shipment number</message>
  <nestedLevel>2</nestedLevel>
</record>
<record>
  <date>2019-08-27T15:32:32</date>
  <millis>1566894752403</millis>
  <sequence>227</sequence>
  <level>START</level>
  <class>com.kms.katalon.core.logging.XmlKeywordLogger</class>
  <method>startKeyword</method>
  <thread>1</thread>
  <message>Start action : User fill vehicle type CDD</message>
  <nestedLevel>2</nestedLevel>
</record>
<record>
  <date>2019-08-27T15:32:32</date>
  <millis>1566894752696</millis>
  <sequence>234</sequence>
  <level>PASSED</level>
  <class>com.kms.katalon.core.logging.XmlKeywordLogger</class>
  <method>logMessage</method>
  <thread>1</thread>
  <message>Object: &amp;apos;Object Repository/Shippers Web/Orders/click_vehicleType&amp;apos; is clicked on</message>
  <nestedLevel>2</nestedLevel>
</record>
<record>
  <date>2019-08-27T15:32:34</date>
  <millis>1566894754697</millis>
  <sequence>236</sequence>
  <level>PASSED</level>
  <class>com.kms.katalon.core.logging.XmlKeywordLogger</class>
  <method>logMessage</method>
  <thread>1</thread>
  <message>Delayed 2 second(s)</message>
  <nestedLevel>2</nestedLevel>
</record>
<record>
  <date>2019-08-27T15:32:35</date>
  <millis>1566894755075</millis>
  <sequence>243</sequence>
  <level>PASSED</level>
  <class>com.kms.katalon.core.logging.XmlKeywordLogger</class>
  <method>logMessage</method>
  <thread>1</thread>
  <message>Object: &amp;apos;Object Repository/Shippers Web/Orders/vehicleType_CDD&amp;apos; is clicked on</message>
  <nestedLevel>2</nestedLevel>
</record>
<record>
  <date>2019-08-27T15:32:35</date>
  <millis>1566894755077</millis>
  <sequence>244</sequence>
  <level>PASSED</level>
  <class>com.kms.katalon.core.logging.XmlKeywordLogger</class>
  <method>logMessage</method>
  <thread>1</thread>
  <message>User fill vehicle type CDD</message>
  <nestedLevel>2</nestedLevel>
</record>
<record>
  <date>2019-08-27T15:32:35</date>
  <millis>1566894755078</millis>
  <sequence>245</sequence>
  <level>END</level>
  <class>com.kms.katalon.core.logging.XmlKeywordLogger</class>
  <method>endKeyword</method>
  <thread>1</thread>
  <message>End End action : User fill vehicle type CDD</message>
  <nestedLevel>2</nestedLevel>
</record>
<record>
  <date>2019-08-27T15:32:35</date>
  <millis>1566894755080</millis>
  <sequence>246</sequence>
  <level>START</level>
  <class>com.kms.katalon.core.logging.XmlKeywordLogger</class>
  <method>startKeyword</method>
  <thread>1</thread>
  <message>Start action : User fill shipper price</message>
  <nestedLevel>2</nestedLevel>
</record>
<record>
  <date>2019-08-27T15:32:35</date>
  <millis>1566894755143</millis>
  <sequence>255</sequence>
  <level>PASSED</level>
  <class>com.kms.katalon.core.logging.XmlKeywordLogger</class>
  <method>logMessage</method>
  <thread>1</thread>
  <message>Text &amp;apos;1268433&amp;apos; is set on object &amp;apos;Object Repository/Shippers Web/Orders/input_shipperPrice&amp;apos;</message>
  <nestedLevel>2</nestedLevel>
</record>
<record>
  <date>2019-08-27T15:32:35</date>
  <millis>1566894755144</millis>
  <sequence>256</sequence>
  <level>PASSED</level>
  <class>com.kms.katalon.core.logging.XmlKeywordLogger</class>
  <method>logMessage</method>
  <thread>1</thread>
  <message>User fill shipper price</message>
  <nestedLevel>2</nestedLevel>
</record>
<record>
  <date>2019-08-27T15:32:35</date>
  <millis>1566894755144</millis>
  <sequence>257</sequence>
  <level>END</level>
  <class>com.kms.katalon.core.logging.XmlKeywordLogger</class>
  <method>endKeyword</method>
  <thread>1</thread>
  <message>End End action : User fill shipper price</message>
  <nestedLevel>2</nestedLevel>
</record>
<record>
  <date>2019-08-27T15:32:35</date>
  <millis>1566894755144</millis>
  <sequence>258</sequence>
  <level>START</level>
  <class>com.kms.katalon.core.logging.XmlKeywordLogger</class>
  <method>startKeyword</method>
  <thread>1</thread>
  <message>Start action : User fill description</message>
  <nestedLevel>2</nestedLevel>
</record>
<record>
  <date>2019-08-27T15:32:35</date>
  <millis>1566894755331</millis>
  <sequence>267</sequence>
  <level>PASSED</level>
  <class>com.kms.katalon.core.logging.XmlKeywordLogger</class>
  <method>logMessage</method>
  <thread>1</thread>
  <message>Text &amp;apos;QA-46609&amp;apos; is set on object &amp;apos;Object Repository/Shippers Web/Orders/input_description&amp;apos;</message>
  <nestedLevel>2</nestedLevel>
</record>
<record>
  <date>2019-08-27T15:32:35</date>
  <millis>1566894755331</millis>
  <sequence>268</sequence>
  <level>PASSED</level>
  <class>com.kms.katalon.core.logging.XmlKeywordLogger</class>
  <method>logMessage</method>
  <thread>1</thread>
  <message>User fill description</message>
  <nestedLevel>2</nestedLevel>
</record>
<record>
  <date>2019-08-27T15:32:35</date>
  <millis>1566894755331</millis>
  <sequence>269</sequence>
  <level>END</level>
  <class>com.kms.katalon.core.logging.XmlKeywordLogger</class>
  <method>endKeyword</method>
  <thread>1</thread>
  <message>End End action : User fill description</message>
  <nestedLevel>2</nestedLevel>
</record>
<record>
  <date>2019-08-27T15:32:35</date>
  <millis>1566894755332</millis>
  <sequence>270</sequence>
  <level>START</level>
  <class>com.kms.katalon.core.logging.XmlKeywordLogger</class>
  <method>startKeyword</method>
  <thread>1</thread>
  <message>Start action : User fill instruction</message>
  <nestedLevel>2</nestedLevel>
</record>
<record>
  <date>2019-08-27T15:32:35</date>
  <millis>1566894755421</millis>
  <sequence>279</sequence>
  <level>PASSED</level>
  <class>com.kms.katalon.core.logging.XmlKeywordLogger</class>
  <method>logMessage</method>
  <thread>1</thread>
  <message>Text &amp;apos;QA-46609&amp;apos; is set on object &amp;apos;Object Repository/Shippers Web/Orders/input_instruction&amp;apos;</message>
  <nestedLevel>2</nestedLevel>
</record>
<record>
  <date>2019-08-27T15:32:35</date>
  <millis>1566894755422</millis>
  <sequence>280</sequence>
  <level>PASSED</level>
  <class>com.kms.katalon.core.logging.XmlKeywordLogger</class>
  <method>logMessage</method>
  <thread>1</thread>
  <message>User fill instruction</message>
  <nestedLevel>2</nestedLevel>
</record>
<record>
  <date>2019-08-27T15:32:35</date>
  <millis>1566894755422</millis>
  <sequence>281</sequence>
  <level>END</level>
  <class>com.kms.katalon.core.logging.XmlKeywordLogger</class>
  <method>endKeyword</method>
  <thread>1</thread>
  <message>End End action : User fill instruction</message>
  <nestedLevel>2</nestedLevel>
</record>
<record>
  <date>2019-08-27T15:32:35</date>
  <millis>1566894755422</millis>
  <sequence>282</sequence>
  <level>START</level>
  <class>com.kms.katalon.core.logging.XmlKeywordLogger</class>
  <method>startKeyword</method>
  <thread>1</thread>
  <message>Start action : User fill pickup time estimation</message>
  <nestedLevel>2</nestedLevel>
</record>
<record>
  <date>2019-08-27T15:32:35</date>
  <millis>1566894755898</millis>
  <sequence>289</sequence>
  <level>PASSED</level>
  <class>com.kms.katalon.core.logging.XmlKeywordLogger</class>
  <method>logMessage</method>
  <thread>1</thread>
  <message>Object: &amp;apos;Object Repository/Shippers Web/Orders/click_pickupTimeEstimation&amp;apos; is clicked on</message>
  <nestedLevel>2</nestedLevel>
</record>
<record>
  <date>2019-08-27T15:32:36</date>
  <millis>1566894756363</millis>
  <sequence>296</sequence>
  <level>PASSED</level>
  <class>com.kms.katalon.core.logging.XmlKeywordLogger</class>
  <method>logMessage</method>
  <thread>1</thread>
  <message>Object: &amp;apos;Object Repository/Shippers Web/Orders/pickupTimeEstimation_today&amp;apos; is clicked on</message>
  <nestedLevel>2</nestedLevel>
</record>
<record>
  <date>2019-08-27T15:32:36</date>
  <millis>1566894756645</millis>
  <sequence>303</sequence>
  <level>PASSED</level>
  <class>com.kms.katalon.core.logging.XmlKeywordLogger</class>
  <method>logMessage</method>
  <thread>1</thread>
  <message>Object: &amp;apos;Object Repository/Shippers Web/Orders/pickupTimeEstimation_plusOneHour&amp;apos; is clicked on</message>
  <nestedLevel>2</nestedLevel>
</record>
<record>
  <date>2019-08-27T15:32:36</date>
  <millis>1566894756908</millis>
  <sequence>310</sequence>
  <level>PASSED</level>
  <class>com.kms.katalon.core.logging.XmlKeywordLogger</class>
  <method>logMessage</method>
  <thread>1</thread>
  <message>Object: &amp;apos;Object Repository/Shippers Web/Orders/pickupTimeEstimation_close&amp;apos; is clicked on</message>
  <nestedLevel>2</nestedLevel>
</record>
<record>
  <date>2019-08-27T15:32:36</date>
  <millis>1566894756910</millis>
  <sequence>311</sequence>
  <level>PASSED</level>
  <class>com.kms.katalon.core.logging.XmlKeywordLogger</class>
  <method>logMessage</method>
  <thread>1</thread>
  <message>User fill pickup time estimation</message>
  <nestedLevel>2</nestedLevel>
</record>
<record>
  <date>2019-08-27T15:32:36</date>
  <millis>1566894756911</millis>
  <sequence>312</sequence>
  <level>END</level>
  <class>com.kms.katalon.core.logging.XmlKeywordLogger</class>
  <method>endKeyword</method>
  <thread>1</thread>
  <message>End End action : User fill pickup time estimation</message>
  <nestedLevel>2</nestedLevel>
</record>
<record>
  <date>2019-08-27T15:32:36</date>
  <millis>1566894756912</millis>
  <sequence>313</sequence>
  <level>START</level>
  <class>com.kms.katalon.core.logging.XmlKeywordLogger</class>
  <method>startKeyword</method>
  <thread>1</thread>
  <message>Start action : User click traced button</message>
  <nestedLevel>2</nestedLevel>
</record>
<record>
  <date>2019-08-27T15:32:37</date>
  <millis>1566894757176</millis>
  <sequence>320</sequence>
  <level>PASSED</level>
  <class>com.kms.katalon.core.logging.XmlKeywordLogger</class>
  <method>logMessage</method>
  <thread>1</thread>
  <message>Object: &amp;apos;Object Repository/Shippers Web/Orders/click_tracedButton&amp;apos; is clicked on</message>
  <nestedLevel>2</nestedLevel>
</record>
<record>
  <date>2019-08-27T15:32:37</date>
  <millis>1566894757177</millis>
  <sequence>321</sequence>
  <level>PASSED</level>
  <class>com.kms.katalon.core.logging.XmlKeywordLogger</class>
  <method>logMessage</method>
  <thread>1</thread>
  <message>User click traced button</message>
  <nestedLevel>2</nestedLevel>
</record>
<record>
  <date>2019-08-27T15:32:37</date>
  <millis>1566894757178</millis>
  <sequence>322</sequence>
  <level>END</level>
  <class>com.kms.katalon.core.logging.XmlKeywordLogger</class>
  <method>endKeyword</method>
  <thread>1</thread>
  <message>End End action : User click traced button</message>
  <nestedLevel>2</nestedLevel>
</record>
<record>
  <date>2019-08-27T15:32:37</date>
  <millis>1566894757180</millis>
  <sequence>323</sequence>
  <level>START</level>
  <class>com.kms.katalon.core.logging.XmlKeywordLogger</class>
  <method>startKeyword</method>
  <thread>1</thread>
  <message>Start action : User click add order</message>
  <nestedLevel>2</nestedLevel>
</record>
<record>
  <date>2019-08-27T15:32:37</date>
  <millis>1566894757479</millis>
  <sequence>330</sequence>
  <level>PASSED</level>
  <class>com.kms.katalon.core.logging.XmlKeywordLogger</class>
  <method>logMessage</method>
  <thread>1</thread>
  <message>Object: &amp;apos;Object Repository/Shippers Web/Orders/click_addOrderButton&amp;apos; is clicked on</message>
  <nestedLevel>2</nestedLevel>
</record>
<record>
  <date>2019-08-27T15:32:40</date>
  <millis>1566894760484</millis>
  <sequence>332</sequence>
  <level>PASSED</level>
  <class>com.kms.katalon.core.logging.XmlKeywordLogger</class>
  <method>logMessage</method>
  <thread>1</thread>
  <message>Delayed 3 second(s)</message>
  <nestedLevel>2</nestedLevel>
</record>
<record>
  <date>2019-08-27T15:32:40</date>
  <millis>1566894760485</millis>
  <sequence>333</sequence>
  <level>PASSED</level>
  <class>com.kms.katalon.core.logging.XmlKeywordLogger</class>
  <method>logMessage</method>
  <thread>1</thread>
  <message>User click add order</message>
  <nestedLevel>2</nestedLevel>
</record>
<record>
  <date>2019-08-27T15:32:40</date>
  <millis>1566894760486</millis>
  <sequence>334</sequence>
  <level>END</level>
  <class>com.kms.katalon.core.logging.XmlKeywordLogger</class>
  <method>endKeyword</method>
  <thread>1</thread>
  <message>End End action : User click add order</message>
  <nestedLevel>2</nestedLevel>
</record>
<record>
  <date>2019-08-27T15:32:40</date>
  <millis>1566894760487</millis>
  <sequence>335</sequence>
  <level>START</level>
  <class>com.kms.katalon.core.logging.XmlKeywordLogger</class>
  <method>startKeyword</method>
  <thread>1</thread>
  <message>Start action : User see popup order success</message>
  <nestedLevel>2</nestedLevel>
</record>
<record>
  <date>2019-08-27T15:32:40</date>
  <millis>1566894760521</millis>
  <sequence>342</sequence>
  <level>PASSED</level>
  <class>com.kms.katalon.core.logging.XmlKeywordLogger</class>
  <method>logMessage</method>
  <thread>1</thread>
  <message>Text of object &amp;apos;Object Repository/Shippers Web/Orders/text_orderSuccess&amp;apos; is: &amp;apos;Berhasil!&amp;apos;</message>
  <nestedLevel>2</nestedLevel>
</record>
<record>
  <date>2019-08-27T15:32:40</date>
  <millis>1566894760522</millis>
  <sequence>343</sequence>
  <level>PASSED</level>
  <class>com.kms.katalon.core.logging.XmlKeywordLogger</class>
  <method>logMessage</method>
  <thread>1</thread>
  <message>User see popup order success</message>
  <nestedLevel>2</nestedLevel>
</record>
<record>
  <date>2019-08-27T15:32:40</date>
  <millis>1566894760522</millis>
  <sequence>344</sequence>
  <level>END</level>
  <class>com.kms.katalon.core.logging.XmlKeywordLogger</class>
  <method>endKeyword</method>
  <thread>1</thread>
  <message>End End action : User see popup order success</message>
  <nestedLevel>2</nestedLevel>
</record>
<record>
  <date>2019-08-27T15:32:40</date>
  <millis>1566894760523</millis>
  <sequence>345</sequence>
  <level>PASSED</level>
  <class>com.kms.katalon.core.logging.XmlKeywordLogger</class>
  <method>logMessage</method>
  <thread>1</thread>
  <message>SCENARIO Single Order as Dira XL</message>
  <nestedLevel>2</nestedLevel>
</record>
<record>
  <date>2019-08-27T15:32:40</date>
  <millis>1566894760523</millis>
  <sequence>346</sequence>
  <level>END</level>
  <class>com.kms.katalon.core.logging.XmlKeywordLogger</class>
  <method>endTest</method>
  <thread>1</thread>
  <message>End Test Case : SCENARIO Single Order as Dira XL</message>
  <nestedLevel>1</nestedLevel>
</record>
<record>
  <date>2019-08-27T15:32:40</date>
  <millis>1566894760528</millis>
  <sequence>347</sequence>
  <level>PASSED</level>
  <class>com.kms.katalon.core.logging.XmlKeywordLogger</class>
  <method>logMessage</method>
  <thread>1</thread>
  <message>Feature file: &amp;apos;Include/features/Web/Orders/SingleOrderXL.feature&amp;apos; was passed</message>
  <nestedLevel>1</nestedLevel>
</record>
<record>
  <date>2019-08-27T15:32:40</date>
  <millis>1566894760528</millis>
  <sequence>348</sequence>
  <level>END</level>
  <class>com.kms.katalon.core.logging.XmlKeywordLogger</class>
  <method>endKeyword</method>
  <thread>1</thread>
  <message>End action : runFeatureFile(\&amp;quot;Include/features/Web/Orders/SingleOrderXL.feature\&amp;quot;, STOP_ON_FAILURE)</message>
  <nestedLevel>1</nestedLevel>
</record>
<record>
  <date>2019-08-27T15:32:40</date>
  <millis>1566894760528</millis>
  <sequence>349</sequence>
  <level>PASSED</level>
  <class>com.kms.katalon.core.logging.XmlKeywordLogger</class>
  <method>logMessage</method>
  <thread>1</thread>
  <message>Test Cases/Web Ritase/Orders/Single Orders (DIRA XL)</message>
  <nestedLevel>1</nestedLevel>
</record>
<record>
  <date>2019-08-27T15:32:40</date>
  <millis>1566894760528</millis>
  <sequence>350</sequence>
  <level>END</level>
  <class>com.kms.katalon.core.logging.XmlKeywordLogger</class>
  <method>endTest</method>
  <thread>1</thread>
  <message>End Test Case : Test Cases/Web Ritase/Orders/Single Orders (DIRA XL)</message>
  <nestedLevel>0</nestedLevel>
</record>
<record>
  <date>2019-08-27T15:32:40</date>
  <millis>1566894760529</millis>
  <sequence>351</sequence>
  <level>START</level>
  <class>com.kms.katalon.core.logging.XmlKeywordLogger</class>
  <method>startKeyword</method>
  <thread>1</thread>
  <message>Start listener action : exportKatalonReports</message>
  <nestedLevel>0</nestedLevel>
</record>
<record>
  <date>2019-08-27T15:32:40</date>
  <millis>1566894760630</millis>
  <sequence>643</sequence>
  <level>INFO</level>
  <class>com.kms.katalon.core.logging.XmlKeywordLogger</class>
  <method>logMessage</method>
  <thread>1</thread>
  <message>Start generating HTML report folder at: /home/jarwo/Katalon Studio/Ritase Automation Testing/Reports/1.0/Create single orders/20190827_153159...</message>
  <nestedLevel>0</nestedLevel>
</record>
<record>
  <date>2019-08-27T15:32:40</date>
  <millis>1566894760642</millis>
  <sequence>644</sequence>
  <level>INFO</level>
  <class>com.kms.katalon.core.logging.XmlKeywordLogger</class>
  <method>logMessage</method>
  <thread>1</thread>
  <message>HTML report generated</message>
  <nestedLevel>0</nestedLevel>
</record>
<record>
  <date>2019-08-27T15:32:40</date>
  <millis>1566894760643</millis>
  <sequence>645</sequence>
  <level>INFO</level>
  <class>com.kms.katalon.core.logging.XmlKeywordLogger</class>
  <method>logMessage</method>
  <thread>1</thread>
  <message>Start generating CSV report folder at: /home/jarwo/Katalon Studio/Ritase Automation Testing/Reports/1.0/Create single orders/20190827_153159...</message>
  <nestedLevel>0</nestedLevel>
</record>
<record>
  <date>2019-08-27T15:32:40</date>
  <millis>1566894760651</millis>
  <sequence>646</sequence>
  <level>INFO</level>
  <class>com.kms.katalon.core.logging.XmlKeywordLogger</class>
  <method>logMessage</method>
  <thread>1</thread>
  <message>CSV report generated</message>
  <nestedLevel>0</nestedLevel>
</record>
<record>
  <date>2019-08-27T15:32:40</date>
  <millis>1566894760651</millis>
  <sequence>647</sequence>
  <level>INFO</level>
  <class>com.kms.katalon.core.logging.XmlKeywordLogger</class>
  <method>logMessage</method>
  <thread>1</thread>
  <message>Start generating JUnit report folder at: /home/jarwo/Katalon Studio/Ritase Automation Testing/Reports/1.0/Create single orders/20190827_153159...</message>
  <nestedLevel>0</nestedLevel>
</record>
<record>
  <date>2019-08-27T15:32:40</date>
  <millis>1566894760835</millis>
  <sequence>648</sequence>
  <level>INFO</level>
  <class>com.kms.katalon.core.logging.XmlKeywordLogger</class>
  <method>logMessage</method>
  <thread>1</thread>
  <message>JUnit report generated</message>
  <nestedLevel>0</nestedLevel>
</record>
<record>
  <date>2019-08-27T15:32:40</date>
  <millis>1566894760835</millis>
  <sequence>650</sequence>
  <level>END</level>
  <class>com.kms.katalon.core.logging.XmlKeywordLogger</class>
  <method>endKeyword</method>
  <thread>1</thread>
  <message>End listener action : exportKatalonReports</message>
  <nestedLevel>0</nestedLevel>
</record>
<record>
  <date>2019-08-27T15:32:43</date>
  <millis>1566894763401</millis>
  <sequence>651</sequence>
  <level>END</level>
  <class>com.kms.katalon.core.logging.XmlKeywordLogger</class>
  <method>endSuite</method>
  <thread>1</thread>
  <message>End Test Suite : Test Suites/1.0/Create single orders</message>
  <nestedLevel>0</nestedLevel>
</record>
</log>