[35m[Appium][39m Welcome to Appium v1.14.1
[35m[Appium][39m Non-default server args:
[35m[Appium][39m   port: 42369
[35m[Appium][39m   chromeDriverPort: 46831
[35m[Appium][39m   tmpDir: /tmp/Katalon/Appium/Temp1566867754664
[35m[Appium][39m Appium REST http interface listener started on 0.0.0.0:42369
[35m[HTTP][39m [37m-->[39m [37mGET[39m [37m/wd/hub/status[39m
[35m[HTTP][39m [90m{}[39m
[debug] [35m[GENERIC][39m Calling AppiumDriver.getStatus() with args: []
[debug] [35m[GENERIC][39m Responding to client with driver.getStatus() result: {"build":{"version":"1.14.1"}}
[35m[HTTP][39m [37m<-- GET /wd/hub/status [39m[32m200[39m [90m12 ms - 68[39m
[35m[HTTP][39m [90m[39m
[35m[HTTP][39m [37m-->[39m [37mPOST[39m [37m/wd/hub/session[39m
[35m[HTTP][39m [90m{"desiredCapabilities":{"newCommandTimeout":1800,"platformVersion":"8.1.0","browserName":"Chrome","platformName":"Android","udid":"f24006487d26","deviceName":"Xiaomi Redmi 6A (Android 8.1.0)","platform":"ANDROID"},"capabilities":{"firstMatch":[{"browserName":"Chrome","appium:deviceName":"Xiaomi Redmi 6A (Android 8.1.0)","appium:newCommandTimeout":1800,"platform":"ANDROID","platformName":"android","appium:platformVersion":"8.1.0","appium:udid":"f24006487d26"}]}}[39m
[debug] [35m[W3C][39m Calling AppiumDriver.createSession() with args: [{"newCommandTimeout":1800,"platformVersion":"8.1.0","browserName":"Chrome","platformName":"Android","udid":"f24006487d26","deviceName":"Xiaomi Redmi 6A (Android 8.1.0)","platform":"ANDROID"},null,{"firstMatch":[{"browserName":"Chrome","appium:deviceName":"Xiaomi Redmi 6A (Android 8.1.0)","appium:newCommandTimeout":1800,"platform":"ANDROID","platformName":"android","appium:platformVersion":"8.1.0","appium:udid":"f24006487d26"}]}]
[debug] [35m[BaseDriver][39m Event 'newSessionRequested' logged at 1566867756110 (08:02:36 GMT+0700 (Western Indonesia Time))
[35m[BaseDriver][39m The capabilities ["platform"] are not standard capabilities and should have an extension prefix
[35m[Appium][39m 
[35m[Appium][39m ======================================================================
[35m[Appium][39m   DEPRECATION WARNING:
[35m[Appium][39m 
[35m[Appium][39m   The 'automationName' capability was not provided in the desired 
[35m[Appium][39m   capabilities for this Android session
[35m[Appium][39m 
[35m[Appium][39m   Setting 'automationName=UiAutomator2' by default and using the 
[35m[Appium][39m   UiAutomator2 Driver
[35m[Appium][39m 
[35m[Appium][39m   The next major version of Appium (2.x) will **require** the 
[35m[Appium][39m   'automationName' capability to be set for all sessions on all 
[35m[Appium][39m   platforms
[35m[Appium][39m 
[35m[Appium][39m   In previous versions (Appium <= 1.13.x), the default was 
[35m[Appium][39m   'automationName=UiAutomator1'
[35m[Appium][39m 
[35m[Appium][39m   If you wish to use that automation instead of UiAutomator2, please 
[35m[Appium][39m   add 'automationName=UiAutomator1' to your desired capabilities
[35m[Appium][39m 
[35m[Appium][39m   For more information about drivers, please visit 
[35m[Appium][39m   http://appium.io/docs/en/about-appium/intro/ and explore the 
[35m[Appium][39m   'Drivers' menu
[35m[Appium][39m 
[35m[Appium][39m ======================================================================
[35m[Appium][39m 
[35m[Appium][39m Appium v1.14.1 creating new AndroidUiautomator2Driver (v1.33.1) session
[35m[Appium][39m Capabilities:
[35m[Appium][39m   browserName: Chrome
[35m[Appium][39m   platform: ANDROID
[35m[Appium][39m   platformName: android
[35m[Appium][39m   deviceName: Xiaomi Redmi 6A (Android 8.1.0)
[35m[Appium][39m   newCommandTimeout: 1800
[35m[Appium][39m   platformVersion: 8.1.0
[35m[Appium][39m   udid: f24006487d26
[debug] [35m[BaseDriver][39m W3C capabilities {"alwaysMatch":{"browserNam... and MJSONWP desired capabilities {"newCommandTimeout":1800,"... were provided
[debug] [35m[BaseDriver][39m Creating session with W3C capabilities: {"alwaysMatch":{"browserNam...
[35m[BaseDriver][39m The following capabilities were provided, but are not recognized by appium: platform.
[35m[BaseDriver][39m Session created with session id: ed6568a6-ef58-4c37-8f77-d7befb63f753
[35m[UiAutomator2][39m We're going to run a Chrome-based session
[35m[UiAutomator2][39m Chrome-type package and activity are com.android.chrome and com.google.android.apps.chrome.Main
[35m[ADB][39m Found 1 'build-tools' folders under '/home/jarwo/.katalon/tools/android_sdk' (newest first):
[35m[ADB][39m     /home/jarwo/.katalon/tools/android_sdk/build-tools/29.0.1
[35m[ADB][39m Using 'adb' from '/home/jarwo/.katalon/tools/android_sdk/platform-tools/adb'
[35m[AndroidDriver][39m Retrieving device list
[debug] [35m[ADB][39m Trying to find a connected android device
[debug] [35m[ADB][39m Getting connected devices...
[debug] [35m[ADB][39m 1 device(s) connected
[35m[AndroidDriver][39m Using device: f24006487d26
[35m[ADB][39m Using 'adb' from '/home/jarwo/.katalon/tools/android_sdk/platform-tools/adb'
[debug] [35m[ADB][39m Setting device id to f24006487d26
[debug] [35m[ADB][39m Running '/home/jarwo/.katalon/tools/android_sdk/platform-tools/adb -P 5037 -s f24006487d26 shell getprop ro.build.version.sdk'
[debug] [35m[ADB][39m Current device property 'ro.build.version.sdk': 27
[debug] [35m[ADB][39m Device API level: 27
[35m[AndroidDriver][39m No app sent in, not parsing package/activity
[debug] [35m[ADB][39m Running '/home/jarwo/.katalon/tools/android_sdk/platform-tools/adb -P 5037 -s f24006487d26 wait-for-device'
[debug] [35m[ADB][39m Running '/home/jarwo/.katalon/tools/android_sdk/platform-tools/adb -P 5037 -s f24006487d26 shell echo ping'
[debug] [35m[AndroidDriver][39m Pushing settings apk to device...
[debug] [35m[ADB][39m Getting install status for io.appium.settings
[debug] [35m[ADB][39m Running '/home/jarwo/.katalon/tools/android_sdk/platform-tools/adb -P 5037 -s f24006487d26 shell dumpsys package io.appium.settings'
[debug] [35m[ADB][39m 'io.appium.settings' is installed
[debug] [35m[ADB][39m Getting package info for 'io.appium.settings'
[debug] [35m[ADB][39m Running '/home/jarwo/.katalon/tools/android_sdk/platform-tools/adb -P 5037 -s f24006487d26 shell dumpsys package io.appium.settings'
[35m[ADB][39m Using 'aapt' from '/home/jarwo/.katalon/tools/android_sdk/build-tools/29.0.1/aapt'
[debug] [35m[ADB][39m The version code of the installed 'io.appium.settings' is greater than the application version code (18 > 17)
[debug] [35m[ADB][39m There is no need to install/upgrade '/home/jarwo/.nvm/versions/node/v12.5.0/lib/node_modules/appium/node_modules/io.appium.settings/apks/settings_apk-debug.apk'
[debug] [35m[ADB][39m Getting IDs of all 'io.appium.settings' processes
[debug] [35m[ADB][39m Running '/home/jarwo/.katalon/tools/android_sdk/platform-tools/adb -P 5037 -s f24006487d26 shell 'pgrep --help; echo $?''
[debug] [35m[ADB][39m Running '/home/jarwo/.katalon/tools/android_sdk/platform-tools/adb -P 5037 -s f24006487d26 shell pgrep -f io\\.appium\\.settings'
[debug] [35m[AndroidDriver][39m io.appium.settings is already running. There is no need to reset its permissions.
[debug] [35m[ADB][39m Running '/home/jarwo/.katalon/tools/android_sdk/platform-tools/adb -P 5037 -s f24006487d26 shell appops set io.appium.settings android\:mock_location allow'
[debug] [35m[Logcat][39m Starting logcat capture
[debug] [35m[ADB][39m Getting install status for io.appium.uiautomator2.server
[debug] [35m[ADB][39m Running '/home/jarwo/.katalon/tools/android_sdk/platform-tools/adb -P 5037 -s f24006487d26 shell dumpsys package io.appium.uiautomator2.server'
[debug] [35m[ADB][39m 'io.appium.uiautomator2.server' is installed
[debug] [35m[ADB][39m Getting package info for 'io.appium.uiautomator2.server'
[debug] [35m[ADB][39m Running '/home/jarwo/.katalon/tools/android_sdk/platform-tools/adb -P 5037 -s f24006487d26 shell dumpsys package io.appium.uiautomator2.server'
[debug] [35m[ADB][39m The version name of the installed 'io.appium.uiautomator2.server' is greater or equal to the application version name ('3.5.1' >= '3.5.1')
[debug] [35m[UiAutomator2][39m io.appium.uiautomator2.server installation state: sameVersionInstalled
[debug] [35m[ADB][39m Checking app cert for /home/jarwo/.nvm/versions/node/v12.5.0/lib/node_modules/appium/node_modules/appium-uiautomator2-server/apks/appium-uiautomator2-server-v3.5.1.apk
[35m[ADB][39m Using 'apksigner' from '/home/jarwo/.katalon/tools/android_sdk/build-tools/29.0.1/apksigner'
[debug] [35m[ADB][39m Starting '/home/jarwo/.katalon/tools/android_sdk/build-tools/29.0.1/apksigner' with args '["verify","--print-certs","/home/jarwo/.nvm/versions/node/v12.5.0/lib/node_modules/appium/node_modules/appium-uiautomator2-server/apks/appium-uiautomator2-server-v3.5.1.apk"]'
[debug] [35m[ADB][39m apksigner stdout: Signer #1 certificate DN: EMAILADDRESS=android@android.com, CN=Android, OU=Android, O=Android, L=Mountain View, ST=California, C=US
[debug] [35m[ADB][39m Signer #1 certificate SHA-256 digest: a40da80a59d170caa950cf15c18c454d47a39b26989d8b640ecd745ba71bf5dc
[debug] [35m[ADB][39m Signer #1 certificate SHA-1 digest: 61ed377e85d386a8dfee6b864bd85b0bfaa5af81
[debug] [35m[ADB][39m Signer #1 certificate MD5 digest: e89b158e4bcf988ebd09eb83f5378e87
[debug] [35m[ADB][39m 
[debug] [35m[ADB][39m '/home/jarwo/.nvm/versions/node/v12.5.0/lib/node_modules/appium/node_modules/appium-uiautomator2-server/apks/appium-uiautomator2-server-v3.5.1.apk' is already signed.
[debug] [35m[ADB][39m Getting install status for io.appium.uiautomator2.server.test
[debug] [35m[ADB][39m Running '/home/jarwo/.katalon/tools/android_sdk/platform-tools/adb -P 5037 -s f24006487d26 shell dumpsys package io.appium.uiautomator2.server.test'
[debug] [35m[ADB][39m 'io.appium.uiautomator2.server.test' is installed
[debug] [35m[ADB][39m Checking app cert for /home/jarwo/.nvm/versions/node/v12.5.0/lib/node_modules/appium/node_modules/appium-uiautomator2-server/apks/appium-uiautomator2-server-debug-androidTest.apk
[debug] [35m[ADB][39m Starting '/home/jarwo/.katalon/tools/android_sdk/build-tools/29.0.1/apksigner' with args '["verify","--print-certs","/home/jarwo/.nvm/versions/node/v12.5.0/lib/node_modules/appium/node_modules/appium-uiautomator2-server/apks/appium-uiautomator2-server-debug-androidTest.apk"]'
[debug] [35m[ADB][39m apksigner stdout: Signer #1 certificate DN: EMAILADDRESS=android@android.com, CN=Android, OU=Android, O=Android, L=Mountain View, ST=California, C=US
[debug] [35m[ADB][39m Signer #1 certificate SHA-256 digest: a40da80a59d170caa950cf15c18c454d47a39b26989d8b640ecd745ba71bf5dc
[debug] [35m[ADB][39m Signer #1 certificate SHA-1 digest: 61ed377e85d386a8dfee6b864bd85b0bfaa5af81
[debug] [35m[ADB][39m Signer #1 certificate MD5 digest: e89b158e4bcf988ebd09eb83f5378e87
[debug] [35m[ADB][39m 
[debug] [35m[ADB][39m '/home/jarwo/.nvm/versions/node/v12.5.0/lib/node_modules/appium/node_modules/appium-uiautomator2-server/apks/appium-uiautomator2-server-debug-androidTest.apk' is already signed.
[35m[UiAutomator2][39m Server packages are not going to be (re)installed
[debug] [35m[UiAutomator2][39m Waiting up to 30000ms for services to be available
[debug] [35m[ADB][39m Running '/home/jarwo/.katalon/tools/android_sdk/platform-tools/adb -P 5037 -s f24006487d26 shell pm list instrumentation'
[35m[HTTP][39m [37m<-- POST /wd/hub/session [39m[32m-[39m [90m- ms - -[39m
[35m[HTTP][39m [90m[39m
[debug] [35m[UiAutomator2][39m Instrumentation target 'io.appium.uiautomator2.server.test/androidx.test.runner.AndroidJUnitRunner' is available
[debug] [35m[UiAutomator2][39m Forwarding UiAutomator2 Server port 6790 to 8200
[debug] [35m[ADB][39m Forwarding system: 8200 to device: 6790
[debug] [35m[ADB][39m Running '/home/jarwo/.katalon/tools/android_sdk/platform-tools/adb -P 5037 -s f24006487d26 forward tcp\:8200 tcp\:6790'
[debug] [35m[UiAutomator2][39m No app capability. Assuming it is already on the device
[debug] [35m[ADB][39m Getting install status for com.android.chrome
[debug] [35m[ADB][39m Running '/home/jarwo/.katalon/tools/android_sdk/platform-tools/adb -P 5037 -s f24006487d26 shell dumpsys package com.android.chrome'
[debug] [35m[ADB][39m 'com.android.chrome' is installed
[debug] [35m[ADB][39m Running '/home/jarwo/.katalon/tools/android_sdk/platform-tools/adb -P 5037 -s f24006487d26 shell am force-stop com.android.chrome'
[debug] [35m[ADB][39m Running '/home/jarwo/.katalon/tools/android_sdk/platform-tools/adb -P 5037 -s f24006487d26 shell pm clear com.android.chrome'
[debug] [35m[AndroidDriver][39m Performed fast reset on the installed 'com.android.chrome' application (stop and clear)
[debug] [35m[UiAutomator2][39m Performing shallow cleanup of automation leftovers
[debug] [35m[UiAutomator2][39m No obsolete sessions have been detected (Error: socket hang up)
[debug] [35m[ADB][39m Running '/home/jarwo/.katalon/tools/android_sdk/platform-tools/adb -P 5037 -s f24006487d26 shell am force-stop io.appium.uiautomator2.server.test'
[35m[UiAutomator2][39m Starting UIAutomator2 server 3.5.1
[35m[UiAutomator2][39m Using UIAutomator2 server from '/home/jarwo/.nvm/versions/node/v12.5.0/lib/node_modules/appium/node_modules/appium-uiautomator2-server/apks/appium-uiautomator2-server-v3.5.1.apk' and test from '/home/jarwo/.nvm/versions/node/v12.5.0/lib/node_modules/appium/node_modules/appium-uiautomator2-server/apks/appium-uiautomator2-server-debug-androidTest.apk'
[35m[UiAutomator2][39m Waiting up to 30000ms for UiAutomator2 to be online...
[debug] [35m[ADB][39m Creating ADB subprocess with args: ["-P",5037,"-s","f24006487d26","shell","am","instrument","-w","io.appium.uiautomator2.server.test/androidx.test.runner.AndroidJUnitRunner"]
[debug] [35m[WD Proxy][39m Matched '/status' to command name 'getStatus'
[debug] [35m[WD Proxy][39m Proxying [GET /status] to [GET http://localhost:8200/wd/hub/status] with no body
[35m[WD Proxy][39m Got an unexpected response: {"code":"ECONNRESET"}
[debug] [35m[WD Proxy][39m Matched '/status' to command name 'getStatus'
[debug] [35m[WD Proxy][39m Proxying [GET /status] to [GET http://localhost:8200/wd/hub/status] with no body
[35m[WD Proxy][39m Got an unexpected response: {"code":"ECONNRESET"}
[debug] [35m[Instrumentation][39m io.appium.uiautomator2.server.test.AppiumUiAutomator2Server:
[debug] [35m[WD Proxy][39m Matched '/status' to command name 'getStatus'
[debug] [35m[WD Proxy][39m Proxying [GET /status] to [GET http://localhost:8200/wd/hub/status] with no body
[35m[WD Proxy][39m Got an unexpected response: {"code":"ECONNRESET"}
[debug] [35m[WD Proxy][39m Matched '/status' to command name 'getStatus'
[debug] [35m[WD Proxy][39m Proxying [GET /status] to [GET http://localhost:8200/wd/hub/status] with no body
[35m[WD Proxy][39m Got an unexpected response: {"code":"ECONNRESET"}
[debug] [35m[WD Proxy][39m Matched '/status' to command name 'getStatus'
[debug] [35m[WD Proxy][39m Proxying [GET /status] to [GET http://localhost:8200/wd/hub/status] with no body
[debug] [35m[WD Proxy][39m Got response with status 200: "{\"sessionId\":\"None\",\"status\":0,\"value\":\"Status Invoked\"}"
[debug] [35m[WD Proxy][39m Determined that the downstream protocol for proxy is MJSONWP
[debug] [35m[UiAutomator2][39m The initialization of the instrumentation process took 5270ms
[debug] [35m[WD Proxy][39m Matched '/session' to command name 'createSession'
[debug] [35m[WD Proxy][39m Proxying [POST /session] to [POST http://localhost:8200/wd/hub/session] with body: {"desiredCapabilities":{"platform":"ANDROID","webStorageEnabled":false,"takesScreenshot":true,"javascriptEnabled":true,"databaseEnabled":false,"networkConnectionEnabled":true,"locationContextEnabled":false,"warnings":{},"desired":{"browserName":"Chrome","platformName":"android","platform":"ANDROID","deviceName":"Xiaomi Redmi 6A (Android 8.1.0)","newCommandTimeout":1800,"platformVersion":"8.1.0","udid":"f24006487d26"},"browserName":"Chrome","platformName":"android","deviceName":"f24006487d26","newCommandTimeout":1800,"platformVersion":"8.1.0","udid":"f24006487d26","appPackage":"com.android.chrome","appActivity":"com.google.android.apps.chrome.Main","deviceUDID":"f24006487d26"}}
[debug] [35m[WD Proxy][39m Got response with status 200: {"sessionId":"2d301ccb-4a8d-423a-836b-d32af5c3ed72","status":0,"value":"Created Session"}
[debug] [35m[WD Proxy][39m Proxying [GET /appium/device/info] to [GET http://localhost:8200/wd/hub/session/2d301ccb-4a8d-423a-836b-d32af5c3ed72/appium/device/info] with no body
[debug] [35m[WD Proxy][39m Got response with status 200: "{\"sessionId\":\"2d301ccb-4a8d-423a-836b-d32af5c3ed72\",\"status\":0,\"value\":{\"androidId\":\"077f3bd29a889ea0\",\"manufacturer\":\"Xiaomi\",\"model\":\"Redmi 6A\",\"brand\":\"xiaomi\",\"apiVersion\":\"27\",\"platformVersion\":\"8.1.0\",\"carrierName\":\"\",\"realDisplaySize\":\"720x1440\",\"displayDensity\":320,\"networks\":[]}}"
[debug] [35m[ADB][39m Running '/home/jarwo/.katalon/tools/android_sdk/platform-tools/adb -P 5037 -s f24006487d26 shell dumpsys window'
[35m[AndroidDriver][39m Screen already unlocked, doing nothing
[35m[AndroidDriver][39m Starting a chrome-based browser session
[35m[AndroidDriver][39m The 'chromeDriverPort' capability is deprecated. Please use 'chromedriverPort' instead
[debug] [35m[AndroidDriver][39m Using user-specified port 46831 for chromedriver
[debug] [35m[AndroidDriver][39m Before starting chromedriver, androidPackage is com.android.chrome
[debug] [35m[Chromedriver][39m Changed state to 'starting'
[debug] [35m[Chromedriver][39m Found 1 executable in '/home/jarwo/.nvm/versions/node/v12.5.0/lib/node_modules/appium/node_modules/appium-chromedriver/chromedriver/linux'
[debug] [35m[Chromedriver][39m The following Chromedriver executables were found:
[debug] [35m[Chromedriver][39m     /home/jarwo/.nvm/versions/node/v12.5.0/lib/node_modules/appium/node_modules/appium-chromedriver/chromedriver/linux/chromedriver_64 (minimum Chrome version '71.0.3578')
[debug] [35m[ADB][39m Getting package info for 'com.android.chrome'
[debug] [35m[ADB][39m Running '/home/jarwo/.katalon/tools/android_sdk/platform-tools/adb -P 5037 -s f24006487d26 shell dumpsys package com.android.chrome'
[debug] [35m[Chromedriver][39m Found Chrome bundle 'com.android.chrome' version '76.0.3809'
[debug] [35m[Chromedriver][39m Found 1 Chromedriver executable capable of automating Chrome '76.0.3809'.
[debug] [35m[Chromedriver][39m Choosing the most recent, '/home/jarwo/.nvm/versions/node/v12.5.0/lib/node_modules/appium/node_modules/appium-chromedriver/chromedriver/linux/chromedriver_64'.
[debug] [35m[Chromedriver][39m If a specific version is required, specify it with the `chromedriverExecutable`desired capability.
[35m[Chromedriver][39m Set chromedriver binary as: /home/jarwo/.nvm/versions/node/v12.5.0/lib/node_modules/appium/node_modules/appium-chromedriver/chromedriver/linux/chromedriver_64
[debug] [35m[Chromedriver][39m Killing any old chromedrivers, running: pkill -15 -f "/home/jarwo/.nvm/versions/node/v12.5.0/lib/node_modules/appium/node_modules/appium-chromedriver/chromedriver/linux/chromedriver_64.*--port=46831"
[35m[Chromedriver][39m No old chromedrivers seem to exist
[debug] [35m[Chromedriver][39m Cleaning any old adb forwarded port socket connections
[debug] [35m[ADB][39m List forwarding ports
[debug] [35m[ADB][39m Running '/home/jarwo/.katalon/tools/android_sdk/platform-tools/adb -P 5037 -s f24006487d26 forward --list'
[35m[Chromedriver][39m Spawning chromedriver with: /home/jarwo/.nvm/versions/node/v12.5.0/lib/node_modules/appium/node_modules/appium-chromedriver/chromedriver/linux/chromedriver_64 --url-base=wd/hub --port=46831 --adb-port=5037 --verbose
[debug] [35m[Chromedriver][39m Chromedriver version: '2.46.628388'
[debug] [35m[WD Proxy][39m Matched '/status' to command name 'getStatus'
[debug] [35m[WD Proxy][39m Proxying [GET /status] to [GET http://127.0.0.1:46831/wd/hub/status] with no body
[35m[WD Proxy][39m Got an unexpected response: {"errno":"ECONNREFUSED","code":"ECONNREFUSED","syscall":"connect","address":"127.0.0.1","port":46831}
[debug] [35m[WD Proxy][39m Matched '/status' to command name 'getStatus'
[debug] [35m[WD Proxy][39m Proxying [GET /status] to [GET http://127.0.0.1:46831/wd/hub/status] with no body
[debug] [35m[WD Proxy][39m Got response with status 200: "{\"sessionId\":\"\",\"status\":0,\"value\":{\"build\":{\"version\":\"2.46.628388 (4a34a70827ac54148e092aafb70504c4ea7ae926)\"},\"message\":\"ChromeDriver ready for new sessions.\",\"os\":{\"arch\":\"x86_64\",\"name\":\"Linux\",\"version\":\"5.0.0-25-generic\"},\"ready\":true}}"
[debug] [35m[WD Proxy][39m Determined that the downstream protocol for proxy is MJSONWP
[debug] [35m[WD Proxy][39m Matched '/session' to command name 'createSession'
[debug] [35m[WD Proxy][39m Proxying [POST /session] to [POST http://127.0.0.1:46831/wd/hub/session] with body: {"desiredCapabilities":{"chromeOptions":{"androidPackage":"com.android.chrome","androidDeviceSerial":"f24006487d26"},"loggingPrefs":{"browser":"ALL"}}}
[debug] [35m[Chromedriver][39m Webview version: 'Chrome/76.0.3809.111'
[debug] [35m[WD Proxy][39m Got response with status 200: {"sessionId":"cc5906e2b9114975cc1e128ab7a8732f","status":33,"value":{"message":"session not created: Chrome version must be between 71 and 75\n  (Driver info: chromedriver=2.46.628388 (4a34a70827ac54148e092aafb70504c4ea7ae926),platform=Linux 5.0.0-25-generic x86_64)"}}
[35m[WD Proxy][39m Got an unexpected response: {"sessionId":"cc5906e2b9114975cc1e128ab7a8732f","status":33,"value":{"message":"session not created: Chrome version must be between 71 and 75\n  (Driver info: chromedriver=2.46.628388 (4a34a70827ac54148e092aafb70504c4ea7ae926),platform=Linux 5.0.0-25-generic x86_64)"}}
[debug] [35m[MJSONWP][39m Matched JSONWP error code 33 to SessionNotCreatedError
