[35m[Appium][39m Welcome to Appium v1.14.1
[35m[Appium][39m Non-default server args:
[35m[Appium][39m   port: 41785
[35m[Appium][39m   chromeDriverPort: 36861
[35m[Appium][39m   tmpDir: /tmp/Katalon/Appium/Temp1566885487710
[35m[Appium][39m Appium REST http interface listener started on 0.0.0.0:41785
[35m[HTTP][39m [37m-->[39m [37mGET[39m [37m/wd/hub/status[39m
[35m[HTTP][39m [90m{}[39m
[debug] [35m[GENERIC][39m Calling AppiumDriver.getStatus() with args: []
[debug] [35m[GENERIC][39m Responding to client with driver.getStatus() result: {"build":{"version":"1.14.1"}}
[35m[HTTP][39m [37m<-- GET /wd/hub/status [39m[32m200[39m [90m9 ms - 68[39m
[35m[HTTP][39m [90m[39m
[35m[HTTP][39m [37m-->[39m [37mPOST[39m [37m/wd/hub/session[39m
[35m[HTTP][39m [90m{"desiredCapabilities":{"app":"/home/jarwo/Katalon Studio/Ritase Automation Testing/APK/stg-driver.apk","noReset":true,"newCommandTimeout":1800,"platformVersion":"8.1.0","automationName":"uiautomator2","autoGrantPermissions":true,"platformName":"Android","udid":"f24006487d26","deviceName":"Xiaomi Redmi 6A (Android 8.1.0)","fullReset":false,"platform":"ANDROID"},"capabilities":{"firstMatch":[{"appium:app":"/home/jarwo/Katalon Studio/Ritase Automation Testing/APK/stg-driver.apk","appium:autoGrantPermissions":true,"appium:automationName":"uiautomator2","appium:deviceName":"Xiaomi Redmi 6A (Android 8.1.0)","appium:fullReset":false,"appium:newCommandTimeout":1800,"appium:noReset":true,"platform":"ANDROID","platformName":"android","appium:platformVersion":"8.1.0","appium:udid":"f24006487d26"}]}}[39m
[debug] [35m[W3C][39m Calling AppiumDriver.createSession() with args: [{"app":"/home/jarwo/Katalon Studio/Ritase Automation Testing/APK/stg-driver.apk","noReset":true,"newCommandTimeout":1800,"platformVersion":"8.1.0","automationName":"uiautomator2","autoGrantPermissions":true,"platformName":"Android","udid":"f24006487d26","deviceName":"Xiaomi Redmi 6A (Android 8.1.0)","fullReset":false,"platform":"ANDROID"},null,{"firstMatch":[{"appium:app":"/home/jarwo/Katalon Studio/Ritase Automation Testing/APK/stg-driver.apk","appium:autoGrantPermissions":true,"appium:automationName":"uiautomator2","appium:deviceName":"Xiaomi Redmi 6A (Android 8.1.0)","appium:fullReset":false,"appium:newCommandTimeout":1800,"appium:noReset":true,"platform":"ANDROID","platformName":"android","appium:platformVersion":"8.1.0","appium:udid":"f24006487d26"}]}]
[debug] [35m[BaseDriver][39m Event 'newSessionRequested' logged at 1566885488780 (12:58:08 GMT+0700 (Western Indonesia Time))
[35m[BaseDriver][39m The capabilities ["platform"] are not standard capabilities and should have an extension prefix
[35m[Appium][39m Appium v1.14.1 creating new AndroidUiautomator2Driver (v1.33.1) session
[35m[Appium][39m Capabilities:
[35m[Appium][39m   platform: ANDROID
[35m[Appium][39m   platformName: android
[35m[Appium][39m   app: /home/jarwo/Katalon Studio/Ritase Automation Testing/APK/stg-driver.apk
[35m[Appium][39m   autoGrantPermissions: true
[35m[Appium][39m   automationName: uiautomator2
[35m[Appium][39m   deviceName: Xiaomi Redmi 6A (Android 8.1.0)
[35m[Appium][39m   fullReset: false
[35m[Appium][39m   newCommandTimeout: 1800
[35m[Appium][39m   noReset: true
[35m[Appium][39m   platformVersion: 8.1.0
[35m[Appium][39m   udid: f24006487d26
[debug] [35m[BaseDriver][39m W3C capabilities {"alwaysMatch":{"appium:pla... and MJSONWP desired capabilities {"app":"/home/jarwo/Katalon... were provided
[debug] [35m[BaseDriver][39m Creating session with W3C capabilities: {"alwaysMatch":{"appium:pla...
[35m[BaseDriver][39m The following capabilities were provided, but are not recognized by appium: platform.
[35m[BaseDriver][39m Session created with session id: eac71d8a-3a3d-48b0-8b43-34e9dda6410c
[35m[BaseDriver][39m Using local app '/home/jarwo/Katalon Studio/Ritase Automation Testing/APK/stg-driver.apk'
[debug] [35m[UiAutomator2][39m Checking whether app is actually present
[35m[ADB][39m Found 1 'build-tools' folders under '/home/jarwo/.katalon/tools/android_sdk' (newest first):
[35m[ADB][39m     /home/jarwo/.katalon/tools/android_sdk/build-tools/29.0.1
[35m[ADB][39m Using 'adb' from '/home/jarwo/.katalon/tools/android_sdk/platform-tools/adb'
[35m[AndroidDriver][39m Retrieving device list
[debug] [35m[ADB][39m Trying to find a connected android device
[debug] [35m[ADB][39m Getting connected devices...
[debug] [35m[ADB][39m 1 device(s) connected
[35m[AndroidDriver][39m Using device: f24006487d26
[35m[ADB][39m Using 'adb' from '/home/jarwo/.katalon/tools/android_sdk/platform-tools/adb'
[debug] [35m[ADB][39m Setting device id to f24006487d26
[debug] [35m[ADB][39m Running '/home/jarwo/.katalon/tools/android_sdk/platform-tools/adb -P 5037 -s f24006487d26 shell getprop ro.build.version.sdk'
[debug] [35m[ADB][39m Current device property 'ro.build.version.sdk': 27
[debug] [35m[ADB][39m Device API level: 27
[debug] [35m[AndroidDriver][39m Parsing package and activity from app manifest
[35m[ADB][39m Using 'apkanalyzer' from '/home/jarwo/.katalon/tools/android_sdk/tools/bin/apkanalyzer'
[debug] [35m[ADB][39m Starting '/home/jarwo/.katalon/tools/android_sdk/tools/bin/apkanalyzer' with args ["-h","manifest","print","/home/jarwo/Katalon Studio/Ritase Automation Testing/APK/stg-driver.apk"]
[35m[ADB][39m Using the alternative activity name detection method because of: Command '/home/jarwo/.katalon/tools/android_sdk/tools/bin/apkanalyzer -h manifest print '/home/jarwo/Katalon Studio/Ritase Automation Testing/APK/stg-driver.apk'' exited with code 1
[35m[ADB][39m Using 'aapt' from '/home/jarwo/.katalon/tools/android_sdk/build-tools/29.0.1/aapt'
[35m[ADB][39m Extracting package and launch activity from manifest
[35m[ADB][39m Package name: 'com.ritase.driver.staging'
[35m[ADB][39m Main activity name: 'com.ritase.driver.activity.SplashActivity'
[debug] [35m[AndroidDriver][39m Parsed package and activity are: com.ritase.driver.staging/com.ritase.driver.activity.SplashActivity
[debug] [35m[ADB][39m Running '/home/jarwo/.katalon/tools/android_sdk/platform-tools/adb -P 5037 -s f24006487d26 wait-for-device'
[debug] [35m[ADB][39m Running '/home/jarwo/.katalon/tools/android_sdk/platform-tools/adb -P 5037 -s f24006487d26 shell echo ping'
[debug] [35m[AndroidDriver][39m Pushing settings apk to device...
[debug] [35m[ADB][39m Getting install status for io.appium.settings
[debug] [35m[ADB][39m Running '/home/jarwo/.katalon/tools/android_sdk/platform-tools/adb -P 5037 -s f24006487d26 shell dumpsys package io.appium.settings'
[debug] [35m[ADB][39m 'io.appium.settings' is installed
[debug] [35m[ADB][39m Getting package info for 'io.appium.settings'
[debug] [35m[ADB][39m Running '/home/jarwo/.katalon/tools/android_sdk/platform-tools/adb -P 5037 -s f24006487d26 shell dumpsys package io.appium.settings'
[debug] [35m[ADB][39m The version code of the installed 'io.appium.settings' is greater than the application version code (18 > 17)
[debug] [35m[ADB][39m There is no need to install/upgrade '/home/jarwo/.nvm/versions/node/v12.5.0/lib/node_modules/appium/node_modules/io.appium.settings/apks/settings_apk-debug.apk'
[debug] [35m[ADB][39m Getting IDs of all 'io.appium.settings' processes
[debug] [35m[ADB][39m Running '/home/jarwo/.katalon/tools/android_sdk/platform-tools/adb -P 5037 -s f24006487d26 shell 'pgrep --help; echo $?''
[debug] [35m[ADB][39m Running '/home/jarwo/.katalon/tools/android_sdk/platform-tools/adb -P 5037 -s f24006487d26 shell pgrep -f io\\.appium\\.settings'
[debug] [35m[AndroidDriver][39m io.appium.settings is already running. There is no need to reset its permissions.
[debug] [35m[ADB][39m Running '/home/jarwo/.katalon/tools/android_sdk/platform-tools/adb -P 5037 -s f24006487d26 shell appops set io.appium.settings android\:mock_location allow'
[debug] [35m[Logcat][39m Starting logcat capture
[debug] [35m[ADB][39m Getting install status for io.appium.uiautomator2.server
[debug] [35m[ADB][39m Running '/home/jarwo/.katalon/tools/android_sdk/platform-tools/adb -P 5037 -s f24006487d26 shell dumpsys package io.appium.uiautomator2.server'
[debug] [35m[ADB][39m 'io.appium.uiautomator2.server' is installed
[debug] [35m[ADB][39m Getting package info for 'io.appium.uiautomator2.server'
[debug] [35m[ADB][39m Running '/home/jarwo/.katalon/tools/android_sdk/platform-tools/adb -P 5037 -s f24006487d26 shell dumpsys package io.appium.uiautomator2.server'
[debug] [35m[ADB][39m The version name of the installed 'io.appium.uiautomator2.server' is greater or equal to the application version name ('3.5.1' >= '3.5.1')
[debug] [35m[UiAutomator2][39m io.appium.uiautomator2.server installation state: sameVersionInstalled
[debug] [35m[ADB][39m Checking app cert for /home/jarwo/.nvm/versions/node/v12.5.0/lib/node_modules/appium/node_modules/appium-uiautomator2-server/apks/appium-uiautomator2-server-v3.5.1.apk
[35m[ADB][39m Using 'apksigner' from '/home/jarwo/.katalon/tools/android_sdk/build-tools/29.0.1/apksigner'
[debug] [35m[ADB][39m Starting '/home/jarwo/.katalon/tools/android_sdk/build-tools/29.0.1/apksigner' with args '["verify","--print-certs","/home/jarwo/.nvm/versions/node/v12.5.0/lib/node_modules/appium/node_modules/appium-uiautomator2-server/apks/appium-uiautomator2-server-v3.5.1.apk"]'
[debug] [35m[ADB][39m apksigner stdout: Signer #1 certificate DN: EMAILADDRESS=android@android.com, CN=Android, OU=Android, O=Android, L=Mountain View, ST=California, C=US
[debug] [35m[ADB][39m Signer #1 certificate SHA-256 digest: a40da80a59d170caa950cf15c18c454d47a39b26989d8b640ecd745ba71bf5dc
[debug] [35m[ADB][39m Signer #1 certificate SHA-1 digest: 61ed377e85d386a8dfee6b864bd85b0bfaa5af81
[debug] [35m[ADB][39m Signer #1 certificate MD5 digest: e89b158e4bcf988ebd09eb83f5378e87
[debug] [35m[ADB][39m 
[debug] [35m[ADB][39m '/home/jarwo/.nvm/versions/node/v12.5.0/lib/node_modules/appium/node_modules/appium-uiautomator2-server/apks/appium-uiautomator2-server-v3.5.1.apk' is already signed.
[debug] [35m[ADB][39m Getting install status for io.appium.uiautomator2.server.test
[debug] [35m[ADB][39m Running '/home/jarwo/.katalon/tools/android_sdk/platform-tools/adb -P 5037 -s f24006487d26 shell dumpsys package io.appium.uiautomator2.server.test'
[debug] [35m[ADB][39m 'io.appium.uiautomator2.server.test' is installed
[debug] [35m[ADB][39m Checking app cert for /home/jarwo/.nvm/versions/node/v12.5.0/lib/node_modules/appium/node_modules/appium-uiautomator2-server/apks/appium-uiautomator2-server-debug-androidTest.apk
[debug] [35m[ADB][39m Starting '/home/jarwo/.katalon/tools/android_sdk/build-tools/29.0.1/apksigner' with args '["verify","--print-certs","/home/jarwo/.nvm/versions/node/v12.5.0/lib/node_modules/appium/node_modules/appium-uiautomator2-server/apks/appium-uiautomator2-server-debug-androidTest.apk"]'
[debug] [35m[ADB][39m apksigner stdout: Signer #1 certificate DN: EMAILADDRESS=android@android.com, CN=Android, OU=Android, O=Android, L=Mountain View, ST=California, C=US
[debug] [35m[ADB][39m Signer #1 certificate SHA-256 digest: a40da80a59d170caa950cf15c18c454d47a39b26989d8b640ecd745ba71bf5dc
[debug] [35m[ADB][39m Signer #1 certificate SHA-1 digest: 61ed377e85d386a8dfee6b864bd85b0bfaa5af81
[debug] [35m[ADB][39m Signer #1 certificate MD5 digest: e89b158e4bcf988ebd09eb83f5378e87
[debug] [35m[ADB][39m 
[debug] [35m[ADB][39m '/home/jarwo/.nvm/versions/node/v12.5.0/lib/node_modules/appium/node_modules/appium-uiautomator2-server/apks/appium-uiautomator2-server-debug-androidTest.apk' is already signed.
[35m[UiAutomator2][39m Server packages are not going to be (re)installed
[debug] [35m[UiAutomator2][39m Waiting up to 30000ms for services to be available
[debug] [35m[ADB][39m Running '/home/jarwo/.katalon/tools/android_sdk/platform-tools/adb -P 5037 -s f24006487d26 shell pm list instrumentation'
[debug] [35m[UiAutomator2][39m Instrumentation target 'io.appium.uiautomator2.server.test/androidx.test.runner.AndroidJUnitRunner' is available
[debug] [35m[UiAutomator2][39m Forwarding UiAutomator2 Server port 6790 to 8208
[debug] [35m[ADB][39m Forwarding system: 8208 to device: 6790
[debug] [35m[ADB][39m Running '/home/jarwo/.katalon/tools/android_sdk/platform-tools/adb -P 5037 -s f24006487d26 forward tcp\:8208 tcp\:6790'
[debug] [35m[ADB][39m Checking app cert for /home/jarwo/Katalon Studio/Ritase Automation Testing/APK/stg-driver.apk
[debug] [35m[ADB][39m Starting '/home/jarwo/.katalon/tools/android_sdk/build-tools/29.0.1/apksigner' with args '["verify","--print-certs","/home/jarwo/Katalon Studio/Ritase Automation Testing/APK/stg-driver.apk"]'
[debug] [35m[ADB][39m apksigner stdout: Signer #1 certificate DN: EMAILADDRESS=android@android.com, CN=Android, OU=Android, O=Android, L=Mountain View, ST=California, C=US
[debug] [35m[ADB][39m Signer #1 certificate SHA-256 digest: a40da80a59d170caa950cf15c18c454d47a39b26989d8b640ecd745ba71bf5dc
[debug] [35m[ADB][39m Signer #1 certificate SHA-1 digest: 61ed377e85d386a8dfee6b864bd85b0bfaa5af81
[debug] [35m[ADB][39m Signer #1 certificate MD5 digest: e89b158e4bcf988ebd09eb83f5378e87
[debug] [35m[ADB][39m 
[debug] [35m[ADB][39m '/home/jarwo/Katalon Studio/Ritase Automation Testing/APK/stg-driver.apk' is already signed.
[debug] [35m[ADB][39m Getting install status for com.ritase.driver.staging
[debug] [35m[ADB][39m Running '/home/jarwo/.katalon/tools/android_sdk/platform-tools/adb -P 5037 -s f24006487d26 shell dumpsys package com.ritase.driver.staging'
[debug] [35m[ADB][39m 'com.ritase.driver.staging' is installed
[debug] [35m[ADB][39m Getting package info for 'com.ritase.driver.staging'
[debug] [35m[ADB][39m Running '/home/jarwo/.katalon/tools/android_sdk/platform-tools/adb -P 5037 -s f24006487d26 shell dumpsys package com.ritase.driver.staging'
[debug] [35m[ADB][39m The version name of the installed 'com.ritase.driver.staging' is greater or equal to the application version name ('2.0.0' >= '2.0.0')
[debug] [35m[ADB][39m There is no need to install/upgrade '/home/jarwo/Katalon Studio/Ritase Automation Testing/APK/stg-driver.apk'
[debug] [35m[UiAutomator2][39m Performing shallow cleanup of automation leftovers
[debug] [35m[UiAutomator2][39m The following obsolete sessions are still running: ["1672f7eb-9631-4e20-abbc-bac25cc162d3"]
[debug] [35m[UiAutomator2][39m Cleaning up the obsolete sessions
[debug] [35m[ADB][39m Running '/home/jarwo/.katalon/tools/android_sdk/platform-tools/adb -P 5037 -s f24006487d26 shell am force-stop io.appium.uiautomator2.server.test'
[35m[UiAutomator2][39m Starting UIAutomator2 server 3.5.1
[35m[UiAutomator2][39m Using UIAutomator2 server from '/home/jarwo/.nvm/versions/node/v12.5.0/lib/node_modules/appium/node_modules/appium-uiautomator2-server/apks/appium-uiautomator2-server-v3.5.1.apk' and test from '/home/jarwo/.nvm/versions/node/v12.5.0/lib/node_modules/appium/node_modules/appium-uiautomator2-server/apks/appium-uiautomator2-server-debug-androidTest.apk'
[35m[UiAutomator2][39m Waiting up to 30000ms for UiAutomator2 to be online...
[debug] [35m[ADB][39m Creating ADB subprocess with args: ["-P",5037,"-s","f24006487d26","shell","am","instrument","-w","io.appium.uiautomator2.server.test/androidx.test.runner.AndroidJUnitRunner"]
[debug] [35m[WD Proxy][39m Matched '/status' to command name 'getStatus'
[debug] [35m[WD Proxy][39m Proxying [GET /status] to [GET http://localhost:8208/wd/hub/status] with no body
[35m[WD Proxy][39m Got an unexpected response: {"code":"ECONNRESET"}
[debug] [35m[WD Proxy][39m Matched '/status' to command name 'getStatus'
[debug] [35m[WD Proxy][39m Proxying [GET /status] to [GET http://localhost:8208/wd/hub/status] with no body
[35m[WD Proxy][39m Got an unexpected response: {"code":"ECONNRESET"}
[debug] [35m[Instrumentation][39m io.appium.uiautomator2.server.test.AppiumUiAutomator2Server:
[debug] [35m[WD Proxy][39m Matched '/status' to command name 'getStatus'
[debug] [35m[WD Proxy][39m Proxying [GET /status] to [GET http://localhost:8208/wd/hub/status] with no body
[35m[WD Proxy][39m Got an unexpected response: {"code":"ECONNRESET"}
[debug] [35m[WD Proxy][39m Matched '/status' to command name 'getStatus'
[debug] [35m[WD Proxy][39m Proxying [GET /status] to [GET http://localhost:8208/wd/hub/status] with no body
[35m[WD Proxy][39m Got an unexpected response: {"code":"ECONNRESET"}
[debug] [35m[WD Proxy][39m Matched '/status' to command name 'getStatus'
[debug] [35m[WD Proxy][39m Proxying [GET /status] to [GET http://localhost:8208/wd/hub/status] with no body
[debug] [35m[WD Proxy][39m Got response with status 200: "{\"sessionId\":\"None\",\"status\":0,\"value\":\"Status Invoked\"}"
[debug] [35m[WD Proxy][39m Determined that the downstream protocol for proxy is MJSONWP
[debug] [35m[UiAutomator2][39m The initialization of the instrumentation process took 5221ms
[debug] [35m[WD Proxy][39m Matched '/session' to command name 'createSession'
[debug] [35m[WD Proxy][39m Proxying [POST /session] to [POST http://localhost:8208/wd/hub/session] with body: {"desiredCapabilities":{"platform":"ANDROID","webStorageEnabled":false,"takesScreenshot":true,"javascriptEnabled":true,"databaseEnabled":false,"networkConnectionEnabled":true,"locationContextEnabled":false,"warnings":{},"desired":{"platformName":"android","platform":"ANDROID","app":"/home/jarwo/Katalon Studio/Ritase Automation Testing/APK/stg-driver.apk","autoGrantPermissions":true,"automationName":"uiautomator2","deviceName":"Xiaomi Redmi 6A (Android 8.1.0)","fullReset":false,"newCommandTimeout":1800,"noReset":true,"platformVersion":"8.1.0","udid":"f24006487d26"},"platformName":"android","app":"/home/jarwo/Katalon Studio/Ritase Automation Testing/APK/stg-driver.apk","autoGrantPermissions":true,"automationName":"uiautomator2","deviceName":"f24006487d26","fullReset":false,"newCommandTimeout":1800,"noReset":true,"platformVersion":"8.1.0","udid":"f24006487d26","deviceUDID":"f24006487d26","appPackage":"com.ritase.driver.staging"}}
[debug] [35m[WD Proxy][39m Got response with status 200: {"sessionId":"4a24132e-b62d-4979-8d3b-be4f2805b304","status":0,"value":"Created Session"}
[debug] [35m[WD Proxy][39m Proxying [GET /appium/device/info] to [GET http://localhost:8208/wd/hub/session/4a24132e-b62d-4979-8d3b-be4f2805b304/appium/device/info] with no body
[debug] [35m[WD Proxy][39m Got response with status 200: "{\"sessionId\":\"4a24132e-b62d-4979-8d3b-be4f2805b304\",\"status\":0,\"value\":{\"androidId\":\"077f3bd29a889ea0\",\"manufacturer\":\"Xiaomi\",\"model\":\"Redmi 6A\",\"brand\":\"xiaomi\",\"apiVersion\":\"27\",\"platformVersion\":\"8.1.0\",\"carrierName\":\"\",\"realDisplaySize\":\"720x1440\",\"displayDensity\":320,\"networks\":[{\"type\":1,\"typeName\":\"WIFI\",\"subtype\":0,\"subtypeName\":\"\",\"isConnected\":true,\"detailedState\":\"CONNECTED\",\"state\":\"CONNECTED\",\"extraInfo\":\"\\\"CoHive Wi-Fi Access\\\"\",\"isAvailable\":true,\"isFailover\":false,\"isRoaming\":false,\"capabilities\":{\"transportTypes\":\"NET_CAPABILITY_SUPL\",\"networkCapabilities\":\"\",\"linkUpstreamBandwidthKbps\":1048576,\"linkDownBandwidthKbps\":1048576,\"signalStrength\":-52,\"networkSpecifier\":null,\"SSID\":null}}]}}"
[debug] [35m[ADB][39m Running '/home/jarwo/.katalon/tools/android_sdk/platform-tools/adb -P 5037 -s f24006487d26 shell dumpsys window'
[35m[AndroidDriver][39m Screen already unlocked, doing nothing
[35m[UiAutomator2][39m UiAutomator2 did not start the activity we were waiting for, 'com.ritase.driver.staging/com.ritase.driver.activity.SplashActivity'. Starting it ourselves
[debug] [35m[ADB][39m Running '/home/jarwo/.katalon/tools/android_sdk/platform-tools/adb -P 5037 -s f24006487d26 shell am start -W -n com.ritase.driver.staging/com.ritase.driver.activity.SplashActivity -S -a android.intent.action.MAIN -c android.intent.category.LAUNCHER -f 0x10200000'
[debug] [35m[ADB][39m Waiting up to 20000ms for activity matching pkg: 'com.ritase.driver.staging' and activity: 'com.ritase.driver.activity.SplashActivity' to be focused
[debug] [35m[ADB][39m Possible activities, to be checked: 'com.ritase.driver.activity.SplashActivity', 'com.ritase.driver.staging.com.ritase.driver.activity.SplashActivity'
[debug] [35m[ADB][39m Getting focused package and activity
[debug] [35m[ADB][39m Running '/home/jarwo/.katalon/tools/android_sdk/platform-tools/adb -P 5037 -s f24006487d26 shell dumpsys window windows'
[debug] [35m[ADB][39m Found package: 'com.ritase.driver.staging' and fully qualified activity name : 'com.ritase.driver.activity.SplashActivity'
[debug] [35m[WD Proxy][39m Proxying [GET /appium/device/pixel_ratio] to [GET http://localhost:8208/wd/hub/session/4a24132e-b62d-4979-8d3b-be4f2805b304/appium/device/pixel_ratio] with body: {}
[debug] [35m[WD Proxy][39m Got response with status 200: "{\"sessionId\":\"4a24132e-b62d-4979-8d3b-be4f2805b304\",\"status\":0,\"value\":2}"
[debug] [35m[WD Proxy][39m Matched '/appium/device/system_bars' to command name 'getSystemBars'
[debug] [35m[WD Proxy][39m Proxying [GET /appium/device/system_bars] to [GET http://localhost:8208/wd/hub/session/4a24132e-b62d-4979-8d3b-be4f2805b304/appium/device/system_bars] with body: {}
[debug] [35m[WD Proxy][39m Got response with status 200: "{\"sessionId\":\"4a24132e-b62d-4979-8d3b-be4f2805b304\",\"status\":0,\"value\":{\"statusBar\":50}}"
[debug] [35m[WD Proxy][39m Matched '/window/current/size' to command name 'getWindowSize'
[debug] [35m[WD Proxy][39m Proxying [GET /window/current/size] to [GET http://localhost:8208/wd/hub/session/4a24132e-b62d-4979-8d3b-be4f2805b304/window/current/size] with body: {}
[debug] [35m[WD Proxy][39m Got response with status 200: "{\"sessionId\":\"4a24132e-b62d-4979-8d3b-be4f2805b304\",\"status\":0,\"value\":{\"height\":1344,\"width\":720}}"
[35m[Appium][39m New AndroidUiautomator2Driver session created successfully, session eac71d8a-3a3d-48b0-8b43-34e9dda6410c added to master session list
[debug] [35m[BaseDriver][39m Event 'newSessionStarted' logged at 1566885503671 (12:58:23 GMT+0700 (Western Indonesia Time))
[debug] [35m[W3C (eac71d8a)][39m Cached the protocol value 'W3C' for the new session eac71d8a-3a3d-48b0-8b43-34e9dda6410c
[debug] [35m[W3C (eac71d8a)][39m Responding to client with driver.createSession() result: {"capabilities":{"platform":"ANDROID","webStorageEnabled":false,"takesScreenshot":true,"javascriptEnabled":true,"databaseEnabled":false,"networkConnectionEnabled":true,"locationContextEnabled":false,"warnings":{},"desired":{"platformName":"android","platform":"ANDROID","app":"/home/jarwo/Katalon Studio/Ritase Automation Testing/APK/stg-driver.apk","autoGrantPermissions":true,"automationName":"uiautomator2","deviceName":"Xiaomi Redmi 6A (Android 8.1.0)","fullReset":false,"newCommandTimeout":1800,"noReset":true,"platformVersion":"8.1.0","udid":"f24006487d26"},"platformName":"android","app":"/home/jarwo/Katalon Studio/Ritase Automation Testing/APK/stg-driver.apk","autoGrantPermissions":true,"automationName":"uiautomator2","deviceName":"f24006487d26","fullReset":false,"newCommandTimeout":1800,"noReset":true,"platformVersion":"8.1.0","udid":"f24006487d26","deviceUDID":"f24006487d26","appPackage":"com.ritase.driver.staging","deviceApiLevel":27,"deviceScreenSize":"720x1440","deviceScreenDensity":320,"deviceModel"...
[35m[HTTP][39m [37m<-- POST /wd/hub/session [39m[32m200[39m [90m14898 ms - 1220[39m
[35m[HTTP][39m [90m[39m
[35m[HTTP][39m [37m-->[39m [37mGET[39m [37m/wd/hub/session/eac71d8a-3a3d-48b0-8b43-34e9dda6410c[39m
[35m[HTTP][39m [90m{}[39m
[debug] [35m[W3C (eac71d8a)][39m Calling AppiumDriver.getSession() with args: ["eac71d8a-3a3d-48b0-8b43-34e9dda6410c"]
[debug] [35m[UiAutomator2][39m Getting session details from server to mix in
[debug] [35m[WD Proxy][39m Matched '/' to command name 'getSession'
[debug] [35m[WD Proxy][39m Proxying [GET /] to [GET http://localhost:8208/wd/hub/session/4a24132e-b62d-4979-8d3b-be4f2805b304] with body: {}
[debug] [35m[WD Proxy][39m Got response with status 200: "{\"sessionId\":\"4a24132e-b62d-4979-8d3b-be4f2805b304\",\"status\":0,\"value\":{}}"
[debug] [35m[W3C (eac71d8a)][39m Responding to client with driver.getSession() result: {"platform":"ANDROID","webStorageEnabled":false,"takesScreenshot":true,"javascriptEnabled":true,"databaseEnabled":false,"networkConnectionEnabled":true,"locationContextEnabled":false,"warnings":{},"desired":{"platformName":"android","platform":"ANDROID","app":"/home/jarwo/Katalon Studio/Ritase Automation Testing/APK/stg-driver.apk","autoGrantPermissions":true,"automationName":"uiautomator2","deviceName":"Xiaomi Redmi 6A (Android 8.1.0)","fullReset":false,"newCommandTimeout":1800,"noReset":true,"platformVersion":"8.1.0","udid":"f24006487d26"},"platformName":"android","app":"/home/jarwo/Katalon Studio/Ritase Automation Testing/APK/stg-driver.apk","autoGrantPermissions":true,"automationName":"uiautomator2","deviceName":"f24006487d26","fullReset":false,"newCommandTimeout":1800,"noReset":true,"platformVersion":"8.1.0","udid":"f24006487d26","deviceUDID":"f24006487d26","appPackage":"com.ritase.driver.staging","deviceApiLevel":27,"deviceScreenSize":"720x1440","deviceScreenDensity":320,"deviceModel":"Redmi 6A","dev...
[35m[HTTP][39m [37m<-- GET /wd/hub/session/eac71d8a-3a3d-48b0-8b43-34e9dda6410c [39m[32m200[39m [90m52 ms - 1152[39m
[35m[HTTP][39m [90m[39m
[35m[HTTP][39m [37m-->[39m [37mGET[39m [37m/wd/hub/session/eac71d8a-3a3d-48b0-8b43-34e9dda6410c[39m
[35m[HTTP][39m [90m{}[39m
[debug] [35m[W3C (eac71d8a)][39m Calling AppiumDriver.getSession() with args: ["eac71d8a-3a3d-48b0-8b43-34e9dda6410c"]
[debug] [35m[UiAutomator2][39m Getting session details from server to mix in
[debug] [35m[WD Proxy][39m Matched '/' to command name 'getSession'
[debug] [35m[WD Proxy][39m Proxying [GET /] to [GET http://localhost:8208/wd/hub/session/4a24132e-b62d-4979-8d3b-be4f2805b304] with body: {}
[debug] [35m[WD Proxy][39m Got response with status 200: "{\"sessionId\":\"4a24132e-b62d-4979-8d3b-be4f2805b304\",\"status\":0,\"value\":{}}"
[debug] [35m[W3C (eac71d8a)][39m Responding to client with driver.getSession() result: {"platform":"ANDROID","webStorageEnabled":false,"takesScreenshot":true,"javascriptEnabled":true,"databaseEnabled":false,"networkConnectionEnabled":true,"locationContextEnabled":false,"warnings":{},"desired":{"platformName":"android","platform":"ANDROID","app":"/home/jarwo/Katalon Studio/Ritase Automation Testing/APK/stg-driver.apk","autoGrantPermissions":true,"automationName":"uiautomator2","deviceName":"Xiaomi Redmi 6A (Android 8.1.0)","fullReset":false,"newCommandTimeout":1800,"noReset":true,"platformVersion":"8.1.0","udid":"f24006487d26"},"platformName":"android","app":"/home/jarwo/Katalon Studio/Ritase Automation Testing/APK/stg-driver.apk","autoGrantPermissions":true,"automationName":"uiautomator2","deviceName":"f24006487d26","fullReset":false,"newCommandTimeout":1800,"noReset":true,"platformVersion":"8.1.0","udid":"f24006487d26","deviceUDID":"f24006487d26","appPackage":"com.ritase.driver.staging","deviceApiLevel":27,"deviceScreenSize":"720x1440","deviceScreenDensity":320,"deviceModel":"Redmi 6A","dev...
[35m[HTTP][39m [37m<-- GET /wd/hub/session/eac71d8a-3a3d-48b0-8b43-34e9dda6410c [39m[32m200[39m [90m31 ms - 1152[39m
[35m[HTTP][39m [90m[39m
[35m[HTTP][39m [37m-->[39m [37mGET[39m [37m/wd/hub/status[39m
[35m[HTTP][39m [90m{}[39m
[debug] [35m[GENERIC][39m Calling AppiumDriver.getStatus() with args: []
[debug] [35m[GENERIC][39m Responding to client with driver.getStatus() result: {"build":{"version":"1.14.1"}}
[35m[HTTP][39m [37m<-- GET /wd/hub/status [39m[32m200[39m [90m1 ms - 68[39m
[35m[HTTP][39m [90m[39m
[35m[HTTP][39m [37m-->[39m [37mPOST[39m [37m/wd/hub/session/eac71d8a-3a3d-48b0-8b43-34e9dda6410c/timeouts[39m
[35m[HTTP][39m [90m{"implicit":30000}[39m
[debug] [35m[W3C (eac71d8a)][39m Calling AppiumDriver.timeouts() with args: [null,null,null,null,30000,"eac71d8a-3a3d-48b0-8b43-34e9dda6410c"]
[debug] [35m[BaseDriver][39m W3C timeout argument: {"implicit":30000}}
[debug] [35m[BaseDriver][39m Set implicit wait to 30000ms
[debug] [35m[W3C (eac71d8a)][39m Responding to client with driver.timeouts() result: null
[35m[HTTP][39m [37m<-- POST /wd/hub/session/eac71d8a-3a3d-48b0-8b43-34e9dda6410c/timeouts [39m[32m200[39m [90m4 ms - 14[39m
[35m[HTTP][39m [90m[39m
[35m[HTTP][39m [37m-->[39m [37mGET[39m [37m/wd/hub/session/eac71d8a-3a3d-48b0-8b43-34e9dda6410c/context[39m
[35m[HTTP][39m [90m{}[39m
[debug] [35m[W3C (eac71d8a)][39m Calling AppiumDriver.getCurrentContext() with args: ["eac71d8a-3a3d-48b0-8b43-34e9dda6410c"]
[debug] [35m[W3C (eac71d8a)][39m Responding to client with driver.getCurrentContext() result: "NATIVE_APP"
[35m[HTTP][39m [37m<-- GET /wd/hub/session/eac71d8a-3a3d-48b0-8b43-34e9dda6410c/context [39m[32m200[39m [90m4 ms - 22[39m
[35m[HTTP][39m [90m[39m
[35m[HTTP][39m [37m-->[39m [37mGET[39m [37m/wd/hub/session/eac71d8a-3a3d-48b0-8b43-34e9dda6410c/contexts[39m
[35m[HTTP][39m [90m{}[39m
[debug] [35m[W3C (eac71d8a)][39m Calling AppiumDriver.getContexts() with args: ["eac71d8a-3a3d-48b0-8b43-34e9dda6410c"]
[debug] [35m[AndroidDriver][39m Getting a list of available webviews
[debug] [35m[ADB][39m Running '/home/jarwo/.katalon/tools/android_sdk/platform-tools/adb -P 5037 -s f24006487d26 shell cat /proc/net/unix'
[debug] [35m[AndroidDriver][39m Found webviews: []
[debug] [35m[AndroidDriver][39m Available contexts: ["NATIVE_APP"]
[debug] [35m[W3C (eac71d8a)][39m Responding to client with driver.getContexts() result: ["NATIVE_APP"]
[35m[HTTP][39m [37m<-- GET /wd/hub/session/eac71d8a-3a3d-48b0-8b43-34e9dda6410c/contexts [39m[32m200[39m [90m44 ms - 24[39m
[35m[HTTP][39m [90m[39m
[35m[HTTP][39m [37m-->[39m [37mPOST[39m [37m/wd/hub/session/eac71d8a-3a3d-48b0-8b43-34e9dda6410c/context[39m
[35m[HTTP][39m [90m{"name":"NATIVE_APP"}[39m
[debug] [35m[W3C (eac71d8a)][39m Calling AppiumDriver.setContext() with args: ["NATIVE_APP","eac71d8a-3a3d-48b0-8b43-34e9dda6410c"]
[debug] [35m[W3C (eac71d8a)][39m Responding to client with driver.setContext() result: null
[35m[HTTP][39m [37m<-- POST /wd/hub/session/eac71d8a-3a3d-48b0-8b43-34e9dda6410c/context [39m[32m200[39m [90m2 ms - 14[39m
[35m[HTTP][39m [90m[39m
[35m[HTTP][39m [37m-->[39m [37mGET[39m [37m/wd/hub/session/eac71d8a-3a3d-48b0-8b43-34e9dda6410c/window/rect[39m
[35m[HTTP][39m [90m{}[39m
[debug] [35m[W3C (eac71d8a)][39m Calling AppiumDriver.getWindowRect() with args: ["eac71d8a-3a3d-48b0-8b43-34e9dda6410c"]
[debug] [35m[WD Proxy][39m Matched '/window/current/size' to command name 'getWindowSize'
[debug] [35m[WD Proxy][39m Proxying [GET /window/current/size] to [GET http://localhost:8208/wd/hub/session/4a24132e-b62d-4979-8d3b-be4f2805b304/window/current/size] with body: {}
[debug] [35m[WD Proxy][39m Got response with status 200: "{\"sessionId\":\"4a24132e-b62d-4979-8d3b-be4f2805b304\",\"status\":0,\"value\":{\"height\":1344,\"width\":720}}"
[debug] [35m[W3C (eac71d8a)][39m Responding to client with driver.getWindowRect() result: {"width":720,"height":1344,"x":0,"y":0}
[35m[HTTP][39m [37m<-- GET /wd/hub/session/eac71d8a-3a3d-48b0-8b43-34e9dda6410c/window/rect [39m[32m200[39m [90m30 ms - 49[39m
[35m[HTTP][39m [90m[39m
[35m[HTTP][39m [37m-->[39m [37mPOST[39m [37m/wd/hub/session/eac71d8a-3a3d-48b0-8b43-34e9dda6410c/context[39m
[35m[HTTP][39m [90m{"name":"NATIVE_APP"}[39m
[debug] [35m[W3C (eac71d8a)][39m Calling AppiumDriver.setContext() with args: ["NATIVE_APP","eac71d8a-3a3d-48b0-8b43-34e9dda6410c"]
[debug] [35m[W3C (eac71d8a)][39m Responding to client with driver.setContext() result: null
[35m[HTTP][39m [37m<-- POST /wd/hub/session/eac71d8a-3a3d-48b0-8b43-34e9dda6410c/context [39m[32m200[39m [90m2 ms - 14[39m
[35m[HTTP][39m [90m[39m
[35m[HTTP][39m [37m-->[39m [37mGET[39m [37m/wd/hub/session/eac71d8a-3a3d-48b0-8b43-34e9dda6410c/context[39m
[35m[HTTP][39m [90m{}[39m
[debug] [35m[W3C (eac71d8a)][39m Calling AppiumDriver.getCurrentContext() with args: ["eac71d8a-3a3d-48b0-8b43-34e9dda6410c"]
[debug] [35m[W3C (eac71d8a)][39m Responding to client with driver.getCurrentContext() result: "NATIVE_APP"
[35m[HTTP][39m [37m<-- GET /wd/hub/session/eac71d8a-3a3d-48b0-8b43-34e9dda6410c/context [39m[32m200[39m [90m1 ms - 22[39m
[35m[HTTP][39m [90m[39m
[35m[HTTP][39m [37m-->[39m [37mGET[39m [37m/wd/hub/session/eac71d8a-3a3d-48b0-8b43-34e9dda6410c/contexts[39m
[35m[HTTP][39m [90m{}[39m
[debug] [35m[W3C (eac71d8a)][39m Calling AppiumDriver.getContexts() with args: ["eac71d8a-3a3d-48b0-8b43-34e9dda6410c"]
[debug] [35m[AndroidDriver][39m Getting a list of available webviews
[debug] [35m[ADB][39m Running '/home/jarwo/.katalon/tools/android_sdk/platform-tools/adb -P 5037 -s f24006487d26 shell cat /proc/net/unix'
[debug] [35m[AndroidDriver][39m Found webviews: []
[debug] [35m[AndroidDriver][39m Available contexts: ["NATIVE_APP"]
[debug] [35m[W3C (eac71d8a)][39m Responding to client with driver.getContexts() result: ["NATIVE_APP"]
[35m[HTTP][39m [37m<-- GET /wd/hub/session/eac71d8a-3a3d-48b0-8b43-34e9dda6410c/contexts [39m[32m200[39m [90m48 ms - 24[39m
[35m[HTTP][39m [90m[39m
[35m[HTTP][39m [37m-->[39m [37mPOST[39m [37m/wd/hub/session/eac71d8a-3a3d-48b0-8b43-34e9dda6410c/context[39m
[35m[HTTP][39m [90m{"name":"NATIVE_APP"}[39m
[debug] [35m[W3C (eac71d8a)][39m Calling AppiumDriver.setContext() with args: ["NATIVE_APP","eac71d8a-3a3d-48b0-8b43-34e9dda6410c"]
[debug] [35m[W3C (eac71d8a)][39m Responding to client with driver.setContext() result: null
[35m[HTTP][39m [37m<-- POST /wd/hub/session/eac71d8a-3a3d-48b0-8b43-34e9dda6410c/context [39m[32m200[39m [90m2 ms - 14[39m
[35m[HTTP][39m [90m[39m
[35m[HTTP][39m [37m-->[39m [37mGET[39m [37m/wd/hub/session/eac71d8a-3a3d-48b0-8b43-34e9dda6410c/window/rect[39m
[35m[HTTP][39m [90m{}[39m
[debug] [35m[W3C (eac71d8a)][39m Calling AppiumDriver.getWindowRect() with args: ["eac71d8a-3a3d-48b0-8b43-34e9dda6410c"]
[debug] [35m[WD Proxy][39m Matched '/window/current/size' to command name 'getWindowSize'
[debug] [35m[WD Proxy][39m Proxying [GET /window/current/size] to [GET http://localhost:8208/wd/hub/session/4a24132e-b62d-4979-8d3b-be4f2805b304/window/current/size] with body: {}
[debug] [35m[WD Proxy][39m Got response with status 200: "{\"sessionId\":\"4a24132e-b62d-4979-8d3b-be4f2805b304\",\"status\":0,\"value\":{\"height\":1344,\"width\":720}}"
[debug] [35m[W3C (eac71d8a)][39m Responding to client with driver.getWindowRect() result: {"width":720,"height":1344,"x":0,"y":0}
[35m[HTTP][39m [37m<-- GET /wd/hub/session/eac71d8a-3a3d-48b0-8b43-34e9dda6410c/window/rect [39m[32m200[39m [90m33 ms - 49[39m
[35m[HTTP][39m [90m[39m
[35m[HTTP][39m [37m-->[39m [37mPOST[39m [37m/wd/hub/session/eac71d8a-3a3d-48b0-8b43-34e9dda6410c/context[39m
[35m[HTTP][39m [90m{"name":"NATIVE_APP"}[39m
[debug] [35m[W3C (eac71d8a)][39m Calling AppiumDriver.setContext() with args: ["NATIVE_APP","eac71d8a-3a3d-48b0-8b43-34e9dda6410c"]
[debug] [35m[W3C (eac71d8a)][39m Responding to client with driver.setContext() result: null
[35m[HTTP][39m [37m<-- POST /wd/hub/session/eac71d8a-3a3d-48b0-8b43-34e9dda6410c/context [39m[32m200[39m [90m6 ms - 14[39m
[35m[HTTP][39m [90m[39m
[35m[HTTP][39m [37m-->[39m [37mPOST[39m [37m/wd/hub/session/eac71d8a-3a3d-48b0-8b43-34e9dda6410c/timeouts[39m
[35m[HTTP][39m [90m{"implicit":50}[39m
[debug] [35m[W3C (eac71d8a)][39m Calling AppiumDriver.timeouts() with args: [null,null,null,null,50,"eac71d8a-3a3d-48b0-8b43-34e9dda6410c"]
[debug] [35m[BaseDriver][39m W3C timeout argument: {"implicit":50}}
[debug] [35m[BaseDriver][39m Set implicit wait to 50ms
[debug] [35m[W3C (eac71d8a)][39m Responding to client with driver.timeouts() result: null
[35m[HTTP][39m [37m<-- POST /wd/hub/session/eac71d8a-3a3d-48b0-8b43-34e9dda6410c/timeouts [39m[32m200[39m [90m2 ms - 14[39m
[35m[HTTP][39m [90m[39m
[35m[HTTP][39m [37m-->[39m [37mGET[39m [37m/wd/hub/session/eac71d8a-3a3d-48b0-8b43-34e9dda6410c/window/rect[39m
[35m[HTTP][39m [90m{}[39m
[debug] [35m[W3C (eac71d8a)][39m Calling AppiumDriver.getWindowRect() with args: ["eac71d8a-3a3d-48b0-8b43-34e9dda6410c"]
[debug] [35m[WD Proxy][39m Matched '/window/current/size' to command name 'getWindowSize'
[debug] [35m[WD Proxy][39m Proxying [GET /window/current/size] to [GET http://localhost:8208/wd/hub/session/4a24132e-b62d-4979-8d3b-be4f2805b304/window/current/size] with body: {}
[debug] [35m[WD Proxy][39m Got response with status 200: "{\"sessionId\":\"4a24132e-b62d-4979-8d3b-be4f2805b304\",\"status\":0,\"value\":{\"height\":1344,\"width\":720}}"
[debug] [35m[W3C (eac71d8a)][39m Responding to client with driver.getWindowRect() result: {"width":720,"height":1344,"x":0,"y":0}
[35m[HTTP][39m [37m<-- GET /wd/hub/session/eac71d8a-3a3d-48b0-8b43-34e9dda6410c/window/rect [39m[32m200[39m [90m31 ms - 49[39m
[35m[HTTP][39m [90m[39m
[35m[HTTP][39m [37m-->[39m [37mPOST[39m [37m/wd/hub/session/eac71d8a-3a3d-48b0-8b43-34e9dda6410c/elements[39m
[35m[HTTP][39m [90m{"using":"-android uiautomator","value":"new UiSelector().className(\"android.widget.Button\").text(\"LOGIN\").resourceId(\"com.ritase.driver.staging:id/to_login_btn\")"}[39m
[debug] [35m[W3C (eac71d8a)][39m Calling AppiumDriver.findElements() with args: ["-android uiautomator","new UiSelector().className(\"android.widget.Button\").text(\"LOGIN\").resourceId(\"com.ritase.driver.staging:id/to_login_btn\")","eac71d8a-3a3d-48b0-8b43-34e9dda6410c"]
[debug] [35m[BaseDriver][39m Valid locator strategies for this request: xpath, id, class name, accessibility id, -android uiautomator
[debug] [35m[BaseDriver][39m Waiting up to 50 ms for condition
[debug] [35m[WD Proxy][39m Matched '/elements' to command name 'findElements'
[debug] [35m[WD Proxy][39m Proxying [POST /elements] to [POST http://localhost:8208/wd/hub/session/4a24132e-b62d-4979-8d3b-be4f2805b304/elements] with body: {"strategy":"-android uiautomator","selector":"new UiSelector().className(\"android.widget.Button\").text(\"LOGIN\").resourceId(\"com.ritase.driver.staging:id/to_login_btn\")","context":"","multiple":true}
[debug] [35m[WD Proxy][39m Got response with status 200: {"sessionId":"4a24132e-b62d-4979-8d3b-be4f2805b304","status":0,"value":[]}
[debug] [35m[W3C (eac71d8a)][39m Responding to client with driver.findElements() result: []
[35m[HTTP][39m [37m<-- POST /wd/hub/session/eac71d8a-3a3d-48b0-8b43-34e9dda6410c/elements [39m[32m200[39m [90m112 ms - 12[39m
[35m[HTTP][39m [90m[39m
[35m[HTTP][39m [37m-->[39m [37mPOST[39m [37m/wd/hub/session/eac71d8a-3a3d-48b0-8b43-34e9dda6410c/elements[39m
[35m[HTTP][39m [90m{"using":"-android uiautomator","value":"new UiSelector().className(\"android.widget.Button\").text(\"LOGIN\").resourceId(\"com.ritase.driver.staging:id/to_login_btn\")"}[39m
[debug] [35m[W3C (eac71d8a)][39m Calling AppiumDriver.findElements() with args: ["-android uiautomator","new UiSelector().className(\"android.widget.Button\").text(\"LOGIN\").resourceId(\"com.ritase.driver.staging:id/to_login_btn\")","eac71d8a-3a3d-48b0-8b43-34e9dda6410c"]
[debug] [35m[BaseDriver][39m Valid locator strategies for this request: xpath, id, class name, accessibility id, -android uiautomator
[debug] [35m[BaseDriver][39m Waiting up to 50 ms for condition
[debug] [35m[WD Proxy][39m Matched '/elements' to command name 'findElements'
[debug] [35m[WD Proxy][39m Proxying [POST /elements] to [POST http://localhost:8208/wd/hub/session/4a24132e-b62d-4979-8d3b-be4f2805b304/elements] with body: {"strategy":"-android uiautomator","selector":"new UiSelector().className(\"android.widget.Button\").text(\"LOGIN\").resourceId(\"com.ritase.driver.staging:id/to_login_btn\")","context":"","multiple":true}
[debug] [35m[WD Proxy][39m Got response with status 200: {"sessionId":"4a24132e-b62d-4979-8d3b-be4f2805b304","status":0,"value":[{"ELEMENT":"12c7bda6-7617-4d8d-9bc6-2b532a7a64b9"}]}
[debug] [35m[W3C (eac71d8a)][39m Responding to client with driver.findElements() result: [{"element-6066-11e4-a52e-4f735466cecf":"12c7bda6-7617-4d8d-9bc6-2b532a7a64b9","ELEMENT":"12c7bda6-7617-4d8d-9bc6-2b532a7a64b9"}]
[35m[HTTP][39m [37m<-- POST /wd/hub/session/eac71d8a-3a3d-48b0-8b43-34e9dda6410c/elements [39m[32m200[39m [90m1632 ms - 139[39m
[35m[HTTP][39m [90m[39m
[35m[HTTP][39m [37m-->[39m [37mGET[39m [37m/wd/hub/session/eac71d8a-3a3d-48b0-8b43-34e9dda6410c/element/12c7bda6-7617-4d8d-9bc6-2b532a7a64b9/location[39m
[35m[HTTP][39m [90m{}[39m
[35m[W3C (eac71d8a)][39m Driver proxy active, passing request on via HTTP proxy
[debug] [35m[WD Proxy][39m Matched '/wd/hub/session/eac71d8a-3a3d-48b0-8b43-34e9dda6410c/element/12c7bda6-7617-4d8d-9bc6-2b532a7a64b9/location' to command name 'getLocation'
[debug] [35m[WD Proxy][39m Proxying [GET /wd/hub/session/eac71d8a-3a3d-48b0-8b43-34e9dda6410c/element/12c7bda6-7617-4d8d-9bc6-2b532a7a64b9/location] to [GET http://localhost:8208/wd/hub/session/4a24132e-b62d-4979-8d3b-be4f2805b304/element/12c7bda6-7617-4d8d-9bc6-2b532a7a64b9/location] with body: {}
[debug] [35m[WD Proxy][39m Got response with status 200: "{\"sessionId\":\"4a24132e-b62d-4979-8d3b-be4f2805b304\",\"status\":0,\"value\":{\"x\":48,\"y\":1184}}"
[35m[WD Proxy][39m Replacing sessionId 4a24132e-b62d-4979-8d3b-be4f2805b304 with eac71d8a-3a3d-48b0-8b43-34e9dda6410c
[35m[HTTP][39m [37m<-- GET /wd/hub/session/eac71d8a-3a3d-48b0-8b43-34e9dda6410c/element/12c7bda6-7617-4d8d-9bc6-2b532a7a64b9/location [39m[32m200[39m [90m141 ms - 89[39m
[35m[HTTP][39m [90m[39m
[35m[HTTP][39m [37m-->[39m [37mPOST[39m [37m/wd/hub/session/eac71d8a-3a3d-48b0-8b43-34e9dda6410c/timeouts[39m
[35m[HTTP][39m [90m{"implicit":30000}[39m
[debug] [35m[W3C (eac71d8a)][39m Calling AppiumDriver.timeouts() with args: [null,null,null,null,30000,"eac71d8a-3a3d-48b0-8b43-34e9dda6410c"]
[debug] [35m[BaseDriver][39m W3C timeout argument: {"implicit":30000}}
[debug] [35m[BaseDriver][39m Set implicit wait to 30000ms
[debug] [35m[W3C (eac71d8a)][39m Responding to client with driver.timeouts() result: null
[35m[HTTP][39m [37m<-- POST /wd/hub/session/eac71d8a-3a3d-48b0-8b43-34e9dda6410c/timeouts [39m[32m200[39m [90m4 ms - 14[39m
[35m[HTTP][39m [90m[39m
[35m[HTTP][39m [37m-->[39m [37mPOST[39m [37m/wd/hub/session/eac71d8a-3a3d-48b0-8b43-34e9dda6410c/touch/perform[39m
[35m[HTTP][39m [90m{"actions":[{"action":"tap","options":{"x":1,"y":1,"element":"12c7bda6-7617-4d8d-9bc6-2b532a7a64b9"}},{"action":"release","options":{}}]}[39m
[debug] [35m[W3C (eac71d8a)][39m Calling AppiumDriver.performTouch() with args: [[{"action":"tap","options":{"x":1,"y":1,"element":"12c7bda6-7617-4d8d-9bc6-2b532a7a64b9"}},{"action":"release","options":{}}],"eac71d8a-3a3d-48b0-8b43-34e9dda6410c"]
[35m[UiAutomator2][39m calling get location: 12c7bda6-7617-4d8d-9bc6-2b532a7a64b9
[debug] [35m[WD Proxy][39m Matched '/element/12c7bda6-7617-4d8d-9bc6-2b532a7a64b9/location' to command name 'getLocation'
[debug] [35m[WD Proxy][39m Proxying [GET /element/12c7bda6-7617-4d8d-9bc6-2b532a7a64b9/location] to [GET http://localhost:8208/wd/hub/session/4a24132e-b62d-4979-8d3b-be4f2805b304/element/12c7bda6-7617-4d8d-9bc6-2b532a7a64b9/location] with body: {}
[debug] [35m[WD Proxy][39m Got response with status 200: "{\"sessionId\":\"4a24132e-b62d-4979-8d3b-be4f2805b304\",\"status\":0,\"value\":{\"x\":48,\"y\":1184}}"
[debug] [35m[WD Proxy][39m Matched '/element/12c7bda6-7617-4d8d-9bc6-2b532a7a64b9/click' to command name 'click'
[debug] [35m[WD Proxy][39m Proxying [POST /element/12c7bda6-7617-4d8d-9bc6-2b532a7a64b9/click] to [POST http://localhost:8208/wd/hub/session/4a24132e-b62d-4979-8d3b-be4f2805b304/element/12c7bda6-7617-4d8d-9bc6-2b532a7a64b9/click] with body: {"element":"12c7bda6-7617-4d8d-9bc6-2b532a7a64b9","x":49,"y":1185}
[debug] [35m[WD Proxy][39m Got response with status 200: {"sessionId":"4a24132e-b62d-4979-8d3b-be4f2805b304","status":0,"value":true}
[debug] [35m[W3C (eac71d8a)][39m Responding to client with driver.performTouch() result: null
[35m[HTTP][39m [37m<-- POST /wd/hub/session/eac71d8a-3a3d-48b0-8b43-34e9dda6410c/touch/perform [39m[32m200[39m [90m1045 ms - 14[39m
[35m[HTTP][39m [90m[39m
[35m[HTTP][39m [37m-->[39m [37mPOST[39m [37m/wd/hub/session/eac71d8a-3a3d-48b0-8b43-34e9dda6410c/timeouts[39m
[35m[HTTP][39m [90m{"implicit":50}[39m
[debug] [35m[W3C (eac71d8a)][39m Calling AppiumDriver.timeouts() with args: [null,null,null,null,50,"eac71d8a-3a3d-48b0-8b43-34e9dda6410c"]
[debug] [35m[BaseDriver][39m W3C timeout argument: {"implicit":50}}
[debug] [35m[BaseDriver][39m Set implicit wait to 50ms
[debug] [35m[W3C (eac71d8a)][39m Responding to client with driver.timeouts() result: null
[35m[HTTP][39m [37m<-- POST /wd/hub/session/eac71d8a-3a3d-48b0-8b43-34e9dda6410c/timeouts [39m[32m200[39m [90m2 ms - 14[39m
[35m[HTTP][39m [90m[39m
[35m[HTTP][39m [37m-->[39m [37mGET[39m [37m/wd/hub/session/eac71d8a-3a3d-48b0-8b43-34e9dda6410c/window/rect[39m
[35m[HTTP][39m [90m{}[39m
[debug] [35m[W3C (eac71d8a)][39m Calling AppiumDriver.getWindowRect() with args: ["eac71d8a-3a3d-48b0-8b43-34e9dda6410c"]
[debug] [35m[WD Proxy][39m Matched '/window/current/size' to command name 'getWindowSize'
[debug] [35m[WD Proxy][39m Proxying [GET /window/current/size] to [GET http://localhost:8208/wd/hub/session/4a24132e-b62d-4979-8d3b-be4f2805b304/window/current/size] with body: {}
[debug] [35m[WD Proxy][39m Got response with status 200: "{\"sessionId\":\"4a24132e-b62d-4979-8d3b-be4f2805b304\",\"status\":0,\"value\":{\"height\":1344,\"width\":720}}"
[debug] [35m[W3C (eac71d8a)][39m Responding to client with driver.getWindowRect() result: {"width":720,"height":1344,"x":0,"y":0}
[35m[HTTP][39m [37m<-- GET /wd/hub/session/eac71d8a-3a3d-48b0-8b43-34e9dda6410c/window/rect [39m[32m200[39m [90m41 ms - 49[39m
[35m[HTTP][39m [90m[39m
[35m[HTTP][39m [37m-->[39m [37mPOST[39m [37m/wd/hub/session/eac71d8a-3a3d-48b0-8b43-34e9dda6410c/elements[39m
[35m[HTTP][39m [90m{"using":"-android uiautomator","value":"new UiSelector().className(\"android.widget.EditText\").text(\"Masukkan Nomor Telepon\").resourceId(\"com.ritase.driver.staging:id/phone_number_et\")"}[39m
[debug] [35m[W3C (eac71d8a)][39m Calling AppiumDriver.findElements() with args: ["-android uiautomator","new UiSelector().className(\"android.widget.EditText\").text(\"Masukkan Nomor Telepon\").resourceId(\"com.ritase.driver.staging:id/phone_number_et\")","eac71d8a-3a3d-48b0-8b43-34e9dda6410c"]
[debug] [35m[BaseDriver][39m Valid locator strategies for this request: xpath, id, class name, accessibility id, -android uiautomator
[debug] [35m[BaseDriver][39m Waiting up to 50 ms for condition
[debug] [35m[WD Proxy][39m Matched '/elements' to command name 'findElements'
[debug] [35m[WD Proxy][39m Proxying [POST /elements] to [POST http://localhost:8208/wd/hub/session/4a24132e-b62d-4979-8d3b-be4f2805b304/elements] with body: {"strategy":"-android uiautomator","selector":"new UiSelector().className(\"android.widget.EditText\").text(\"Masukkan Nomor Telepon\").resourceId(\"com.ritase.driver.staging:id/phone_number_et\")","context":"","multiple":true}
[debug] [35m[WD Proxy][39m Got response with status 200: {"sessionId":"4a24132e-b62d-4979-8d3b-be4f2805b304","status":0,"value":[{"ELEMENT":"9825c783-426d-4e99-a007-8bc303590087"}]}
[debug] [35m[W3C (eac71d8a)][39m Responding to client with driver.findElements() result: [{"element-6066-11e4-a52e-4f735466cecf":"9825c783-426d-4e99-a007-8bc303590087","ELEMENT":"9825c783-426d-4e99-a007-8bc303590087"}]
[35m[HTTP][39m [37m<-- POST /wd/hub/session/eac71d8a-3a3d-48b0-8b43-34e9dda6410c/elements [39m[32m200[39m [90m138 ms - 139[39m
[35m[HTTP][39m [90m[39m
[35m[HTTP][39m [37m-->[39m [37mGET[39m [37m/wd/hub/session/eac71d8a-3a3d-48b0-8b43-34e9dda6410c/element/9825c783-426d-4e99-a007-8bc303590087/location[39m
[35m[HTTP][39m [90m{}[39m
[35m[W3C (eac71d8a)][39m Driver proxy active, passing request on via HTTP proxy
[debug] [35m[WD Proxy][39m Matched '/wd/hub/session/eac71d8a-3a3d-48b0-8b43-34e9dda6410c/element/9825c783-426d-4e99-a007-8bc303590087/location' to command name 'getLocation'
[debug] [35m[WD Proxy][39m Proxying [GET /wd/hub/session/eac71d8a-3a3d-48b0-8b43-34e9dda6410c/element/9825c783-426d-4e99-a007-8bc303590087/location] to [GET http://localhost:8208/wd/hub/session/4a24132e-b62d-4979-8d3b-be4f2805b304/element/9825c783-426d-4e99-a007-8bc303590087/location] with body: {}
[debug] [35m[WD Proxy][39m Got response with status 200: "{\"sessionId\":\"4a24132e-b62d-4979-8d3b-be4f2805b304\",\"status\":0,\"value\":{\"x\":48,\"y\":855}}"
[35m[WD Proxy][39m Replacing sessionId 4a24132e-b62d-4979-8d3b-be4f2805b304 with eac71d8a-3a3d-48b0-8b43-34e9dda6410c
[35m[HTTP][39m [37m<-- GET /wd/hub/session/eac71d8a-3a3d-48b0-8b43-34e9dda6410c/element/9825c783-426d-4e99-a007-8bc303590087/location [39m[32m200[39m [90m91 ms - 88[39m
[35m[HTTP][39m [90m[39m
[35m[HTTP][39m [37m-->[39m [37mPOST[39m [37m/wd/hub/session/eac71d8a-3a3d-48b0-8b43-34e9dda6410c/timeouts[39m
[35m[HTTP][39m [90m{"implicit":30000}[39m
[debug] [35m[W3C (eac71d8a)][39m Calling AppiumDriver.timeouts() with args: [null,null,null,null,30000,"eac71d8a-3a3d-48b0-8b43-34e9dda6410c"]
[debug] [35m[BaseDriver][39m W3C timeout argument: {"implicit":30000}}
[debug] [35m[BaseDriver][39m Set implicit wait to 30000ms
[debug] [35m[W3C (eac71d8a)][39m Responding to client with driver.timeouts() result: null
[35m[HTTP][39m [37m<-- POST /wd/hub/session/eac71d8a-3a3d-48b0-8b43-34e9dda6410c/timeouts [39m[32m200[39m [90m8 ms - 14[39m
[35m[HTTP][39m [90m[39m
[35m[HTTP][39m [37m-->[39m [37mPOST[39m [37m/wd/hub/session/eac71d8a-3a3d-48b0-8b43-34e9dda6410c/element/9825c783-426d-4e99-a007-8bc303590087/clear[39m
[35m[HTTP][39m [90m{"id":"9825c783-426d-4e99-a007-8bc303590087"}[39m
[debug] [35m[W3C (eac71d8a)][39m Calling AppiumDriver.clear() with args: ["9825c783-426d-4e99-a007-8bc303590087","eac71d8a-3a3d-48b0-8b43-34e9dda6410c"]
[debug] [35m[WD Proxy][39m Matched '/element/9825c783-426d-4e99-a007-8bc303590087/clear' to command name 'clear'
[debug] [35m[WD Proxy][39m Proxying [POST /element/9825c783-426d-4e99-a007-8bc303590087/clear] to [POST http://localhost:8208/wd/hub/session/4a24132e-b62d-4979-8d3b-be4f2805b304/element/9825c783-426d-4e99-a007-8bc303590087/clear] with body: {"elementId":"9825c783-426d-4e99-a007-8bc303590087"}
[debug] [35m[WD Proxy][39m Got response with status 200: {"sessionId":"4a24132e-b62d-4979-8d3b-be4f2805b304","status":0,"value":"Element Cleared"}
[debug] [35m[W3C (eac71d8a)][39m Responding to client with driver.clear() result: "Element Cleared"
[35m[HTTP][39m [37m<-- POST /wd/hub/session/eac71d8a-3a3d-48b0-8b43-34e9dda6410c/element/9825c783-426d-4e99-a007-8bc303590087/clear [39m[32m200[39m [90m105 ms - 27[39m
[35m[HTTP][39m [90m[39m
[35m[HTTP][39m [37m-->[39m [37mPOST[39m [37m/wd/hub/session/eac71d8a-3a3d-48b0-8b43-34e9dda6410c/element/9825c783-426d-4e99-a007-8bc303590087/value[39m
[35m[HTTP][39m [90m{"id":"9825c783-426d-4e99-a007-8bc303590087","text":"sopo@qa.com","value":["s","o","p","o","@","q","a",".","c","o","m"]}[39m
[debug] [35m[W3C (eac71d8a)][39m Calling AppiumDriver.setValue() with args: [["s","o","p","o","@","q","a",".","c","o","m"],"9825c783-426d-4e99-a007-8bc303590087","eac71d8a-3a3d-48b0-8b43-34e9dda6410c"]
[debug] [35m[WD Proxy][39m Matched '/element/9825c783-426d-4e99-a007-8bc303590087/value' to command name 'setValue'
[debug] [35m[Protocol Converter][39m Added 'value' property ["s","o","p","o","@","q","a",".","c","o","m"] to 'setValue' request body
[debug] [35m[WD Proxy][39m Proxying [POST /element/9825c783-426d-4e99-a007-8bc303590087/value] to [POST http://localhost:8208/wd/hub/session/4a24132e-b62d-4979-8d3b-be4f2805b304/element/9825c783-426d-4e99-a007-8bc303590087/value] with body: {"elementId":"9825c783-426d-4e99-a007-8bc303590087","text":"sopo@qa.com","replace":false,"value":["s","o","p","o","@","q","a",".","c","o","m"]}
[debug] [35m[WD Proxy][39m Got response with status 200: {"sessionId":"4a24132e-b62d-4979-8d3b-be4f2805b304","status":0,"value":""}
[debug] [35m[W3C (eac71d8a)][39m Responding to client with driver.setValue() result: ""
[35m[HTTP][39m [37m<-- POST /wd/hub/session/eac71d8a-3a3d-48b0-8b43-34e9dda6410c/element/9825c783-426d-4e99-a007-8bc303590087/value [39m[32m200[39m [90m1236 ms - 12[39m
[35m[HTTP][39m [90m[39m
[35m[HTTP][39m [37m-->[39m [37mPOST[39m [37m/wd/hub/session/eac71d8a-3a3d-48b0-8b43-34e9dda6410c/timeouts[39m
[35m[HTTP][39m [90m{"implicit":50}[39m
[debug] [35m[W3C (eac71d8a)][39m Calling AppiumDriver.timeouts() with args: [null,null,null,null,50,"eac71d8a-3a3d-48b0-8b43-34e9dda6410c"]
[debug] [35m[BaseDriver][39m W3C timeout argument: {"implicit":50}}
[debug] [35m[BaseDriver][39m Set implicit wait to 50ms
[debug] [35m[W3C (eac71d8a)][39m Responding to client with driver.timeouts() result: null
[35m[HTTP][39m [37m<-- POST /wd/hub/session/eac71d8a-3a3d-48b0-8b43-34e9dda6410c/timeouts [39m[32m200[39m [90m3 ms - 14[39m
[35m[HTTP][39m [90m[39m
[35m[HTTP][39m [37m-->[39m [37mGET[39m [37m/wd/hub/session/eac71d8a-3a3d-48b0-8b43-34e9dda6410c/window/rect[39m
[35m[HTTP][39m [90m{}[39m
[debug] [35m[W3C (eac71d8a)][39m Calling AppiumDriver.getWindowRect() with args: ["eac71d8a-3a3d-48b0-8b43-34e9dda6410c"]
[debug] [35m[WD Proxy][39m Matched '/window/current/size' to command name 'getWindowSize'
[debug] [35m[WD Proxy][39m Proxying [GET /window/current/size] to [GET http://localhost:8208/wd/hub/session/4a24132e-b62d-4979-8d3b-be4f2805b304/window/current/size] with body: {}
[debug] [35m[WD Proxy][39m Got response with status 200: "{\"sessionId\":\"4a24132e-b62d-4979-8d3b-be4f2805b304\",\"status\":0,\"value\":{\"height\":1344,\"width\":720}}"
[debug] [35m[W3C (eac71d8a)][39m Responding to client with driver.getWindowRect() result: {"width":720,"height":1344,"x":0,"y":0}
[35m[HTTP][39m [37m<-- GET /wd/hub/session/eac71d8a-3a3d-48b0-8b43-34e9dda6410c/window/rect [39m[32m200[39m [90m36 ms - 49[39m
[35m[HTTP][39m [90m[39m
[35m[HTTP][39m [37m-->[39m [37mPOST[39m [37m/wd/hub/session/eac71d8a-3a3d-48b0-8b43-34e9dda6410c/elements[39m
[35m[HTTP][39m [90m{"using":"-android uiautomator","value":"new UiSelector().className(\"android.widget.EditText\").text(\"Masukkan Password\").resourceId(\"com.ritase.driver.staging:id/password_et\")"}[39m
[debug] [35m[W3C (eac71d8a)][39m Calling AppiumDriver.findElements() with args: ["-android uiautomator","new UiSelector().className(\"android.widget.EditText\").text(\"Masukkan Password\").resourceId(\"com.ritase.driver.staging:id/password_et\")","eac71d8a-3a3d-48b0-8b43-34e9dda6410c"]
[debug] [35m[BaseDriver][39m Valid locator strategies for this request: xpath, id, class name, accessibility id, -android uiautomator
[debug] [35m[BaseDriver][39m Waiting up to 50 ms for condition
[debug] [35m[WD Proxy][39m Matched '/elements' to command name 'findElements'
[debug] [35m[WD Proxy][39m Proxying [POST /elements] to [POST http://localhost:8208/wd/hub/session/4a24132e-b62d-4979-8d3b-be4f2805b304/elements] with body: {"strategy":"-android uiautomator","selector":"new UiSelector().className(\"android.widget.EditText\").text(\"Masukkan Password\").resourceId(\"com.ritase.driver.staging:id/password_et\")","context":"","multiple":true}
[debug] [35m[WD Proxy][39m Got response with status 200: {"sessionId":"4a24132e-b62d-4979-8d3b-be4f2805b304","status":0,"value":[{"ELEMENT":"580a3da3-170a-412b-90eb-c32aa6a7c170"}]}
[debug] [35m[W3C (eac71d8a)][39m Responding to client with driver.findElements() result: [{"element-6066-11e4-a52e-4f735466cecf":"580a3da3-170a-412b-90eb-c32aa6a7c170","ELEMENT":"580a3da3-170a-412b-90eb-c32aa6a7c170"}]
[35m[HTTP][39m [37m<-- POST /wd/hub/session/eac71d8a-3a3d-48b0-8b43-34e9dda6410c/elements [39m[32m200[39m [90m488 ms - 139[39m
[35m[HTTP][39m [90m[39m
[35m[HTTP][39m [37m-->[39m [37mGET[39m [37m/wd/hub/session/eac71d8a-3a3d-48b0-8b43-34e9dda6410c/element/580a3da3-170a-412b-90eb-c32aa6a7c170/location[39m
[35m[HTTP][39m [90m{}[39m
[35m[W3C (eac71d8a)][39m Driver proxy active, passing request on via HTTP proxy
[debug] [35m[WD Proxy][39m Matched '/wd/hub/session/eac71d8a-3a3d-48b0-8b43-34e9dda6410c/element/580a3da3-170a-412b-90eb-c32aa6a7c170/location' to command name 'getLocation'
[debug] [35m[WD Proxy][39m Proxying [GET /wd/hub/session/eac71d8a-3a3d-48b0-8b43-34e9dda6410c/element/580a3da3-170a-412b-90eb-c32aa6a7c170/location] to [GET http://localhost:8208/wd/hub/session/4a24132e-b62d-4979-8d3b-be4f2805b304/element/580a3da3-170a-412b-90eb-c32aa6a7c170/location] with body: {}
[debug] [35m[WD Proxy][39m Got response with status 200: "{\"sessionId\":\"4a24132e-b62d-4979-8d3b-be4f2805b304\",\"status\":0,\"value\":{\"x\":48,\"y\":1018}}"
[35m[WD Proxy][39m Replacing sessionId 4a24132e-b62d-4979-8d3b-be4f2805b304 with eac71d8a-3a3d-48b0-8b43-34e9dda6410c
[35m[HTTP][39m [37m<-- GET /wd/hub/session/eac71d8a-3a3d-48b0-8b43-34e9dda6410c/element/580a3da3-170a-412b-90eb-c32aa6a7c170/location [39m[32m200[39m [90m83 ms - 89[39m
[35m[HTTP][39m [90m[39m
[35m[HTTP][39m [37m-->[39m [37mPOST[39m [37m/wd/hub/session/eac71d8a-3a3d-48b0-8b43-34e9dda6410c/timeouts[39m
[35m[HTTP][39m [90m{"implicit":30000}[39m
[debug] [35m[W3C (eac71d8a)][39m Calling AppiumDriver.timeouts() with args: [null,null,null,null,30000,"eac71d8a-3a3d-48b0-8b43-34e9dda6410c"]
[debug] [35m[BaseDriver][39m W3C timeout argument: {"implicit":30000}}
[debug] [35m[BaseDriver][39m Set implicit wait to 30000ms
[debug] [35m[W3C (eac71d8a)][39m Responding to client with driver.timeouts() result: null
[35m[HTTP][39m [37m<-- POST /wd/hub/session/eac71d8a-3a3d-48b0-8b43-34e9dda6410c/timeouts [39m[32m200[39m [90m8 ms - 14[39m
[35m[HTTP][39m [90m[39m
[35m[HTTP][39m [37m-->[39m [37mPOST[39m [37m/wd/hub/session/eac71d8a-3a3d-48b0-8b43-34e9dda6410c/element/580a3da3-170a-412b-90eb-c32aa6a7c170/clear[39m
[35m[HTTP][39m [90m{"id":"580a3da3-170a-412b-90eb-c32aa6a7c170"}[39m
[debug] [35m[W3C (eac71d8a)][39m Calling AppiumDriver.clear() with args: ["580a3da3-170a-412b-90eb-c32aa6a7c170","eac71d8a-3a3d-48b0-8b43-34e9dda6410c"]
[debug] [35m[WD Proxy][39m Matched '/element/580a3da3-170a-412b-90eb-c32aa6a7c170/clear' to command name 'clear'
[debug] [35m[WD Proxy][39m Proxying [POST /element/580a3da3-170a-412b-90eb-c32aa6a7c170/clear] to [POST http://localhost:8208/wd/hub/session/4a24132e-b62d-4979-8d3b-be4f2805b304/element/580a3da3-170a-412b-90eb-c32aa6a7c170/clear] with body: {"elementId":"580a3da3-170a-412b-90eb-c32aa6a7c170"}
[debug] [35m[WD Proxy][39m Got response with status 200: {"sessionId":"4a24132e-b62d-4979-8d3b-be4f2805b304","status":0,"value":"Element Cleared"}
[debug] [35m[W3C (eac71d8a)][39m Responding to client with driver.clear() result: "Element Cleared"
[35m[HTTP][39m [37m<-- POST /wd/hub/session/eac71d8a-3a3d-48b0-8b43-34e9dda6410c/element/580a3da3-170a-412b-90eb-c32aa6a7c170/clear [39m[32m200[39m [90m96 ms - 27[39m
[35m[HTTP][39m [90m[39m
[35m[HTTP][39m [37m-->[39m [37mPOST[39m [37m/wd/hub/session/eac71d8a-3a3d-48b0-8b43-34e9dda6410c/element/580a3da3-170a-412b-90eb-c32aa6a7c170/value[39m
[35m[HTTP][39m [90m{"id":"580a3da3-170a-412b-90eb-c32aa6a7c170","text":"rahasia","value":["r","a","h","a","s","i","a"]}[39m
[debug] [35m[W3C (eac71d8a)][39m Calling AppiumDriver.setValue() with args: [["r","a","h","a","s","i","a"],"580a3da3-170a-412b-90eb-c32aa6a7c170","eac71d8a-3a3d-48b0-8b43-34e9dda6410c"]
[debug] [35m[WD Proxy][39m Matched '/element/580a3da3-170a-412b-90eb-c32aa6a7c170/value' to command name 'setValue'
[debug] [35m[Protocol Converter][39m Added 'value' property ["r","a","h","a","s","i","a"] to 'setValue' request body
[debug] [35m[WD Proxy][39m Proxying [POST /element/580a3da3-170a-412b-90eb-c32aa6a7c170/value] to [POST http://localhost:8208/wd/hub/session/4a24132e-b62d-4979-8d3b-be4f2805b304/element/580a3da3-170a-412b-90eb-c32aa6a7c170/value] with body: {"elementId":"580a3da3-170a-412b-90eb-c32aa6a7c170","text":"rahasia","replace":false,"value":["r","a","h","a","s","i","a"]}
[debug] [35m[WD Proxy][39m Got response with status 200: {"sessionId":"4a24132e-b62d-4979-8d3b-be4f2805b304","status":0,"value":""}
[debug] [35m[W3C (eac71d8a)][39m Responding to client with driver.setValue() result: ""
[35m[HTTP][39m [37m<-- POST /wd/hub/session/eac71d8a-3a3d-48b0-8b43-34e9dda6410c/element/580a3da3-170a-412b-90eb-c32aa6a7c170/value [39m[32m200[39m [90m1175 ms - 12[39m
[35m[HTTP][39m [90m[39m
[35m[HTTP][39m [37m-->[39m [37mPOST[39m [37m/wd/hub/session/eac71d8a-3a3d-48b0-8b43-34e9dda6410c/timeouts[39m
[35m[HTTP][39m [90m{"implicit":50}[39m
[debug] [35m[W3C (eac71d8a)][39m Calling AppiumDriver.timeouts() with args: [null,null,null,null,50,"eac71d8a-3a3d-48b0-8b43-34e9dda6410c"]
[debug] [35m[BaseDriver][39m W3C timeout argument: {"implicit":50}}
[debug] [35m[BaseDriver][39m Set implicit wait to 50ms
[debug] [35m[W3C (eac71d8a)][39m Responding to client with driver.timeouts() result: null
[35m[HTTP][39m [37m<-- POST /wd/hub/session/eac71d8a-3a3d-48b0-8b43-34e9dda6410c/timeouts [39m[32m200[39m [90m6 ms - 14[39m
[35m[HTTP][39m [90m[39m
[35m[HTTP][39m [37m-->[39m [37mGET[39m [37m/wd/hub/session/eac71d8a-3a3d-48b0-8b43-34e9dda6410c/window/rect[39m
[35m[HTTP][39m [90m{}[39m
[debug] [35m[W3C (eac71d8a)][39m Calling AppiumDriver.getWindowRect() with args: ["eac71d8a-3a3d-48b0-8b43-34e9dda6410c"]
[debug] [35m[WD Proxy][39m Matched '/window/current/size' to command name 'getWindowSize'
[debug] [35m[WD Proxy][39m Proxying [GET /window/current/size] to [GET http://localhost:8208/wd/hub/session/4a24132e-b62d-4979-8d3b-be4f2805b304/window/current/size] with body: {}
[debug] [35m[WD Proxy][39m Got response with status 200: "{\"sessionId\":\"4a24132e-b62d-4979-8d3b-be4f2805b304\",\"status\":0,\"value\":{\"height\":1344,\"width\":720}}"
[debug] [35m[W3C (eac71d8a)][39m Responding to client with driver.getWindowRect() result: {"width":720,"height":1344,"x":0,"y":0}
[35m[HTTP][39m [37m<-- GET /wd/hub/session/eac71d8a-3a3d-48b0-8b43-34e9dda6410c/window/rect [39m[32m200[39m [90m46 ms - 49[39m
[35m[HTTP][39m [90m[39m
[35m[HTTP][39m [37m-->[39m [37mPOST[39m [37m/wd/hub/session/eac71d8a-3a3d-48b0-8b43-34e9dda6410c/elements[39m
[35m[HTTP][39m [90m{"using":"-android uiautomator","value":"new UiSelector().className(\"android.widget.Button\").text(\"MASUK\").resourceId(\"com.ritase.driver.staging:id/login_btn\")"}[39m
[debug] [35m[W3C (eac71d8a)][39m Calling AppiumDriver.findElements() with args: ["-android uiautomator","new UiSelector().className(\"android.widget.Button\").text(\"MASUK\").resourceId(\"com.ritase.driver.staging:id/login_btn\")","eac71d8a-3a3d-48b0-8b43-34e9dda6410c"]
[debug] [35m[BaseDriver][39m Valid locator strategies for this request: xpath, id, class name, accessibility id, -android uiautomator
[debug] [35m[BaseDriver][39m Waiting up to 50 ms for condition
[debug] [35m[WD Proxy][39m Matched '/elements' to command name 'findElements'
[debug] [35m[WD Proxy][39m Proxying [POST /elements] to [POST http://localhost:8208/wd/hub/session/4a24132e-b62d-4979-8d3b-be4f2805b304/elements] with body: {"strategy":"-android uiautomator","selector":"new UiSelector().className(\"android.widget.Button\").text(\"MASUK\").resourceId(\"com.ritase.driver.staging:id/login_btn\")","context":"","multiple":true}
[debug] [35m[WD Proxy][39m Got response with status 200: {"sessionId":"4a24132e-b62d-4979-8d3b-be4f2805b304","status":0,"value":[{"ELEMENT":"beb1f8ab-5203-4550-9b8a-996f3214bdf3"}]}
[debug] [35m[W3C (eac71d8a)][39m Responding to client with driver.findElements() result: [{"element-6066-11e4-a52e-4f735466cecf":"beb1f8ab-5203-4550-9b8a-996f3214bdf3","ELEMENT":"beb1f8ab-5203-4550-9b8a-996f3214bdf3"}]
[35m[HTTP][39m [37m<-- POST /wd/hub/session/eac71d8a-3a3d-48b0-8b43-34e9dda6410c/elements [39m[32m200[39m [90m494 ms - 139[39m
[35m[HTTP][39m [90m[39m
[35m[HTTP][39m [37m-->[39m [37mGET[39m [37m/wd/hub/session/eac71d8a-3a3d-48b0-8b43-34e9dda6410c/element/beb1f8ab-5203-4550-9b8a-996f3214bdf3/location[39m
[35m[HTTP][39m [90m{}[39m
[35m[W3C (eac71d8a)][39m Driver proxy active, passing request on via HTTP proxy
[debug] [35m[WD Proxy][39m Matched '/wd/hub/session/eac71d8a-3a3d-48b0-8b43-34e9dda6410c/element/beb1f8ab-5203-4550-9b8a-996f3214bdf3/location' to command name 'getLocation'
[debug] [35m[WD Proxy][39m Proxying [GET /wd/hub/session/eac71d8a-3a3d-48b0-8b43-34e9dda6410c/element/beb1f8ab-5203-4550-9b8a-996f3214bdf3/location] to [GET http://localhost:8208/wd/hub/session/4a24132e-b62d-4979-8d3b-be4f2805b304/element/beb1f8ab-5203-4550-9b8a-996f3214bdf3/location] with body: {}
[debug] [35m[WD Proxy][39m Got response with status 200: "{\"sessionId\":\"4a24132e-b62d-4979-8d3b-be4f2805b304\",\"status\":0,\"value\":{\"x\":48,\"y\":1184}}"
[35m[WD Proxy][39m Replacing sessionId 4a24132e-b62d-4979-8d3b-be4f2805b304 with eac71d8a-3a3d-48b0-8b43-34e9dda6410c
[35m[HTTP][39m [37m<-- GET /wd/hub/session/eac71d8a-3a3d-48b0-8b43-34e9dda6410c/element/beb1f8ab-5203-4550-9b8a-996f3214bdf3/location [39m[32m200[39m [90m89 ms - 89[39m
[35m[HTTP][39m [90m[39m
[35m[HTTP][39m [37m-->[39m [37mPOST[39m [37m/wd/hub/session/eac71d8a-3a3d-48b0-8b43-34e9dda6410c/timeouts[39m
[35m[HTTP][39m [90m{"implicit":30000}[39m
[debug] [35m[W3C (eac71d8a)][39m Calling AppiumDriver.timeouts() with args: [null,null,null,null,30000,"eac71d8a-3a3d-48b0-8b43-34e9dda6410c"]
[debug] [35m[BaseDriver][39m W3C timeout argument: {"implicit":30000}}
[debug] [35m[BaseDriver][39m Set implicit wait to 30000ms
[debug] [35m[W3C (eac71d8a)][39m Responding to client with driver.timeouts() result: null
[35m[HTTP][39m [37m<-- POST /wd/hub/session/eac71d8a-3a3d-48b0-8b43-34e9dda6410c/timeouts [39m[32m200[39m [90m10 ms - 14[39m
[35m[HTTP][39m [90m[39m
[35m[HTTP][39m [37m-->[39m [37mPOST[39m [37m/wd/hub/session/eac71d8a-3a3d-48b0-8b43-34e9dda6410c/touch/perform[39m
[35m[HTTP][39m [90m{"actions":[{"action":"tap","options":{"x":1,"y":1,"element":"beb1f8ab-5203-4550-9b8a-996f3214bdf3"}},{"action":"release","options":{}}]}[39m
[debug] [35m[W3C (eac71d8a)][39m Calling AppiumDriver.performTouch() with args: [[{"action":"tap","options":{"x":1,"y":1,"element":"beb1f8ab-5203-4550-9b8a-996f3214bdf3"}},{"action":"release","options":{}}],"eac71d8a-3a3d-48b0-8b43-34e9dda6410c"]
[35m[UiAutomator2][39m calling get location: beb1f8ab-5203-4550-9b8a-996f3214bdf3
[debug] [35m[WD Proxy][39m Matched '/element/beb1f8ab-5203-4550-9b8a-996f3214bdf3/location' to command name 'getLocation'
[debug] [35m[WD Proxy][39m Proxying [GET /element/beb1f8ab-5203-4550-9b8a-996f3214bdf3/location] to [GET http://localhost:8208/wd/hub/session/4a24132e-b62d-4979-8d3b-be4f2805b304/element/beb1f8ab-5203-4550-9b8a-996f3214bdf3/location] with body: {}
[debug] [35m[WD Proxy][39m Got response with status 200: "{\"sessionId\":\"4a24132e-b62d-4979-8d3b-be4f2805b304\",\"status\":0,\"value\":{\"x\":48,\"y\":1184}}"
[debug] [35m[WD Proxy][39m Matched '/element/beb1f8ab-5203-4550-9b8a-996f3214bdf3/click' to command name 'click'
[debug] [35m[WD Proxy][39m Proxying [POST /element/beb1f8ab-5203-4550-9b8a-996f3214bdf3/click] to [POST http://localhost:8208/wd/hub/session/4a24132e-b62d-4979-8d3b-be4f2805b304/element/beb1f8ab-5203-4550-9b8a-996f3214bdf3/click] with body: {"element":"beb1f8ab-5203-4550-9b8a-996f3214bdf3","x":49,"y":1185}
[debug] [35m[WD Proxy][39m Got response with status 200: {"sessionId":"4a24132e-b62d-4979-8d3b-be4f2805b304","status":0,"value":true}
[debug] [35m[W3C (eac71d8a)][39m Responding to client with driver.performTouch() result: null
[35m[HTTP][39m [37m<-- POST /wd/hub/session/eac71d8a-3a3d-48b0-8b43-34e9dda6410c/touch/perform [39m[32m200[39m [90m4338 ms - 14[39m
[35m[HTTP][39m [90m[39m
[35m[HTTP][39m [37m-->[39m [37mPOST[39m [37m/wd/hub/session/eac71d8a-3a3d-48b0-8b43-34e9dda6410c/timeouts[39m
[35m[HTTP][39m [90m{"implicit":50}[39m
[debug] [35m[W3C (eac71d8a)][39m Calling AppiumDriver.timeouts() with args: [null,null,null,null,50,"eac71d8a-3a3d-48b0-8b43-34e9dda6410c"]
[debug] [35m[BaseDriver][39m W3C timeout argument: {"implicit":50}}
[debug] [35m[BaseDriver][39m Set implicit wait to 50ms
[debug] [35m[W3C (eac71d8a)][39m Responding to client with driver.timeouts() result: null
[35m[HTTP][39m [37m<-- POST /wd/hub/session/eac71d8a-3a3d-48b0-8b43-34e9dda6410c/timeouts [39m[32m200[39m [90m3 ms - 14[39m
[35m[HTTP][39m [90m[39m
[35m[HTTP][39m [37m-->[39m [37mGET[39m [37m/wd/hub/session/eac71d8a-3a3d-48b0-8b43-34e9dda6410c/window/rect[39m
[35m[HTTP][39m [90m{}[39m
[debug] [35m[W3C (eac71d8a)][39m Calling AppiumDriver.getWindowRect() with args: ["eac71d8a-3a3d-48b0-8b43-34e9dda6410c"]
[debug] [35m[WD Proxy][39m Matched '/window/current/size' to command name 'getWindowSize'
[debug] [35m[WD Proxy][39m Proxying [GET /window/current/size] to [GET http://localhost:8208/wd/hub/session/4a24132e-b62d-4979-8d3b-be4f2805b304/window/current/size] with body: {}
[debug] [35m[WD Proxy][39m Got response with status 200: "{\"sessionId\":\"4a24132e-b62d-4979-8d3b-be4f2805b304\",\"status\":0,\"value\":{\"height\":1344,\"width\":720}}"
[debug] [35m[W3C (eac71d8a)][39m Responding to client with driver.getWindowRect() result: {"width":720,"height":1344,"x":0,"y":0}
[35m[HTTP][39m [37m<-- GET /wd/hub/session/eac71d8a-3a3d-48b0-8b43-34e9dda6410c/window/rect [39m[32m200[39m [90m42 ms - 49[39m
[35m[HTTP][39m [90m[39m
[35m[HTTP][39m [37m-->[39m [37mPOST[39m [37m/wd/hub/session/eac71d8a-3a3d-48b0-8b43-34e9dda6410c/elements[39m
[35m[HTTP][39m [90m{"using":"-android uiautomator","value":"new UiSelector().className(\"android.widget.TextView\").text(\"Punya pertanyaan? Tanyakan dengan Admin\")"}[39m
[debug] [35m[W3C (eac71d8a)][39m Calling AppiumDriver.findElements() with args: ["-android uiautomator","new UiSelector().className(\"android.widget.TextView\").text(\"Punya pertanyaan? Tanyakan dengan Admin\")","eac71d8a-3a3d-48b0-8b43-34e9dda6410c"]
[debug] [35m[BaseDriver][39m Valid locator strategies for this request: xpath, id, class name, accessibility id, -android uiautomator
[debug] [35m[BaseDriver][39m Waiting up to 50 ms for condition
[debug] [35m[WD Proxy][39m Matched '/elements' to command name 'findElements'
[debug] [35m[WD Proxy][39m Proxying [POST /elements] to [POST http://localhost:8208/wd/hub/session/4a24132e-b62d-4979-8d3b-be4f2805b304/elements] with body: {"strategy":"-android uiautomator","selector":"new UiSelector().className(\"android.widget.TextView\").text(\"Punya pertanyaan? Tanyakan dengan Admin\")","context":"","multiple":true}
[debug] [35m[WD Proxy][39m Got response with status 200: {"sessionId":"4a24132e-b62d-4979-8d3b-be4f2805b304","status":0,"value":[{"ELEMENT":"405ba5fe-9b93-4072-a6e6-17c3ba32dbe6"}]}
[debug] [35m[W3C (eac71d8a)][39m Responding to client with driver.findElements() result: [{"element-6066-11e4-a52e-4f735466cecf":"405ba5fe-9b93-4072-a6e6-17c3ba32dbe6","ELEMENT":"405ba5fe-9b93-4072-a6e6-17c3ba32dbe6"}]
[35m[HTTP][39m [37m<-- POST /wd/hub/session/eac71d8a-3a3d-48b0-8b43-34e9dda6410c/elements [39m[32m200[39m [90m143 ms - 139[39m
[35m[HTTP][39m [90m[39m
[35m[HTTP][39m [37m-->[39m [37mGET[39m [37m/wd/hub/session/eac71d8a-3a3d-48b0-8b43-34e9dda6410c/element/405ba5fe-9b93-4072-a6e6-17c3ba32dbe6/location[39m
[35m[HTTP][39m [90m{}[39m
[35m[W3C (eac71d8a)][39m Driver proxy active, passing request on via HTTP proxy
[debug] [35m[WD Proxy][39m Matched '/wd/hub/session/eac71d8a-3a3d-48b0-8b43-34e9dda6410c/element/405ba5fe-9b93-4072-a6e6-17c3ba32dbe6/location' to command name 'getLocation'
[debug] [35m[WD Proxy][39m Proxying [GET /wd/hub/session/eac71d8a-3a3d-48b0-8b43-34e9dda6410c/element/405ba5fe-9b93-4072-a6e6-17c3ba32dbe6/location] to [GET http://localhost:8208/wd/hub/session/4a24132e-b62d-4979-8d3b-be4f2805b304/element/405ba5fe-9b93-4072-a6e6-17c3ba32dbe6/location] with body: {}
[debug] [35m[WD Proxy][39m Got response with status 200: "{\"sessionId\":\"4a24132e-b62d-4979-8d3b-be4f2805b304\",\"status\":0,\"value\":{\"x\":40,\"y\":1244}}"
[35m[WD Proxy][39m Replacing sessionId 4a24132e-b62d-4979-8d3b-be4f2805b304 with eac71d8a-3a3d-48b0-8b43-34e9dda6410c
[35m[HTTP][39m [37m<-- GET /wd/hub/session/eac71d8a-3a3d-48b0-8b43-34e9dda6410c/element/405ba5fe-9b93-4072-a6e6-17c3ba32dbe6/location [39m[32m200[39m [90m90 ms - 89[39m
[35m[HTTP][39m [90m[39m
[35m[HTTP][39m [37m-->[39m [37mPOST[39m [37m/wd/hub/session/eac71d8a-3a3d-48b0-8b43-34e9dda6410c/timeouts[39m
[35m[HTTP][39m [90m{"implicit":30000}[39m
[debug] [35m[W3C (eac71d8a)][39m Calling AppiumDriver.timeouts() with args: [null,null,null,null,30000,"eac71d8a-3a3d-48b0-8b43-34e9dda6410c"]
[debug] [35m[BaseDriver][39m W3C timeout argument: {"implicit":30000}}
[debug] [35m[BaseDriver][39m Set implicit wait to 30000ms
[debug] [35m[W3C (eac71d8a)][39m Responding to client with driver.timeouts() result: null
[35m[HTTP][39m [37m<-- POST /wd/hub/session/eac71d8a-3a3d-48b0-8b43-34e9dda6410c/timeouts [39m[32m200[39m [90m7 ms - 14[39m
[35m[HTTP][39m [90m[39m
[35m[HTTP][39m [37m-->[39m [37mGET[39m [37m/wd/hub/session/eac71d8a-3a3d-48b0-8b43-34e9dda6410c/element/405ba5fe-9b93-4072-a6e6-17c3ba32dbe6/text[39m
[35m[HTTP][39m [90m{}[39m
[35m[W3C (eac71d8a)][39m Driver proxy active, passing request on via HTTP proxy
[debug] [35m[WD Proxy][39m Matched '/wd/hub/session/eac71d8a-3a3d-48b0-8b43-34e9dda6410c/element/405ba5fe-9b93-4072-a6e6-17c3ba32dbe6/text' to command name 'getText'
[debug] [35m[WD Proxy][39m Proxying [GET /wd/hub/session/eac71d8a-3a3d-48b0-8b43-34e9dda6410c/element/405ba5fe-9b93-4072-a6e6-17c3ba32dbe6/text] to [GET http://localhost:8208/wd/hub/session/4a24132e-b62d-4979-8d3b-be4f2805b304/element/405ba5fe-9b93-4072-a6e6-17c3ba32dbe6/text] with body: {}
[debug] [35m[WD Proxy][39m Got response with status 200: "{\"sessionId\":\"4a24132e-b62d-4979-8d3b-be4f2805b304\",\"status\":0,\"value\":\"Punya pertanyaan? Tanyakan dengan Admin\"}"
[35m[WD Proxy][39m Replacing sessionId 4a24132e-b62d-4979-8d3b-be4f2805b304 with eac71d8a-3a3d-48b0-8b43-34e9dda6410c
[35m[HTTP][39m [37m<-- GET /wd/hub/session/eac71d8a-3a3d-48b0-8b43-34e9dda6410c/element/405ba5fe-9b93-4072-a6e6-17c3ba32dbe6/text [39m[32m200[39m [90m71 ms - 113[39m
[35m[HTTP][39m [90m[39m
[35m[HTTP][39m [37m-->[39m [37mGET[39m [37m/wd/hub/session/eac71d8a-3a3d-48b0-8b43-34e9dda6410c/context[39m
[35m[HTTP][39m [90m{}[39m
[debug] [35m[W3C (eac71d8a)][39m Calling AppiumDriver.getCurrentContext() with args: ["eac71d8a-3a3d-48b0-8b43-34e9dda6410c"]
[debug] [35m[W3C (eac71d8a)][39m Responding to client with driver.getCurrentContext() result: "NATIVE_APP"
[35m[HTTP][39m [37m<-- GET /wd/hub/session/eac71d8a-3a3d-48b0-8b43-34e9dda6410c/context [39m[32m200[39m [90m3 ms - 22[39m
[35m[HTTP][39m [90m[39m
[35m[HTTP][39m [37m-->[39m [37mGET[39m [37m/wd/hub/session/eac71d8a-3a3d-48b0-8b43-34e9dda6410c/contexts[39m
[35m[HTTP][39m [90m{}[39m
[debug] [35m[W3C (eac71d8a)][39m Calling AppiumDriver.getContexts() with args: ["eac71d8a-3a3d-48b0-8b43-34e9dda6410c"]
[debug] [35m[AndroidDriver][39m Getting a list of available webviews
[debug] [35m[ADB][39m Running '/home/jarwo/.katalon/tools/android_sdk/platform-tools/adb -P 5037 -s f24006487d26 shell cat /proc/net/unix'
[debug] [35m[AndroidDriver][39m Found webviews: []
[debug] [35m[AndroidDriver][39m Available contexts: ["NATIVE_APP"]
[debug] [35m[W3C (eac71d8a)][39m Responding to client with driver.getContexts() result: ["NATIVE_APP"]
[35m[HTTP][39m [37m<-- GET /wd/hub/session/eac71d8a-3a3d-48b0-8b43-34e9dda6410c/contexts [39m[32m200[39m [90m86 ms - 24[39m
[35m[HTTP][39m [90m[39m
[35m[HTTP][39m [37m-->[39m [37mPOST[39m [37m/wd/hub/session/eac71d8a-3a3d-48b0-8b43-34e9dda6410c/context[39m
[35m[HTTP][39m [90m{"name":"NATIVE_APP"}[39m
[debug] [35m[W3C (eac71d8a)][39m Calling AppiumDriver.setContext() with args: ["NATIVE_APP","eac71d8a-3a3d-48b0-8b43-34e9dda6410c"]
[debug] [35m[W3C (eac71d8a)][39m Responding to client with driver.setContext() result: null
[35m[HTTP][39m [37m<-- POST /wd/hub/session/eac71d8a-3a3d-48b0-8b43-34e9dda6410c/context [39m[32m200[39m [90m8 ms - 14[39m
[35m[HTTP][39m [90m[39m
[35m[HTTP][39m [37m-->[39m [37mPOST[39m [37m/wd/hub/session/eac71d8a-3a3d-48b0-8b43-34e9dda6410c/touch/perform[39m
[35m[HTTP][39m [90m{"actions":[{"action":"press","options":{"x":576,"y":672}},{"action":"wait","options":{"ms":500}},{"action":"moveTo","options":{"x":144,"y":672}},{"action":"release","options":{}}]}[39m
[debug] [35m[W3C (eac71d8a)][39m Calling AppiumDriver.performTouch() with args: [[{"action":"press","options":{"x":576,"y":672}},{"action":"wait","options":{"ms":500}},{"action":"moveTo","options":{"x":144,"y":672}},{"action":"release","options":{}}],"eac71d8a-3a3d-48b0-8b43-34e9dda6410c"]
[debug] [35m[WD Proxy][39m Matched '/touch/perform' to command name 'performTouch'
[debug] [35m[WD Proxy][39m Proxying [POST /touch/perform] to [POST http://localhost:8208/wd/hub/session/4a24132e-b62d-4979-8d3b-be4f2805b304/touch/perform] with body: {"startX":576,"startY":672,"endX":144,"endY":672,"steps":14}
[debug] [35m[WD Proxy][39m Got response with status 200: {"sessionId":"4a24132e-b62d-4979-8d3b-be4f2805b304","status":0,"value":true}
[debug] [35m[W3C (eac71d8a)][39m Responding to client with driver.performTouch() result: true
[35m[HTTP][39m [37m<-- POST /wd/hub/session/eac71d8a-3a3d-48b0-8b43-34e9dda6410c/touch/perform [39m[32m200[39m [90m1060 ms - 14[39m
[35m[HTTP][39m [90m[39m
[35m[HTTP][39m [37m-->[39m [37mPOST[39m [37m/wd/hub/session/eac71d8a-3a3d-48b0-8b43-34e9dda6410c/context[39m
[35m[HTTP][39m [90m{"name":"NATIVE_APP"}[39m
[debug] [35m[W3C (eac71d8a)][39m Calling AppiumDriver.setContext() with args: ["NATIVE_APP","eac71d8a-3a3d-48b0-8b43-34e9dda6410c"]
[debug] [35m[W3C (eac71d8a)][39m Responding to client with driver.setContext() result: null
[35m[HTTP][39m [37m<-- POST /wd/hub/session/eac71d8a-3a3d-48b0-8b43-34e9dda6410c/context [39m[32m200[39m [90m7 ms - 14[39m
[35m[HTTP][39m [90m[39m
[35m[HTTP][39m [37m-->[39m [37mPOST[39m [37m/wd/hub/session/eac71d8a-3a3d-48b0-8b43-34e9dda6410c/timeouts[39m
[35m[HTTP][39m [90m{"implicit":50}[39m
[debug] [35m[W3C (eac71d8a)][39m Calling AppiumDriver.timeouts() with args: [null,null,null,null,50,"eac71d8a-3a3d-48b0-8b43-34e9dda6410c"]
[debug] [35m[BaseDriver][39m W3C timeout argument: {"implicit":50}}
[debug] [35m[BaseDriver][39m Set implicit wait to 50ms
[debug] [35m[W3C (eac71d8a)][39m Responding to client with driver.timeouts() result: null
[35m[HTTP][39m [37m<-- POST /wd/hub/session/eac71d8a-3a3d-48b0-8b43-34e9dda6410c/timeouts [39m[32m200[39m [90m4 ms - 14[39m
[35m[HTTP][39m [90m[39m
[35m[HTTP][39m [37m-->[39m [37mGET[39m [37m/wd/hub/session/eac71d8a-3a3d-48b0-8b43-34e9dda6410c/window/rect[39m
[35m[HTTP][39m [90m{}[39m
[debug] [35m[W3C (eac71d8a)][39m Calling AppiumDriver.getWindowRect() with args: ["eac71d8a-3a3d-48b0-8b43-34e9dda6410c"]
[debug] [35m[WD Proxy][39m Matched '/window/current/size' to command name 'getWindowSize'
[debug] [35m[WD Proxy][39m Proxying [GET /window/current/size] to [GET http://localhost:8208/wd/hub/session/4a24132e-b62d-4979-8d3b-be4f2805b304/window/current/size] with body: {}
[debug] [35m[WD Proxy][39m Got response with status 200: "{\"sessionId\":\"4a24132e-b62d-4979-8d3b-be4f2805b304\",\"status\":0,\"value\":{\"height\":1344,\"width\":720}}"
[debug] [35m[W3C (eac71d8a)][39m Responding to client with driver.getWindowRect() result: {"width":720,"height":1344,"x":0,"y":0}
[35m[HTTP][39m [37m<-- GET /wd/hub/session/eac71d8a-3a3d-48b0-8b43-34e9dda6410c/window/rect [39m[32m200[39m [90m34 ms - 49[39m
[35m[HTTP][39m [90m[39m
[35m[HTTP][39m [37m-->[39m [37mPOST[39m [37m/wd/hub/session/eac71d8a-3a3d-48b0-8b43-34e9dda6410c/elements[39m
[35m[HTTP][39m [90m{"using":"-android uiautomator","value":"new UiSelector().className(\"android.widget.TextView\").text(\"Fitur Wallet Belum Aktif\").resourceId(\"com.ritase.driver.staging:id/header_empty_task\")"}[39m
[debug] [35m[W3C (eac71d8a)][39m Calling AppiumDriver.findElements() with args: ["-android uiautomator","new UiSelector().className(\"android.widget.TextView\").text(\"Fitur Wallet Belum Aktif\").resourceId(\"com.ritase.driver.staging:id/header_empty_task\")","eac71d8a-3a3d-48b0-8b43-34e9dda6410c"]
[debug] [35m[BaseDriver][39m Valid locator strategies for this request: xpath, id, class name, accessibility id, -android uiautomator
[debug] [35m[BaseDriver][39m Waiting up to 50 ms for condition
[debug] [35m[WD Proxy][39m Matched '/elements' to command name 'findElements'
[debug] [35m[WD Proxy][39m Proxying [POST /elements] to [POST http://localhost:8208/wd/hub/session/4a24132e-b62d-4979-8d3b-be4f2805b304/elements] with body: {"strategy":"-android uiautomator","selector":"new UiSelector().className(\"android.widget.TextView\").text(\"Fitur Wallet Belum Aktif\").resourceId(\"com.ritase.driver.staging:id/header_empty_task\")","context":"","multiple":true}
[debug] [35m[WD Proxy][39m Got response with status 200: {"sessionId":"4a24132e-b62d-4979-8d3b-be4f2805b304","status":0,"value":[{"ELEMENT":"87c0b1b4-48a8-4d39-b1a0-14c559db61fd"}]}
[debug] [35m[W3C (eac71d8a)][39m Responding to client with driver.findElements() result: [{"element-6066-11e4-a52e-4f735466cecf":"87c0b1b4-48a8-4d39-b1a0-14c559db61fd","ELEMENT":"87c0b1b4-48a8-4d39-b1a0-14c559db61fd"}]
[35m[HTTP][39m [37m<-- POST /wd/hub/session/eac71d8a-3a3d-48b0-8b43-34e9dda6410c/elements [39m[32m200[39m [90m2747 ms - 139[39m
[35m[HTTP][39m [90m[39m
[35m[HTTP][39m [37m-->[39m [37mGET[39m [37m/wd/hub/session/eac71d8a-3a3d-48b0-8b43-34e9dda6410c/element/87c0b1b4-48a8-4d39-b1a0-14c559db61fd/location[39m
[35m[HTTP][39m [90m{}[39m
[35m[W3C (eac71d8a)][39m Driver proxy active, passing request on via HTTP proxy
[debug] [35m[WD Proxy][39m Matched '/wd/hub/session/eac71d8a-3a3d-48b0-8b43-34e9dda6410c/element/87c0b1b4-48a8-4d39-b1a0-14c559db61fd/location' to command name 'getLocation'
[debug] [35m[WD Proxy][39m Proxying [GET /wd/hub/session/eac71d8a-3a3d-48b0-8b43-34e9dda6410c/element/87c0b1b4-48a8-4d39-b1a0-14c559db61fd/location] to [GET http://localhost:8208/wd/hub/session/4a24132e-b62d-4979-8d3b-be4f2805b304/element/87c0b1b4-48a8-4d39-b1a0-14c559db61fd/location] with body: {}
[debug] [35m[WD Proxy][39m Got response with status 200: "{\"sessionId\":\"4a24132e-b62d-4979-8d3b-be4f2805b304\",\"status\":0,\"value\":{\"x\":170,\"y\":635}}"
[35m[WD Proxy][39m Replacing sessionId 4a24132e-b62d-4979-8d3b-be4f2805b304 with eac71d8a-3a3d-48b0-8b43-34e9dda6410c
[35m[HTTP][39m [37m<-- GET /wd/hub/session/eac71d8a-3a3d-48b0-8b43-34e9dda6410c/element/87c0b1b4-48a8-4d39-b1a0-14c559db61fd/location [39m[32m200[39m [90m101 ms - 89[39m
[35m[HTTP][39m [90m[39m
[35m[HTTP][39m [37m-->[39m [37mPOST[39m [37m/wd/hub/session/eac71d8a-3a3d-48b0-8b43-34e9dda6410c/timeouts[39m
[35m[HTTP][39m [90m{"implicit":30000}[39m
[debug] [35m[W3C (eac71d8a)][39m Calling AppiumDriver.timeouts() with args: [null,null,null,null,30000,"eac71d8a-3a3d-48b0-8b43-34e9dda6410c"]
[debug] [35m[BaseDriver][39m W3C timeout argument: {"implicit":30000}}
[debug] [35m[BaseDriver][39m Set implicit wait to 30000ms
[debug] [35m[W3C (eac71d8a)][39m Responding to client with driver.timeouts() result: null
[35m[HTTP][39m [37m<-- POST /wd/hub/session/eac71d8a-3a3d-48b0-8b43-34e9dda6410c/timeouts [39m[32m200[39m [90m10 ms - 14[39m
[35m[HTTP][39m [90m[39m
[35m[HTTP][39m [37m-->[39m [37mGET[39m [37m/wd/hub/session/eac71d8a-3a3d-48b0-8b43-34e9dda6410c/element/87c0b1b4-48a8-4d39-b1a0-14c559db61fd/text[39m
[35m[HTTP][39m [90m{}[39m
[35m[W3C (eac71d8a)][39m Driver proxy active, passing request on via HTTP proxy
[debug] [35m[WD Proxy][39m Matched '/wd/hub/session/eac71d8a-3a3d-48b0-8b43-34e9dda6410c/element/87c0b1b4-48a8-4d39-b1a0-14c559db61fd/text' to command name 'getText'
[debug] [35m[WD Proxy][39m Proxying [GET /wd/hub/session/eac71d8a-3a3d-48b0-8b43-34e9dda6410c/element/87c0b1b4-48a8-4d39-b1a0-14c559db61fd/text] to [GET http://localhost:8208/wd/hub/session/4a24132e-b62d-4979-8d3b-be4f2805b304/element/87c0b1b4-48a8-4d39-b1a0-14c559db61fd/text] with body: {}
[debug] [35m[WD Proxy][39m Got response with status 200: "{\"sessionId\":\"4a24132e-b62d-4979-8d3b-be4f2805b304\",\"status\":0,\"value\":\"Fitur Wallet Belum Aktif\"}"
[35m[WD Proxy][39m Replacing sessionId 4a24132e-b62d-4979-8d3b-be4f2805b304 with eac71d8a-3a3d-48b0-8b43-34e9dda6410c
[35m[HTTP][39m [37m<-- GET /wd/hub/session/eac71d8a-3a3d-48b0-8b43-34e9dda6410c/element/87c0b1b4-48a8-4d39-b1a0-14c559db61fd/text [39m[32m200[39m [90m95 ms - 98[39m
[35m[HTTP][39m [90m[39m
[35m[HTTP][39m [37m-->[39m [37mDELETE[39m [37m/wd/hub/session/eac71d8a-3a3d-48b0-8b43-34e9dda6410c[39m
[35m[HTTP][39m [90m{}[39m
[debug] [35m[W3C (eac71d8a)][39m Calling AppiumDriver.deleteSession() with args: ["eac71d8a-3a3d-48b0-8b43-34e9dda6410c"]
[debug] [35m[BaseDriver][39m Event 'quitSessionRequested' logged at 1566885541418 (12:59:01 GMT+0700 (Western Indonesia Time))
[35m[Appium][39m Removing session eac71d8a-3a3d-48b0-8b43-34e9dda6410c from our master session list
[debug] [35m[UiAutomator2][39m Deleting UiAutomator2 session
[debug] [35m[UiAutomator2][39m Deleting UiAutomator2 server session
[debug] [35m[WD Proxy][39m Matched '/' to command name 'deleteSession'
[debug] [35m[WD Proxy][39m Proxying [DELETE /] to [DELETE http://localhost:8208/wd/hub/session/4a24132e-b62d-4979-8d3b-be4f2805b304] with no body
[debug] [35m[WD Proxy][39m Got response with status 200: "{\"sessionId\":\"4a24132e-b62d-4979-8d3b-be4f2805b304\",\"status\":0,\"value\":\"Session deleted\"}"
[debug] [35m[ADB][39m Running '/home/jarwo/.katalon/tools/android_sdk/platform-tools/adb -P 5037 -s f24006487d26 shell am force-stop com.ritase.driver.staging'
[debug] [35m[Instrumentation][39m .
[debug] [35m[Logcat][39m Stopping logcat capture
[debug] [35m[ADB][39m Removing forwarded port socket connection: 8208 
[debug] [35m[ADB][39m Running '/home/jarwo/.katalon/tools/android_sdk/platform-tools/adb -P 5037 -s f24006487d26 forward --remove tcp\:8208'
[debug] [35m[BaseDriver][39m Event 'quitSessionFinished' logged at 1566885541709 (12:59:01 GMT+0700 (Western Indonesia Time))
[debug] [35m[W3C (eac71d8a)][39m Received response: null
[debug] [35m[W3C (eac71d8a)][39m But deleting session, so not returning
[debug] [35m[W3C (eac71d8a)][39m Responding to client with driver.deleteSession() result: null
[35m[HTTP][39m [37m<-- DELETE /wd/hub/session/eac71d8a-3a3d-48b0-8b43-34e9dda6410c [39m[32m200[39m [90m293 ms - 14[39m
[35m[HTTP][39m [90m[39m
