<?xml version="1.0" encoding="UTF-8" standalone="no"?>
<!DOCTYPE log SYSTEM "logger.dtd">
<log>
<record>
  <date>2019-08-28T11:16:24</date>
  <millis>1566965784211</millis>
  <sequence>0</sequence>
  <level>START</level>
  <class>com.kms.katalon.core.logging.XmlKeywordLogger</class>
  <method>startSuite</method>
  <thread>1</thread>
  <message>Start Test Suite : Test Suites/3.0/Driver V2/Check login and swipe button</message>
  <nestedLevel>0</nestedLevel>
  <property name="name">Check login and swipe button</property>
  <property name="description"></property>
  <property name="id">Test Suites/3.0/Driver V2/Check login and swipe button</property>
</record>
<record>
  <date>2019-08-28T11:16:24</date>
  <millis>1566965784224</millis>
  <sequence>1</sequence>
  <level>RUN_DATA</level>
  <class>com.kms.katalon.core.logging.XmlKeywordLogger</class>
  <method>logMessage</method>
  <thread>1</thread>
  <message>hostName = jarwo - redstar</message>
  <nestedLevel>0</nestedLevel>
  <property name="hostName">jarwo - redstar</property>
</record>
<record>
  <date>2019-08-28T11:16:24</date>
  <millis>1566965784225</millis>
  <sequence>2</sequence>
  <level>RUN_DATA</level>
  <class>com.kms.katalon.core.logging.XmlKeywordLogger</class>
  <method>logMessage</method>
  <thread>1</thread>
  <message>os = Linux 64bit</message>
  <nestedLevel>0</nestedLevel>
  <property name="os">Linux 64bit</property>
</record>
<record>
  <date>2019-08-28T11:16:24</date>
  <millis>1566965784226</millis>
  <sequence>3</sequence>
  <level>RUN_DATA</level>
  <class>com.kms.katalon.core.logging.XmlKeywordLogger</class>
  <method>logMessage</method>
  <thread>1</thread>
  <message>hostAddress = 127.0.1.1</message>
  <nestedLevel>0</nestedLevel>
  <property name="hostAddress">127.0.1.1</property>
</record>
<record>
  <date>2019-08-28T11:16:24</date>
  <millis>1566965784227</millis>
  <sequence>4</sequence>
  <level>RUN_DATA</level>
  <class>com.kms.katalon.core.logging.XmlKeywordLogger</class>
  <method>logMessage</method>
  <thread>1</thread>
  <message>katalonVersion = 6.2.1.2</message>
  <nestedLevel>0</nestedLevel>
  <property name="katalonVersion">6.2.1.2</property>
</record>
<record>
  <date>2019-08-28T11:16:24</date>
  <millis>1566965784392</millis>
  <sequence>5</sequence>
  <level>START</level>
  <class>com.kms.katalon.core.logging.XmlKeywordLogger</class>
  <method>startTest</method>
  <thread>1</thread>
  <message>Start Test Case : Test Cases/Mobile Drivers/Login/Login Drivers</message>
  <nestedLevel>1</nestedLevel>
  <property name="name">Test Cases/Mobile Drivers/Login/Login Drivers</property>
  <property name="description"></property>
  <property name="id">Test Cases/Mobile Drivers/Login/Login Drivers</property>
  <property name="source">\\home\\jarwo\\Katalon Studio\\Ritase Automation Testing\\Test Cases\\Mobile Drivers\\Login\\Login Drivers.tc</property>
  <property name="tag"></property>
  <property name="isOptional">false</property>
</record>
<record>
  <date>2019-08-28T11:16:24</date>
  <millis>1566965784573</millis>
  <sequence>7</sequence>
  <level>START</level>
  <class>com.kms.katalon.core.logging.XmlKeywordLogger</class>
  <method>startKeyword</method>
  <thread>1</thread>
  <message>Start action : runFeatureFile(\&amp;quot;Include/features/Mobile/Drivers V2/Login/LoginDrivers.feature\&amp;quot;, STOP_ON_FAILURE)</message>
  <nestedLevel>1</nestedLevel>
  <property name="startLine">16</property>
  <property name="stepIndex">1</property>
</record>
<record>
  <date>2019-08-28T11:16:24</date>
  <millis>1566965784617</millis>
  <sequence>8</sequence>
  <level>INFO</level>
  <class>com.kms.katalon.core.logging.XmlKeywordLogger</class>
  <method>logMessage</method>
  <thread>1</thread>
  <message>Starting run keyword runFeatureFile: &amp;apos;Include/features/Mobile/Drivers V2/Login/LoginDrivers.feature&amp;apos; and extract report to folder: &amp;apos;/home/jarwo/Katalon Studio/Ritase Automation Testing/Reports/3.0/Driver V2/Check login and swipe button/20190828_111616/cucumber_report/1566965784611&amp;apos;...</message>
  <nestedLevel>1</nestedLevel>
</record>
<record>
  <date>2019-08-28T11:16:25</date>
  <millis>1566965785102</millis>
  <sequence>9</sequence>
  <level>START</level>
  <class>com.kms.katalon.core.logging.XmlKeywordLogger</class>
  <method>startTest</method>
  <thread>1</thread>
  <message>Start Test Case : SCENARIO Login Drivers</message>
  <nestedLevel>2</nestedLevel>
</record>
<record>
  <date>2019-08-28T11:16:25</date>
  <millis>1566965785103</millis>
  <sequence>10</sequence>
  <level>START</level>
  <class>com.kms.katalon.core.logging.XmlKeywordLogger</class>
  <method>startKeyword</method>
  <thread>1</thread>
  <message>Start action : User install and open ritase driver apps</message>
  <nestedLevel>2</nestedLevel>
</record>
<record>
  <date>2019-08-28T11:16:26</date>
  <millis>1566965786490</millis>
  <sequence>12</sequence>
  <level>INFO</level>
  <class>com.kms.katalon.core.logging.XmlKeywordLogger</class>
  <method>logMessage</method>
  <thread>1</thread>
  <message>Appium server started on port 39,123</message>
  <nestedLevel>2</nestedLevel>
</record>
<record>
  <date>2019-08-28T11:16:41</date>
  <millis>1566965801703</millis>
  <sequence>14</sequence>
  <level>RUN_DATA</level>
  <class>com.kms.katalon.core.logging.XmlKeywordLogger</class>
  <method>logMessage</method>
  <thread>1</thread>
  <message>appiumVersion = 1.14.1</message>
  <nestedLevel>2</nestedLevel>
  <property name="appiumVersion">1.14.1</property>
</record>
<record>
  <date>2019-08-28T11:16:41</date>
  <millis>1566965801712</millis>
  <sequence>15</sequence>
  <level>RUN_DATA</level>
  <class>com.kms.katalon.core.logging.XmlKeywordLogger</class>
  <method>logMessage</method>
  <thread>1</thread>
  <message>deviceId = f24006487d26</message>
  <nestedLevel>2</nestedLevel>
  <property name="deviceId">f24006487d26</property>
</record>
<record>
  <date>2019-08-28T11:16:41</date>
  <millis>1566965801713</millis>
  <sequence>16</sequence>
  <level>RUN_DATA</level>
  <class>com.kms.katalon.core.logging.XmlKeywordLogger</class>
  <method>logMessage</method>
  <thread>1</thread>
  <message>deviceName = Xiaomi Redmi 6A (Android 8.1.0)</message>
  <nestedLevel>2</nestedLevel>
  <property name="deviceName">Xiaomi Redmi 6A (Android 8.1.0)</property>
</record>
<record>
  <date>2019-08-28T11:16:41</date>
  <millis>1566965801713</millis>
  <sequence>17</sequence>
  <level>RUN_DATA</level>
  <class>com.kms.katalon.core.logging.XmlKeywordLogger</class>
  <method>logMessage</method>
  <thread>1</thread>
  <message>deviceModel = Redmi 6A</message>
  <nestedLevel>2</nestedLevel>
  <property name="deviceModel">Redmi 6A</property>
</record>
<record>
  <date>2019-08-28T11:16:41</date>
  <millis>1566965801714</millis>
  <sequence>18</sequence>
  <level>RUN_DATA</level>
  <class>com.kms.katalon.core.logging.XmlKeywordLogger</class>
  <method>logMessage</method>
  <thread>1</thread>
  <message>deviceManufacturer = Xiaomi</message>
  <nestedLevel>2</nestedLevel>
  <property name="deviceManufacturer">Xiaomi</property>
</record>
<record>
  <date>2019-08-28T11:16:41</date>
  <millis>1566965801714</millis>
  <sequence>19</sequence>
  <level>RUN_DATA</level>
  <class>com.kms.katalon.core.logging.XmlKeywordLogger</class>
  <method>logMessage</method>
  <thread>1</thread>
  <message>deviceOS = Android</message>
  <nestedLevel>2</nestedLevel>
  <property name="deviceOS">Android</property>
</record>
<record>
  <date>2019-08-28T11:16:41</date>
  <millis>1566965801715</millis>
  <sequence>20</sequence>
  <level>RUN_DATA</level>
  <class>com.kms.katalon.core.logging.XmlKeywordLogger</class>
  <method>logMessage</method>
  <thread>1</thread>
  <message>deviceOSVersion = 8.1.0</message>
  <nestedLevel>2</nestedLevel>
  <property name="deviceOSVersion">8.1.0</property>
</record>
<record>
  <date>2019-08-28T11:16:41</date>
  <millis>1566965801717</millis>
  <sequence>21</sequence>
  <level>PASSED</level>
  <class>com.kms.katalon.core.logging.XmlKeywordLogger</class>
  <method>logMessage</method>
  <thread>1</thread>
  <message>Started app at: &amp;apos;/home/jarwo/Katalon Studio/Ritase Automation Testing/APK/stg-driver.apk&amp;apos;</message>
  <nestedLevel>2</nestedLevel>
</record>
<record>
  <date>2019-08-28T11:16:41</date>
  <millis>1566965801875</millis>
  <sequence>22</sequence>
  <level>PASSED</level>
  <class>com.kms.katalon.core.logging.XmlKeywordLogger</class>
  <method>logMessage</method>
  <thread>1</thread>
  <message>Current device physical height is 1344</message>
  <nestedLevel>2</nestedLevel>
</record>
<record>
  <date>2019-08-28T11:16:41</date>
  <millis>1566965801993</millis>
  <sequence>23</sequence>
  <level>PASSED</level>
  <class>com.kms.katalon.core.logging.XmlKeywordLogger</class>
  <method>logMessage</method>
  <thread>1</thread>
  <message>Current device physical width is 720</message>
  <nestedLevel>2</nestedLevel>
</record>
<record>
  <date>2019-08-28T11:16:42</date>
  <millis>1566965802013</millis>
  <sequence>24</sequence>
  <level>PASSED</level>
  <class>com.kms.katalon.core.logging.XmlKeywordLogger</class>
  <method>logMessage</method>
  <thread>1</thread>
  <message>User install and open ritase driver apps</message>
  <nestedLevel>2</nestedLevel>
</record>
<record>
  <date>2019-08-28T11:16:42</date>
  <millis>1566965802014</millis>
  <sequence>25</sequence>
  <level>END</level>
  <class>com.kms.katalon.core.logging.XmlKeywordLogger</class>
  <method>endKeyword</method>
  <thread>1</thread>
  <message>End End action : User install and open ritase driver apps</message>
  <nestedLevel>2</nestedLevel>
</record>
<record>
  <date>2019-08-28T11:16:42</date>
  <millis>1566965802015</millis>
  <sequence>26</sequence>
  <level>START</level>
  <class>com.kms.katalon.core.logging.XmlKeywordLogger</class>
  <method>startKeyword</method>
  <thread>1</thread>
  <message>Start action : User tap initial login button</message>
  <nestedLevel>2</nestedLevel>
</record>
<record>
  <date>2019-08-28T11:16:45</date>
  <millis>1566965805277</millis>
  <sequence>30</sequence>
  <level>PASSED</level>
  <class>com.kms.katalon.core.logging.XmlKeywordLogger</class>
  <method>logMessage</method>
  <thread>1</thread>
  <message>Tapped on element &amp;apos;Object Repository/Driver Apps V2/tap_initialLogin&amp;apos;</message>
  <nestedLevel>2</nestedLevel>
</record>
<record>
  <date>2019-08-28T11:16:45</date>
  <millis>1566965805277</millis>
  <sequence>31</sequence>
  <level>PASSED</level>
  <class>com.kms.katalon.core.logging.XmlKeywordLogger</class>
  <method>logMessage</method>
  <thread>1</thread>
  <message>User tap initial login button</message>
  <nestedLevel>2</nestedLevel>
</record>
<record>
  <date>2019-08-28T11:16:45</date>
  <millis>1566965805278</millis>
  <sequence>32</sequence>
  <level>END</level>
  <class>com.kms.katalon.core.logging.XmlKeywordLogger</class>
  <method>endKeyword</method>
  <thread>1</thread>
  <message>End End action : User tap initial login button</message>
  <nestedLevel>2</nestedLevel>
</record>
<record>
  <date>2019-08-28T11:16:45</date>
  <millis>1566965805278</millis>
  <sequence>33</sequence>
  <level>START</level>
  <class>com.kms.katalon.core.logging.XmlKeywordLogger</class>
  <method>startKeyword</method>
  <thread>1</thread>
  <message>Start action : User fill email address driver sopo@qa.com</message>
  <nestedLevel>2</nestedLevel>
</record>
<record>
  <date>2019-08-28T11:16:46</date>
  <millis>1566965806938</millis>
  <sequence>37</sequence>
  <level>PASSED</level>
  <class>com.kms.katalon.core.logging.XmlKeywordLogger</class>
  <method>logMessage</method>
  <thread>1</thread>
  <message>Text &amp;apos;sopo@qa.com&amp;apos; has been set to element &amp;apos;Object Repository/Driver Apps V2/input_emailDriver&amp;apos;</message>
  <nestedLevel>2</nestedLevel>
</record>
<record>
  <date>2019-08-28T11:16:46</date>
  <millis>1566965806939</millis>
  <sequence>38</sequence>
  <level>PASSED</level>
  <class>com.kms.katalon.core.logging.XmlKeywordLogger</class>
  <method>logMessage</method>
  <thread>1</thread>
  <message>User fill email address driver sopo@qa.com</message>
  <nestedLevel>2</nestedLevel>
</record>
<record>
  <date>2019-08-28T11:16:46</date>
  <millis>1566965806939</millis>
  <sequence>39</sequence>
  <level>END</level>
  <class>com.kms.katalon.core.logging.XmlKeywordLogger</class>
  <method>endKeyword</method>
  <thread>1</thread>
  <message>End End action : User fill email address driver sopo@qa.com</message>
  <nestedLevel>2</nestedLevel>
</record>
<record>
  <date>2019-08-28T11:16:46</date>
  <millis>1566965806940</millis>
  <sequence>40</sequence>
  <level>START</level>
  <class>com.kms.katalon.core.logging.XmlKeywordLogger</class>
  <method>startKeyword</method>
  <thread>1</thread>
  <message>Start action : User fill password driver rahasia</message>
  <nestedLevel>2</nestedLevel>
</record>
<record>
  <date>2019-08-28T11:16:48</date>
  <millis>1566965808865</millis>
  <sequence>44</sequence>
  <level>PASSED</level>
  <class>com.kms.katalon.core.logging.XmlKeywordLogger</class>
  <method>logMessage</method>
  <thread>1</thread>
  <message>Text &amp;apos;rahasia&amp;apos; has been set to element &amp;apos;Object Repository/Driver Apps V2/input_passwordDriver&amp;apos;</message>
  <nestedLevel>2</nestedLevel>
</record>
<record>
  <date>2019-08-28T11:16:48</date>
  <millis>1566965808867</millis>
  <sequence>45</sequence>
  <level>PASSED</level>
  <class>com.kms.katalon.core.logging.XmlKeywordLogger</class>
  <method>logMessage</method>
  <thread>1</thread>
  <message>User fill password driver rahasia</message>
  <nestedLevel>2</nestedLevel>
</record>
<record>
  <date>2019-08-28T11:16:48</date>
  <millis>1566965808868</millis>
  <sequence>46</sequence>
  <level>END</level>
  <class>com.kms.katalon.core.logging.XmlKeywordLogger</class>
  <method>endKeyword</method>
  <thread>1</thread>
  <message>End End action : User fill password driver rahasia</message>
  <nestedLevel>2</nestedLevel>
</record>
<record>
  <date>2019-08-28T11:16:48</date>
  <millis>1566965808871</millis>
  <sequence>47</sequence>
  <level>START</level>
  <class>com.kms.katalon.core.logging.XmlKeywordLogger</class>
  <method>startKeyword</method>
  <thread>1</thread>
  <message>Start action : User tap login button</message>
  <nestedLevel>2</nestedLevel>
</record>
<record>
  <date>2019-08-28T11:16:54</date>
  <millis>1566965814152</millis>
  <sequence>51</sequence>
  <level>PASSED</level>
  <class>com.kms.katalon.core.logging.XmlKeywordLogger</class>
  <method>logMessage</method>
  <thread>1</thread>
  <message>Tapped on element &amp;apos;Object Repository/Driver Apps V2/tap_loginButton&amp;apos;</message>
  <nestedLevel>2</nestedLevel>
</record>
<record>
  <date>2019-08-28T11:17:04</date>
  <millis>1566965824168</millis>
  <sequence>53</sequence>
  <level>PASSED</level>
  <class>com.kms.katalon.core.logging.XmlKeywordLogger</class>
  <method>logMessage</method>
  <thread>1</thread>
  <message>Delayed 10 second(s)</message>
  <nestedLevel>2</nestedLevel>
</record>
<record>
  <date>2019-08-28T11:17:04</date>
  <millis>1566965824169</millis>
  <sequence>54</sequence>
  <level>PASSED</level>
  <class>com.kms.katalon.core.logging.XmlKeywordLogger</class>
  <method>logMessage</method>
  <thread>1</thread>
  <message>User tap login button</message>
  <nestedLevel>2</nestedLevel>
</record>
<record>
  <date>2019-08-28T11:17:04</date>
  <millis>1566965824170</millis>
  <sequence>55</sequence>
  <level>END</level>
  <class>com.kms.katalon.core.logging.XmlKeywordLogger</class>
  <method>endKeyword</method>
  <thread>1</thread>
  <message>End End action : User tap login button</message>
  <nestedLevel>2</nestedLevel>
</record>
<record>
  <date>2019-08-28T11:17:04</date>
  <millis>1566965824172</millis>
  <sequence>56</sequence>
  <level>START</level>
  <class>com.kms.katalon.core.logging.XmlKeywordLogger</class>
  <method>startKeyword</method>
  <thread>1</thread>
  <message>Start action : User see tab trip</message>
  <nestedLevel>2</nestedLevel>
</record>
<record>
  <date>2019-08-28T11:17:04</date>
  <millis>1566965824625</millis>
  <sequence>60</sequence>
  <level>PASSED</level>
  <class>com.kms.katalon.core.logging.XmlKeywordLogger</class>
  <method>logMessage</method>
  <thread>1</thread>
  <message>Text of element &amp;apos;Object Repository/Driver Apps V2/txt_tripMenu&amp;apos; is: &amp;apos;Punya pertanyaan? Tanyakan dengan Admin&amp;apos;</message>
  <nestedLevel>2</nestedLevel>
</record>
<record>
  <date>2019-08-28T11:17:04</date>
  <millis>1566965824631</millis>
  <sequence>61</sequence>
  <level>PASSED</level>
  <class>com.kms.katalon.core.logging.XmlKeywordLogger</class>
  <method>logMessage</method>
  <thread>1</thread>
  <message>User see tab trip</message>
  <nestedLevel>2</nestedLevel>
</record>
<record>
  <date>2019-08-28T11:17:04</date>
  <millis>1566965824632</millis>
  <sequence>62</sequence>
  <level>END</level>
  <class>com.kms.katalon.core.logging.XmlKeywordLogger</class>
  <method>endKeyword</method>
  <thread>1</thread>
  <message>End End action : User see tab trip</message>
  <nestedLevel>2</nestedLevel>
</record>
<record>
  <date>2019-08-28T11:17:04</date>
  <millis>1566965824634</millis>
  <sequence>63</sequence>
  <level>START</level>
  <class>com.kms.katalon.core.logging.XmlKeywordLogger</class>
  <method>startKeyword</method>
  <thread>1</thread>
  <message>Start action : User swipe right to left</message>
  <nestedLevel>2</nestedLevel>
</record>
<record>
  <date>2019-08-28T11:17:14</date>
  <millis>1566965834644</millis>
  <sequence>65</sequence>
  <level>PASSED</level>
  <class>com.kms.katalon.core.logging.XmlKeywordLogger</class>
  <method>logMessage</method>
  <thread>1</thread>
  <message>Delayed 10 second(s)</message>
  <nestedLevel>2</nestedLevel>
</record>
<record>
  <date>2019-08-28T11:17:15</date>
  <millis>1566965835913</millis>
  <sequence>66</sequence>
  <level>PASSED</level>
  <class>com.kms.katalon.core.logging.XmlKeywordLogger</class>
  <method>logMessage</method>
  <thread>1</thread>
  <message>Swiped from 576,672 to 144,672</message>
  <nestedLevel>2</nestedLevel>
</record>
<record>
  <date>2019-08-28T11:17:15</date>
  <millis>1566965835922</millis>
  <sequence>67</sequence>
  <level>PASSED</level>
  <class>com.kms.katalon.core.logging.XmlKeywordLogger</class>
  <method>logMessage</method>
  <thread>1</thread>
  <message>User swipe right to left</message>
  <nestedLevel>2</nestedLevel>
</record>
<record>
  <date>2019-08-28T11:17:15</date>
  <millis>1566965835923</millis>
  <sequence>68</sequence>
  <level>END</level>
  <class>com.kms.katalon.core.logging.XmlKeywordLogger</class>
  <method>endKeyword</method>
  <thread>1</thread>
  <message>End End action : User swipe right to left</message>
  <nestedLevel>2</nestedLevel>
</record>
<record>
  <date>2019-08-28T11:17:15</date>
  <millis>1566965835923</millis>
  <sequence>69</sequence>
  <level>START</level>
  <class>com.kms.katalon.core.logging.XmlKeywordLogger</class>
  <method>startKeyword</method>
  <thread>1</thread>
  <message>Start action : User see tab wallet</message>
  <nestedLevel>2</nestedLevel>
</record>
<record>
  <date>2019-08-28T11:17:18</date>
  <millis>1566965838756</millis>
  <sequence>73</sequence>
  <level>PASSED</level>
  <class>com.kms.katalon.core.logging.XmlKeywordLogger</class>
  <method>logMessage</method>
  <thread>1</thread>
  <message>Text of element &amp;apos;Object Repository/Driver Apps V2/txt_walletMenu&amp;apos; is: &amp;apos;Fitur Wallet Belum Aktif&amp;apos;</message>
  <nestedLevel>2</nestedLevel>
</record>
<record>
  <date>2019-08-28T11:17:18</date>
  <millis>1566965838758</millis>
  <sequence>74</sequence>
  <level>PASSED</level>
  <class>com.kms.katalon.core.logging.XmlKeywordLogger</class>
  <method>logMessage</method>
  <thread>1</thread>
  <message>User see tab wallet</message>
  <nestedLevel>2</nestedLevel>
</record>
<record>
  <date>2019-08-28T11:17:18</date>
  <millis>1566965838758</millis>
  <sequence>75</sequence>
  <level>END</level>
  <class>com.kms.katalon.core.logging.XmlKeywordLogger</class>
  <method>endKeyword</method>
  <thread>1</thread>
  <message>End End action : User see tab wallet</message>
  <nestedLevel>2</nestedLevel>
</record>
<record>
  <date>2019-08-28T11:17:18</date>
  <millis>1566965838769</millis>
  <sequence>76</sequence>
  <level>PASSED</level>
  <class>com.kms.katalon.core.logging.XmlKeywordLogger</class>
  <method>logMessage</method>
  <thread>1</thread>
  <message>SCENARIO Login Drivers</message>
  <nestedLevel>2</nestedLevel>
</record>
<record>
  <date>2019-08-28T11:17:18</date>
  <millis>1566965838771</millis>
  <sequence>77</sequence>
  <level>END</level>
  <class>com.kms.katalon.core.logging.XmlKeywordLogger</class>
  <method>endTest</method>
  <thread>1</thread>
  <message>End Test Case : SCENARIO Login Drivers</message>
  <nestedLevel>1</nestedLevel>
</record>
<record>
  <date>2019-08-28T11:17:18</date>
  <millis>1566965838821</millis>
  <sequence>78</sequence>
  <level>PASSED</level>
  <class>com.kms.katalon.core.logging.XmlKeywordLogger</class>
  <method>logMessage</method>
  <thread>1</thread>
  <message>Feature file: &amp;apos;Include/features/Mobile/Drivers V2/Login/LoginDrivers.feature&amp;apos; was passed</message>
  <nestedLevel>1</nestedLevel>
</record>
<record>
  <date>2019-08-28T11:17:18</date>
  <millis>1566965838821</millis>
  <sequence>79</sequence>
  <level>END</level>
  <class>com.kms.katalon.core.logging.XmlKeywordLogger</class>
  <method>endKeyword</method>
  <thread>1</thread>
  <message>End action : runFeatureFile(\&amp;quot;Include/features/Mobile/Drivers V2/Login/LoginDrivers.feature\&amp;quot;, STOP_ON_FAILURE)</message>
  <nestedLevel>1</nestedLevel>
</record>
<record>
  <date>2019-08-28T11:17:18</date>
  <millis>1566965838821</millis>
  <sequence>80</sequence>
  <level>PASSED</level>
  <class>com.kms.katalon.core.logging.XmlKeywordLogger</class>
  <method>logMessage</method>
  <thread>1</thread>
  <message>Test Cases/Mobile Drivers/Login/Login Drivers</message>
  <nestedLevel>1</nestedLevel>
</record>
<record>
  <date>2019-08-28T11:17:18</date>
  <millis>1566965838822</millis>
  <sequence>81</sequence>
  <level>START</level>
  <class>com.kms.katalon.core.logging.XmlKeywordLogger</class>
  <method>startKeyword</method>
  <thread>1</thread>
  <message>Start tear down : tearDownTestCase</message>
  <nestedLevel>1</nestedLevel>
  <property name="isIgnoredIfFailed">true</property>
</record>
<record>
  <date>2019-08-28T11:17:18</date>
  <millis>1566965838946</millis>
  <sequence>82</sequence>
  <level>START</level>
  <class>com.kms.katalon.core.logging.XmlKeywordLogger</class>
  <method>startKeyword</method>
  <thread>1</thread>
  <message>Start action : closeApplication()</message>
  <nestedLevel>1</nestedLevel>
  <property name="startLine">60</property>
  <property name="stepIndex">1</property>
</record>
<record>
  <date>2019-08-28T11:17:19</date>
  <millis>1566965839249</millis>
  <sequence>83</sequence>
  <level>PASSED</level>
  <class>com.kms.katalon.core.logging.XmlKeywordLogger</class>
  <method>logMessage</method>
  <thread>1</thread>
  <message>Close app successfully</message>
  <nestedLevel>1</nestedLevel>
</record>
<record>
  <date>2019-08-28T11:17:19</date>
  <millis>1566965839249</millis>
  <sequence>84</sequence>
  <level>END</level>
  <class>com.kms.katalon.core.logging.XmlKeywordLogger</class>
  <method>endKeyword</method>
  <thread>1</thread>
  <message>End action : closeApplication()</message>
  <nestedLevel>1</nestedLevel>
</record>
<record>
  <date>2019-08-28T11:17:19</date>
  <millis>1566965839249</millis>
  <sequence>85</sequence>
  <level>PASSED</level>
  <class>com.kms.katalon.core.logging.XmlKeywordLogger</class>
  <method>logMessage</method>
  <thread>1</thread>
  <message>Method &amp;apos;tearDownTestCase&amp;apos; complete successfully</message>
  <nestedLevel>1</nestedLevel>
</record>
<record>
  <date>2019-08-28T11:17:19</date>
  <millis>1566965839250</millis>
  <sequence>86</sequence>
  <level>END</level>
  <class>com.kms.katalon.core.logging.XmlKeywordLogger</class>
  <method>endKeyword</method>
  <thread>1</thread>
  <message>End End action : tearDownTestCase</message>
  <nestedLevel>1</nestedLevel>
</record>
<record>
  <date>2019-08-28T11:17:19</date>
  <millis>1566965839250</millis>
  <sequence>87</sequence>
  <level>END</level>
  <class>com.kms.katalon.core.logging.XmlKeywordLogger</class>
  <method>endTest</method>
  <thread>1</thread>
  <message>End Test Case : Test Cases/Mobile Drivers/Login/Login Drivers</message>
  <nestedLevel>0</nestedLevel>
</record>
<record>
  <date>2019-08-28T11:17:19</date>
  <millis>1566965839252</millis>
  <sequence>88</sequence>
  <level>START</level>
  <class>com.kms.katalon.core.logging.XmlKeywordLogger</class>
  <method>startKeyword</method>
  <thread>1</thread>
  <message>Start listener action : exportKatalonReports</message>
  <nestedLevel>0</nestedLevel>
</record>
<record>
  <date>2019-08-28T11:17:19</date>
  <millis>1566965839411</millis>
  <sequence>222</sequence>
  <level>INFO</level>
  <class>com.kms.katalon.core.logging.XmlKeywordLogger</class>
  <method>logMessage</method>
  <thread>1</thread>
  <message>Start generating HTML report folder at: /home/jarwo/Katalon Studio/Ritase Automation Testing/Reports/3.0/Driver V2/Check login and swipe button/20190828_111616...</message>
  <nestedLevel>0</nestedLevel>
</record>
<record>
  <date>2019-08-28T11:17:19</date>
  <millis>1566965839420</millis>
  <sequence>223</sequence>
  <level>INFO</level>
  <class>com.kms.katalon.core.logging.XmlKeywordLogger</class>
  <method>logMessage</method>
  <thread>1</thread>
  <message>HTML report generated</message>
  <nestedLevel>0</nestedLevel>
</record>
<record>
  <date>2019-08-28T11:17:19</date>
  <millis>1566965839420</millis>
  <sequence>224</sequence>
  <level>INFO</level>
  <class>com.kms.katalon.core.logging.XmlKeywordLogger</class>
  <method>logMessage</method>
  <thread>1</thread>
  <message>Start generating CSV report folder at: /home/jarwo/Katalon Studio/Ritase Automation Testing/Reports/3.0/Driver V2/Check login and swipe button/20190828_111616...</message>
  <nestedLevel>0</nestedLevel>
</record>
<record>
  <date>2019-08-28T11:17:19</date>
  <millis>1566965839428</millis>
  <sequence>225</sequence>
  <level>INFO</level>
  <class>com.kms.katalon.core.logging.XmlKeywordLogger</class>
  <method>logMessage</method>
  <thread>1</thread>
  <message>CSV report generated</message>
  <nestedLevel>0</nestedLevel>
</record>
<record>
  <date>2019-08-28T11:17:19</date>
  <millis>1566965839428</millis>
  <sequence>226</sequence>
  <level>INFO</level>
  <class>com.kms.katalon.core.logging.XmlKeywordLogger</class>
  <method>logMessage</method>
  <thread>1</thread>
  <message>Start generating JUnit report folder at: /home/jarwo/Katalon Studio/Ritase Automation Testing/Reports/3.0/Driver V2/Check login and swipe button/20190828_111616...</message>
  <nestedLevel>0</nestedLevel>
</record>
<record>
  <date>2019-08-28T11:17:19</date>
  <millis>1566965839519</millis>
  <sequence>227</sequence>
  <level>INFO</level>
  <class>com.kms.katalon.core.logging.XmlKeywordLogger</class>
  <method>logMessage</method>
  <thread>1</thread>
  <message>JUnit report generated</message>
  <nestedLevel>0</nestedLevel>
</record>
<record>
  <date>2019-08-28T11:17:19</date>
  <millis>1566965839520</millis>
  <sequence>229</sequence>
  <level>END</level>
  <class>com.kms.katalon.core.logging.XmlKeywordLogger</class>
  <method>endKeyword</method>
  <thread>1</thread>
  <message>End listener action : exportKatalonReports</message>
  <nestedLevel>0</nestedLevel>
</record>
<record>
  <date>2019-08-28T11:17:19</date>
  <millis>1566965839524</millis>
  <sequence>230</sequence>
  <level>END</level>
  <class>com.kms.katalon.core.logging.XmlKeywordLogger</class>
  <method>endSuite</method>
  <thread>1</thread>
  <message>End Test Suite : Test Suites/3.0/Driver V2/Check login and swipe button</message>
  <nestedLevel>0</nestedLevel>
</record>
</log>