[35m[Appium][39m Welcome to Appium v1.14.1
[35m[Appium][39m Non-default server args:
[35m[Appium][39m   port: 45973
[35m[Appium][39m   chromeDriverPort: 42559
[35m[Appium][39m   tmpDir: /tmp/Katalon/Appium/Temp1566880788904
[35m[Appium][39m Appium REST http interface listener started on 0.0.0.0:45973
[35m[HTTP][39m [37m-->[39m [37mGET[39m [37m/wd/hub/status[39m
[35m[HTTP][39m [90m{}[39m
[debug] [35m[GENERIC][39m Calling AppiumDriver.getStatus() with args: []
[debug] [35m[GENERIC][39m Responding to client with driver.getStatus() result: {"build":{"version":"1.14.1"}}
[35m[HTTP][39m [37m<-- GET /wd/hub/status [39m[32m200[39m [90m9 ms - 68[39m
[35m[HTTP][39m [90m[39m
[35m[HTTP][39m [37m-->[39m [37mPOST[39m [37m/wd/hub/session[39m
[35m[HTTP][39m [90m{"desiredCapabilities":{"app":"/home/jarwo/Katalon Studio/Ritase Automation Testing/APK/stg-driver.apk","noReset":true,"newCommandTimeout":1800,"platformVersion":"8.1.0","automationName":"uiautomator2","autoGrantPermissions":true,"platformName":"Android","udid":"f24006487d26","deviceName":"Xiaomi Redmi 6A (Android 8.1.0)","fullReset":false,"platform":"ANDROID"},"capabilities":{"firstMatch":[{"appium:app":"/home/jarwo/Katalon Studio/Ritase Automation Testing/APK/stg-driver.apk","appium:autoGrantPermissions":true,"appium:automationName":"uiautomator2","appium:deviceName":"Xiaomi Redmi 6A (Android 8.1.0)","appium:fullReset":false,"appium:newCommandTimeout":1800,"appium:noReset":true,"platform":"ANDROID","platformName":"android","appium:platformVersion":"8.1.0","appium:udid":"f24006487d26"}]}}[39m
[debug] [35m[W3C][39m Calling AppiumDriver.createSession() with args: [{"app":"/home/jarwo/Katalon Studio/Ritase Automation Testing/APK/stg-driver.apk","noReset":true,"newCommandTimeout":1800,"platformVersion":"8.1.0","automationName":"uiautomator2","autoGrantPermissions":true,"platformName":"Android","udid":"f24006487d26","deviceName":"Xiaomi Redmi 6A (Android 8.1.0)","fullReset":false,"platform":"ANDROID"},null,{"firstMatch":[{"appium:app":"/home/jarwo/Katalon Studio/Ritase Automation Testing/APK/stg-driver.apk","appium:autoGrantPermissions":true,"appium:automationName":"uiautomator2","appium:deviceName":"Xiaomi Redmi 6A (Android 8.1.0)","appium:fullReset":false,"appium:newCommandTimeout":1800,"appium:noReset":true,"platform":"ANDROID","platformName":"android","appium:platformVersion":"8.1.0","appium:udid":"f24006487d26"}]}]
[debug] [35m[BaseDriver][39m Event 'newSessionRequested' logged at 1566880790030 (11:39:50 GMT+0700 (Western Indonesia Time))
[35m[BaseDriver][39m The capabilities ["platform"] are not standard capabilities and should have an extension prefix
[35m[Appium][39m Appium v1.14.1 creating new AndroidUiautomator2Driver (v1.33.1) session
[35m[Appium][39m Capabilities:
[35m[Appium][39m   platform: ANDROID
[35m[Appium][39m   platformName: android
[35m[Appium][39m   app: /home/jarwo/Katalon Studio/Ritase Automation Testing/APK/stg-driver.apk
[35m[Appium][39m   autoGrantPermissions: true
[35m[Appium][39m   automationName: uiautomator2
[35m[Appium][39m   deviceName: Xiaomi Redmi 6A (Android 8.1.0)
[35m[Appium][39m   fullReset: false
[35m[Appium][39m   newCommandTimeout: 1800
[35m[Appium][39m   noReset: true
[35m[Appium][39m   platformVersion: 8.1.0
[35m[Appium][39m   udid: f24006487d26
[debug] [35m[BaseDriver][39m W3C capabilities {"alwaysMatch":{"appium:pla... and MJSONWP desired capabilities {"app":"/home/jarwo/Katalon... were provided
[debug] [35m[BaseDriver][39m Creating session with W3C capabilities: {"alwaysMatch":{"appium:pla...
[35m[BaseDriver][39m The following capabilities were provided, but are not recognized by appium: platform.
[35m[BaseDriver][39m Session created with session id: 89418076-fd4c-4faa-b0f7-a57a05a50110
[35m[BaseDriver][39m Using local app '/home/jarwo/Katalon Studio/Ritase Automation Testing/APK/stg-driver.apk'
[debug] [35m[UiAutomator2][39m Checking whether app is actually present
[35m[ADB][39m Found 1 'build-tools' folders under '/home/jarwo/.katalon/tools/android_sdk' (newest first):
[35m[ADB][39m     /home/jarwo/.katalon/tools/android_sdk/build-tools/29.0.1
[35m[ADB][39m Using 'adb' from '/home/jarwo/.katalon/tools/android_sdk/platform-tools/adb'
[35m[AndroidDriver][39m Retrieving device list
[debug] [35m[ADB][39m Trying to find a connected android device
[debug] [35m[ADB][39m Getting connected devices...
[debug] [35m[ADB][39m 1 device(s) connected
[35m[AndroidDriver][39m Using device: f24006487d26
[35m[ADB][39m Using 'adb' from '/home/jarwo/.katalon/tools/android_sdk/platform-tools/adb'
[debug] [35m[ADB][39m Setting device id to f24006487d26
[debug] [35m[ADB][39m Running '/home/jarwo/.katalon/tools/android_sdk/platform-tools/adb -P 5037 -s f24006487d26 shell getprop ro.build.version.sdk'
[debug] [35m[ADB][39m Current device property 'ro.build.version.sdk': 27
[debug] [35m[ADB][39m Device API level: 27
[debug] [35m[AndroidDriver][39m Parsing package and activity from app manifest
[35m[ADB][39m Using 'apkanalyzer' from '/home/jarwo/.katalon/tools/android_sdk/tools/bin/apkanalyzer'
[debug] [35m[ADB][39m Starting '/home/jarwo/.katalon/tools/android_sdk/tools/bin/apkanalyzer' with args ["-h","manifest","print","/home/jarwo/Katalon Studio/Ritase Automation Testing/APK/stg-driver.apk"]
[35m[ADB][39m Using the alternative activity name detection method because of: Command '/home/jarwo/.katalon/tools/android_sdk/tools/bin/apkanalyzer -h manifest print '/home/jarwo/Katalon Studio/Ritase Automation Testing/APK/stg-driver.apk'' exited with code 1
[35m[ADB][39m Using 'aapt' from '/home/jarwo/.katalon/tools/android_sdk/build-tools/29.0.1/aapt'
[35m[ADB][39m Extracting package and launch activity from manifest
[35m[ADB][39m Package name: 'com.ritase.driver.staging'
[35m[ADB][39m Main activity name: 'com.ritase.driver.activity.SplashActivity'
[debug] [35m[AndroidDriver][39m Parsed package and activity are: com.ritase.driver.staging/com.ritase.driver.activity.SplashActivity
[debug] [35m[ADB][39m Running '/home/jarwo/.katalon/tools/android_sdk/platform-tools/adb -P 5037 -s f24006487d26 wait-for-device'
[debug] [35m[ADB][39m Running '/home/jarwo/.katalon/tools/android_sdk/platform-tools/adb -P 5037 -s f24006487d26 shell echo ping'
[debug] [35m[AndroidDriver][39m Pushing settings apk to device...
[debug] [35m[ADB][39m Getting install status for io.appium.settings
[debug] [35m[ADB][39m Running '/home/jarwo/.katalon/tools/android_sdk/platform-tools/adb -P 5037 -s f24006487d26 shell dumpsys package io.appium.settings'
[debug] [35m[ADB][39m 'io.appium.settings' is installed
[debug] [35m[ADB][39m Getting package info for 'io.appium.settings'
[debug] [35m[ADB][39m Running '/home/jarwo/.katalon/tools/android_sdk/platform-tools/adb -P 5037 -s f24006487d26 shell dumpsys package io.appium.settings'
[debug] [35m[ADB][39m The version code of the installed 'io.appium.settings' is greater than the application version code (18 > 17)
[debug] [35m[ADB][39m There is no need to install/upgrade '/home/jarwo/.nvm/versions/node/v12.5.0/lib/node_modules/appium/node_modules/io.appium.settings/apks/settings_apk-debug.apk'
[debug] [35m[ADB][39m Getting IDs of all 'io.appium.settings' processes
[debug] [35m[ADB][39m Running '/home/jarwo/.katalon/tools/android_sdk/platform-tools/adb -P 5037 -s f24006487d26 shell 'pgrep --help; echo $?''
[debug] [35m[ADB][39m Running '/home/jarwo/.katalon/tools/android_sdk/platform-tools/adb -P 5037 -s f24006487d26 shell pgrep -f io\\.appium\\.settings'
[debug] [35m[AndroidDriver][39m io.appium.settings is already running. There is no need to reset its permissions.
[debug] [35m[ADB][39m Running '/home/jarwo/.katalon/tools/android_sdk/platform-tools/adb -P 5037 -s f24006487d26 shell appops set io.appium.settings android\:mock_location allow'
[debug] [35m[Logcat][39m Starting logcat capture
[debug] [35m[ADB][39m Getting install status for io.appium.uiautomator2.server
[debug] [35m[ADB][39m Running '/home/jarwo/.katalon/tools/android_sdk/platform-tools/adb -P 5037 -s f24006487d26 shell dumpsys package io.appium.uiautomator2.server'
[debug] [35m[ADB][39m 'io.appium.uiautomator2.server' is installed
[debug] [35m[ADB][39m Getting package info for 'io.appium.uiautomator2.server'
[debug] [35m[ADB][39m Running '/home/jarwo/.katalon/tools/android_sdk/platform-tools/adb -P 5037 -s f24006487d26 shell dumpsys package io.appium.uiautomator2.server'
[debug] [35m[ADB][39m The version name of the installed 'io.appium.uiautomator2.server' is greater or equal to the application version name ('3.5.1' >= '3.5.1')
[debug] [35m[UiAutomator2][39m io.appium.uiautomator2.server installation state: sameVersionInstalled
[debug] [35m[ADB][39m Checking app cert for /home/jarwo/.nvm/versions/node/v12.5.0/lib/node_modules/appium/node_modules/appium-uiautomator2-server/apks/appium-uiautomator2-server-v3.5.1.apk
[35m[ADB][39m Using 'apksigner' from '/home/jarwo/.katalon/tools/android_sdk/build-tools/29.0.1/apksigner'
[debug] [35m[ADB][39m Starting '/home/jarwo/.katalon/tools/android_sdk/build-tools/29.0.1/apksigner' with args '["verify","--print-certs","/home/jarwo/.nvm/versions/node/v12.5.0/lib/node_modules/appium/node_modules/appium-uiautomator2-server/apks/appium-uiautomator2-server-v3.5.1.apk"]'
[debug] [35m[ADB][39m apksigner stdout: Signer #1 certificate DN: EMAILADDRESS=android@android.com, CN=Android, OU=Android, O=Android, L=Mountain View, ST=California, C=US
[debug] [35m[ADB][39m Signer #1 certificate SHA-256 digest: a40da80a59d170caa950cf15c18c454d47a39b26989d8b640ecd745ba71bf5dc
[debug] [35m[ADB][39m Signer #1 certificate SHA-1 digest: 61ed377e85d386a8dfee6b864bd85b0bfaa5af81
[debug] [35m[ADB][39m Signer #1 certificate MD5 digest: e89b158e4bcf988ebd09eb83f5378e87
[debug] [35m[ADB][39m 
[debug] [35m[ADB][39m '/home/jarwo/.nvm/versions/node/v12.5.0/lib/node_modules/appium/node_modules/appium-uiautomator2-server/apks/appium-uiautomator2-server-v3.5.1.apk' is already signed.
[debug] [35m[ADB][39m Getting install status for io.appium.uiautomator2.server.test
[debug] [35m[ADB][39m Running '/home/jarwo/.katalon/tools/android_sdk/platform-tools/adb -P 5037 -s f24006487d26 shell dumpsys package io.appium.uiautomator2.server.test'
[debug] [35m[ADB][39m 'io.appium.uiautomator2.server.test' is installed
[debug] [35m[ADB][39m Checking app cert for /home/jarwo/.nvm/versions/node/v12.5.0/lib/node_modules/appium/node_modules/appium-uiautomator2-server/apks/appium-uiautomator2-server-debug-androidTest.apk
[debug] [35m[ADB][39m Starting '/home/jarwo/.katalon/tools/android_sdk/build-tools/29.0.1/apksigner' with args '["verify","--print-certs","/home/jarwo/.nvm/versions/node/v12.5.0/lib/node_modules/appium/node_modules/appium-uiautomator2-server/apks/appium-uiautomator2-server-debug-androidTest.apk"]'
[debug] [35m[ADB][39m apksigner stdout: Signer #1 certificate DN: EMAILADDRESS=android@android.com, CN=Android, OU=Android, O=Android, L=Mountain View, ST=California, C=US
[debug] [35m[ADB][39m Signer #1 certificate SHA-256 digest: a40da80a59d170caa950cf15c18c454d47a39b26989d8b640ecd745ba71bf5dc
[debug] [35m[ADB][39m Signer #1 certificate SHA-1 digest: 61ed377e85d386a8dfee6b864bd85b0bfaa5af81
[debug] [35m[ADB][39m Signer #1 certificate MD5 digest: e89b158e4bcf988ebd09eb83f5378e87
[debug] [35m[ADB][39m 
[debug] [35m[ADB][39m '/home/jarwo/.nvm/versions/node/v12.5.0/lib/node_modules/appium/node_modules/appium-uiautomator2-server/apks/appium-uiautomator2-server-debug-androidTest.apk' is already signed.
[35m[UiAutomator2][39m Server packages are not going to be (re)installed
[debug] [35m[UiAutomator2][39m Waiting up to 30000ms for services to be available
[debug] [35m[ADB][39m Running '/home/jarwo/.katalon/tools/android_sdk/platform-tools/adb -P 5037 -s f24006487d26 shell pm list instrumentation'
[debug] [35m[UiAutomator2][39m Instrumentation target 'io.appium.uiautomator2.server.test/androidx.test.runner.AndroidJUnitRunner' is available
[debug] [35m[UiAutomator2][39m Forwarding UiAutomator2 Server port 6790 to 8201
[debug] [35m[ADB][39m Forwarding system: 8201 to device: 6790
[debug] [35m[ADB][39m Running '/home/jarwo/.katalon/tools/android_sdk/platform-tools/adb -P 5037 -s f24006487d26 forward tcp\:8201 tcp\:6790'
[debug] [35m[ADB][39m Checking app cert for /home/jarwo/Katalon Studio/Ritase Automation Testing/APK/stg-driver.apk
[debug] [35m[ADB][39m Starting '/home/jarwo/.katalon/tools/android_sdk/build-tools/29.0.1/apksigner' with args '["verify","--print-certs","/home/jarwo/Katalon Studio/Ritase Automation Testing/APK/stg-driver.apk"]'
[debug] [35m[ADB][39m apksigner stdout: Signer #1 certificate DN: EMAILADDRESS=android@android.com, CN=Android, OU=Android, O=Android, L=Mountain View, ST=California, C=US
[debug] [35m[ADB][39m Signer #1 certificate SHA-256 digest: a40da80a59d170caa950cf15c18c454d47a39b26989d8b640ecd745ba71bf5dc
[debug] [35m[ADB][39m Signer #1 certificate SHA-1 digest: 61ed377e85d386a8dfee6b864bd85b0bfaa5af81
[debug] [35m[ADB][39m Signer #1 certificate MD5 digest: e89b158e4bcf988ebd09eb83f5378e87
[debug] [35m[ADB][39m 
[debug] [35m[ADB][39m '/home/jarwo/Katalon Studio/Ritase Automation Testing/APK/stg-driver.apk' is already signed.
[debug] [35m[ADB][39m Getting install status for com.ritase.driver.staging
[debug] [35m[ADB][39m Running '/home/jarwo/.katalon/tools/android_sdk/platform-tools/adb -P 5037 -s f24006487d26 shell dumpsys package com.ritase.driver.staging'
[debug] [35m[ADB][39m 'com.ritase.driver.staging' is installed
[debug] [35m[ADB][39m Getting package info for 'com.ritase.driver.staging'
[debug] [35m[ADB][39m Running '/home/jarwo/.katalon/tools/android_sdk/platform-tools/adb -P 5037 -s f24006487d26 shell dumpsys package com.ritase.driver.staging'
[debug] [35m[ADB][39m The version name of the installed 'com.ritase.driver.staging' is greater or equal to the application version name ('2.0.0' >= '2.0.0')
[debug] [35m[ADB][39m There is no need to install/upgrade '/home/jarwo/Katalon Studio/Ritase Automation Testing/APK/stg-driver.apk'
[debug] [35m[UiAutomator2][39m Performing shallow cleanup of automation leftovers
[debug] [35m[UiAutomator2][39m No obsolete sessions have been detected (Error: socket hang up)
[debug] [35m[ADB][39m Running '/home/jarwo/.katalon/tools/android_sdk/platform-tools/adb -P 5037 -s f24006487d26 shell am force-stop io.appium.uiautomator2.server.test'
[35m[UiAutomator2][39m Starting UIAutomator2 server 3.5.1
[35m[UiAutomator2][39m Using UIAutomator2 server from '/home/jarwo/.nvm/versions/node/v12.5.0/lib/node_modules/appium/node_modules/appium-uiautomator2-server/apks/appium-uiautomator2-server-v3.5.1.apk' and test from '/home/jarwo/.nvm/versions/node/v12.5.0/lib/node_modules/appium/node_modules/appium-uiautomator2-server/apks/appium-uiautomator2-server-debug-androidTest.apk'
[35m[UiAutomator2][39m Waiting up to 30000ms for UiAutomator2 to be online...
[debug] [35m[ADB][39m Creating ADB subprocess with args: ["-P",5037,"-s","f24006487d26","shell","am","instrument","-w","io.appium.uiautomator2.server.test/androidx.test.runner.AndroidJUnitRunner"]
[debug] [35m[WD Proxy][39m Matched '/status' to command name 'getStatus'
[debug] [35m[WD Proxy][39m Proxying [GET /status] to [GET http://localhost:8201/wd/hub/status] with no body
[35m[WD Proxy][39m Got an unexpected response: {"code":"ECONNRESET"}
[debug] [35m[WD Proxy][39m Matched '/status' to command name 'getStatus'
[debug] [35m[WD Proxy][39m Proxying [GET /status] to [GET http://localhost:8201/wd/hub/status] with no body
[35m[WD Proxy][39m Got an unexpected response: {"code":"ECONNRESET"}
[debug] [35m[Instrumentation][39m io.appium.uiautomator2.server.test.AppiumUiAutomator2Server:
[debug] [35m[WD Proxy][39m Matched '/status' to command name 'getStatus'
[debug] [35m[WD Proxy][39m Proxying [GET /status] to [GET http://localhost:8201/wd/hub/status] with no body
[35m[WD Proxy][39m Got an unexpected response: {"code":"ECONNRESET"}
[debug] [35m[WD Proxy][39m Matched '/status' to command name 'getStatus'
[debug] [35m[WD Proxy][39m Proxying [GET /status] to [GET http://localhost:8201/wd/hub/status] with no body
[debug] [35m[WD Proxy][39m Got response with status 200: "{\"sessionId\":\"None\",\"status\":0,\"value\":\"Status Invoked\"}"
[debug] [35m[WD Proxy][39m Determined that the downstream protocol for proxy is MJSONWP
[debug] [35m[UiAutomator2][39m The initialization of the instrumentation process took 4269ms
[debug] [35m[WD Proxy][39m Matched '/session' to command name 'createSession'
[debug] [35m[WD Proxy][39m Proxying [POST /session] to [POST http://localhost:8201/wd/hub/session] with body: {"desiredCapabilities":{"platform":"ANDROID","webStorageEnabled":false,"takesScreenshot":true,"javascriptEnabled":true,"databaseEnabled":false,"networkConnectionEnabled":true,"locationContextEnabled":false,"warnings":{},"desired":{"platformName":"android","platform":"ANDROID","app":"/home/jarwo/Katalon Studio/Ritase Automation Testing/APK/stg-driver.apk","autoGrantPermissions":true,"automationName":"uiautomator2","deviceName":"Xiaomi Redmi 6A (Android 8.1.0)","fullReset":false,"newCommandTimeout":1800,"noReset":true,"platformVersion":"8.1.0","udid":"f24006487d26"},"platformName":"android","app":"/home/jarwo/Katalon Studio/Ritase Automation Testing/APK/stg-driver.apk","autoGrantPermissions":true,"automationName":"uiautomator2","deviceName":"f24006487d26","fullReset":false,"newCommandTimeout":1800,"noReset":true,"platformVersion":"8.1.0","udid":"f24006487d26","deviceUDID":"f24006487d26","appPackage":"com.ritase.driver.staging"}}
[debug] [35m[WD Proxy][39m Got response with status 200: {"sessionId":"bfdebaa0-99bb-4453-bc84-fa7ce4577d1f","status":0,"value":"Created Session"}
[debug] [35m[WD Proxy][39m Proxying [GET /appium/device/info] to [GET http://localhost:8201/wd/hub/session/bfdebaa0-99bb-4453-bc84-fa7ce4577d1f/appium/device/info] with no body
[debug] [35m[WD Proxy][39m Got response with status 200: "{\"sessionId\":\"bfdebaa0-99bb-4453-bc84-fa7ce4577d1f\",\"status\":0,\"value\":{\"androidId\":\"077f3bd29a889ea0\",\"manufacturer\":\"Xiaomi\",\"model\":\"Redmi 6A\",\"brand\":\"xiaomi\",\"apiVersion\":\"27\",\"platformVersion\":\"8.1.0\",\"carrierName\":\"\",\"realDisplaySize\":\"720x1440\",\"displayDensity\":320,\"networks\":[{\"type\":1,\"typeName\":\"WIFI\",\"subtype\":0,\"subtypeName\":\"\",\"isConnected\":true,\"detailedState\":\"CONNECTED\",\"state\":\"CONNECTED\",\"extraInfo\":\"\\\"CoHive Wi-Fi Access\\\"\",\"isAvailable\":true,\"isFailover\":false,\"isRoaming\":false,\"capabilities\":{\"transportTypes\":\"NET_CAPABILITY_SUPL\",\"networkCapabilities\":\"\",\"linkUpstreamBandwidthKbps\":1048576,\"linkDownBandwidthKbps\":1048576,\"signalStrength\":-55,\"networkSpecifier\":null,\"SSID\":null}}]}}"
[debug] [35m[ADB][39m Running '/home/jarwo/.katalon/tools/android_sdk/platform-tools/adb -P 5037 -s f24006487d26 shell dumpsys window'
[35m[AndroidDriver][39m Screen already unlocked, doing nothing
[35m[UiAutomator2][39m UiAutomator2 did not start the activity we were waiting for, 'com.ritase.driver.staging/com.ritase.driver.activity.SplashActivity'. Starting it ourselves
[debug] [35m[ADB][39m Running '/home/jarwo/.katalon/tools/android_sdk/platform-tools/adb -P 5037 -s f24006487d26 shell am start -W -n com.ritase.driver.staging/com.ritase.driver.activity.SplashActivity -S -a android.intent.action.MAIN -c android.intent.category.LAUNCHER -f 0x10200000'
[debug] [35m[ADB][39m Waiting up to 20000ms for activity matching pkg: 'com.ritase.driver.staging' and activity: 'com.ritase.driver.activity.SplashActivity' to be focused
[debug] [35m[ADB][39m Possible activities, to be checked: 'com.ritase.driver.activity.SplashActivity', 'com.ritase.driver.staging.com.ritase.driver.activity.SplashActivity'
[debug] [35m[ADB][39m Getting focused package and activity
[debug] [35m[ADB][39m Running '/home/jarwo/.katalon/tools/android_sdk/platform-tools/adb -P 5037 -s f24006487d26 shell dumpsys window windows'
[debug] [35m[ADB][39m Found package: 'com.ritase.driver.staging' and fully qualified activity name : 'com.ritase.driver.activity.SplashActivity'
[debug] [35m[WD Proxy][39m Proxying [GET /appium/device/pixel_ratio] to [GET http://localhost:8201/wd/hub/session/bfdebaa0-99bb-4453-bc84-fa7ce4577d1f/appium/device/pixel_ratio] with body: {}
[debug] [35m[WD Proxy][39m Got response with status 200: "{\"sessionId\":\"bfdebaa0-99bb-4453-bc84-fa7ce4577d1f\",\"status\":0,\"value\":2}"
[debug] [35m[WD Proxy][39m Matched '/appium/device/system_bars' to command name 'getSystemBars'
[debug] [35m[WD Proxy][39m Proxying [GET /appium/device/system_bars] to [GET http://localhost:8201/wd/hub/session/bfdebaa0-99bb-4453-bc84-fa7ce4577d1f/appium/device/system_bars] with body: {}
[debug] [35m[WD Proxy][39m Got response with status 200: "{\"sessionId\":\"bfdebaa0-99bb-4453-bc84-fa7ce4577d1f\",\"status\":0,\"value\":{\"statusBar\":50}}"
[debug] [35m[WD Proxy][39m Matched '/window/current/size' to command name 'getWindowSize'
[debug] [35m[WD Proxy][39m Proxying [GET /window/current/size] to [GET http://localhost:8201/wd/hub/session/bfdebaa0-99bb-4453-bc84-fa7ce4577d1f/window/current/size] with body: {}
[debug] [35m[WD Proxy][39m Got response with status 200: "{\"sessionId\":\"bfdebaa0-99bb-4453-bc84-fa7ce4577d1f\",\"status\":0,\"value\":{\"height\":1344,\"width\":720}}"
[35m[Appium][39m New AndroidUiautomator2Driver session created successfully, session 89418076-fd4c-4faa-b0f7-a57a05a50110 added to master session list
[debug] [35m[BaseDriver][39m Event 'newSessionStarted' logged at 1566880802285 (11:40:02 GMT+0700 (Western Indonesia Time))
[debug] [35m[W3C (89418076)][39m Cached the protocol value 'W3C' for the new session 89418076-fd4c-4faa-b0f7-a57a05a50110
[debug] [35m[W3C (89418076)][39m Responding to client with driver.createSession() result: {"capabilities":{"platform":"ANDROID","webStorageEnabled":false,"takesScreenshot":true,"javascriptEnabled":true,"databaseEnabled":false,"networkConnectionEnabled":true,"locationContextEnabled":false,"warnings":{},"desired":{"platformName":"android","platform":"ANDROID","app":"/home/jarwo/Katalon Studio/Ritase Automation Testing/APK/stg-driver.apk","autoGrantPermissions":true,"automationName":"uiautomator2","deviceName":"Xiaomi Redmi 6A (Android 8.1.0)","fullReset":false,"newCommandTimeout":1800,"noReset":true,"platformVersion":"8.1.0","udid":"f24006487d26"},"platformName":"android","app":"/home/jarwo/Katalon Studio/Ritase Automation Testing/APK/stg-driver.apk","autoGrantPermissions":true,"automationName":"uiautomator2","deviceName":"f24006487d26","fullReset":false,"newCommandTimeout":1800,"noReset":true,"platformVersion":"8.1.0","udid":"f24006487d26","deviceUDID":"f24006487d26","appPackage":"com.ritase.driver.staging","deviceApiLevel":27,"deviceScreenSize":"720x1440","deviceScreenDensity":320,"deviceModel"...
[35m[HTTP][39m [37m<-- POST /wd/hub/session [39m[32m200[39m [90m12259 ms - 1220[39m
[35m[HTTP][39m [90m[39m
[35m[HTTP][39m [37m-->[39m [37mGET[39m [37m/wd/hub/session/89418076-fd4c-4faa-b0f7-a57a05a50110[39m
[35m[HTTP][39m [90m{}[39m
[debug] [35m[W3C (89418076)][39m Calling AppiumDriver.getSession() with args: ["89418076-fd4c-4faa-b0f7-a57a05a50110"]
[debug] [35m[UiAutomator2][39m Getting session details from server to mix in
[debug] [35m[WD Proxy][39m Matched '/' to command name 'getSession'
[debug] [35m[WD Proxy][39m Proxying [GET /] to [GET http://localhost:8201/wd/hub/session/bfdebaa0-99bb-4453-bc84-fa7ce4577d1f] with body: {}
[debug] [35m[WD Proxy][39m Got response with status 200: "{\"sessionId\":\"bfdebaa0-99bb-4453-bc84-fa7ce4577d1f\",\"status\":0,\"value\":{}}"
[debug] [35m[W3C (89418076)][39m Responding to client with driver.getSession() result: {"platform":"ANDROID","webStorageEnabled":false,"takesScreenshot":true,"javascriptEnabled":true,"databaseEnabled":false,"networkConnectionEnabled":true,"locationContextEnabled":false,"warnings":{},"desired":{"platformName":"android","platform":"ANDROID","app":"/home/jarwo/Katalon Studio/Ritase Automation Testing/APK/stg-driver.apk","autoGrantPermissions":true,"automationName":"uiautomator2","deviceName":"Xiaomi Redmi 6A (Android 8.1.0)","fullReset":false,"newCommandTimeout":1800,"noReset":true,"platformVersion":"8.1.0","udid":"f24006487d26"},"platformName":"android","app":"/home/jarwo/Katalon Studio/Ritase Automation Testing/APK/stg-driver.apk","autoGrantPermissions":true,"automationName":"uiautomator2","deviceName":"f24006487d26","fullReset":false,"newCommandTimeout":1800,"noReset":true,"platformVersion":"8.1.0","udid":"f24006487d26","deviceUDID":"f24006487d26","appPackage":"com.ritase.driver.staging","deviceApiLevel":27,"deviceScreenSize":"720x1440","deviceScreenDensity":320,"deviceModel":"Redmi 6A","dev...
[35m[HTTP][39m [37m<-- GET /wd/hub/session/89418076-fd4c-4faa-b0f7-a57a05a50110 [39m[32m200[39m [90m61 ms - 1152[39m
[35m[HTTP][39m [90m[39m
[35m[HTTP][39m [37m-->[39m [37mGET[39m [37m/wd/hub/session/89418076-fd4c-4faa-b0f7-a57a05a50110[39m
[35m[HTTP][39m [90m{}[39m
[debug] [35m[W3C (89418076)][39m Calling AppiumDriver.getSession() with args: ["89418076-fd4c-4faa-b0f7-a57a05a50110"]
[debug] [35m[UiAutomator2][39m Getting session details from server to mix in
[debug] [35m[WD Proxy][39m Matched '/' to command name 'getSession'
[debug] [35m[WD Proxy][39m Proxying [GET /] to [GET http://localhost:8201/wd/hub/session/bfdebaa0-99bb-4453-bc84-fa7ce4577d1f] with body: {}
[debug] [35m[WD Proxy][39m Got response with status 200: "{\"sessionId\":\"bfdebaa0-99bb-4453-bc84-fa7ce4577d1f\",\"status\":0,\"value\":{}}"
[debug] [35m[W3C (89418076)][39m Responding to client with driver.getSession() result: {"platform":"ANDROID","webStorageEnabled":false,"takesScreenshot":true,"javascriptEnabled":true,"databaseEnabled":false,"networkConnectionEnabled":true,"locationContextEnabled":false,"warnings":{},"desired":{"platformName":"android","platform":"ANDROID","app":"/home/jarwo/Katalon Studio/Ritase Automation Testing/APK/stg-driver.apk","autoGrantPermissions":true,"automationName":"uiautomator2","deviceName":"Xiaomi Redmi 6A (Android 8.1.0)","fullReset":false,"newCommandTimeout":1800,"noReset":true,"platformVersion":"8.1.0","udid":"f24006487d26"},"platformName":"android","app":"/home/jarwo/Katalon Studio/Ritase Automation Testing/APK/stg-driver.apk","autoGrantPermissions":true,"automationName":"uiautomator2","deviceName":"f24006487d26","fullReset":false,"newCommandTimeout":1800,"noReset":true,"platformVersion":"8.1.0","udid":"f24006487d26","deviceUDID":"f24006487d26","appPackage":"com.ritase.driver.staging","deviceApiLevel":27,"deviceScreenSize":"720x1440","deviceScreenDensity":320,"deviceModel":"Redmi 6A","dev...
[35m[HTTP][39m [37m<-- GET /wd/hub/session/89418076-fd4c-4faa-b0f7-a57a05a50110 [39m[32m200[39m [90m27 ms - 1152[39m
[35m[HTTP][39m [90m[39m
[35m[HTTP][39m [37m-->[39m [37mGET[39m [37m/wd/hub/status[39m
[35m[HTTP][39m [90m{}[39m
[debug] [35m[GENERIC][39m Calling AppiumDriver.getStatus() with args: []
[debug] [35m[GENERIC][39m Responding to client with driver.getStatus() result: {"build":{"version":"1.14.1"}}
[35m[HTTP][39m [37m<-- GET /wd/hub/status [39m[32m200[39m [90m1 ms - 68[39m
[35m[HTTP][39m [90m[39m
[35m[HTTP][39m [37m-->[39m [37mPOST[39m [37m/wd/hub/session/89418076-fd4c-4faa-b0f7-a57a05a50110/timeouts[39m
[35m[HTTP][39m [90m{"implicit":30000}[39m
[debug] [35m[W3C (89418076)][39m Calling AppiumDriver.timeouts() with args: [null,null,null,null,30000,"89418076-fd4c-4faa-b0f7-a57a05a50110"]
[debug] [35m[BaseDriver][39m W3C timeout argument: {"implicit":30000}}
[debug] [35m[BaseDriver][39m Set implicit wait to 30000ms
[debug] [35m[W3C (89418076)][39m Responding to client with driver.timeouts() result: null
[35m[HTTP][39m [37m<-- POST /wd/hub/session/89418076-fd4c-4faa-b0f7-a57a05a50110/timeouts [39m[32m200[39m [90m3 ms - 14[39m
[35m[HTTP][39m [90m[39m
[35m[HTTP][39m [37m-->[39m [37mGET[39m [37m/wd/hub/session/89418076-fd4c-4faa-b0f7-a57a05a50110/context[39m
[35m[HTTP][39m [90m{}[39m
[debug] [35m[W3C (89418076)][39m Calling AppiumDriver.getCurrentContext() with args: ["89418076-fd4c-4faa-b0f7-a57a05a50110"]
[debug] [35m[W3C (89418076)][39m Responding to client with driver.getCurrentContext() result: "NATIVE_APP"
[35m[HTTP][39m [37m<-- GET /wd/hub/session/89418076-fd4c-4faa-b0f7-a57a05a50110/context [39m[32m200[39m [90m4 ms - 22[39m
[35m[HTTP][39m [90m[39m
[35m[HTTP][39m [37m-->[39m [37mGET[39m [37m/wd/hub/session/89418076-fd4c-4faa-b0f7-a57a05a50110/contexts[39m
[35m[HTTP][39m [90m{}[39m
[debug] [35m[W3C (89418076)][39m Calling AppiumDriver.getContexts() with args: ["89418076-fd4c-4faa-b0f7-a57a05a50110"]
[debug] [35m[AndroidDriver][39m Getting a list of available webviews
[debug] [35m[ADB][39m Running '/home/jarwo/.katalon/tools/android_sdk/platform-tools/adb -P 5037 -s f24006487d26 shell cat /proc/net/unix'
[debug] [35m[AndroidDriver][39m Found webviews: []
[debug] [35m[AndroidDriver][39m Available contexts: ["NATIVE_APP"]
[debug] [35m[W3C (89418076)][39m Responding to client with driver.getContexts() result: ["NATIVE_APP"]
[35m[HTTP][39m [37m<-- GET /wd/hub/session/89418076-fd4c-4faa-b0f7-a57a05a50110/contexts [39m[32m200[39m [90m44 ms - 24[39m
[35m[HTTP][39m [90m[39m
[35m[HTTP][39m [37m-->[39m [37mPOST[39m [37m/wd/hub/session/89418076-fd4c-4faa-b0f7-a57a05a50110/context[39m
[35m[HTTP][39m [90m{"name":"NATIVE_APP"}[39m
[debug] [35m[W3C (89418076)][39m Calling AppiumDriver.setContext() with args: ["NATIVE_APP","89418076-fd4c-4faa-b0f7-a57a05a50110"]
[debug] [35m[W3C (89418076)][39m Responding to client with driver.setContext() result: null
[35m[HTTP][39m [37m<-- POST /wd/hub/session/89418076-fd4c-4faa-b0f7-a57a05a50110/context [39m[32m200[39m [90m3 ms - 14[39m
[35m[HTTP][39m [90m[39m
[35m[HTTP][39m [37m-->[39m [37mGET[39m [37m/wd/hub/session/89418076-fd4c-4faa-b0f7-a57a05a50110/window/rect[39m
[35m[HTTP][39m [90m{}[39m
[debug] [35m[W3C (89418076)][39m Calling AppiumDriver.getWindowRect() with args: ["89418076-fd4c-4faa-b0f7-a57a05a50110"]
[debug] [35m[WD Proxy][39m Matched '/window/current/size' to command name 'getWindowSize'
[debug] [35m[WD Proxy][39m Proxying [GET /window/current/size] to [GET http://localhost:8201/wd/hub/session/bfdebaa0-99bb-4453-bc84-fa7ce4577d1f/window/current/size] with body: {}
[debug] [35m[WD Proxy][39m Got response with status 200: "{\"sessionId\":\"bfdebaa0-99bb-4453-bc84-fa7ce4577d1f\",\"status\":0,\"value\":{\"height\":1344,\"width\":720}}"
[debug] [35m[W3C (89418076)][39m Responding to client with driver.getWindowRect() result: {"width":720,"height":1344,"x":0,"y":0}
[35m[HTTP][39m [37m<-- GET /wd/hub/session/89418076-fd4c-4faa-b0f7-a57a05a50110/window/rect [39m[32m200[39m [90m29 ms - 49[39m
[35m[HTTP][39m [90m[39m
[35m[HTTP][39m [37m-->[39m [37mPOST[39m [37m/wd/hub/session/89418076-fd4c-4faa-b0f7-a57a05a50110/context[39m
[35m[HTTP][39m [90m{"name":"NATIVE_APP"}[39m
[debug] [35m[W3C (89418076)][39m Calling AppiumDriver.setContext() with args: ["NATIVE_APP","89418076-fd4c-4faa-b0f7-a57a05a50110"]
[debug] [35m[W3C (89418076)][39m Responding to client with driver.setContext() result: null
[35m[HTTP][39m [37m<-- POST /wd/hub/session/89418076-fd4c-4faa-b0f7-a57a05a50110/context [39m[32m200[39m [90m2 ms - 14[39m
[35m[HTTP][39m [90m[39m
[35m[HTTP][39m [37m-->[39m [37mGET[39m [37m/wd/hub/session/89418076-fd4c-4faa-b0f7-a57a05a50110/context[39m
[35m[HTTP][39m [90m{}[39m
[debug] [35m[W3C (89418076)][39m Calling AppiumDriver.getCurrentContext() with args: ["89418076-fd4c-4faa-b0f7-a57a05a50110"]
[debug] [35m[W3C (89418076)][39m Responding to client with driver.getCurrentContext() result: "NATIVE_APP"
[35m[HTTP][39m [37m<-- GET /wd/hub/session/89418076-fd4c-4faa-b0f7-a57a05a50110/context [39m[32m200[39m [90m2 ms - 22[39m
[35m[HTTP][39m [90m[39m
[35m[HTTP][39m [37m-->[39m [37mGET[39m [37m/wd/hub/session/89418076-fd4c-4faa-b0f7-a57a05a50110/contexts[39m
[35m[HTTP][39m [90m{}[39m
[debug] [35m[W3C (89418076)][39m Calling AppiumDriver.getContexts() with args: ["89418076-fd4c-4faa-b0f7-a57a05a50110"]
[debug] [35m[AndroidDriver][39m Getting a list of available webviews
[debug] [35m[ADB][39m Running '/home/jarwo/.katalon/tools/android_sdk/platform-tools/adb -P 5037 -s f24006487d26 shell cat /proc/net/unix'
[debug] [35m[AndroidDriver][39m Found webviews: []
[debug] [35m[AndroidDriver][39m Available contexts: ["NATIVE_APP"]
[debug] [35m[W3C (89418076)][39m Responding to client with driver.getContexts() result: ["NATIVE_APP"]
[35m[HTTP][39m [37m<-- GET /wd/hub/session/89418076-fd4c-4faa-b0f7-a57a05a50110/contexts [39m[32m200[39m [90m44 ms - 24[39m
[35m[HTTP][39m [90m[39m
[35m[HTTP][39m [37m-->[39m [37mPOST[39m [37m/wd/hub/session/89418076-fd4c-4faa-b0f7-a57a05a50110/context[39m
[35m[HTTP][39m [90m{"name":"NATIVE_APP"}[39m
[debug] [35m[W3C (89418076)][39m Calling AppiumDriver.setContext() with args: ["NATIVE_APP","89418076-fd4c-4faa-b0f7-a57a05a50110"]
[debug] [35m[W3C (89418076)][39m Responding to client with driver.setContext() result: null
[35m[HTTP][39m [37m<-- POST /wd/hub/session/89418076-fd4c-4faa-b0f7-a57a05a50110/context [39m[32m200[39m [90m2 ms - 14[39m
[35m[HTTP][39m [90m[39m
[35m[HTTP][39m [37m-->[39m [37mGET[39m [37m/wd/hub/session/89418076-fd4c-4faa-b0f7-a57a05a50110/window/rect[39m
[35m[HTTP][39m [90m{}[39m
[debug] [35m[W3C (89418076)][39m Calling AppiumDriver.getWindowRect() with args: ["89418076-fd4c-4faa-b0f7-a57a05a50110"]
[debug] [35m[WD Proxy][39m Matched '/window/current/size' to command name 'getWindowSize'
[debug] [35m[WD Proxy][39m Proxying [GET /window/current/size] to [GET http://localhost:8201/wd/hub/session/bfdebaa0-99bb-4453-bc84-fa7ce4577d1f/window/current/size] with body: {}
[debug] [35m[WD Proxy][39m Got response with status 200: "{\"sessionId\":\"bfdebaa0-99bb-4453-bc84-fa7ce4577d1f\",\"status\":0,\"value\":{\"height\":1344,\"width\":720}}"
[debug] [35m[W3C (89418076)][39m Responding to client with driver.getWindowRect() result: {"width":720,"height":1344,"x":0,"y":0}
[35m[HTTP][39m [37m<-- GET /wd/hub/session/89418076-fd4c-4faa-b0f7-a57a05a50110/window/rect [39m[32m200[39m [90m29 ms - 49[39m
[35m[HTTP][39m [90m[39m
[35m[HTTP][39m [37m-->[39m [37mPOST[39m [37m/wd/hub/session/89418076-fd4c-4faa-b0f7-a57a05a50110/context[39m
[35m[HTTP][39m [90m{"name":"NATIVE_APP"}[39m
[debug] [35m[W3C (89418076)][39m Calling AppiumDriver.setContext() with args: ["NATIVE_APP","89418076-fd4c-4faa-b0f7-a57a05a50110"]
[debug] [35m[W3C (89418076)][39m Responding to client with driver.setContext() result: null
[35m[HTTP][39m [37m<-- POST /wd/hub/session/89418076-fd4c-4faa-b0f7-a57a05a50110/context [39m[32m200[39m [90m2 ms - 14[39m
[35m[HTTP][39m [90m[39m
[35m[HTTP][39m [37m-->[39m [37mPOST[39m [37m/wd/hub/session/89418076-fd4c-4faa-b0f7-a57a05a50110/timeouts[39m
[35m[HTTP][39m [90m{"implicit":50}[39m
[debug] [35m[W3C (89418076)][39m Calling AppiumDriver.timeouts() with args: [null,null,null,null,50,"89418076-fd4c-4faa-b0f7-a57a05a50110"]
[debug] [35m[BaseDriver][39m W3C timeout argument: {"implicit":50}}
[debug] [35m[BaseDriver][39m Set implicit wait to 50ms
[debug] [35m[W3C (89418076)][39m Responding to client with driver.timeouts() result: null
[35m[HTTP][39m [37m<-- POST /wd/hub/session/89418076-fd4c-4faa-b0f7-a57a05a50110/timeouts [39m[32m200[39m [90m2 ms - 14[39m
[35m[HTTP][39m [90m[39m
[35m[HTTP][39m [37m-->[39m [37mGET[39m [37m/wd/hub/session/89418076-fd4c-4faa-b0f7-a57a05a50110/window/rect[39m
[35m[HTTP][39m [90m{}[39m
[debug] [35m[W3C (89418076)][39m Calling AppiumDriver.getWindowRect() with args: ["89418076-fd4c-4faa-b0f7-a57a05a50110"]
[debug] [35m[WD Proxy][39m Matched '/window/current/size' to command name 'getWindowSize'
[debug] [35m[WD Proxy][39m Proxying [GET /window/current/size] to [GET http://localhost:8201/wd/hub/session/bfdebaa0-99bb-4453-bc84-fa7ce4577d1f/window/current/size] with body: {}
[debug] [35m[WD Proxy][39m Got response with status 200: "{\"sessionId\":\"bfdebaa0-99bb-4453-bc84-fa7ce4577d1f\",\"status\":0,\"value\":{\"height\":1344,\"width\":720}}"
[debug] [35m[W3C (89418076)][39m Responding to client with driver.getWindowRect() result: {"width":720,"height":1344,"x":0,"y":0}
[35m[HTTP][39m [37m<-- GET /wd/hub/session/89418076-fd4c-4faa-b0f7-a57a05a50110/window/rect [39m[32m200[39m [90m28 ms - 49[39m
[35m[HTTP][39m [90m[39m
[35m[HTTP][39m [37m-->[39m [37mPOST[39m [37m/wd/hub/session/89418076-fd4c-4faa-b0f7-a57a05a50110/elements[39m
[35m[HTTP][39m [90m{"using":"-android uiautomator","value":"new UiSelector().className(\"android.widget.Button\").text(\"LOGIN\").resourceId(\"com.ritase.driver.staging:id/to_login_btn\")"}[39m
[debug] [35m[W3C (89418076)][39m Calling AppiumDriver.findElements() with args: ["-android uiautomator","new UiSelector().className(\"android.widget.Button\").text(\"LOGIN\").resourceId(\"com.ritase.driver.staging:id/to_login_btn\")","89418076-fd4c-4faa-b0f7-a57a05a50110"]
[debug] [35m[BaseDriver][39m Valid locator strategies for this request: xpath, id, class name, accessibility id, -android uiautomator
[debug] [35m[BaseDriver][39m Waiting up to 50 ms for condition
[debug] [35m[WD Proxy][39m Matched '/elements' to command name 'findElements'
[debug] [35m[WD Proxy][39m Proxying [POST /elements] to [POST http://localhost:8201/wd/hub/session/bfdebaa0-99bb-4453-bc84-fa7ce4577d1f/elements] with body: {"strategy":"-android uiautomator","selector":"new UiSelector().className(\"android.widget.Button\").text(\"LOGIN\").resourceId(\"com.ritase.driver.staging:id/to_login_btn\")","context":"","multiple":true}
[debug] [35m[WD Proxy][39m Got response with status 200: {"sessionId":"bfdebaa0-99bb-4453-bc84-fa7ce4577d1f","status":0,"value":[]}
[debug] [35m[W3C (89418076)][39m Responding to client with driver.findElements() result: []
[35m[HTTP][39m [37m<-- POST /wd/hub/session/89418076-fd4c-4faa-b0f7-a57a05a50110/elements [39m[32m200[39m [90m123 ms - 12[39m
[35m[HTTP][39m [90m[39m
[35m[HTTP][39m [37m-->[39m [37mPOST[39m [37m/wd/hub/session/89418076-fd4c-4faa-b0f7-a57a05a50110/elements[39m
[35m[HTTP][39m [90m{"using":"-android uiautomator","value":"new UiSelector().className(\"android.widget.Button\").text(\"LOGIN\").resourceId(\"com.ritase.driver.staging:id/to_login_btn\")"}[39m
[debug] [35m[W3C (89418076)][39m Calling AppiumDriver.findElements() with args: ["-android uiautomator","new UiSelector().className(\"android.widget.Button\").text(\"LOGIN\").resourceId(\"com.ritase.driver.staging:id/to_login_btn\")","89418076-fd4c-4faa-b0f7-a57a05a50110"]
[debug] [35m[BaseDriver][39m Valid locator strategies for this request: xpath, id, class name, accessibility id, -android uiautomator
[debug] [35m[BaseDriver][39m Waiting up to 50 ms for condition
[debug] [35m[WD Proxy][39m Matched '/elements' to command name 'findElements'
[debug] [35m[WD Proxy][39m Proxying [POST /elements] to [POST http://localhost:8201/wd/hub/session/bfdebaa0-99bb-4453-bc84-fa7ce4577d1f/elements] with body: {"strategy":"-android uiautomator","selector":"new UiSelector().className(\"android.widget.Button\").text(\"LOGIN\").resourceId(\"com.ritase.driver.staging:id/to_login_btn\")","context":"","multiple":true}
[debug] [35m[WD Proxy][39m Got response with status 200: {"sessionId":"bfdebaa0-99bb-4453-bc84-fa7ce4577d1f","status":0,"value":[]}
[debug] [35m[W3C (89418076)][39m Responding to client with driver.findElements() result: []
[35m[HTTP][39m [37m<-- POST /wd/hub/session/89418076-fd4c-4faa-b0f7-a57a05a50110/elements [39m[32m200[39m [90m87 ms - 12[39m
[35m[HTTP][39m [90m[39m
[35m[HTTP][39m [37m-->[39m [37mPOST[39m [37m/wd/hub/session/89418076-fd4c-4faa-b0f7-a57a05a50110/elements[39m
[35m[HTTP][39m [90m{"using":"-android uiautomator","value":"new UiSelector().className(\"android.widget.Button\").text(\"LOGIN\").resourceId(\"com.ritase.driver.staging:id/to_login_btn\")"}[39m
[debug] [35m[W3C (89418076)][39m Calling AppiumDriver.findElements() with args: ["-android uiautomator","new UiSelector().className(\"android.widget.Button\").text(\"LOGIN\").resourceId(\"com.ritase.driver.staging:id/to_login_btn\")","89418076-fd4c-4faa-b0f7-a57a05a50110"]
[debug] [35m[BaseDriver][39m Valid locator strategies for this request: xpath, id, class name, accessibility id, -android uiautomator
[debug] [35m[BaseDriver][39m Waiting up to 50 ms for condition
[debug] [35m[WD Proxy][39m Matched '/elements' to command name 'findElements'
[debug] [35m[WD Proxy][39m Proxying [POST /elements] to [POST http://localhost:8201/wd/hub/session/bfdebaa0-99bb-4453-bc84-fa7ce4577d1f/elements] with body: {"strategy":"-android uiautomator","selector":"new UiSelector().className(\"android.widget.Button\").text(\"LOGIN\").resourceId(\"com.ritase.driver.staging:id/to_login_btn\")","context":"","multiple":true}
[debug] [35m[WD Proxy][39m Got response with status 200: {"sessionId":"bfdebaa0-99bb-4453-bc84-fa7ce4577d1f","status":0,"value":[]}
[debug] [35m[W3C (89418076)][39m Responding to client with driver.findElements() result: []
[35m[HTTP][39m [37m<-- POST /wd/hub/session/89418076-fd4c-4faa-b0f7-a57a05a50110/elements [39m[32m200[39m [90m92 ms - 12[39m
[35m[HTTP][39m [90m[39m
[35m[HTTP][39m [37m-->[39m [37mPOST[39m [37m/wd/hub/session/89418076-fd4c-4faa-b0f7-a57a05a50110/elements[39m
[35m[HTTP][39m [90m{"using":"-android uiautomator","value":"new UiSelector().className(\"android.widget.Button\").text(\"LOGIN\").resourceId(\"com.ritase.driver.staging:id/to_login_btn\")"}[39m
[debug] [35m[W3C (89418076)][39m Calling AppiumDriver.findElements() with args: ["-android uiautomator","new UiSelector().className(\"android.widget.Button\").text(\"LOGIN\").resourceId(\"com.ritase.driver.staging:id/to_login_btn\")","89418076-fd4c-4faa-b0f7-a57a05a50110"]
[debug] [35m[BaseDriver][39m Valid locator strategies for this request: xpath, id, class name, accessibility id, -android uiautomator
[debug] [35m[BaseDriver][39m Waiting up to 50 ms for condition
[debug] [35m[WD Proxy][39m Matched '/elements' to command name 'findElements'
[debug] [35m[WD Proxy][39m Proxying [POST /elements] to [POST http://localhost:8201/wd/hub/session/bfdebaa0-99bb-4453-bc84-fa7ce4577d1f/elements] with body: {"strategy":"-android uiautomator","selector":"new UiSelector().className(\"android.widget.Button\").text(\"LOGIN\").resourceId(\"com.ritase.driver.staging:id/to_login_btn\")","context":"","multiple":true}
[debug] [35m[WD Proxy][39m Got response with status 200: {"sessionId":"bfdebaa0-99bb-4453-bc84-fa7ce4577d1f","status":0,"value":[]}
[debug] [35m[W3C (89418076)][39m Responding to client with driver.findElements() result: []
[35m[HTTP][39m [37m<-- POST /wd/hub/session/89418076-fd4c-4faa-b0f7-a57a05a50110/elements [39m[32m200[39m [90m85 ms - 12[39m
[35m[HTTP][39m [90m[39m
[35m[HTTP][39m [37m-->[39m [37mPOST[39m [37m/wd/hub/session/89418076-fd4c-4faa-b0f7-a57a05a50110/elements[39m
[35m[HTTP][39m [90m{"using":"-android uiautomator","value":"new UiSelector().className(\"android.widget.Button\").text(\"LOGIN\").resourceId(\"com.ritase.driver.staging:id/to_login_btn\")"}[39m
[debug] [35m[W3C (89418076)][39m Calling AppiumDriver.findElements() with args: ["-android uiautomator","new UiSelector().className(\"android.widget.Button\").text(\"LOGIN\").resourceId(\"com.ritase.driver.staging:id/to_login_btn\")","89418076-fd4c-4faa-b0f7-a57a05a50110"]
[debug] [35m[BaseDriver][39m Valid locator strategies for this request: xpath, id, class name, accessibility id, -android uiautomator
[debug] [35m[BaseDriver][39m Waiting up to 50 ms for condition
[debug] [35m[WD Proxy][39m Matched '/elements' to command name 'findElements'
[debug] [35m[WD Proxy][39m Proxying [POST /elements] to [POST http://localhost:8201/wd/hub/session/bfdebaa0-99bb-4453-bc84-fa7ce4577d1f/elements] with body: {"strategy":"-android uiautomator","selector":"new UiSelector().className(\"android.widget.Button\").text(\"LOGIN\").resourceId(\"com.ritase.driver.staging:id/to_login_btn\")","context":"","multiple":true}
[debug] [35m[WD Proxy][39m Got response with status 200: {"sessionId":"bfdebaa0-99bb-4453-bc84-fa7ce4577d1f","status":0,"value":[]}
[debug] [35m[W3C (89418076)][39m Responding to client with driver.findElements() result: []
[35m[HTTP][39m [37m<-- POST /wd/hub/session/89418076-fd4c-4faa-b0f7-a57a05a50110/elements [39m[32m200[39m [90m4609 ms - 12[39m
[35m[HTTP][39m [90m[39m
[35m[HTTP][39m [37m-->[39m [37mPOST[39m [37m/wd/hub/session/89418076-fd4c-4faa-b0f7-a57a05a50110/timeouts[39m
[35m[HTTP][39m [90m{"implicit":30000}[39m
[debug] [35m[W3C (89418076)][39m Calling AppiumDriver.timeouts() with args: [null,null,null,null,30000,"89418076-fd4c-4faa-b0f7-a57a05a50110"]
[debug] [35m[BaseDriver][39m W3C timeout argument: {"implicit":30000}}
[debug] [35m[BaseDriver][39m Set implicit wait to 30000ms
[debug] [35m[W3C (89418076)][39m Responding to client with driver.timeouts() result: null
[35m[HTTP][39m [37m<-- POST /wd/hub/session/89418076-fd4c-4faa-b0f7-a57a05a50110/timeouts [39m[32m200[39m [90m8 ms - 14[39m
[35m[HTTP][39m [90m[39m
[35m[HTTP][39m [37m-->[39m [37mGET[39m [37m/wd/hub/session/89418076-fd4c-4faa-b0f7-a57a05a50110/context[39m
[35m[HTTP][39m [90m{}[39m
[debug] [35m[W3C (89418076)][39m Calling AppiumDriver.getCurrentContext() with args: ["89418076-fd4c-4faa-b0f7-a57a05a50110"]
[debug] [35m[W3C (89418076)][39m Responding to client with driver.getCurrentContext() result: "NATIVE_APP"
[35m[HTTP][39m [37m<-- GET /wd/hub/session/89418076-fd4c-4faa-b0f7-a57a05a50110/context [39m[32m200[39m [90m6 ms - 22[39m
[35m[HTTP][39m [90m[39m
[35m[HTTP][39m [37m-->[39m [37mGET[39m [37m/wd/hub/session/89418076-fd4c-4faa-b0f7-a57a05a50110/contexts[39m
[35m[HTTP][39m [90m{}[39m
[debug] [35m[W3C (89418076)][39m Calling AppiumDriver.getContexts() with args: ["89418076-fd4c-4faa-b0f7-a57a05a50110"]
[debug] [35m[AndroidDriver][39m Getting a list of available webviews
[debug] [35m[ADB][39m Running '/home/jarwo/.katalon/tools/android_sdk/platform-tools/adb -P 5037 -s f24006487d26 shell cat /proc/net/unix'
[debug] [35m[AndroidDriver][39m Found webviews: []
[debug] [35m[AndroidDriver][39m Available contexts: ["NATIVE_APP"]
[debug] [35m[W3C (89418076)][39m Responding to client with driver.getContexts() result: ["NATIVE_APP"]
[35m[HTTP][39m [37m<-- GET /wd/hub/session/89418076-fd4c-4faa-b0f7-a57a05a50110/contexts [39m[32m200[39m [90m85 ms - 24[39m
[35m[HTTP][39m [90m[39m
[35m[HTTP][39m [37m-->[39m [37mPOST[39m [37m/wd/hub/session/89418076-fd4c-4faa-b0f7-a57a05a50110/context[39m
[35m[HTTP][39m [90m{"name":"NATIVE_APP"}[39m
[debug] [35m[W3C (89418076)][39m Calling AppiumDriver.setContext() with args: ["NATIVE_APP","89418076-fd4c-4faa-b0f7-a57a05a50110"]
[debug] [35m[W3C (89418076)][39m Responding to client with driver.setContext() result: null
[35m[HTTP][39m [37m<-- POST /wd/hub/session/89418076-fd4c-4faa-b0f7-a57a05a50110/context [39m[32m200[39m [90m7 ms - 14[39m
[35m[HTTP][39m [90m[39m
[35m[HTTP][39m [37m-->[39m [37mGET[39m [37m/wd/hub/session/89418076-fd4c-4faa-b0f7-a57a05a50110/screenshot[39m
[35m[HTTP][39m [90m{}[39m
[debug] [35m[W3C (89418076)][39m Calling AppiumDriver.getScreenshot() with args: ["89418076-fd4c-4faa-b0f7-a57a05a50110"]
[debug] [35m[WD Proxy][39m Matched '/screenshot' to command name 'getScreenshot'
[debug] [35m[WD Proxy][39m Proxying [GET /screenshot] to [GET http://localhost:8201/wd/hub/session/bfdebaa0-99bb-4453-bc84-fa7ce4577d1f/screenshot] with no body
[debug] [35m[WD Proxy][39m Got response with status 200: "{\"sessionId\":\"bfdebaa0-99bb-4453-bc84-fa7ce4577d1f\",\"status\":0,\"value\":\"iVBORw0KGgoAAAANSUhEUgAAAtAAAAWgCAYAAAB30nTTAAAABHNCSVQICAgIfAhkiAAAIABJREFU\\neJzs3Xd4W9X9BvD3akuWZXnveCZxnMSxM8gkCQTCbBiBElbZZbcEykihvxZKCavMsvfeK+ywCRkE\\nQpyJM7zibcfb1pbu7w9Z15ItO5Ytz7yf5+FBlu44jjVenXvO9wgpK04RQUREREREfSIb7gYQERER\\nEY0mDNBERERERAFggCYiIiIiCgADNBERERFRABigiYiIiIgCwABNRERERBQABmgiIiIiogAwQBMR\\nERERBYABmoiIiIgoAAzQREREREQBYIAmIiIiIgoAAzQRERERUQAYoImIiGjQKeRynDRnPkI02j7v\\nc1TuDCRERQ9iq4j6RzHcDSAiIqKxLTMxCf++6HJkJCZhYvJXeOCd1w+5z6SUVNxz+TWw2e343wfv\\n4O3vv4ZLFIegtaOHWqlEhCEMFqsVTe1tEIf430cQBMyeNBmLc6cjN2MCosKMMISEDNn5nS4X6pub\\nUFl\\/EOt3bsdXWzaj8mDdkJybAZqIiIgGzQXHnYQrlp0OuUwGl8uFkurKPu3XbjajrqkR0cZwXP\\/H\\nc7B01mysfOwhNLe3DXKLgfT4RCyalgcIQr+P0dLejq+3bA5aew26EMyfkoNFudMxIWkcIkIN0Gk0\\n0uNOlwtNra2oaWzAzwW78H3+FhQcKB20UJ03fiJWLl+BrJTUQTl+X8hlMsSERyAmPAK5mRNwxbLT\\n8eG67\\/HEmvfRYmof1HMLKStO4dc5IiIiCrqLjj8ZV56yHABQWlONfzz\\/FAoOlEAukyEnYzyOnDoN\\nSdExiDCEwWQxo6axEVv2\\/o71O7ej1WSCTq3BNaedgTMWLQEAFBwoxRUP3A2T...
[debug] [35m[W3C (89418076)][39m Responding to client with driver.getScreenshot() result: "iVBORw0KGgoAAAANSUhEUgAAAtAAAAWgCAYAAAB30nTTAAAABHNCSVQICAgIfAhkiAAAIABJREFU\neJzs3Xd4W9X9BvD3akuWZXnveCZxnMSxM8gkCQTCbBiBElbZZbcEykihvxZKCavMsvfeK+ywCRkE\nQpyJM7zibcfb1pbu7w9Z15ItO5Ytz7yf5+FBlu44jjVenXvO9wgpK04RQUREREREfSIb7gYQERER\nEY0mDNBERERERAFggCYiIiIiCgADNBERERFRABigiYiIiIgCwABNRERERBQABmgiIiIiogAwQBMR\nERERBYABmoiIiIgoAAzQREREREQBYIAmIiIiIgoAAzQRERERUQAYoImIiGjQKeRynDRnPkI02j7v\nc1TuDCRERQ9iq4j6RzHcDSAiIqKxLTMxCf++6HJkJCZhYvJXeOCd1w+5z6SUVNxz+TWw2e343wfv\n4O3vv4ZLFIegtaOHWqlEhCEMFqsVTe1tEIf430cQBMyeNBmLc6cjN2MCosKMMISEDNn5nS4X6pub\nUFl/EOt3bsdXWzaj8mDdkJybAZqIiIgGzQXHnYQrlp0OuUwGl8uFkurKPu3XbjajrqkR0cZwXP/H\nc7B01mysfOwhNLe3DXKLgfT4RCyalgcIQr+P0dLejq+3bA5aew26EMyfkoNFudMxIWkcIkIN0Gk0\n0uNOlwtNra2oaWzAzwW78H3+FhQcKB20UJ03fiJWLl+BrJTUQTl+X8hlMsSERyAmPAK5mRNwxbLT\n8eG67/HEmvfRYmof1HMLKStO4dc5IiIiCrqLjj8ZV56yHABQWlONfzz/FAoOlEAukyEnYzyOnDoN\nSdExiDCEwWQxo6axEVv2/o71O7ej1WSCTq3BNaedgTMWLQEAFBwoxRUP3A2T1TJobc7NnICHr7ke\nWrV6wMcqq63B2Xf+Aza7vd/HOHJqLs479nhMyxgPQRDgEkXIZb2PwHU4nVDI5WhoacYXmzfhpS8/\nRWNba7...
[35m[HTTP][39m [37m<-- GET /wd/hub/session/89418076-fd4c-4faa-b0f7-a57a05a50110/screenshot [39m[32m200[39m [90m917 ms - 101652[39m
[35m[HTTP][39m [90m[39m
[35m[HTTP][39m [37m-->[39m [37mPOST[39m [37m/wd/hub/session/89418076-fd4c-4faa-b0f7-a57a05a50110/context[39m
[35m[HTTP][39m [90m{"name":"NATIVE_APP"}[39m
[debug] [35m[W3C (89418076)][39m Calling AppiumDriver.setContext() with args: ["NATIVE_APP","89418076-fd4c-4faa-b0f7-a57a05a50110"]
[debug] [35m[W3C (89418076)][39m Responding to client with driver.setContext() result: null
[35m[HTTP][39m [37m<-- POST /wd/hub/session/89418076-fd4c-4faa-b0f7-a57a05a50110/context [39m[32m200[39m [90m2 ms - 14[39m
[35m[HTTP][39m [90m[39m
[35m[HTTP][39m [37m-->[39m [37mGET[39m [37m/wd/hub/session/89418076-fd4c-4faa-b0f7-a57a05a50110/context[39m
[35m[HTTP][39m [90m{}[39m
[debug] [35m[W3C (89418076)][39m Calling AppiumDriver.getCurrentContext() with args: ["89418076-fd4c-4faa-b0f7-a57a05a50110"]
[debug] [35m[W3C (89418076)][39m Responding to client with driver.getCurrentContext() result: "NATIVE_APP"
[35m[HTTP][39m [37m<-- GET /wd/hub/session/89418076-fd4c-4faa-b0f7-a57a05a50110/context [39m[32m200[39m [90m2 ms - 22[39m
[35m[HTTP][39m [90m[39m
[35m[HTTP][39m [37m-->[39m [37mGET[39m [37m/wd/hub/session/89418076-fd4c-4faa-b0f7-a57a05a50110/contexts[39m
[35m[HTTP][39m [90m{}[39m
[debug] [35m[W3C (89418076)][39m Calling AppiumDriver.getContexts() with args: ["89418076-fd4c-4faa-b0f7-a57a05a50110"]
[debug] [35m[AndroidDriver][39m Getting a list of available webviews
[debug] [35m[ADB][39m Running '/home/jarwo/.katalon/tools/android_sdk/platform-tools/adb -P 5037 -s f24006487d26 shell cat /proc/net/unix'
[debug] [35m[AndroidDriver][39m Found webviews: []
[debug] [35m[AndroidDriver][39m Available contexts: ["NATIVE_APP"]
[debug] [35m[W3C (89418076)][39m Responding to client with driver.getContexts() result: ["NATIVE_APP"]
[35m[HTTP][39m [37m<-- GET /wd/hub/session/89418076-fd4c-4faa-b0f7-a57a05a50110/contexts [39m[32m200[39m [90m64 ms - 24[39m
[35m[HTTP][39m [90m[39m
[35m[HTTP][39m [37m-->[39m [37mPOST[39m [37m/wd/hub/session/89418076-fd4c-4faa-b0f7-a57a05a50110/context[39m
[35m[HTTP][39m [90m{"name":"NATIVE_APP"}[39m
[debug] [35m[W3C (89418076)][39m Calling AppiumDriver.setContext() with args: ["NATIVE_APP","89418076-fd4c-4faa-b0f7-a57a05a50110"]
[debug] [35m[W3C (89418076)][39m Responding to client with driver.setContext() result: null
[35m[HTTP][39m [37m<-- POST /wd/hub/session/89418076-fd4c-4faa-b0f7-a57a05a50110/context [39m[32m200[39m [90m7 ms - 14[39m
[35m[HTTP][39m [90m[39m
[35m[HTTP][39m [37m-->[39m [37mGET[39m [37m/wd/hub/session/89418076-fd4c-4faa-b0f7-a57a05a50110/screenshot[39m
[35m[HTTP][39m [90m{}[39m
[debug] [35m[W3C (89418076)][39m Calling AppiumDriver.getScreenshot() with args: ["89418076-fd4c-4faa-b0f7-a57a05a50110"]
[debug] [35m[WD Proxy][39m Matched '/screenshot' to command name 'getScreenshot'
[debug] [35m[WD Proxy][39m Proxying [GET /screenshot] to [GET http://localhost:8201/wd/hub/session/bfdebaa0-99bb-4453-bc84-fa7ce4577d1f/screenshot] with no body
[debug] [35m[WD Proxy][39m Got response with status 200: "{\"sessionId\":\"bfdebaa0-99bb-4453-bc84-fa7ce4577d1f\",\"status\":0,\"value\":\"iVBORw0KGgoAAAANSUhEUgAAAtAAAAWgCAYAAAB30nTTAAAABHNCSVQICAgIfAhkiAAAIABJREFU\\neJzs3Xd4W9X9BvD3akuWZXnveCZxnMSxM8gkCQTCbBiBElbZLbMlUEYK\\/bVQ2jBaoFBmWWXvEXbY\\nhCQQCHEmzvCKtx0v2daW7u8PWdeSLTuWLc+8n+fhQZbuOI41Xp17zvcIaatOE0FERERERP0iG+kG\\nEBERERGNJQzQRERERERBYIAmIiIiIgoCAzQRERERURAYoImIiIiIgsAATUREREQUBAZoIiIiIqIg\\nMEATEREREQWBAZqIiIiIKAgM0EREREREQWCAJiIiIiIKAgM0EREREVEQGKCJiIhoyCnkcpwybyHC\\nNNp+73NM\\/iwkxcQOYauIBkYx0g0gIiKi8S07OQV\\/u+R3yEpOweTUz3D\\/Gy8fdp8paem453fXwu5w\\n4D\\/vvIHXv\\/4cblEchtaOHWqlElGGCFhtNrR0tEMc5n8fQRAwd8pULM2fifysSYiJMMIQFjZs53e5\\n3WhsbUF14yFs3LUDn23dgupDDcNybgZoIiIiGjIXnXAKrlxxJuQyGdxuN8pqq\\/u1X4fFgoaWZsQa\\nI3HDr8\\/D8jlzsfqRB9Ha0T7ELQYyE5OxZEYBIAgDPoapowOfb90SsvYadGFYOC0PS\\/JnYlLKBESF\\nG6DTaKTHXW43WtraUNfchB+KduPrwq0oOlg+ZKG6YOJkrF65Cjlp6UNy\\/P6Qy2SIi4xCXGQU8rMn\\n4coVZ+LdDV\\/jsXVvw2TuGNJzC2mrTuPXOSIiIgq5S048FVedthIAUF5Xiz8\\/8wSKDpZBLpMhL2si\\njp4+AymxcYgyRMBstaCuuRlb9\\/2Cjbt2oM1shk6twbVn...
[debug] [35m[W3C (89418076)][39m Responding to client with driver.getScreenshot() result: "iVBORw0KGgoAAAANSUhEUgAAAtAAAAWgCAYAAAB30nTTAAAABHNCSVQICAgIfAhkiAAAIABJREFU\neJzs3Xd4W9X9BvD3akuWZXnveCZxnMSxM8gkCQTCbBiBElbZLbMlUEYK/bVQ2jBaoFBmWWXvEXbY\nhCQQCHEmzvCKtx0v2daW7u8PWdeSLTuWLc+8n+fhQZbuOI41Xp17zvcIaatOE0FERERERP0iG+kG\nEBERERGNJQzQRERERERBYIAmIiIiIgoCAzQRERERURAYoImIiIiIgsAATUREREQUBAZoIiIiIqIg\nMEATEREREQWBAZqIiIiIKAgM0EREREREQWCAJiIiIiIKAgM0EREREVEQGKCJiIhoyCnkcpwybyHC\nNNp+73NM/iwkxcQOYauIBkYx0g0gIiKi8S07OQV/u+R3yEpOweTUz3D/Gy8fdp8paem453fXwu5w\n4D/vvIHXv/4cblEchtaOHWqlElGGCFhtNrR0tEMc5n8fQRAwd8pULM2fifysSYiJMMIQFjZs53e5\n3WhsbUF14yFs3LUDn23dgupDDcNybgZoIiIiGjIXnXAKrlxxJuQyGdxuN8pqq/u1X4fFgoaWZsQa\nI3HDr8/D8jlzsfqRB9Ha0T7ELQYyE5OxZEYBIAgDPoapowOfb90SsvYadGFYOC0PS/JnYlLKBESF\nG6DTaKTHXW43WtraUNfchB+KduPrwq0oOlg+ZKG6YOJkrF65Cjlp6UNy/P6Qy2SIi4xCXGQU8rMn\n4coVZ+LdDV/jsXVvw2TuGNJzC2mrTuPXOSIiIgq5S048FVedthIAUF5Xiz8/8wSKDpZBLpMhL2si\njp4+AymxcYgyRMBstaCuuRlb9/2Cjbt2oM1shk6twbVnnIWzliwDABQdLMeV998Ns806ZG3Oz56E\nf197A7Rq9aCPVVFfh3Pv+jPsDseAj3H09HxccPyJmJE1EYIgwC2KkMv6HoHrdLmgkMvRZGrFJ1u+\nx/8+/R...
[35m[HTTP][39m [37m<-- GET /wd/hub/session/89418076-fd4c-4faa-b0f7-a57a05a50110/screenshot [39m[32m200[39m [90m738 ms - 104138[39m
[35m[HTTP][39m [90m[39m
[35m[HTTP][39m [37m-->[39m [37mPOST[39m [37m/wd/hub/session/89418076-fd4c-4faa-b0f7-a57a05a50110/context[39m
[35m[HTTP][39m [90m{"name":"NATIVE_APP"}[39m
[debug] [35m[W3C (89418076)][39m Calling AppiumDriver.setContext() with args: ["NATIVE_APP","89418076-fd4c-4faa-b0f7-a57a05a50110"]
[debug] [35m[W3C (89418076)][39m Responding to client with driver.setContext() result: null
[35m[HTTP][39m [37m<-- POST /wd/hub/session/89418076-fd4c-4faa-b0f7-a57a05a50110/context [39m[32m200[39m [90m2 ms - 14[39m
[35m[HTTP][39m [90m[39m
[35m[HTTP][39m [37m-->[39m [37mGET[39m [37m/wd/hub/session/89418076-fd4c-4faa-b0f7-a57a05a50110/context[39m
[35m[HTTP][39m [90m{}[39m
[debug] [35m[W3C (89418076)][39m Calling AppiumDriver.getCurrentContext() with args: ["89418076-fd4c-4faa-b0f7-a57a05a50110"]
[debug] [35m[W3C (89418076)][39m Responding to client with driver.getCurrentContext() result: "NATIVE_APP"
[35m[HTTP][39m [37m<-- GET /wd/hub/session/89418076-fd4c-4faa-b0f7-a57a05a50110/context [39m[32m200[39m [90m4 ms - 22[39m
[35m[HTTP][39m [90m[39m
[35m[HTTP][39m [37m-->[39m [37mGET[39m [37m/wd/hub/session/89418076-fd4c-4faa-b0f7-a57a05a50110/contexts[39m
[35m[HTTP][39m [90m{}[39m
[debug] [35m[W3C (89418076)][39m Calling AppiumDriver.getContexts() with args: ["89418076-fd4c-4faa-b0f7-a57a05a50110"]
[debug] [35m[AndroidDriver][39m Getting a list of available webviews
[debug] [35m[ADB][39m Running '/home/jarwo/.katalon/tools/android_sdk/platform-tools/adb -P 5037 -s f24006487d26 shell cat /proc/net/unix'
[debug] [35m[AndroidDriver][39m Found webviews: []
[debug] [35m[AndroidDriver][39m Available contexts: ["NATIVE_APP"]
[debug] [35m[W3C (89418076)][39m Responding to client with driver.getContexts() result: ["NATIVE_APP"]
[35m[HTTP][39m [37m<-- GET /wd/hub/session/89418076-fd4c-4faa-b0f7-a57a05a50110/contexts [39m[32m200[39m [90m85 ms - 24[39m
[35m[HTTP][39m [90m[39m
[35m[HTTP][39m [37m-->[39m [37mPOST[39m [37m/wd/hub/session/89418076-fd4c-4faa-b0f7-a57a05a50110/context[39m
[35m[HTTP][39m [90m{"name":"NATIVE_APP"}[39m
[debug] [35m[W3C (89418076)][39m Calling AppiumDriver.setContext() with args: ["NATIVE_APP","89418076-fd4c-4faa-b0f7-a57a05a50110"]
[debug] [35m[W3C (89418076)][39m Responding to client with driver.setContext() result: null
[35m[HTTP][39m [37m<-- POST /wd/hub/session/89418076-fd4c-4faa-b0f7-a57a05a50110/context [39m[32m200[39m [90m7 ms - 14[39m
[35m[HTTP][39m [90m[39m
[35m[HTTP][39m [37m-->[39m [37mPOST[39m [37m/wd/hub/session/89418076-fd4c-4faa-b0f7-a57a05a50110/touch/perform[39m
[35m[HTTP][39m [90m{"actions":[{"action":"press","options":{"x":216,"y":672}},{"action":"wait","options":{"ms":500}},{"action":"moveTo","options":{"x":504,"y":672}},{"action":"release","options":{}}]}[39m
[debug] [35m[W3C (89418076)][39m Calling AppiumDriver.performTouch() with args: [[{"action":"press","options":{"x":216,"y":672}},{"action":"wait","options":{"ms":500}},{"action":"moveTo","options":{"x":504,"y":672}},{"action":"release","options":{}}],"89418076-fd4c-4faa-b0f7-a57a05a50110"]
[debug] [35m[WD Proxy][39m Matched '/touch/perform' to command name 'performTouch'
[debug] [35m[WD Proxy][39m Proxying [POST /touch/perform] to [POST http://localhost:8201/wd/hub/session/bfdebaa0-99bb-4453-bc84-fa7ce4577d1f/touch/perform] with body: {"startX":216,"startY":672,"endX":504,"endY":672,"steps":14}
[debug] [35m[WD Proxy][39m Got response with status 200: {"sessionId":"bfdebaa0-99bb-4453-bc84-fa7ce4577d1f","status":0,"value":true}
[debug] [35m[W3C (89418076)][39m Responding to client with driver.performTouch() result: true
[35m[HTTP][39m [37m<-- POST /wd/hub/session/89418076-fd4c-4faa-b0f7-a57a05a50110/touch/perform [39m[32m200[39m [90m1118 ms - 14[39m
[35m[HTTP][39m [90m[39m
[35m[HTTP][39m [37m-->[39m [37mPOST[39m [37m/wd/hub/session/89418076-fd4c-4faa-b0f7-a57a05a50110/context[39m
[35m[HTTP][39m [90m{"name":"NATIVE_APP"}[39m
[debug] [35m[W3C (89418076)][39m Calling AppiumDriver.setContext() with args: ["NATIVE_APP","89418076-fd4c-4faa-b0f7-a57a05a50110"]
[debug] [35m[W3C (89418076)][39m Responding to client with driver.setContext() result: null
[35m[HTTP][39m [37m<-- POST /wd/hub/session/89418076-fd4c-4faa-b0f7-a57a05a50110/context [39m[32m200[39m [90m4 ms - 14[39m
[35m[HTTP][39m [90m[39m
[35m[HTTP][39m [37m-->[39m [37mPOST[39m [37m/wd/hub/session/89418076-fd4c-4faa-b0f7-a57a05a50110/timeouts[39m
[35m[HTTP][39m [90m{"implicit":50}[39m
[debug] [35m[W3C (89418076)][39m Calling AppiumDriver.timeouts() with args: [null,null,null,null,50,"89418076-fd4c-4faa-b0f7-a57a05a50110"]
[debug] [35m[BaseDriver][39m W3C timeout argument: {"implicit":50}}
[debug] [35m[BaseDriver][39m Set implicit wait to 50ms
[debug] [35m[W3C (89418076)][39m Responding to client with driver.timeouts() result: null
[35m[HTTP][39m [37m<-- POST /wd/hub/session/89418076-fd4c-4faa-b0f7-a57a05a50110/timeouts [39m[32m200[39m [90m2 ms - 14[39m
[35m[HTTP][39m [90m[39m
[35m[HTTP][39m [37m-->[39m [37mGET[39m [37m/wd/hub/session/89418076-fd4c-4faa-b0f7-a57a05a50110/window/rect[39m
[35m[HTTP][39m [90m{}[39m
[debug] [35m[W3C (89418076)][39m Calling AppiumDriver.getWindowRect() with args: ["89418076-fd4c-4faa-b0f7-a57a05a50110"]
[debug] [35m[WD Proxy][39m Matched '/window/current/size' to command name 'getWindowSize'
[debug] [35m[WD Proxy][39m Proxying [GET /window/current/size] to [GET http://localhost:8201/wd/hub/session/bfdebaa0-99bb-4453-bc84-fa7ce4577d1f/window/current/size] with body: {}
[debug] [35m[WD Proxy][39m Got response with status 200: "{\"sessionId\":\"bfdebaa0-99bb-4453-bc84-fa7ce4577d1f\",\"status\":0,\"value\":{\"height\":1344,\"width\":720}}"
[debug] [35m[W3C (89418076)][39m Responding to client with driver.getWindowRect() result: {"width":720,"height":1344,"x":0,"y":0}
[35m[HTTP][39m [37m<-- GET /wd/hub/session/89418076-fd4c-4faa-b0f7-a57a05a50110/window/rect [39m[32m200[39m [90m47 ms - 49[39m
[35m[HTTP][39m [90m[39m
[35m[HTTP][39m [37m-->[39m [37mPOST[39m [37m/wd/hub/session/89418076-fd4c-4faa-b0f7-a57a05a50110/elements[39m
[35m[HTTP][39m [90m{"using":"-android uiautomator","value":"new UiSelector().className(\"android.widget.TextView\").text(\"Punya pertanyaan? Tanyakan dengan Admin\")"}[39m
[debug] [35m[W3C (89418076)][39m Calling AppiumDriver.findElements() with args: ["-android uiautomator","new UiSelector().className(\"android.widget.TextView\").text(\"Punya pertanyaan? Tanyakan dengan Admin\")","89418076-fd4c-4faa-b0f7-a57a05a50110"]
[debug] [35m[BaseDriver][39m Valid locator strategies for this request: xpath, id, class name, accessibility id, -android uiautomator
[debug] [35m[BaseDriver][39m Waiting up to 50 ms for condition
[debug] [35m[WD Proxy][39m Matched '/elements' to command name 'findElements'
[debug] [35m[WD Proxy][39m Proxying [POST /elements] to [POST http://localhost:8201/wd/hub/session/bfdebaa0-99bb-4453-bc84-fa7ce4577d1f/elements] with body: {"strategy":"-android uiautomator","selector":"new UiSelector().className(\"android.widget.TextView\").text(\"Punya pertanyaan? Tanyakan dengan Admin\")","context":"","multiple":true}
[debug] [35m[WD Proxy][39m Got response with status 200: {"sessionId":"bfdebaa0-99bb-4453-bc84-fa7ce4577d1f","status":0,"value":[{"ELEMENT":"0aa38fba-4680-4391-bfce-1c9f3f10a1ad"}]}
[debug] [35m[W3C (89418076)][39m Responding to client with driver.findElements() result: [{"element-6066-11e4-a52e-4f735466cecf":"0aa38fba-4680-4391-bfce-1c9f3f10a1ad","ELEMENT":"0aa38fba-4680-4391-bfce-1c9f3f10a1ad"}]
[35m[HTTP][39m [37m<-- POST /wd/hub/session/89418076-fd4c-4faa-b0f7-a57a05a50110/elements [39m[32m200[39m [90m468 ms - 139[39m
[35m[HTTP][39m [90m[39m
[35m[HTTP][39m [37m-->[39m [37mGET[39m [37m/wd/hub/session/89418076-fd4c-4faa-b0f7-a57a05a50110/element/0aa38fba-4680-4391-bfce-1c9f3f10a1ad/location[39m
[35m[HTTP][39m [90m{}[39m
[35m[W3C (89418076)][39m Driver proxy active, passing request on via HTTP proxy
[debug] [35m[WD Proxy][39m Matched '/wd/hub/session/89418076-fd4c-4faa-b0f7-a57a05a50110/element/0aa38fba-4680-4391-bfce-1c9f3f10a1ad/location' to command name 'getLocation'
[debug] [35m[WD Proxy][39m Proxying [GET /wd/hub/session/89418076-fd4c-4faa-b0f7-a57a05a50110/element/0aa38fba-4680-4391-bfce-1c9f3f10a1ad/location] to [GET http://localhost:8201/wd/hub/session/bfdebaa0-99bb-4453-bc84-fa7ce4577d1f/element/0aa38fba-4680-4391-bfce-1c9f3f10a1ad/location] with body: {}
[debug] [35m[WD Proxy][39m Got response with status 200: "{\"sessionId\":\"bfdebaa0-99bb-4453-bc84-fa7ce4577d1f\",\"status\":0,\"value\":{\"x\":40,\"y\":1244}}"
[35m[WD Proxy][39m Replacing sessionId bfdebaa0-99bb-4453-bc84-fa7ce4577d1f with 89418076-fd4c-4faa-b0f7-a57a05a50110
[35m[HTTP][39m [37m<-- GET /wd/hub/session/89418076-fd4c-4faa-b0f7-a57a05a50110/element/0aa38fba-4680-4391-bfce-1c9f3f10a1ad/location [39m[32m200[39m [90m209 ms - 89[39m
[35m[HTTP][39m [90m[39m
[35m[HTTP][39m [37m-->[39m [37mPOST[39m [37m/wd/hub/session/89418076-fd4c-4faa-b0f7-a57a05a50110/timeouts[39m
[35m[HTTP][39m [90m{"implicit":30000}[39m
[debug] [35m[W3C (89418076)][39m Calling AppiumDriver.timeouts() with args: [null,null,null,null,30000,"89418076-fd4c-4faa-b0f7-a57a05a50110"]
[debug] [35m[BaseDriver][39m W3C timeout argument: {"implicit":30000}}
[debug] [35m[BaseDriver][39m Set implicit wait to 30000ms
[debug] [35m[W3C (89418076)][39m Responding to client with driver.timeouts() result: null
[35m[HTTP][39m [37m<-- POST /wd/hub/session/89418076-fd4c-4faa-b0f7-a57a05a50110/timeouts [39m[32m200[39m [90m7 ms - 14[39m
[35m[HTTP][39m [90m[39m
[35m[HTTP][39m [37m-->[39m [37mGET[39m [37m/wd/hub/session/89418076-fd4c-4faa-b0f7-a57a05a50110/element/0aa38fba-4680-4391-bfce-1c9f3f10a1ad/text[39m
[35m[HTTP][39m [90m{}[39m
[35m[W3C (89418076)][39m Driver proxy active, passing request on via HTTP proxy
[debug] [35m[WD Proxy][39m Matched '/wd/hub/session/89418076-fd4c-4faa-b0f7-a57a05a50110/element/0aa38fba-4680-4391-bfce-1c9f3f10a1ad/text' to command name 'getText'
[debug] [35m[WD Proxy][39m Proxying [GET /wd/hub/session/89418076-fd4c-4faa-b0f7-a57a05a50110/element/0aa38fba-4680-4391-bfce-1c9f3f10a1ad/text] to [GET http://localhost:8201/wd/hub/session/bfdebaa0-99bb-4453-bc84-fa7ce4577d1f/element/0aa38fba-4680-4391-bfce-1c9f3f10a1ad/text] with body: {}
[debug] [35m[WD Proxy][39m Got response with status 200: "{\"sessionId\":\"bfdebaa0-99bb-4453-bc84-fa7ce4577d1f\",\"status\":0,\"value\":\"Punya pertanyaan? Tanyakan dengan Admin\"}"
[35m[WD Proxy][39m Replacing sessionId bfdebaa0-99bb-4453-bc84-fa7ce4577d1f with 89418076-fd4c-4faa-b0f7-a57a05a50110
[35m[HTTP][39m [37m<-- GET /wd/hub/session/89418076-fd4c-4faa-b0f7-a57a05a50110/element/0aa38fba-4680-4391-bfce-1c9f3f10a1ad/text [39m[32m200[39m [90m185 ms - 113[39m
[35m[HTTP][39m [90m[39m
[35m[HTTP][39m [37m-->[39m [37mGET[39m [37m/wd/hub/session/89418076-fd4c-4faa-b0f7-a57a05a50110/context[39m
[35m[HTTP][39m [90m{}[39m
[debug] [35m[W3C (89418076)][39m Calling AppiumDriver.getCurrentContext() with args: ["89418076-fd4c-4faa-b0f7-a57a05a50110"]
[debug] [35m[W3C (89418076)][39m Responding to client with driver.getCurrentContext() result: "NATIVE_APP"
[35m[HTTP][39m [37m<-- GET /wd/hub/session/89418076-fd4c-4faa-b0f7-a57a05a50110/context [39m[32m200[39m [90m8 ms - 22[39m
[35m[HTTP][39m [90m[39m
[35m[HTTP][39m [37m-->[39m [37mGET[39m [37m/wd/hub/session/89418076-fd4c-4faa-b0f7-a57a05a50110/contexts[39m
[35m[HTTP][39m [90m{}[39m
[debug] [35m[W3C (89418076)][39m Calling AppiumDriver.getContexts() with args: ["89418076-fd4c-4faa-b0f7-a57a05a50110"]
[debug] [35m[AndroidDriver][39m Getting a list of available webviews
[debug] [35m[ADB][39m Running '/home/jarwo/.katalon/tools/android_sdk/platform-tools/adb -P 5037 -s f24006487d26 shell cat /proc/net/unix'
[debug] [35m[AndroidDriver][39m Found webviews: []
[debug] [35m[AndroidDriver][39m Available contexts: ["NATIVE_APP"]
[debug] [35m[W3C (89418076)][39m Responding to client with driver.getContexts() result: ["NATIVE_APP"]
[35m[HTTP][39m [37m<-- GET /wd/hub/session/89418076-fd4c-4faa-b0f7-a57a05a50110/contexts [39m[32m200[39m [90m86 ms - 24[39m
[35m[HTTP][39m [90m[39m
[35m[HTTP][39m [37m-->[39m [37mPOST[39m [37m/wd/hub/session/89418076-fd4c-4faa-b0f7-a57a05a50110/context[39m
[35m[HTTP][39m [90m{"name":"NATIVE_APP"}[39m
[debug] [35m[W3C (89418076)][39m Calling AppiumDriver.setContext() with args: ["NATIVE_APP","89418076-fd4c-4faa-b0f7-a57a05a50110"]
[debug] [35m[W3C (89418076)][39m Responding to client with driver.setContext() result: null
[35m[HTTP][39m [37m<-- POST /wd/hub/session/89418076-fd4c-4faa-b0f7-a57a05a50110/context [39m[32m200[39m [90m4 ms - 14[39m
[35m[HTTP][39m [90m[39m
[35m[HTTP][39m [37m-->[39m [37mPOST[39m [37m/wd/hub/session/89418076-fd4c-4faa-b0f7-a57a05a50110/touch/perform[39m
[35m[HTTP][39m [90m{"actions":[{"action":"press","options":{"x":360,"y":940}},{"action":"wait","options":{"ms":500}},{"action":"moveTo","options":{"x":360,"y":403}},{"action":"release","options":{}}]}[39m
[debug] [35m[W3C (89418076)][39m Calling AppiumDriver.performTouch() with args: [[{"action":"press","options":{"x":360,"y":940}},{"action":"wait","options":{"ms":500}},{"action":"moveTo","options":{"x":360,"y":403}},{"action":"release","options":{}}],"89418076-fd4c-4faa-b0f7-a57a05a50110"]
[debug] [35m[WD Proxy][39m Matched '/touch/perform' to command name 'performTouch'
[debug] [35m[WD Proxy][39m Proxying [POST /touch/perform] to [POST http://localhost:8201/wd/hub/session/bfdebaa0-99bb-4453-bc84-fa7ce4577d1f/touch/perform] with body: {"startX":360,"startY":940,"endX":360,"endY":403,"steps":14}
[debug] [35m[WD Proxy][39m Got response with status 200: {"sessionId":"bfdebaa0-99bb-4453-bc84-fa7ce4577d1f","status":0,"value":true}
[debug] [35m[W3C (89418076)][39m Responding to client with driver.performTouch() result: true
[35m[HTTP][39m [37m<-- POST /wd/hub/session/89418076-fd4c-4faa-b0f7-a57a05a50110/touch/perform [39m[32m200[39m [90m1058 ms - 14[39m
[35m[HTTP][39m [90m[39m
[35m[HTTP][39m [37m-->[39m [37mPOST[39m [37m/wd/hub/session/89418076-fd4c-4faa-b0f7-a57a05a50110/context[39m
[35m[HTTP][39m [90m{"name":"NATIVE_APP"}[39m
[debug] [35m[W3C (89418076)][39m Calling AppiumDriver.setContext() with args: ["NATIVE_APP","89418076-fd4c-4faa-b0f7-a57a05a50110"]
[debug] [35m[W3C (89418076)][39m Responding to client with driver.setContext() result: null
[35m[HTTP][39m [37m<-- POST /wd/hub/session/89418076-fd4c-4faa-b0f7-a57a05a50110/context [39m[32m200[39m [90m7 ms - 14[39m
[35m[HTTP][39m [90m[39m
[35m[HTTP][39m [37m-->[39m [37mPOST[39m [37m/wd/hub/session/89418076-fd4c-4faa-b0f7-a57a05a50110/timeouts[39m
[35m[HTTP][39m [90m{"implicit":50}[39m
[debug] [35m[W3C (89418076)][39m Calling AppiumDriver.timeouts() with args: [null,null,null,null,50,"89418076-fd4c-4faa-b0f7-a57a05a50110"]
[debug] [35m[BaseDriver][39m W3C timeout argument: {"implicit":50}}
[debug] [35m[BaseDriver][39m Set implicit wait to 50ms
[debug] [35m[W3C (89418076)][39m Responding to client with driver.timeouts() result: null
[35m[HTTP][39m [37m<-- POST /wd/hub/session/89418076-fd4c-4faa-b0f7-a57a05a50110/timeouts [39m[32m200[39m [90m2 ms - 14[39m
[35m[HTTP][39m [90m[39m
[35m[HTTP][39m [37m-->[39m [37mGET[39m [37m/wd/hub/session/89418076-fd4c-4faa-b0f7-a57a05a50110/window/rect[39m
[35m[HTTP][39m [90m{}[39m
[debug] [35m[W3C (89418076)][39m Calling AppiumDriver.getWindowRect() with args: ["89418076-fd4c-4faa-b0f7-a57a05a50110"]
[debug] [35m[WD Proxy][39m Matched '/window/current/size' to command name 'getWindowSize'
[debug] [35m[WD Proxy][39m Proxying [GET /window/current/size] to [GET http://localhost:8201/wd/hub/session/bfdebaa0-99bb-4453-bc84-fa7ce4577d1f/window/current/size] with body: {}
[debug] [35m[WD Proxy][39m Got response with status 200: "{\"sessionId\":\"bfdebaa0-99bb-4453-bc84-fa7ce4577d1f\",\"status\":0,\"value\":{\"height\":1344,\"width\":720}}"
[debug] [35m[W3C (89418076)][39m Responding to client with driver.getWindowRect() result: {"width":720,"height":1344,"x":0,"y":0}
[35m[HTTP][39m [37m<-- GET /wd/hub/session/89418076-fd4c-4faa-b0f7-a57a05a50110/window/rect [39m[32m200[39m [90m42 ms - 49[39m
[35m[HTTP][39m [90m[39m
[35m[HTTP][39m [37m-->[39m [37mPOST[39m [37m/wd/hub/session/89418076-fd4c-4faa-b0f7-a57a05a50110/elements[39m
[35m[HTTP][39m [90m{"using":"-android uiautomator","value":"new UiSelector().className(\"android.widget.RelativeLayout\").resourceId(\"com.ritase.driver.staging:id/layout_for_click\")"}[39m
[debug] [35m[W3C (89418076)][39m Calling AppiumDriver.findElements() with args: ["-android uiautomator","new UiSelector().className(\"android.widget.RelativeLayout\").resourceId(\"com.ritase.driver.staging:id/layout_for_click\")","89418076-fd4c-4faa-b0f7-a57a05a50110"]
[debug] [35m[BaseDriver][39m Valid locator strategies for this request: xpath, id, class name, accessibility id, -android uiautomator
[debug] [35m[BaseDriver][39m Waiting up to 50 ms for condition
[debug] [35m[WD Proxy][39m Matched '/elements' to command name 'findElements'
[debug] [35m[WD Proxy][39m Proxying [POST /elements] to [POST http://localhost:8201/wd/hub/session/bfdebaa0-99bb-4453-bc84-fa7ce4577d1f/elements] with body: {"strategy":"-android uiautomator","selector":"new UiSelector().className(\"android.widget.RelativeLayout\").resourceId(\"com.ritase.driver.staging:id/layout_for_click\")","context":"","multiple":true}
[debug] [35m[WD Proxy][39m Got response with status 200: {"sessionId":"bfdebaa0-99bb-4453-bc84-fa7ce4577d1f","status":0,"value":[{"ELEMENT":"43456f09-c59a-423f-977c-e602e305850c"}]}
[debug] [35m[W3C (89418076)][39m Responding to client with driver.findElements() result: [{"element-6066-11e4-a52e-4f735466cecf":"43456f09-c59a-423f-977c-e602e305850c","ELEMENT":"43456f09-c59a-423f-977c-e602e305850c"}]
[35m[HTTP][39m [37m<-- POST /wd/hub/session/89418076-fd4c-4faa-b0f7-a57a05a50110/elements [39m[32m200[39m [90m243 ms - 139[39m
[35m[HTTP][39m [90m[39m
[35m[HTTP][39m [37m-->[39m [37mGET[39m [37m/wd/hub/session/89418076-fd4c-4faa-b0f7-a57a05a50110/element/43456f09-c59a-423f-977c-e602e305850c/location[39m
[35m[HTTP][39m [90m{}[39m
[35m[W3C (89418076)][39m Driver proxy active, passing request on via HTTP proxy
[debug] [35m[WD Proxy][39m Matched '/wd/hub/session/89418076-fd4c-4faa-b0f7-a57a05a50110/element/43456f09-c59a-423f-977c-e602e305850c/location' to command name 'getLocation'
[debug] [35m[WD Proxy][39m Proxying [GET /wd/hub/session/89418076-fd4c-4faa-b0f7-a57a05a50110/element/43456f09-c59a-423f-977c-e602e305850c/location] to [GET http://localhost:8201/wd/hub/session/bfdebaa0-99bb-4453-bc84-fa7ce4577d1f/element/43456f09-c59a-423f-977c-e602e305850c/location] with body: {}
[debug] [35m[WD Proxy][39m Got response with status 200: "{\"sessionId\":\"bfdebaa0-99bb-4453-bc84-fa7ce4577d1f\",\"status\":0,\"value\":{\"x\":40,\"y\":269}}"
[35m[WD Proxy][39m Replacing sessionId bfdebaa0-99bb-4453-bc84-fa7ce4577d1f with 89418076-fd4c-4faa-b0f7-a57a05a50110
[35m[HTTP][39m [37m<-- GET /wd/hub/session/89418076-fd4c-4faa-b0f7-a57a05a50110/element/43456f09-c59a-423f-977c-e602e305850c/location [39m[32m200[39m [90m138 ms - 88[39m
[35m[HTTP][39m [90m[39m
[35m[HTTP][39m [37m-->[39m [37mPOST[39m [37m/wd/hub/session/89418076-fd4c-4faa-b0f7-a57a05a50110/timeouts[39m
[35m[HTTP][39m [90m{"implicit":30000}[39m
[debug] [35m[W3C (89418076)][39m Calling AppiumDriver.timeouts() with args: [null,null,null,null,30000,"89418076-fd4c-4faa-b0f7-a57a05a50110"]
[debug] [35m[BaseDriver][39m W3C timeout argument: {"implicit":30000}}
[debug] [35m[BaseDriver][39m Set implicit wait to 30000ms
[debug] [35m[W3C (89418076)][39m Responding to client with driver.timeouts() result: null
[35m[HTTP][39m [37m<-- POST /wd/hub/session/89418076-fd4c-4faa-b0f7-a57a05a50110/timeouts [39m[32m200[39m [90m7 ms - 14[39m
[35m[HTTP][39m [90m[39m
[35m[HTTP][39m [37m-->[39m [37mPOST[39m [37m/wd/hub/session/89418076-fd4c-4faa-b0f7-a57a05a50110/timeouts[39m
[35m[HTTP][39m [90m{"implicit":50}[39m
[debug] [35m[W3C (89418076)][39m Calling AppiumDriver.timeouts() with args: [null,null,null,null,50,"89418076-fd4c-4faa-b0f7-a57a05a50110"]
[debug] [35m[BaseDriver][39m W3C timeout argument: {"implicit":50}}
[debug] [35m[BaseDriver][39m Set implicit wait to 50ms
[debug] [35m[W3C (89418076)][39m Responding to client with driver.timeouts() result: null
[35m[HTTP][39m [37m<-- POST /wd/hub/session/89418076-fd4c-4faa-b0f7-a57a05a50110/timeouts [39m[32m200[39m [90m4 ms - 14[39m
[35m[HTTP][39m [90m[39m
[35m[HTTP][39m [37m-->[39m [37mGET[39m [37m/wd/hub/session/89418076-fd4c-4faa-b0f7-a57a05a50110/window/rect[39m
[35m[HTTP][39m [90m{}[39m
[debug] [35m[W3C (89418076)][39m Calling AppiumDriver.getWindowRect() with args: ["89418076-fd4c-4faa-b0f7-a57a05a50110"]
[debug] [35m[WD Proxy][39m Matched '/window/current/size' to command name 'getWindowSize'
[debug] [35m[WD Proxy][39m Proxying [GET /window/current/size] to [GET http://localhost:8201/wd/hub/session/bfdebaa0-99bb-4453-bc84-fa7ce4577d1f/window/current/size] with body: {}
[debug] [35m[WD Proxy][39m Got response with status 200: "{\"sessionId\":\"bfdebaa0-99bb-4453-bc84-fa7ce4577d1f\",\"status\":0,\"value\":{\"height\":1344,\"width\":720}}"
[debug] [35m[W3C (89418076)][39m Responding to client with driver.getWindowRect() result: {"width":720,"height":1344,"x":0,"y":0}
[35m[HTTP][39m [37m<-- GET /wd/hub/session/89418076-fd4c-4faa-b0f7-a57a05a50110/window/rect [39m[32m200[39m [90m48 ms - 49[39m
[35m[HTTP][39m [90m[39m
[35m[HTTP][39m [37m-->[39m [37mPOST[39m [37m/wd/hub/session/89418076-fd4c-4faa-b0f7-a57a05a50110/elements[39m
[35m[HTTP][39m [90m{"using":"-android uiautomator","value":"new UiSelector().className(\"android.widget.RelativeLayout\").resourceId(\"com.ritase.driver.staging:id/layout_for_click\")"}[39m
[debug] [35m[W3C (89418076)][39m Calling AppiumDriver.findElements() with args: ["-android uiautomator","new UiSelector().className(\"android.widget.RelativeLayout\").resourceId(\"com.ritase.driver.staging:id/layout_for_click\")","89418076-fd4c-4faa-b0f7-a57a05a50110"]
[debug] [35m[BaseDriver][39m Valid locator strategies for this request: xpath, id, class name, accessibility id, -android uiautomator
[debug] [35m[BaseDriver][39m Waiting up to 50 ms for condition
[debug] [35m[WD Proxy][39m Matched '/elements' to command name 'findElements'
[debug] [35m[WD Proxy][39m Proxying [POST /elements] to [POST http://localhost:8201/wd/hub/session/bfdebaa0-99bb-4453-bc84-fa7ce4577d1f/elements] with body: {"strategy":"-android uiautomator","selector":"new UiSelector().className(\"android.widget.RelativeLayout\").resourceId(\"com.ritase.driver.staging:id/layout_for_click\")","context":"","multiple":true}
[debug] [35m[WD Proxy][39m Got response with status 200: {"sessionId":"bfdebaa0-99bb-4453-bc84-fa7ce4577d1f","status":0,"value":[{"ELEMENT":"734e68e3-0998-40a3-a860-1add33e8efff"}]}
[debug] [35m[W3C (89418076)][39m Responding to client with driver.findElements() result: [{"element-6066-11e4-a52e-4f735466cecf":"734e68e3-0998-40a3-a860-1add33e8efff","ELEMENT":"734e68e3-0998-40a3-a860-1add33e8efff"}]
[35m[HTTP][39m [37m<-- POST /wd/hub/session/89418076-fd4c-4faa-b0f7-a57a05a50110/elements [39m[32m200[39m [90m213 ms - 139[39m
[35m[HTTP][39m [90m[39m
[35m[HTTP][39m [37m-->[39m [37mGET[39m [37m/wd/hub/session/89418076-fd4c-4faa-b0f7-a57a05a50110/element/734e68e3-0998-40a3-a860-1add33e8efff/location[39m
[35m[HTTP][39m [90m{}[39m
[35m[W3C (89418076)][39m Driver proxy active, passing request on via HTTP proxy
[debug] [35m[WD Proxy][39m Matched '/wd/hub/session/89418076-fd4c-4faa-b0f7-a57a05a50110/element/734e68e3-0998-40a3-a860-1add33e8efff/location' to command name 'getLocation'
[debug] [35m[WD Proxy][39m Proxying [GET /wd/hub/session/89418076-fd4c-4faa-b0f7-a57a05a50110/element/734e68e3-0998-40a3-a860-1add33e8efff/location] to [GET http://localhost:8201/wd/hub/session/bfdebaa0-99bb-4453-bc84-fa7ce4577d1f/element/734e68e3-0998-40a3-a860-1add33e8efff/location] with body: {}
[debug] [35m[WD Proxy][39m Got response with status 200: "{\"sessionId\":\"bfdebaa0-99bb-4453-bc84-fa7ce4577d1f\",\"status\":0,\"value\":{\"x\":40,\"y\":269}}"
[35m[WD Proxy][39m Replacing sessionId bfdebaa0-99bb-4453-bc84-fa7ce4577d1f with 89418076-fd4c-4faa-b0f7-a57a05a50110
[35m[HTTP][39m [37m<-- GET /wd/hub/session/89418076-fd4c-4faa-b0f7-a57a05a50110/element/734e68e3-0998-40a3-a860-1add33e8efff/location [39m[32m200[39m [90m109 ms - 88[39m
[35m[HTTP][39m [90m[39m
[35m[HTTP][39m [37m-->[39m [37mPOST[39m [37m/wd/hub/session/89418076-fd4c-4faa-b0f7-a57a05a50110/timeouts[39m
[35m[HTTP][39m [90m{"implicit":30000}[39m
[debug] [35m[W3C (89418076)][39m Calling AppiumDriver.timeouts() with args: [null,null,null,null,30000,"89418076-fd4c-4faa-b0f7-a57a05a50110"]
[debug] [35m[BaseDriver][39m W3C timeout argument: {"implicit":30000}}
[debug] [35m[BaseDriver][39m Set implicit wait to 30000ms
[debug] [35m[W3C (89418076)][39m Responding to client with driver.timeouts() result: null
[35m[HTTP][39m [37m<-- POST /wd/hub/session/89418076-fd4c-4faa-b0f7-a57a05a50110/timeouts [39m[32m200[39m [90m5 ms - 14[39m
[35m[HTTP][39m [90m[39m
[35m[HTTP][39m [37m-->[39m [37mPOST[39m [37m/wd/hub/session/89418076-fd4c-4faa-b0f7-a57a05a50110/touch/perform[39m
[35m[HTTP][39m [90m{"actions":[{"action":"tap","options":{"x":1,"y":1,"element":"734e68e3-0998-40a3-a860-1add33e8efff"}},{"action":"release","options":{}}]}[39m
[debug] [35m[W3C (89418076)][39m Calling AppiumDriver.performTouch() with args: [[{"action":"tap","options":{"x":1,"y":1,"element":"734e68e3-0998-40a3-a860-1add33e8efff"}},{"action":"release","options":{}}],"89418076-fd4c-4faa-b0f7-a57a05a50110"]
[35m[UiAutomator2][39m calling get location: 734e68e3-0998-40a3-a860-1add33e8efff
[debug] [35m[WD Proxy][39m Matched '/element/734e68e3-0998-40a3-a860-1add33e8efff/location' to command name 'getLocation'
[debug] [35m[WD Proxy][39m Proxying [GET /element/734e68e3-0998-40a3-a860-1add33e8efff/location] to [GET http://localhost:8201/wd/hub/session/bfdebaa0-99bb-4453-bc84-fa7ce4577d1f/element/734e68e3-0998-40a3-a860-1add33e8efff/location] with body: {}
[debug] [35m[WD Proxy][39m Got response with status 200: "{\"sessionId\":\"bfdebaa0-99bb-4453-bc84-fa7ce4577d1f\",\"status\":0,\"value\":{\"x\":40,\"y\":269}}"
[debug] [35m[WD Proxy][39m Matched '/element/734e68e3-0998-40a3-a860-1add33e8efff/click' to command name 'click'
[debug] [35m[WD Proxy][39m Proxying [POST /element/734e68e3-0998-40a3-a860-1add33e8efff/click] to [POST http://localhost:8201/wd/hub/session/bfdebaa0-99bb-4453-bc84-fa7ce4577d1f/element/734e68e3-0998-40a3-a860-1add33e8efff/click] with body: {"element":"734e68e3-0998-40a3-a860-1add33e8efff","x":41,"y":270}
[debug] [35m[WD Proxy][39m Got response with status 200: {"sessionId":"bfdebaa0-99bb-4453-bc84-fa7ce4577d1f","status":0,"value":true}
[debug] [35m[W3C (89418076)][39m Responding to client with driver.performTouch() result: null
[35m[HTTP][39m [37m<-- POST /wd/hub/session/89418076-fd4c-4faa-b0f7-a57a05a50110/touch/perform [39m[32m200[39m [90m2517 ms - 14[39m
[35m[HTTP][39m [90m[39m
[35m[HTTP][39m [37m-->[39m [37mPOST[39m [37m/wd/hub/session/89418076-fd4c-4faa-b0f7-a57a05a50110/timeouts[39m
[35m[HTTP][39m [90m{"implicit":50}[39m
[debug] [35m[W3C (89418076)][39m Calling AppiumDriver.timeouts() with args: [null,null,null,null,50,"89418076-fd4c-4faa-b0f7-a57a05a50110"]
[debug] [35m[BaseDriver][39m W3C timeout argument: {"implicit":50}}
[debug] [35m[BaseDriver][39m Set implicit wait to 50ms
[debug] [35m[W3C (89418076)][39m Responding to client with driver.timeouts() result: null
[35m[HTTP][39m [37m<-- POST /wd/hub/session/89418076-fd4c-4faa-b0f7-a57a05a50110/timeouts [39m[32m200[39m [90m7 ms - 14[39m
[35m[HTTP][39m [90m[39m
[35m[HTTP][39m [37m-->[39m [37mGET[39m [37m/wd/hub/session/89418076-fd4c-4faa-b0f7-a57a05a50110/window/rect[39m
[35m[HTTP][39m [90m{}[39m
[debug] [35m[W3C (89418076)][39m Calling AppiumDriver.getWindowRect() with args: ["89418076-fd4c-4faa-b0f7-a57a05a50110"]
[debug] [35m[WD Proxy][39m Matched '/window/current/size' to command name 'getWindowSize'
[debug] [35m[WD Proxy][39m Proxying [GET /window/current/size] to [GET http://localhost:8201/wd/hub/session/bfdebaa0-99bb-4453-bc84-fa7ce4577d1f/window/current/size] with body: {}
[debug] [35m[WD Proxy][39m Got response with status 200: "{\"sessionId\":\"bfdebaa0-99bb-4453-bc84-fa7ce4577d1f\",\"status\":0,\"value\":{\"height\":1344,\"width\":720}}"
[debug] [35m[W3C (89418076)][39m Responding to client with driver.getWindowRect() result: {"width":720,"height":1344,"x":0,"y":0}
[35m[HTTP][39m [37m<-- GET /wd/hub/session/89418076-fd4c-4faa-b0f7-a57a05a50110/window/rect [39m[32m200[39m [90m48 ms - 49[39m
[35m[HTTP][39m [90m[39m
[35m[HTTP][39m [37m-->[39m [37mPOST[39m [37m/wd/hub/session/89418076-fd4c-4faa-b0f7-a57a05a50110/elements[39m
[35m[HTTP][39m [90m{"using":"-android uiautomator","value":"new UiSelector().className(\"android.widget.Button\").text(\"YA, BERANGKAT SEKARANG\").resourceId(\"com.ritase.driver.staging:id/accept_trip\")"}[39m
[debug] [35m[W3C (89418076)][39m Calling AppiumDriver.findElements() with args: ["-android uiautomator","new UiSelector().className(\"android.widget.Button\").text(\"YA, BERANGKAT SEKARANG\").resourceId(\"com.ritase.driver.staging:id/accept_trip\")","89418076-fd4c-4faa-b0f7-a57a05a50110"]
[debug] [35m[BaseDriver][39m Valid locator strategies for this request: xpath, id, class name, accessibility id, -android uiautomator
[debug] [35m[BaseDriver][39m Waiting up to 50 ms for condition
[debug] [35m[WD Proxy][39m Matched '/elements' to command name 'findElements'
[debug] [35m[WD Proxy][39m Proxying [POST /elements] to [POST http://localhost:8201/wd/hub/session/bfdebaa0-99bb-4453-bc84-fa7ce4577d1f/elements] with body: {"strategy":"-android uiautomator","selector":"new UiSelector().className(\"android.widget.Button\").text(\"YA, BERANGKAT SEKARANG\").resourceId(\"com.ritase.driver.staging:id/accept_trip\")","context":"","multiple":true}
[debug] [35m[WD Proxy][39m Got response with status 200: {"sessionId":"bfdebaa0-99bb-4453-bc84-fa7ce4577d1f","status":0,"value":[{"ELEMENT":"f6317c93-1539-49b8-80bc-920a97f73d96"}]}
[debug] [35m[W3C (89418076)][39m Responding to client with driver.findElements() result: [{"element-6066-11e4-a52e-4f735466cecf":"f6317c93-1539-49b8-80bc-920a97f73d96","ELEMENT":"f6317c93-1539-49b8-80bc-920a97f73d96"}]
[35m[HTTP][39m [37m<-- POST /wd/hub/session/89418076-fd4c-4faa-b0f7-a57a05a50110/elements [39m[32m200[39m [90m130 ms - 139[39m
[35m[HTTP][39m [90m[39m
[35m[HTTP][39m [37m-->[39m [37mGET[39m [37m/wd/hub/session/89418076-fd4c-4faa-b0f7-a57a05a50110/element/f6317c93-1539-49b8-80bc-920a97f73d96/location[39m
[35m[HTTP][39m [90m{}[39m
[35m[W3C (89418076)][39m Driver proxy active, passing request on via HTTP proxy
[debug] [35m[WD Proxy][39m Matched '/wd/hub/session/89418076-fd4c-4faa-b0f7-a57a05a50110/element/f6317c93-1539-49b8-80bc-920a97f73d96/location' to command name 'getLocation'
[debug] [35m[WD Proxy][39m Proxying [GET /wd/hub/session/89418076-fd4c-4faa-b0f7-a57a05a50110/element/f6317c93-1539-49b8-80bc-920a97f73d96/location] to [GET http://localhost:8201/wd/hub/session/bfdebaa0-99bb-4453-bc84-fa7ce4577d1f/element/f6317c93-1539-49b8-80bc-920a97f73d96/location] with body: {}
[debug] [35m[WD Proxy][39m Got response with status 200: "{\"sessionId\":\"bfdebaa0-99bb-4453-bc84-fa7ce4577d1f\",\"status\":0,\"value\":{\"x\":70,\"y\":1150}}"
[35m[WD Proxy][39m Replacing sessionId bfdebaa0-99bb-4453-bc84-fa7ce4577d1f with 89418076-fd4c-4faa-b0f7-a57a05a50110
[35m[HTTP][39m [37m<-- GET /wd/hub/session/89418076-fd4c-4faa-b0f7-a57a05a50110/element/f6317c93-1539-49b8-80bc-920a97f73d96/location [39m[32m200[39m [90m99 ms - 89[39m
[35m[HTTP][39m [90m[39m
[35m[HTTP][39m [37m-->[39m [37mPOST[39m [37m/wd/hub/session/89418076-fd4c-4faa-b0f7-a57a05a50110/timeouts[39m
[35m[HTTP][39m [90m{"implicit":30000}[39m
[debug] [35m[W3C (89418076)][39m Calling AppiumDriver.timeouts() with args: [null,null,null,null,30000,"89418076-fd4c-4faa-b0f7-a57a05a50110"]
[debug] [35m[BaseDriver][39m W3C timeout argument: {"implicit":30000}}
[debug] [35m[BaseDriver][39m Set implicit wait to 30000ms
[debug] [35m[W3C (89418076)][39m Responding to client with driver.timeouts() result: null
[35m[HTTP][39m [37m<-- POST /wd/hub/session/89418076-fd4c-4faa-b0f7-a57a05a50110/timeouts [39m[32m200[39m [90m8 ms - 14[39m
[35m[HTTP][39m [90m[39m
[35m[HTTP][39m [37m-->[39m [37mPOST[39m [37m/wd/hub/session/89418076-fd4c-4faa-b0f7-a57a05a50110/touch/perform[39m
[35m[HTTP][39m [90m{"actions":[{"action":"tap","options":{"x":1,"y":1,"element":"f6317c93-1539-49b8-80bc-920a97f73d96"}},{"action":"release","options":{}}]}[39m
[debug] [35m[W3C (89418076)][39m Calling AppiumDriver.performTouch() with args: [[{"action":"tap","options":{"x":1,"y":1,"element":"f6317c93-1539-49b8-80bc-920a97f73d96"}},{"action":"release","options":{}}],"89418076-fd4c-4faa-b0f7-a57a05a50110"]
[35m[UiAutomator2][39m calling get location: f6317c93-1539-49b8-80bc-920a97f73d96
[debug] [35m[WD Proxy][39m Matched '/element/f6317c93-1539-49b8-80bc-920a97f73d96/location' to command name 'getLocation'
[debug] [35m[WD Proxy][39m Proxying [GET /element/f6317c93-1539-49b8-80bc-920a97f73d96/location] to [GET http://localhost:8201/wd/hub/session/bfdebaa0-99bb-4453-bc84-fa7ce4577d1f/element/f6317c93-1539-49b8-80bc-920a97f73d96/location] with body: {}
[debug] [35m[WD Proxy][39m Got response with status 200: "{\"sessionId\":\"bfdebaa0-99bb-4453-bc84-fa7ce4577d1f\",\"status\":0,\"value\":{\"x\":70,\"y\":1150}}"
[debug] [35m[WD Proxy][39m Matched '/element/f6317c93-1539-49b8-80bc-920a97f73d96/click' to command name 'click'
[debug] [35m[WD Proxy][39m Proxying [POST /element/f6317c93-1539-49b8-80bc-920a97f73d96/click] to [POST http://localhost:8201/wd/hub/session/bfdebaa0-99bb-4453-bc84-fa7ce4577d1f/element/f6317c93-1539-49b8-80bc-920a97f73d96/click] with body: {"element":"f6317c93-1539-49b8-80bc-920a97f73d96","x":71,"y":1151}
[debug] [35m[WD Proxy][39m Got response with status 200: {"sessionId":"bfdebaa0-99bb-4453-bc84-fa7ce4577d1f","status":0,"value":true}
[debug] [35m[W3C (89418076)][39m Responding to client with driver.performTouch() result: null
[35m[HTTP][39m [37m<-- POST /wd/hub/session/89418076-fd4c-4faa-b0f7-a57a05a50110/touch/perform [39m[32m200[39m [90m3750 ms - 14[39m
[35m[HTTP][39m [90m[39m
[35m[HTTP][39m [37m-->[39m [37mPOST[39m [37m/wd/hub/session/89418076-fd4c-4faa-b0f7-a57a05a50110/timeouts[39m
[35m[HTTP][39m [90m{"implicit":50}[39m
[debug] [35m[W3C (89418076)][39m Calling AppiumDriver.timeouts() with args: [null,null,null,null,50,"89418076-fd4c-4faa-b0f7-a57a05a50110"]
[debug] [35m[BaseDriver][39m W3C timeout argument: {"implicit":50}}
[debug] [35m[BaseDriver][39m Set implicit wait to 50ms
[debug] [35m[W3C (89418076)][39m Responding to client with driver.timeouts() result: null
[35m[HTTP][39m [37m<-- POST /wd/hub/session/89418076-fd4c-4faa-b0f7-a57a05a50110/timeouts [39m[32m200[39m [90m5 ms - 14[39m
[35m[HTTP][39m [90m[39m
[35m[HTTP][39m [37m-->[39m [37mGET[39m [37m/wd/hub/session/89418076-fd4c-4faa-b0f7-a57a05a50110/window/rect[39m
[35m[HTTP][39m [90m{}[39m
[debug] [35m[W3C (89418076)][39m Calling AppiumDriver.getWindowRect() with args: ["89418076-fd4c-4faa-b0f7-a57a05a50110"]
[debug] [35m[WD Proxy][39m Matched '/window/current/size' to command name 'getWindowSize'
[debug] [35m[WD Proxy][39m Proxying [GET /window/current/size] to [GET http://localhost:8201/wd/hub/session/bfdebaa0-99bb-4453-bc84-fa7ce4577d1f/window/current/size] with body: {}
[debug] [35m[WD Proxy][39m Got response with status 200: "{\"sessionId\":\"bfdebaa0-99bb-4453-bc84-fa7ce4577d1f\",\"status\":0,\"value\":{\"height\":1344,\"width\":720}}"
[debug] [35m[W3C (89418076)][39m Responding to client with driver.getWindowRect() result: {"width":720,"height":1344,"x":0,"y":0}
[35m[HTTP][39m [37m<-- GET /wd/hub/session/89418076-fd4c-4faa-b0f7-a57a05a50110/window/rect [39m[32m200[39m [90m44 ms - 49[39m
[35m[HTTP][39m [90m[39m
[35m[HTTP][39m [37m-->[39m [37mPOST[39m [37m/wd/hub/session/89418076-fd4c-4faa-b0f7-a57a05a50110/elements[39m
[35m[HTTP][39m [90m{"using":"-android uiautomator","value":"new UiSelector().className(\"android.widget.TextView\").text(\"Punya pertanyaan? Tanyakan dengan Admin\")"}[39m
[debug] [35m[W3C (89418076)][39m Calling AppiumDriver.findElements() with args: ["-android uiautomator","new UiSelector().className(\"android.widget.TextView\").text(\"Punya pertanyaan? Tanyakan dengan Admin\")","89418076-fd4c-4faa-b0f7-a57a05a50110"]
[debug] [35m[BaseDriver][39m Valid locator strategies for this request: xpath, id, class name, accessibility id, -android uiautomator
[debug] [35m[BaseDriver][39m Waiting up to 50 ms for condition
[debug] [35m[WD Proxy][39m Matched '/elements' to command name 'findElements'
[debug] [35m[WD Proxy][39m Proxying [POST /elements] to [POST http://localhost:8201/wd/hub/session/bfdebaa0-99bb-4453-bc84-fa7ce4577d1f/elements] with body: {"strategy":"-android uiautomator","selector":"new UiSelector().className(\"android.widget.TextView\").text(\"Punya pertanyaan? Tanyakan dengan Admin\")","context":"","multiple":true}
[debug] [35m[WD Proxy][39m Got response with status 200: {"sessionId":"bfdebaa0-99bb-4453-bc84-fa7ce4577d1f","status":0,"value":[{"ELEMENT":"bf09316b-33a8-4eb4-825c-5c91affc6744"}]}
[debug] [35m[W3C (89418076)][39m Responding to client with driver.findElements() result: [{"element-6066-11e4-a52e-4f735466cecf":"bf09316b-33a8-4eb4-825c-5c91affc6744","ELEMENT":"bf09316b-33a8-4eb4-825c-5c91affc6744"}]
[35m[HTTP][39m [37m<-- POST /wd/hub/session/89418076-fd4c-4faa-b0f7-a57a05a50110/elements [39m[32m200[39m [90m176 ms - 139[39m
[35m[HTTP][39m [90m[39m
[35m[HTTP][39m [37m-->[39m [37mGET[39m [37m/wd/hub/session/89418076-fd4c-4faa-b0f7-a57a05a50110/element/bf09316b-33a8-4eb4-825c-5c91affc6744/location[39m
[35m[HTTP][39m [90m{}[39m
[35m[W3C (89418076)][39m Driver proxy active, passing request on via HTTP proxy
[debug] [35m[WD Proxy][39m Matched '/wd/hub/session/89418076-fd4c-4faa-b0f7-a57a05a50110/element/bf09316b-33a8-4eb4-825c-5c91affc6744/location' to command name 'getLocation'
[debug] [35m[WD Proxy][39m Proxying [GET /wd/hub/session/89418076-fd4c-4faa-b0f7-a57a05a50110/element/bf09316b-33a8-4eb4-825c-5c91affc6744/location] to [GET http://localhost:8201/wd/hub/session/bfdebaa0-99bb-4453-bc84-fa7ce4577d1f/element/bf09316b-33a8-4eb4-825c-5c91affc6744/location] with body: {}
[debug] [35m[WD Proxy][39m Got response with status 200: "{\"sessionId\":\"bfdebaa0-99bb-4453-bc84-fa7ce4577d1f\",\"status\":0,\"value\":{\"x\":40,\"y\":1244}}"
[35m[WD Proxy][39m Replacing sessionId bfdebaa0-99bb-4453-bc84-fa7ce4577d1f with 89418076-fd4c-4faa-b0f7-a57a05a50110
[35m[HTTP][39m [37m<-- GET /wd/hub/session/89418076-fd4c-4faa-b0f7-a57a05a50110/element/bf09316b-33a8-4eb4-825c-5c91affc6744/location [39m[32m200[39m [90m110 ms - 89[39m
[35m[HTTP][39m [90m[39m
[35m[HTTP][39m [37m-->[39m [37mPOST[39m [37m/wd/hub/session/89418076-fd4c-4faa-b0f7-a57a05a50110/timeouts[39m
[35m[HTTP][39m [90m{"implicit":30000}[39m
[debug] [35m[W3C (89418076)][39m Calling AppiumDriver.timeouts() with args: [null,null,null,null,30000,"89418076-fd4c-4faa-b0f7-a57a05a50110"]
[debug] [35m[BaseDriver][39m W3C timeout argument: {"implicit":30000}}
[debug] [35m[BaseDriver][39m Set implicit wait to 30000ms
[debug] [35m[W3C (89418076)][39m Responding to client with driver.timeouts() result: null
[35m[HTTP][39m [37m<-- POST /wd/hub/session/89418076-fd4c-4faa-b0f7-a57a05a50110/timeouts [39m[32m200[39m [90m9 ms - 14[39m
[35m[HTTP][39m [90m[39m
[35m[HTTP][39m [37m-->[39m [37mGET[39m [37m/wd/hub/session/89418076-fd4c-4faa-b0f7-a57a05a50110/element/bf09316b-33a8-4eb4-825c-5c91affc6744/text[39m
[35m[HTTP][39m [90m{}[39m
[35m[W3C (89418076)][39m Driver proxy active, passing request on via HTTP proxy
[debug] [35m[WD Proxy][39m Matched '/wd/hub/session/89418076-fd4c-4faa-b0f7-a57a05a50110/element/bf09316b-33a8-4eb4-825c-5c91affc6744/text' to command name 'getText'
[debug] [35m[WD Proxy][39m Proxying [GET /wd/hub/session/89418076-fd4c-4faa-b0f7-a57a05a50110/element/bf09316b-33a8-4eb4-825c-5c91affc6744/text] to [GET http://localhost:8201/wd/hub/session/bfdebaa0-99bb-4453-bc84-fa7ce4577d1f/element/bf09316b-33a8-4eb4-825c-5c91affc6744/text] with body: {}
[debug] [35m[WD Proxy][39m Got response with status 200: "{\"sessionId\":\"bfdebaa0-99bb-4453-bc84-fa7ce4577d1f\",\"status\":0,\"value\":\"Punya pertanyaan? Tanyakan dengan Admin\"}"
[35m[WD Proxy][39m Replacing sessionId bfdebaa0-99bb-4453-bc84-fa7ce4577d1f with 89418076-fd4c-4faa-b0f7-a57a05a50110
[35m[HTTP][39m [37m<-- GET /wd/hub/session/89418076-fd4c-4faa-b0f7-a57a05a50110/element/bf09316b-33a8-4eb4-825c-5c91affc6744/text [39m[32m200[39m [90m90 ms - 113[39m
[35m[HTTP][39m [90m[39m
[35m[HTTP][39m [37m-->[39m [37mDELETE[39m [37m/wd/hub/session/89418076-fd4c-4faa-b0f7-a57a05a50110[39m
[35m[HTTP][39m [90m{}[39m
[debug] [35m[W3C (89418076)][39m Calling AppiumDriver.deleteSession() with args: ["89418076-fd4c-4faa-b0f7-a57a05a50110"]
[debug] [35m[BaseDriver][39m Event 'quitSessionRequested' logged at 1566880849119 (11:40:49 GMT+0700 (Western Indonesia Time))
[35m[Appium][39m Removing session 89418076-fd4c-4faa-b0f7-a57a05a50110 from our master session list
[debug] [35m[UiAutomator2][39m Deleting UiAutomator2 session
[debug] [35m[UiAutomator2][39m Deleting UiAutomator2 server session
[debug] [35m[WD Proxy][39m Matched '/' to command name 'deleteSession'
[debug] [35m[WD Proxy][39m Proxying [DELETE /] to [DELETE http://localhost:8201/wd/hub/session/bfdebaa0-99bb-4453-bc84-fa7ce4577d1f] with no body
[debug] [35m[WD Proxy][39m Got response with status 200: "{\"sessionId\":\"bfdebaa0-99bb-4453-bc84-fa7ce4577d1f\",\"status\":0,\"value\":\"Session deleted\"}"
[debug] [35m[ADB][39m Running '/home/jarwo/.katalon/tools/android_sdk/platform-tools/adb -P 5037 -s f24006487d26 shell am force-stop com.ritase.driver.staging'
[debug] [35m[Logcat][39m Stopping logcat capture
[debug] [35m[ADB][39m Removing forwarded port socket connection: 8201 
[debug] [35m[ADB][39m Running '/home/jarwo/.katalon/tools/android_sdk/platform-tools/adb -P 5037 -s f24006487d26 forward --remove tcp\:8201'
[debug] [35m[BaseDriver][39m Event 'quitSessionFinished' logged at 1566880849369 (11:40:49 GMT+0700 (Western Indonesia Time))
[debug] [35m[W3C (89418076)][39m Received response: null
[debug] [35m[W3C (89418076)][39m But deleting session, so not returning
[debug] [35m[W3C (89418076)][39m Responding to client with driver.deleteSession() result: null
[35m[HTTP][39m [37m<-- DELETE /wd/hub/session/89418076-fd4c-4faa-b0f7-a57a05a50110 [39m[32m200[39m [90m252 ms - 14[39m
[35m[HTTP][39m [90m[39m
