<?xml version="1.0" encoding="UTF-8" standalone="no"?>
<!DOCTYPE log SYSTEM "logger.dtd">
<log>
<record>
  <date>2019-08-27T08:46:50</date>
  <millis>1566870410981</millis>
  <sequence>0</sequence>
  <level>START</level>
  <class>com.kms.katalon.core.logging.XmlKeywordLogger</class>
  <method>startSuite</method>
  <thread>1</thread>
  <message>Start Test Suite : Test Suites/3.0/Driver V2/Accept Trips</message>
  <nestedLevel>0</nestedLevel>
  <property name="name">Accept Trips</property>
  <property name="description"></property>
  <property name="id">Test Suites/3.0/Driver V2/Accept Trips</property>
</record>
<record>
  <date>2019-08-27T08:46:50</date>
  <millis>1566870410995</millis>
  <sequence>1</sequence>
  <level>RUN_DATA</level>
  <class>com.kms.katalon.core.logging.XmlKeywordLogger</class>
  <method>logMessage</method>
  <thread>1</thread>
  <message>hostName = jarwo - redstar</message>
  <nestedLevel>0</nestedLevel>
  <property name="hostName">jarwo - redstar</property>
</record>
<record>
  <date>2019-08-27T08:46:50</date>
  <millis>1566870410996</millis>
  <sequence>2</sequence>
  <level>RUN_DATA</level>
  <class>com.kms.katalon.core.logging.XmlKeywordLogger</class>
  <method>logMessage</method>
  <thread>1</thread>
  <message>os = Linux 64bit</message>
  <nestedLevel>0</nestedLevel>
  <property name="os">Linux 64bit</property>
</record>
<record>
  <date>2019-08-27T08:46:50</date>
  <millis>1566870410996</millis>
  <sequence>3</sequence>
  <level>RUN_DATA</level>
  <class>com.kms.katalon.core.logging.XmlKeywordLogger</class>
  <method>logMessage</method>
  <thread>1</thread>
  <message>hostAddress = 127.0.1.1</message>
  <nestedLevel>0</nestedLevel>
  <property name="hostAddress">127.0.1.1</property>
</record>
<record>
  <date>2019-08-27T08:46:50</date>
  <millis>1566870410997</millis>
  <sequence>4</sequence>
  <level>RUN_DATA</level>
  <class>com.kms.katalon.core.logging.XmlKeywordLogger</class>
  <method>logMessage</method>
  <thread>1</thread>
  <message>katalonVersion = 6.2.1.2</message>
  <nestedLevel>0</nestedLevel>
  <property name="katalonVersion">6.2.1.2</property>
</record>
<record>
  <date>2019-08-27T08:46:51</date>
  <millis>1566870411190</millis>
  <sequence>5</sequence>
  <level>START</level>
  <class>com.kms.katalon.core.logging.XmlKeywordLogger</class>
  <method>startTest</method>
  <thread>1</thread>
  <message>Start Test Case : Test Cases/Mobile Drivers/Login/Login Drivers</message>
  <nestedLevel>1</nestedLevel>
  <property name="name">Test Cases/Mobile Drivers/Login/Login Drivers</property>
  <property name="description"></property>
  <property name="id">Test Cases/Mobile Drivers/Login/Login Drivers</property>
  <property name="source">\\home\\jarwo\\Katalon Studio\\Ritase Automation Testing\\Test Cases\\Mobile Drivers\\Login\\Login Drivers.tc</property>
  <property name="tag"></property>
  <property name="isOptional">false</property>
</record>
<record>
  <date>2019-08-27T08:46:51</date>
  <millis>1566870411395</millis>
  <sequence>7</sequence>
  <level>START</level>
  <class>com.kms.katalon.core.logging.XmlKeywordLogger</class>
  <method>startKeyword</method>
  <thread>1</thread>
  <message>Start action : runFeatureFile(\&amp;quot;Include/features/Mobile/Drivers V2/Login/LoginDrivers.feature\&amp;quot;, STOP_ON_FAILURE)</message>
  <nestedLevel>1</nestedLevel>
  <property name="startLine">16</property>
  <property name="stepIndex">1</property>
</record>
<record>
  <date>2019-08-27T08:46:51</date>
  <millis>1566870411439</millis>
  <sequence>8</sequence>
  <level>INFO</level>
  <class>com.kms.katalon.core.logging.XmlKeywordLogger</class>
  <method>logMessage</method>
  <thread>1</thread>
  <message>Starting run keyword runFeatureFile: &amp;apos;Include/features/Mobile/Drivers V2/Login/LoginDrivers.feature&amp;apos; and extract report to folder: &amp;apos;/home/jarwo/Katalon Studio/Ritase Automation Testing/Reports/3.0/Driver V2/Accept Trips/20190827_084644/cucumber_report/1566870411432&amp;apos;...</message>
  <nestedLevel>1</nestedLevel>
</record>
<record>
  <date>2019-08-27T08:46:51</date>
  <millis>1566870411884</millis>
  <sequence>9</sequence>
  <level>START</level>
  <class>com.kms.katalon.core.logging.XmlKeywordLogger</class>
  <method>startTest</method>
  <thread>1</thread>
  <message>Start Test Case : SCENARIO Login Drivers</message>
  <nestedLevel>2</nestedLevel>
</record>
<record>
  <date>2019-08-27T08:46:51</date>
  <millis>1566870411886</millis>
  <sequence>10</sequence>
  <level>START</level>
  <class>com.kms.katalon.core.logging.XmlKeywordLogger</class>
  <method>startKeyword</method>
  <thread>1</thread>
  <message>Start action : User install and open ritase driver apps</message>
  <nestedLevel>2</nestedLevel>
</record>
<record>
  <date>2019-08-27T08:46:52</date>
  <millis>1566870412889</millis>
  <sequence>12</sequence>
  <level>INFO</level>
  <class>com.kms.katalon.core.logging.XmlKeywordLogger</class>
  <method>logMessage</method>
  <thread>1</thread>
  <message>Appium server started on port 38,637</message>
  <nestedLevel>2</nestedLevel>
</record>
<record>
  <date>2019-08-27T08:47:06</date>
  <millis>1566870426295</millis>
  <sequence>14</sequence>
  <level>RUN_DATA</level>
  <class>com.kms.katalon.core.logging.XmlKeywordLogger</class>
  <method>logMessage</method>
  <thread>1</thread>
  <message>appiumVersion = 1.14.1</message>
  <nestedLevel>2</nestedLevel>
  <property name="appiumVersion">1.14.1</property>
</record>
<record>
  <date>2019-08-27T08:47:06</date>
  <millis>1566870426305</millis>
  <sequence>15</sequence>
  <level>RUN_DATA</level>
  <class>com.kms.katalon.core.logging.XmlKeywordLogger</class>
  <method>logMessage</method>
  <thread>1</thread>
  <message>deviceId = f24006487d26</message>
  <nestedLevel>2</nestedLevel>
  <property name="deviceId">f24006487d26</property>
</record>
<record>
  <date>2019-08-27T08:47:06</date>
  <millis>1566870426305</millis>
  <sequence>16</sequence>
  <level>RUN_DATA</level>
  <class>com.kms.katalon.core.logging.XmlKeywordLogger</class>
  <method>logMessage</method>
  <thread>1</thread>
  <message>deviceName = Xiaomi Redmi 6A (Android 8.1.0)</message>
  <nestedLevel>2</nestedLevel>
  <property name="deviceName">Xiaomi Redmi 6A (Android 8.1.0)</property>
</record>
<record>
  <date>2019-08-27T08:47:06</date>
  <millis>1566870426305</millis>
  <sequence>17</sequence>
  <level>RUN_DATA</level>
  <class>com.kms.katalon.core.logging.XmlKeywordLogger</class>
  <method>logMessage</method>
  <thread>1</thread>
  <message>deviceModel = Redmi 6A</message>
  <nestedLevel>2</nestedLevel>
  <property name="deviceModel">Redmi 6A</property>
</record>
<record>
  <date>2019-08-27T08:47:06</date>
  <millis>1566870426306</millis>
  <sequence>18</sequence>
  <level>RUN_DATA</level>
  <class>com.kms.katalon.core.logging.XmlKeywordLogger</class>
  <method>logMessage</method>
  <thread>1</thread>
  <message>deviceManufacturer = Xiaomi</message>
  <nestedLevel>2</nestedLevel>
  <property name="deviceManufacturer">Xiaomi</property>
</record>
<record>
  <date>2019-08-27T08:47:06</date>
  <millis>1566870426306</millis>
  <sequence>19</sequence>
  <level>RUN_DATA</level>
  <class>com.kms.katalon.core.logging.XmlKeywordLogger</class>
  <method>logMessage</method>
  <thread>1</thread>
  <message>deviceOS = Android</message>
  <nestedLevel>2</nestedLevel>
  <property name="deviceOS">Android</property>
</record>
<record>
  <date>2019-08-27T08:47:06</date>
  <millis>1566870426306</millis>
  <sequence>20</sequence>
  <level>RUN_DATA</level>
  <class>com.kms.katalon.core.logging.XmlKeywordLogger</class>
  <method>logMessage</method>
  <thread>1</thread>
  <message>deviceOSVersion = 8.1.0</message>
  <nestedLevel>2</nestedLevel>
  <property name="deviceOSVersion">8.1.0</property>
</record>
<record>
  <date>2019-08-27T08:47:06</date>
  <millis>1566870426308</millis>
  <sequence>21</sequence>
  <level>PASSED</level>
  <class>com.kms.katalon.core.logging.XmlKeywordLogger</class>
  <method>logMessage</method>
  <thread>1</thread>
  <message>Started app at: &amp;apos;/home/jarwo/Katalon Studio/Ritase Automation Testing/APK/stg-driver.apk&amp;apos;</message>
  <nestedLevel>2</nestedLevel>
</record>
<record>
  <date>2019-08-27T08:47:06</date>
  <millis>1566870426457</millis>
  <sequence>22</sequence>
  <level>PASSED</level>
  <class>com.kms.katalon.core.logging.XmlKeywordLogger</class>
  <method>logMessage</method>
  <thread>1</thread>
  <message>Current device physical height is 1344</message>
  <nestedLevel>2</nestedLevel>
</record>
<record>
  <date>2019-08-27T08:47:06</date>
  <millis>1566870426592</millis>
  <sequence>23</sequence>
  <level>PASSED</level>
  <class>com.kms.katalon.core.logging.XmlKeywordLogger</class>
  <method>logMessage</method>
  <thread>1</thread>
  <message>Current device physical width is 720</message>
  <nestedLevel>2</nestedLevel>
</record>
<record>
  <date>2019-08-27T08:47:06</date>
  <millis>1566870426609</millis>
  <sequence>24</sequence>
  <level>PASSED</level>
  <class>com.kms.katalon.core.logging.XmlKeywordLogger</class>
  <method>logMessage</method>
  <thread>1</thread>
  <message>User install and open ritase driver apps</message>
  <nestedLevel>2</nestedLevel>
</record>
<record>
  <date>2019-08-27T08:47:06</date>
  <millis>1566870426609</millis>
  <sequence>25</sequence>
  <level>END</level>
  <class>com.kms.katalon.core.logging.XmlKeywordLogger</class>
  <method>endKeyword</method>
  <thread>1</thread>
  <message>End End action : User install and open ritase driver apps</message>
  <nestedLevel>2</nestedLevel>
</record>
<record>
  <date>2019-08-27T08:47:06</date>
  <millis>1566870426611</millis>
  <sequence>26</sequence>
  <level>START</level>
  <class>com.kms.katalon.core.logging.XmlKeywordLogger</class>
  <method>startKeyword</method>
  <thread>1</thread>
  <message>Start action : User tap initial login button</message>
  <nestedLevel>2</nestedLevel>
</record>
</log>
