[35m[Appium][39m Welcome to Appium v1.14.2
[35m[Appium][39m Non-default server args:
[35m[Appium][39m   port: 61008
[35m[Appium][39m   loglevel: info
[35m[Appium][39m   chromeDriverPort: 61009
[35m[Appium][39m   tmpDir: C:\Users\Purrari\AppData\Local\Temp\\Katalon\Appium\Temp1567677816058
[35m[Appium][39m Appium REST http interface listener started on 0.0.0.0:61008
[35m[HTTP][39m [37m-->[39m [37mGET[39m [37m/wd/hub/status[39m
[35m[HTTP][39m [90m{}[39m
[35m[HTTP][39m [37m<-- GET /wd/hub/status [39m[32m200[39m [90m8 ms - 68[39m
[35m[HTTP][39m [90m[39m
[35m[HTTP][39m [37m-->[39m [37mPOST[39m [37m/wd/hub/session[39m
[35m[HTTP][39m [90m{"desiredCapabilities":{"app":"C:\\Users\\Purrari\\Documents\\Ritase Automation\\APK\\stg-driver.apk","noReset":true,"deviceName":"Xiaomi Redmi 6A (Android 8.1.0)","fullReset":false,"platform":"ANDROID","newCommandTimeout":1800,"platformVersion":"8.1.0","automationName":"uiautomator2","autoGrantPermissions":true,"platformName":"Android","udid":"a864e4de7d26","systemPort":61007},"capabilities":{"firstMatch":[{"appium:app":"C:\\Users\\Purrari\\Documents\\Ritase Automation\\APK\\stg-driver.apk","appium:autoGrantPermissions":true,"appium:automationName":"uiautomator2","appium:deviceName":"Xiaomi Redmi 6A (Android 8.1.0)","appium:fullReset":false,"appium:newCommandTimeout":1800,"appium:noReset":true,"platform":"ANDROID","platformName":"android","appium:platformVersion":"8.1.0","appium:systemPort":61007,"appium:udid":"a864e4de7d26"}]}}[39m
[35m[BaseDriver][39m The capabilities ["platform"] are not standard capabilities and should have an extension prefix
[35m[Appium][39m Appium v1.14.2 creating new AndroidUiautomator2Driver (v1.33.1) session
[35m[Appium][39m Capabilities:
[35m[Appium][39m   platform: ANDROID
[35m[Appium][39m   platformName: android
[35m[Appium][39m   app: C:\Users\Purrari\Documents\Ritase Automation\APK\stg-driver.apk
[35m[Appium][39m   autoGrantPermissions: true
[35m[Appium][39m   automationName: uiautomator2
[35m[Appium][39m   deviceName: Xiaomi Redmi 6A (Android 8.1.0)
[35m[Appium][39m   fullReset: false
[35m[Appium][39m   newCommandTimeout: 1800
[35m[Appium][39m   noReset: true
[35m[Appium][39m   platformVersion: 8.1.0
[35m[Appium][39m   systemPort: 61007
[35m[Appium][39m   udid: a864e4de7d26
[35m[BaseDriver][39m The following capabilities were provided, but are not recognized by Appium:
[35m[BaseDriver][39m   platform
[35m[BaseDriver][39m Session created with session id: a46984f2-1dfb-46c8-90d3-00d0aea8351a
[35m[BaseDriver][39m Using local app 'C:\Users\Purrari\Documents\Ritase Automation\APK\stg-driver.apk'
[35m[ADB][39m Found 1 'build-tools' folders under 'C:\Users\Purrari\.katalon\tools\android_sdk' (newest first):
[35m[ADB][39m     C:/Users/Purrari/.katalon/tools/android_sdk/build-tools/29.0.2
[35m[ADB][39m Using 'adb.exe' from 'C:\Users\Purrari\.katalon\tools\android_sdk\platform-tools\adb.exe'
[35m[AndroidDriver][39m Retrieving device list
[35m[AndroidDriver][39m Using device: a864e4de7d26
[35m[ADB][39m Using 'adb.exe' from 'C:\Users\Purrari\.katalon\tools\android_sdk\platform-tools\adb.exe'
[35m[ADB][39m Using the alternative activity name detection method because of: Could not find 'apkanalyzer.bat' in ["C:\\Users\\Purrari\\.katalon\\tools\\android_sdk\\platform-tools\\apkanalyzer.bat","C:\\Users\\Purrari\\.katalon\\tools\\android_sdk\\emulator\\apkanalyzer.bat","C:\\Users\\Purrari\\.katalon\\tools\\android_sdk\\tools\\apkanalyzer.bat","C:\\Users\\Purrari\\.katalon\\tools\\android_sdk\\tools\\bin\\apkanalyzer.bat","C:\\Users\\Purrari\\.katalon\\tools\\android_sdk\\build-tools\\29.0.2\\apkanalyzer.bat"]. Do you have Android Build Tools installed at 'C:\Users\Purrari\.katalon\tools\android_sdk'?
[35m[ADB][39m Using 'aapt.exe' from 'C:\Users\Purrari\.katalon\tools\android_sdk\build-tools\29.0.2\aapt.exe'
[35m[ADB][39m Extracting package and launch activity from manifest
[35m[ADB][39m Package name: 'com.ritase.driver.staging'
[35m[ADB][39m Main activity name: 'com.ritase.driver.activity.SplashActivity'
[35m[ADB][39m Using 'apksigner.bat' from 'C:\Users\Purrari\.katalon\tools\android_sdk\build-tools\29.0.2\apksigner.bat'
[35m[UiAutomator2][39m Server packages are not going to be (re)installed
[35m[UiAutomator2][39m Starting UIAutomator2 server 3.7.0
[35m[UiAutomator2][39m Using UIAutomator2 server from 'C:\Users\Purrari\AppData\Roaming\npm\node_modules\appium\node_modules\appium-uiautomator2-server\apks\appium-uiautomator2-server-v3.7.0.apk' and test from 'C:\Users\Purrari\AppData\Roaming\npm\node_modules\appium\node_modules\appium-uiautomator2-server\apks\appium-uiautomator2-server-debug-androidTest.apk'
[35m[UiAutomator2][39m Waiting up to 30000ms for UiAutomator2 to be online...
[35m[WD Proxy][39m Got an unexpected response: {"code":"ECONNRESET"}
[35m[WD Proxy][39m Got an unexpected response: {"code":"ECONNRESET"}
[35m[WD Proxy][39m Got an unexpected response: {"code":"ECONNRESET"}
[35m[AndroidDriver][39m Screen already unlocked, doing nothing
[35m[UiAutomator2][39m UiAutomator2 did not start the activity we were waiting for, 'com.ritase.driver.staging/com.ritase.driver.activity.SplashActivity'. Starting it ourselves
[35m[Appium][39m New AndroidUiautomator2Driver session created successfully, session a46984f2-1dfb-46c8-90d3-00d0aea8351a added to master session list
[35m[HTTP][39m [37m<-- POST /wd/hub/session [39m[32m200[39m [90m18583 ms - 1254[39m
[35m[HTTP][39m [90m[39m
[35m[HTTP][39m [37m-->[39m [37mGET[39m [37m/wd/hub/session/a46984f2-1dfb-46c8-90d3-00d0aea8351a[39m
[35m[HTTP][39m [90m{}[39m
[35m[HTTP][39m [37m<-- GET /wd/hub/session/a46984f2-1dfb-46c8-90d3-00d0aea8351a [39m[32m200[39m [90m73 ms - 1186[39m
[35m[HTTP][39m [90m[39m
[35m[HTTP][39m [37m-->[39m [37mGET[39m [37m/wd/hub/session/a46984f2-1dfb-46c8-90d3-00d0aea8351a[39m
[35m[HTTP][39m [90m{}[39m
[35m[HTTP][39m [37m<-- GET /wd/hub/session/a46984f2-1dfb-46c8-90d3-00d0aea8351a [39m[32m200[39m [90m29 ms - 1186[39m
[35m[HTTP][39m [90m[39m
[35m[HTTP][39m [37m-->[39m [37mGET[39m [37m/wd/hub/status[39m
[35m[HTTP][39m [90m{}[39m
[35m[HTTP][39m [37m<-- GET /wd/hub/status [39m[32m200[39m [90m1 ms - 68[39m
[35m[HTTP][39m [90m[39m
[35m[HTTP][39m [37m-->[39m [37mPOST[39m [37m/wd/hub/session/a46984f2-1dfb-46c8-90d3-00d0aea8351a/timeouts[39m
[35m[HTTP][39m [90m{"implicit":30000}[39m
[35m[HTTP][39m [37m<-- POST /wd/hub/session/a46984f2-1dfb-46c8-90d3-00d0aea8351a/timeouts [39m[32m200[39m [90m13 ms - 14[39m
[35m[HTTP][39m [90m[39m
[35m[HTTP][39m [37m-->[39m [37mGET[39m [37m/wd/hub/session/a46984f2-1dfb-46c8-90d3-00d0aea8351a/context[39m
[35m[HTTP][39m [90m{}[39m
[35m[HTTP][39m [37m<-- GET /wd/hub/session/a46984f2-1dfb-46c8-90d3-00d0aea8351a/context [39m[32m200[39m [90m14 ms - 22[39m
[35m[HTTP][39m [90m[39m
[35m[HTTP][39m [37m-->[39m [37mGET[39m [37m/wd/hub/session/a46984f2-1dfb-46c8-90d3-00d0aea8351a/contexts[39m
[35m[HTTP][39m [90m{}[39m
[35m[HTTP][39m [37m<-- GET /wd/hub/session/a46984f2-1dfb-46c8-90d3-00d0aea8351a/contexts [39m[32m200[39m [90m87 ms - 24[39m
[35m[HTTP][39m [90m[39m
[35m[HTTP][39m [37m-->[39m [37mPOST[39m [37m/wd/hub/session/a46984f2-1dfb-46c8-90d3-00d0aea8351a/context[39m
[35m[HTTP][39m [90m{"name":"NATIVE_APP"}[39m
[35m[HTTP][39m [37m<-- POST /wd/hub/session/a46984f2-1dfb-46c8-90d3-00d0aea8351a/context [39m[32m200[39m [90m8 ms - 14[39m
[35m[HTTP][39m [90m[39m
[35m[HTTP][39m [37m-->[39m [37mGET[39m [37m/wd/hub/session/a46984f2-1dfb-46c8-90d3-00d0aea8351a/window/rect[39m
[35m[HTTP][39m [90m{}[39m
[35m[HTTP][39m [37m<-- GET /wd/hub/session/a46984f2-1dfb-46c8-90d3-00d0aea8351a/window/rect [39m[32m200[39m [90m36 ms - 49[39m
[35m[HTTP][39m [90m[39m
[35m[HTTP][39m [37m-->[39m [37mPOST[39m [37m/wd/hub/session/a46984f2-1dfb-46c8-90d3-00d0aea8351a/context[39m
[35m[HTTP][39m [90m{"name":"NATIVE_APP"}[39m
[35m[HTTP][39m [37m<-- POST /wd/hub/session/a46984f2-1dfb-46c8-90d3-00d0aea8351a/context [39m[32m200[39m [90m2 ms - 14[39m
[35m[HTTP][39m [90m[39m
[35m[HTTP][39m [37m-->[39m [37mGET[39m [37m/wd/hub/session/a46984f2-1dfb-46c8-90d3-00d0aea8351a/context[39m
[35m[HTTP][39m [90m{}[39m
[35m[HTTP][39m [37m<-- GET /wd/hub/session/a46984f2-1dfb-46c8-90d3-00d0aea8351a/context [39m[32m200[39m [90m2 ms - 22[39m
[35m[HTTP][39m [90m[39m
[35m[HTTP][39m [37m-->[39m [37mGET[39m [37m/wd/hub/session/a46984f2-1dfb-46c8-90d3-00d0aea8351a/contexts[39m
[35m[HTTP][39m [90m{}[39m
[35m[HTTP][39m [37m<-- GET /wd/hub/session/a46984f2-1dfb-46c8-90d3-00d0aea8351a/contexts [39m[32m200[39m [90m86 ms - 24[39m
[35m[HTTP][39m [90m[39m
[35m[HTTP][39m [37m-->[39m [37mPOST[39m [37m/wd/hub/session/a46984f2-1dfb-46c8-90d3-00d0aea8351a/context[39m
[35m[HTTP][39m [90m{"name":"NATIVE_APP"}[39m
[35m[HTTP][39m [37m<-- POST /wd/hub/session/a46984f2-1dfb-46c8-90d3-00d0aea8351a/context [39m[32m200[39m [90m8 ms - 14[39m
[35m[HTTP][39m [90m[39m
[35m[HTTP][39m [37m-->[39m [37mGET[39m [37m/wd/hub/session/a46984f2-1dfb-46c8-90d3-00d0aea8351a/window/rect[39m
[35m[HTTP][39m [90m{}[39m
[35m[HTTP][39m [37m<-- GET /wd/hub/session/a46984f2-1dfb-46c8-90d3-00d0aea8351a/window/rect [39m[32m200[39m [90m38 ms - 49[39m
[35m[HTTP][39m [90m[39m
[35m[HTTP][39m [37m-->[39m [37mPOST[39m [37m/wd/hub/session/a46984f2-1dfb-46c8-90d3-00d0aea8351a/context[39m
[35m[HTTP][39m [90m{"name":"NATIVE_APP"}[39m
[35m[HTTP][39m [37m<-- POST /wd/hub/session/a46984f2-1dfb-46c8-90d3-00d0aea8351a/context [39m[32m200[39m [90m2 ms - 14[39m
[35m[HTTP][39m [90m[39m
[35m[HTTP][39m [37m-->[39m [37mPOST[39m [37m/wd/hub/session/a46984f2-1dfb-46c8-90d3-00d0aea8351a/timeouts[39m
[35m[HTTP][39m [90m{"implicit":50}[39m
[35m[HTTP][39m [37m<-- POST /wd/hub/session/a46984f2-1dfb-46c8-90d3-00d0aea8351a/timeouts [39m[32m200[39m [90m5 ms - 14[39m
[35m[HTTP][39m [90m[39m
[35m[HTTP][39m [37m-->[39m [37mGET[39m [37m/wd/hub/session/a46984f2-1dfb-46c8-90d3-00d0aea8351a/window/rect[39m
[35m[HTTP][39m [90m{}[39m
[35m[HTTP][39m [37m<-- GET /wd/hub/session/a46984f2-1dfb-46c8-90d3-00d0aea8351a/window/rect [39m[32m200[39m [90m50 ms - 49[39m
[35m[HTTP][39m [90m[39m
[35m[HTTP][39m [37m-->[39m [37mPOST[39m [37m/wd/hub/session/a46984f2-1dfb-46c8-90d3-00d0aea8351a/elements[39m
[35m[HTTP][39m [90m{"using":"-android uiautomator","value":"new UiSelector().className(\"android.widget.Button\").text(\"LOGIN\").resourceId(\"com.ritase.driver.staging:id/to_login_btn\")"}[39m
[35m[HTTP][39m [37m<-- POST /wd/hub/session/a46984f2-1dfb-46c8-90d3-00d0aea8351a/elements [39m[32m200[39m [90m583 ms - 12[39m
[35m[HTTP][39m [90m[39m
[35m[HTTP][39m [37m-->[39m [37mPOST[39m [37m/wd/hub/session/a46984f2-1dfb-46c8-90d3-00d0aea8351a/elements[39m
[35m[HTTP][39m [90m{"using":"-android uiautomator","value":"new UiSelector().className(\"android.widget.Button\").text(\"LOGIN\").resourceId(\"com.ritase.driver.staging:id/to_login_btn\")"}[39m
[35m[HTTP][39m [37m<-- POST /wd/hub/session/a46984f2-1dfb-46c8-90d3-00d0aea8351a/elements [39m[32m200[39m [90m84 ms - 12[39m
[35m[HTTP][39m [90m[39m
[35m[HTTP][39m [37m-->[39m [37mPOST[39m [37m/wd/hub/session/a46984f2-1dfb-46c8-90d3-00d0aea8351a/elements[39m
[35m[HTTP][39m [90m{"using":"-android uiautomator","value":"new UiSelector().className(\"android.widget.Button\").text(\"LOGIN\").resourceId(\"com.ritase.driver.staging:id/to_login_btn\")"}[39m
[35m[HTTP][39m [37m<-- POST /wd/hub/session/a46984f2-1dfb-46c8-90d3-00d0aea8351a/elements [39m[32m200[39m [90m79 ms - 12[39m
[35m[HTTP][39m [90m[39m
[35m[HTTP][39m [37m-->[39m [37mPOST[39m [37m/wd/hub/session/a46984f2-1dfb-46c8-90d3-00d0aea8351a/elements[39m
[35m[HTTP][39m [90m{"using":"-android uiautomator","value":"new UiSelector().className(\"android.widget.Button\").text(\"LOGIN\").resourceId(\"com.ritase.driver.staging:id/to_login_btn\")"}[39m
[35m[HTTP][39m [37m<-- POST /wd/hub/session/a46984f2-1dfb-46c8-90d3-00d0aea8351a/elements [39m[32m200[39m [90m77 ms - 12[39m
[35m[HTTP][39m [90m[39m
[35m[HTTP][39m [37m-->[39m [37mPOST[39m [37m/wd/hub/session/a46984f2-1dfb-46c8-90d3-00d0aea8351a/elements[39m
[35m[HTTP][39m [90m{"using":"-android uiautomator","value":"new UiSelector().className(\"android.widget.Button\").text(\"LOGIN\").resourceId(\"com.ritase.driver.staging:id/to_login_btn\")"}[39m
[35m[HTTP][39m [37m<-- POST /wd/hub/session/a46984f2-1dfb-46c8-90d3-00d0aea8351a/elements [39m[32m200[39m [90m110 ms - 12[39m
[35m[HTTP][39m [90m[39m
[35m[HTTP][39m [37m-->[39m [37mPOST[39m [37m/wd/hub/session/a46984f2-1dfb-46c8-90d3-00d0aea8351a/elements[39m
[35m[HTTP][39m [90m{"using":"-android uiautomator","value":"new UiSelector().className(\"android.widget.Button\").text(\"LOGIN\").resourceId(\"com.ritase.driver.staging:id/to_login_btn\")"}[39m
[35m[HTTP][39m [37m<-- POST /wd/hub/session/a46984f2-1dfb-46c8-90d3-00d0aea8351a/elements [39m[32m200[39m [90m1523 ms - 139[39m
[35m[HTTP][39m [90m[39m
[35m[HTTP][39m [37m-->[39m [37mGET[39m [37m/wd/hub/session/a46984f2-1dfb-46c8-90d3-00d0aea8351a/element/512906f5-5c7f-4e2d-a1e6-5f8bbc64ccb9/location[39m
[35m[HTTP][39m [90m{}[39m
[35m[W3C (a46984f2)][39m Driver proxy active, passing request on via HTTP proxy
[35m[WD Proxy][39m Replacing sessionId 0c2c770f-c1b3-45ed-92cd-5e31f098fff1 with a46984f2-1dfb-46c8-90d3-00d0aea8351a
[35m[HTTP][39m [37m<-- GET /wd/hub/session/a46984f2-1dfb-46c8-90d3-00d0aea8351a/element/512906f5-5c7f-4e2d-a1e6-5f8bbc64ccb9/location [39m[32m200[39m [90m148 ms - 89[39m
[35m[HTTP][39m [90m[39m
[35m[HTTP][39m [37m-->[39m [37mPOST[39m [37m/wd/hub/session/a46984f2-1dfb-46c8-90d3-00d0aea8351a/timeouts[39m
[35m[HTTP][39m [90m{"implicit":30000}[39m
[35m[HTTP][39m [37m<-- POST /wd/hub/session/a46984f2-1dfb-46c8-90d3-00d0aea8351a/timeouts [39m[32m200[39m [90m2 ms - 14[39m
[35m[HTTP][39m [90m[39m
[35m[HTTP][39m [37m-->[39m [37mPOST[39m [37m/wd/hub/session/a46984f2-1dfb-46c8-90d3-00d0aea8351a/touch/perform[39m
[35m[HTTP][39m [90m{"actions":[{"action":"tap","options":{"x":1,"y":1,"element":"512906f5-5c7f-4e2d-a1e6-5f8bbc64ccb9"}},{"action":"release","options":{}}]}[39m
[35m[UiAutomator2][39m calling get location: 512906f5-5c7f-4e2d-a1e6-5f8bbc64ccb9
[35m[HTTP][39m [37m<-- POST /wd/hub/session/a46984f2-1dfb-46c8-90d3-00d0aea8351a/touch/perform [39m[32m200[39m [90m1077 ms - 14[39m
[35m[HTTP][39m [90m[39m
[35m[HTTP][39m [37m-->[39m [37mPOST[39m [37m/wd/hub/session/a46984f2-1dfb-46c8-90d3-00d0aea8351a/timeouts[39m
[35m[HTTP][39m [90m{"implicit":50}[39m
[35m[HTTP][39m [37m<-- POST /wd/hub/session/a46984f2-1dfb-46c8-90d3-00d0aea8351a/timeouts [39m[32m200[39m [90m2 ms - 14[39m
[35m[HTTP][39m [90m[39m
[35m[HTTP][39m [37m-->[39m [37mGET[39m [37m/wd/hub/session/a46984f2-1dfb-46c8-90d3-00d0aea8351a/window/rect[39m
[35m[HTTP][39m [90m{}[39m
[35m[HTTP][39m [37m<-- GET /wd/hub/session/a46984f2-1dfb-46c8-90d3-00d0aea8351a/window/rect [39m[32m200[39m [90m39 ms - 49[39m
[35m[HTTP][39m [90m[39m
[35m[HTTP][39m [37m-->[39m [37mPOST[39m [37m/wd/hub/session/a46984f2-1dfb-46c8-90d3-00d0aea8351a/elements[39m
[35m[HTTP][39m [90m{"using":"-android uiautomator","value":"new UiSelector().className(\"android.widget.EditText\").text(\"Masukkan Nomor Telepon\").resourceId(\"com.ritase.driver.staging:id/phone_number_et\")"}[39m
[35m[HTTP][39m [37m<-- POST /wd/hub/session/a46984f2-1dfb-46c8-90d3-00d0aea8351a/elements [39m[32m200[39m [90m125 ms - 139[39m
[35m[HTTP][39m [90m[39m
[35m[HTTP][39m [37m-->[39m [37mGET[39m [37m/wd/hub/session/a46984f2-1dfb-46c8-90d3-00d0aea8351a/element/22ad817f-f30f-4202-b8a6-c2c25150c8df/location[39m
[35m[HTTP][39m [90m{}[39m
[35m[W3C (a46984f2)][39m Driver proxy active, passing request on via HTTP proxy
[35m[WD Proxy][39m Replacing sessionId 0c2c770f-c1b3-45ed-92cd-5e31f098fff1 with a46984f2-1dfb-46c8-90d3-00d0aea8351a
[35m[HTTP][39m [37m<-- GET /wd/hub/session/a46984f2-1dfb-46c8-90d3-00d0aea8351a/element/22ad817f-f30f-4202-b8a6-c2c25150c8df/location [39m[32m200[39m [90m84 ms - 88[39m
[35m[HTTP][39m [90m[39m
[35m[HTTP][39m [37m-->[39m [37mPOST[39m [37m/wd/hub/session/a46984f2-1dfb-46c8-90d3-00d0aea8351a/timeouts[39m
[35m[HTTP][39m [90m{"implicit":30000}[39m
[35m[HTTP][39m [37m<-- POST /wd/hub/session/a46984f2-1dfb-46c8-90d3-00d0aea8351a/timeouts [39m[32m200[39m [90m2 ms - 14[39m
[35m[HTTP][39m [90m[39m
[35m[HTTP][39m [37m-->[39m [37mPOST[39m [37m/wd/hub/session/a46984f2-1dfb-46c8-90d3-00d0aea8351a/element/22ad817f-f30f-4202-b8a6-c2c25150c8df/clear[39m
[35m[HTTP][39m [90m{"id":"22ad817f-f30f-4202-b8a6-c2c25150c8df"}[39m
[35m[HTTP][39m [37m<-- POST /wd/hub/session/a46984f2-1dfb-46c8-90d3-00d0aea8351a/element/22ad817f-f30f-4202-b8a6-c2c25150c8df/clear [39m[32m200[39m [90m108 ms - 27[39m
[35m[HTTP][39m [90m[39m
[35m[HTTP][39m [37m-->[39m [37mPOST[39m [37m/wd/hub/session/a46984f2-1dfb-46c8-90d3-00d0aea8351a/element/22ad817f-f30f-4202-b8a6-c2c25150c8df/value[39m
[35m[HTTP][39m [90m{"id":"22ad817f-f30f-4202-b8a6-c2c25150c8df","text":"082329073112","value":["0","8","2","3","2","9","0","7","3","1","1","2"]}[39m
[35m[HTTP][39m [37m<-- POST /wd/hub/session/a46984f2-1dfb-46c8-90d3-00d0aea8351a/element/22ad817f-f30f-4202-b8a6-c2c25150c8df/value [39m[32m200[39m [90m1240 ms - 12[39m
[35m[HTTP][39m [90m[39m
[35m[HTTP][39m [37m-->[39m [37mPOST[39m [37m/wd/hub/session/a46984f2-1dfb-46c8-90d3-00d0aea8351a/timeouts[39m
[35m[HTTP][39m [90m{"implicit":50}[39m
[35m[HTTP][39m [37m<-- POST /wd/hub/session/a46984f2-1dfb-46c8-90d3-00d0aea8351a/timeouts [39m[32m200[39m [90m9 ms - 14[39m
[35m[HTTP][39m [90m[39m
[35m[HTTP][39m [37m-->[39m [37mGET[39m [37m/wd/hub/session/a46984f2-1dfb-46c8-90d3-00d0aea8351a/window/rect[39m
[35m[HTTP][39m [90m{}[39m
[35m[HTTP][39m [37m<-- GET /wd/hub/session/a46984f2-1dfb-46c8-90d3-00d0aea8351a/window/rect [39m[32m200[39m [90m63 ms - 49[39m
[35m[HTTP][39m [90m[39m
[35m[HTTP][39m [37m-->[39m [37mPOST[39m [37m/wd/hub/session/a46984f2-1dfb-46c8-90d3-00d0aea8351a/elements[39m
[35m[HTTP][39m [90m{"using":"-android uiautomator","value":"new UiSelector().className(\"android.widget.EditText\").text(\"Masukkan Password\").resourceId(\"com.ritase.driver.staging:id/password_et\")"}[39m
[35m[HTTP][39m [37m<-- POST /wd/hub/session/a46984f2-1dfb-46c8-90d3-00d0aea8351a/elements [39m[32m200[39m [90m132 ms - 139[39m
[35m[HTTP][39m [90m[39m
[35m[HTTP][39m [37m-->[39m [37mGET[39m [37m/wd/hub/session/a46984f2-1dfb-46c8-90d3-00d0aea8351a/element/6db0bc99-9daa-4adf-8b2f-50d0d1cd2335/location[39m
[35m[HTTP][39m [90m{}[39m
[35m[W3C (a46984f2)][39m Driver proxy active, passing request on via HTTP proxy
[35m[WD Proxy][39m Replacing sessionId 0c2c770f-c1b3-45ed-92cd-5e31f098fff1 with a46984f2-1dfb-46c8-90d3-00d0aea8351a
[35m[HTTP][39m [37m<-- GET /wd/hub/session/a46984f2-1dfb-46c8-90d3-00d0aea8351a/element/6db0bc99-9daa-4adf-8b2f-50d0d1cd2335/location [39m[32m200[39m [90m156 ms - 89[39m
[35m[HTTP][39m [90m[39m
[35m[HTTP][39m [37m-->[39m [37mPOST[39m [37m/wd/hub/session/a46984f2-1dfb-46c8-90d3-00d0aea8351a/timeouts[39m
[35m[HTTP][39m [90m{"implicit":30000}[39m
[35m[HTTP][39m [37m<-- POST /wd/hub/session/a46984f2-1dfb-46c8-90d3-00d0aea8351a/timeouts [39m[32m200[39m [90m2 ms - 14[39m
[35m[HTTP][39m [90m[39m
[35m[HTTP][39m [37m-->[39m [37mPOST[39m [37m/wd/hub/session/a46984f2-1dfb-46c8-90d3-00d0aea8351a/element/6db0bc99-9daa-4adf-8b2f-50d0d1cd2335/clear[39m
[35m[HTTP][39m [90m{"id":"6db0bc99-9daa-4adf-8b2f-50d0d1cd2335"}[39m
[35m[HTTP][39m [37m<-- POST /wd/hub/session/a46984f2-1dfb-46c8-90d3-00d0aea8351a/element/6db0bc99-9daa-4adf-8b2f-50d0d1cd2335/clear [39m[32m200[39m [90m121 ms - 27[39m
[35m[HTTP][39m [90m[39m
[35m[HTTP][39m [37m-->[39m [37mPOST[39m [37m/wd/hub/session/a46984f2-1dfb-46c8-90d3-00d0aea8351a/element/6db0bc99-9daa-4adf-8b2f-50d0d1cd2335/value[39m
[35m[HTTP][39m [90m{"id":"6db0bc99-9daa-4adf-8b2f-50d0d1cd2335","text":"1234567","value":["1","2","3","4","5","6","7"]}[39m
[35m[HTTP][39m [37m<-- POST /wd/hub/session/a46984f2-1dfb-46c8-90d3-00d0aea8351a/element/6db0bc99-9daa-4adf-8b2f-50d0d1cd2335/value [39m[32m200[39m [90m1165 ms - 12[39m
[35m[HTTP][39m [90m[39m
[35m[HTTP][39m [37m-->[39m [37mPOST[39m [37m/wd/hub/session/a46984f2-1dfb-46c8-90d3-00d0aea8351a/timeouts[39m
[35m[HTTP][39m [90m{"implicit":50}[39m
[35m[HTTP][39m [37m<-- POST /wd/hub/session/a46984f2-1dfb-46c8-90d3-00d0aea8351a/timeouts [39m[32m200[39m [90m2 ms - 14[39m
[35m[HTTP][39m [90m[39m
[35m[HTTP][39m [37m-->[39m [37mGET[39m [37m/wd/hub/session/a46984f2-1dfb-46c8-90d3-00d0aea8351a/window/rect[39m
[35m[HTTP][39m [90m{}[39m
[35m[HTTP][39m [37m<-- GET /wd/hub/session/a46984f2-1dfb-46c8-90d3-00d0aea8351a/window/rect [39m[32m200[39m [90m40 ms - 49[39m
[35m[HTTP][39m [90m[39m
[35m[HTTP][39m [37m-->[39m [37mPOST[39m [37m/wd/hub/session/a46984f2-1dfb-46c8-90d3-00d0aea8351a/elements[39m
[35m[HTTP][39m [90m{"using":"-android uiautomator","value":"new UiSelector().className(\"android.widget.Button\").text(\"MASUK\").resourceId(\"com.ritase.driver.staging:id/login_btn\")"}[39m
[35m[HTTP][39m [37m<-- POST /wd/hub/session/a46984f2-1dfb-46c8-90d3-00d0aea8351a/elements [39m[32m200[39m [90m388 ms - 139[39m
[35m[HTTP][39m [90m[39m
[35m[HTTP][39m [37m-->[39m [37mGET[39m [37m/wd/hub/session/a46984f2-1dfb-46c8-90d3-00d0aea8351a/element/29a26405-00ac-4a69-b3e9-13bdb006181d/location[39m
[35m[HTTP][39m [90m{}[39m
[35m[W3C (a46984f2)][39m Driver proxy active, passing request on via HTTP proxy
[35m[WD Proxy][39m Replacing sessionId 0c2c770f-c1b3-45ed-92cd-5e31f098fff1 with a46984f2-1dfb-46c8-90d3-00d0aea8351a
[35m[HTTP][39m [37m<-- GET /wd/hub/session/a46984f2-1dfb-46c8-90d3-00d0aea8351a/element/29a26405-00ac-4a69-b3e9-13bdb006181d/location [39m[32m200[39m [90m80 ms - 89[39m
[35m[HTTP][39m [90m[39m
[35m[HTTP][39m [37m-->[39m [37mPOST[39m [37m/wd/hub/session/a46984f2-1dfb-46c8-90d3-00d0aea8351a/timeouts[39m
[35m[HTTP][39m [90m{"implicit":30000}[39m
[35m[HTTP][39m [37m<-- POST /wd/hub/session/a46984f2-1dfb-46c8-90d3-00d0aea8351a/timeouts [39m[32m200[39m [90m2 ms - 14[39m
[35m[HTTP][39m [90m[39m
[35m[HTTP][39m [37m-->[39m [37mPOST[39m [37m/wd/hub/session/a46984f2-1dfb-46c8-90d3-00d0aea8351a/touch/perform[39m
[35m[HTTP][39m [90m{"actions":[{"action":"tap","options":{"x":1,"y":1,"element":"29a26405-00ac-4a69-b3e9-13bdb006181d"}},{"action":"release","options":{}}]}[39m
[35m[UiAutomator2][39m calling get location: 29a26405-00ac-4a69-b3e9-13bdb006181d
[35m[HTTP][39m [37m<-- POST /wd/hub/session/a46984f2-1dfb-46c8-90d3-00d0aea8351a/touch/perform [39m[32m200[39m [90m2085 ms - 14[39m
[35m[HTTP][39m [90m[39m
[35m[HTTP][39m [37m-->[39m [37mPOST[39m [37m/wd/hub/session/a46984f2-1dfb-46c8-90d3-00d0aea8351a/timeouts[39m
[35m[HTTP][39m [90m{"implicit":50}[39m
[35m[HTTP][39m [37m<-- POST /wd/hub/session/a46984f2-1dfb-46c8-90d3-00d0aea8351a/timeouts [39m[32m200[39m [90m3 ms - 14[39m
[35m[HTTP][39m [90m[39m
[35m[HTTP][39m [37m-->[39m [37mGET[39m [37m/wd/hub/session/a46984f2-1dfb-46c8-90d3-00d0aea8351a/window/rect[39m
[35m[HTTP][39m [90m{}[39m
[35m[HTTP][39m [37m<-- GET /wd/hub/session/a46984f2-1dfb-46c8-90d3-00d0aea8351a/window/rect [39m[32m200[39m [90m43 ms - 49[39m
[35m[HTTP][39m [90m[39m
[35m[HTTP][39m [37m-->[39m [37mPOST[39m [37m/wd/hub/session/a46984f2-1dfb-46c8-90d3-00d0aea8351a/elements[39m
[35m[HTTP][39m [90m{"using":"-android uiautomator","value":"new UiSelector().className(\"android.widget.TextView\").text(\"Punya pertanyaan? Tanyakan dengan Admin\")"}[39m
[35m[HTTP][39m [37m<-- POST /wd/hub/session/a46984f2-1dfb-46c8-90d3-00d0aea8351a/elements [39m[32m200[39m [90m819 ms - 139[39m
[35m[HTTP][39m [90m[39m
[35m[HTTP][39m [37m-->[39m [37mGET[39m [37m/wd/hub/session/a46984f2-1dfb-46c8-90d3-00d0aea8351a/element/95076797-2837-446e-80af-13a25c383caf/location[39m
[35m[HTTP][39m [90m{}[39m
[35m[W3C (a46984f2)][39m Driver proxy active, passing request on via HTTP proxy
[35m[WD Proxy][39m Replacing sessionId 0c2c770f-c1b3-45ed-92cd-5e31f098fff1 with a46984f2-1dfb-46c8-90d3-00d0aea8351a
[35m[HTTP][39m [37m<-- GET /wd/hub/session/a46984f2-1dfb-46c8-90d3-00d0aea8351a/element/95076797-2837-446e-80af-13a25c383caf/location [39m[32m200[39m [90m115 ms - 89[39m
[35m[HTTP][39m [90m[39m
[35m[HTTP][39m [37m-->[39m [37mPOST[39m [37m/wd/hub/session/a46984f2-1dfb-46c8-90d3-00d0aea8351a/timeouts[39m
[35m[HTTP][39m [90m{"implicit":30000}[39m
[35m[HTTP][39m [37m<-- POST /wd/hub/session/a46984f2-1dfb-46c8-90d3-00d0aea8351a/timeouts [39m[32m200[39m [90m2 ms - 14[39m
[35m[HTTP][39m [90m[39m
[35m[HTTP][39m [37m-->[39m [37mGET[39m [37m/wd/hub/session/a46984f2-1dfb-46c8-90d3-00d0aea8351a/element/95076797-2837-446e-80af-13a25c383caf/text[39m
[35m[HTTP][39m [90m{}[39m
[35m[W3C (a46984f2)][39m Driver proxy active, passing request on via HTTP proxy
[35m[WD Proxy][39m Replacing sessionId 0c2c770f-c1b3-45ed-92cd-5e31f098fff1 with a46984f2-1dfb-46c8-90d3-00d0aea8351a
[35m[HTTP][39m [37m<-- GET /wd/hub/session/a46984f2-1dfb-46c8-90d3-00d0aea8351a/element/95076797-2837-446e-80af-13a25c383caf/text [39m[32m200[39m [90m100 ms - 113[39m
[35m[HTTP][39m [90m[39m
[35m[HTTP][39m [37m-->[39m [37mGET[39m [37m/wd/hub/session/a46984f2-1dfb-46c8-90d3-00d0aea8351a/context[39m
[35m[HTTP][39m [90m{}[39m
[35m[HTTP][39m [37m<-- GET /wd/hub/session/a46984f2-1dfb-46c8-90d3-00d0aea8351a/context [39m[32m200[39m [90m2 ms - 22[39m
[35m[HTTP][39m [90m[39m
[35m[HTTP][39m [37m-->[39m [37mGET[39m [37m/wd/hub/session/a46984f2-1dfb-46c8-90d3-00d0aea8351a/contexts[39m
[35m[HTTP][39m [90m{}[39m
[35m[HTTP][39m [37m<-- GET /wd/hub/session/a46984f2-1dfb-46c8-90d3-00d0aea8351a/contexts [39m[32m200[39m [90m90 ms - 24[39m
[35m[HTTP][39m [90m[39m
[35m[HTTP][39m [37m-->[39m [37mPOST[39m [37m/wd/hub/session/a46984f2-1dfb-46c8-90d3-00d0aea8351a/context[39m
[35m[HTTP][39m [90m{"name":"NATIVE_APP"}[39m
[35m[HTTP][39m [37m<-- POST /wd/hub/session/a46984f2-1dfb-46c8-90d3-00d0aea8351a/context [39m[32m200[39m [90m2 ms - 14[39m
[35m[HTTP][39m [90m[39m
[35m[HTTP][39m [37m-->[39m [37mPOST[39m [37m/wd/hub/session/a46984f2-1dfb-46c8-90d3-00d0aea8351a/touch/perform[39m
[35m[HTTP][39m [90m{"actions":[{"action":"press","options":{"x":576,"y":672}},{"action":"wait","options":{"ms":500}},{"action":"moveTo","options":{"x":144,"y":672}},{"action":"release","options":{}}]}[39m
[35m[HTTP][39m [37m<-- POST /wd/hub/session/a46984f2-1dfb-46c8-90d3-00d0aea8351a/touch/perform [39m[32m200[39m [90m1063 ms - 14[39m
[35m[HTTP][39m [90m[39m
[35m[HTTP][39m [37m-->[39m [37mPOST[39m [37m/wd/hub/session/a46984f2-1dfb-46c8-90d3-00d0aea8351a/context[39m
[35m[HTTP][39m [90m{"name":"NATIVE_APP"}[39m
[35m[HTTP][39m [37m<-- POST /wd/hub/session/a46984f2-1dfb-46c8-90d3-00d0aea8351a/context [39m[32m200[39m [90m2 ms - 14[39m
[35m[HTTP][39m [90m[39m
[35m[HTTP][39m [37m-->[39m [37mPOST[39m [37m/wd/hub/session/a46984f2-1dfb-46c8-90d3-00d0aea8351a/timeouts[39m
[35m[HTTP][39m [90m{"implicit":50}[39m
[35m[HTTP][39m [37m<-- POST /wd/hub/session/a46984f2-1dfb-46c8-90d3-00d0aea8351a/timeouts [39m[32m200[39m [90m2 ms - 14[39m
[35m[HTTP][39m [90m[39m
[35m[HTTP][39m [37m-->[39m [37mGET[39m [37m/wd/hub/session/a46984f2-1dfb-46c8-90d3-00d0aea8351a/window/rect[39m
[35m[HTTP][39m [90m{}[39m
[35m[HTTP][39m [37m<-- GET /wd/hub/session/a46984f2-1dfb-46c8-90d3-00d0aea8351a/window/rect [39m[32m200[39m [90m57 ms - 49[39m
[35m[HTTP][39m [90m[39m
[35m[HTTP][39m [37m-->[39m [37mPOST[39m [37m/wd/hub/session/a46984f2-1dfb-46c8-90d3-00d0aea8351a/elements[39m
[35m[HTTP][39m [90m{"using":"-android uiautomator","value":"new UiSelector().className(\"android.widget.TextView\").text(\"Saldo Dompet Anda\")"}[39m
[35m[HTTP][39m [37m<-- POST /wd/hub/session/a46984f2-1dfb-46c8-90d3-00d0aea8351a/elements [39m[32m200[39m [90m2009 ms - 139[39m
[35m[HTTP][39m [90m[39m
[35m[HTTP][39m [37m-->[39m [37mGET[39m [37m/wd/hub/session/a46984f2-1dfb-46c8-90d3-00d0aea8351a/element/2aa1e723-cf31-4500-a383-b3d3be4a2bd9/location[39m
[35m[HTTP][39m [90m{}[39m
[35m[W3C (a46984f2)][39m Driver proxy active, passing request on via HTTP proxy
[35m[WD Proxy][39m Replacing sessionId 0c2c770f-c1b3-45ed-92cd-5e31f098fff1 with a46984f2-1dfb-46c8-90d3-00d0aea8351a
[35m[HTTP][39m [37m<-- GET /wd/hub/session/a46984f2-1dfb-46c8-90d3-00d0aea8351a/element/2aa1e723-cf31-4500-a383-b3d3be4a2bd9/location [39m[32m200[39m [90m89 ms - 87[39m
[35m[HTTP][39m [90m[39m
[35m[HTTP][39m [37m-->[39m [37mPOST[39m [37m/wd/hub/session/a46984f2-1dfb-46c8-90d3-00d0aea8351a/timeouts[39m
[35m[HTTP][39m [90m{"implicit":30000}[39m
[35m[HTTP][39m [37m<-- POST /wd/hub/session/a46984f2-1dfb-46c8-90d3-00d0aea8351a/timeouts [39m[32m200[39m [90m2 ms - 14[39m
[35m[HTTP][39m [90m[39m
[35m[HTTP][39m [37m-->[39m [37mGET[39m [37m/wd/hub/session/a46984f2-1dfb-46c8-90d3-00d0aea8351a/element/2aa1e723-cf31-4500-a383-b3d3be4a2bd9/text[39m
[35m[HTTP][39m [90m{}[39m
[35m[W3C (a46984f2)][39m Driver proxy active, passing request on via HTTP proxy
[35m[WD Proxy][39m Replacing sessionId 0c2c770f-c1b3-45ed-92cd-5e31f098fff1 with a46984f2-1dfb-46c8-90d3-00d0aea8351a
[35m[HTTP][39m [37m<-- GET /wd/hub/session/a46984f2-1dfb-46c8-90d3-00d0aea8351a/element/2aa1e723-cf31-4500-a383-b3d3be4a2bd9/text [39m[32m200[39m [90m75 ms - 91[39m
[35m[HTTP][39m [90m[39m
[35m[HTTP][39m [37m-->[39m [37mGET[39m [37m/wd/hub/session/a46984f2-1dfb-46c8-90d3-00d0aea8351a/context[39m
[35m[HTTP][39m [90m{}[39m
[35m[HTTP][39m [37m<-- GET /wd/hub/session/a46984f2-1dfb-46c8-90d3-00d0aea8351a/context [39m[32m200[39m [90m2 ms - 22[39m
[35m[HTTP][39m [90m[39m
[35m[HTTP][39m [37m-->[39m [37mGET[39m [37m/wd/hub/session/a46984f2-1dfb-46c8-90d3-00d0aea8351a/contexts[39m
[35m[HTTP][39m [90m{}[39m
[35m[HTTP][39m [37m<-- GET /wd/hub/session/a46984f2-1dfb-46c8-90d3-00d0aea8351a/contexts [39m[32m200[39m [90m114 ms - 24[39m
[35m[HTTP][39m [90m[39m
[35m[HTTP][39m [37m-->[39m [37mPOST[39m [37m/wd/hub/session/a46984f2-1dfb-46c8-90d3-00d0aea8351a/context[39m
[35m[HTTP][39m [90m{"name":"NATIVE_APP"}[39m
[35m[HTTP][39m [37m<-- POST /wd/hub/session/a46984f2-1dfb-46c8-90d3-00d0aea8351a/context [39m[32m200[39m [90m3 ms - 14[39m
[35m[HTTP][39m [90m[39m
[35m[HTTP][39m [37m-->[39m [37mPOST[39m [37m/wd/hub/session/a46984f2-1dfb-46c8-90d3-00d0aea8351a/touch/perform[39m
[35m[HTTP][39m [90m{"actions":[{"action":"press","options":{"x":576,"y":672}},{"action":"wait","options":{"ms":500}},{"action":"moveTo","options":{"x":144,"y":672}},{"action":"release","options":{}}]}[39m
[35m[HTTP][39m [37m<-- POST /wd/hub/session/a46984f2-1dfb-46c8-90d3-00d0aea8351a/touch/perform [39m[32m200[39m [90m1222 ms - 14[39m
[35m[HTTP][39m [90m[39m
[35m[HTTP][39m [37m-->[39m [37mPOST[39m [37m/wd/hub/session/a46984f2-1dfb-46c8-90d3-00d0aea8351a/context[39m
[35m[HTTP][39m [90m{"name":"NATIVE_APP"}[39m
[35m[HTTP][39m [37m<-- POST /wd/hub/session/a46984f2-1dfb-46c8-90d3-00d0aea8351a/context [39m[32m200[39m [90m2 ms - 14[39m
[35m[HTTP][39m [90m[39m
[35m[HTTP][39m [37m-->[39m [37mGET[39m [37m/wd/hub/session/a46984f2-1dfb-46c8-90d3-00d0aea8351a/context[39m
[35m[HTTP][39m [90m{}[39m
[35m[HTTP][39m [37m<-- GET /wd/hub/session/a46984f2-1dfb-46c8-90d3-00d0aea8351a/context [39m[32m200[39m [90m3 ms - 22[39m
[35m[HTTP][39m [90m[39m
[35m[HTTP][39m [37m-->[39m [37mGET[39m [37m/wd/hub/session/a46984f2-1dfb-46c8-90d3-00d0aea8351a/contexts[39m
[35m[HTTP][39m [90m{}[39m
[35m[HTTP][39m [37m<-- GET /wd/hub/session/a46984f2-1dfb-46c8-90d3-00d0aea8351a/contexts [39m[32m200[39m [90m135 ms - 24[39m
[35m[HTTP][39m [90m[39m
[35m[HTTP][39m [37m-->[39m [37mPOST[39m [37m/wd/hub/session/a46984f2-1dfb-46c8-90d3-00d0aea8351a/context[39m
[35m[HTTP][39m [90m{"name":"NATIVE_APP"}[39m
[35m[HTTP][39m [37m<-- POST /wd/hub/session/a46984f2-1dfb-46c8-90d3-00d0aea8351a/context [39m[32m200[39m [90m2 ms - 14[39m
[35m[HTTP][39m [90m[39m
[35m[HTTP][39m [37m-->[39m [37mPOST[39m [37m/wd/hub/session/a46984f2-1dfb-46c8-90d3-00d0aea8351a/touch/perform[39m
[35m[HTTP][39m [90m{"actions":[{"action":"press","options":{"x":576,"y":672}},{"action":"wait","options":{"ms":500}},{"action":"moveTo","options":{"x":144,"y":672}},{"action":"release","options":{}}]}[39m
[35m[HTTP][39m [37m<-- POST /wd/hub/session/a46984f2-1dfb-46c8-90d3-00d0aea8351a/touch/perform [39m[32m200[39m [90m1055 ms - 14[39m
[35m[HTTP][39m [90m[39m
[35m[HTTP][39m [37m-->[39m [37mPOST[39m [37m/wd/hub/session/a46984f2-1dfb-46c8-90d3-00d0aea8351a/context[39m
[35m[HTTP][39m [90m{"name":"NATIVE_APP"}[39m
[35m[HTTP][39m [37m<-- POST /wd/hub/session/a46984f2-1dfb-46c8-90d3-00d0aea8351a/context [39m[32m200[39m [90m2 ms - 14[39m
[35m[HTTP][39m [90m[39m
[35m[HTTP][39m [37m-->[39m [37mPOST[39m [37m/wd/hub/session/a46984f2-1dfb-46c8-90d3-00d0aea8351a/timeouts[39m
[35m[HTTP][39m [90m{"implicit":50}[39m
[35m[HTTP][39m [37m<-- POST /wd/hub/session/a46984f2-1dfb-46c8-90d3-00d0aea8351a/timeouts [39m[32m200[39m [90m3 ms - 14[39m
[35m[HTTP][39m [90m[39m
[35m[HTTP][39m [37m-->[39m [37mGET[39m [37m/wd/hub/session/a46984f2-1dfb-46c8-90d3-00d0aea8351a/window/rect[39m
[35m[HTTP][39m [90m{}[39m
[35m[HTTP][39m [37m<-- GET /wd/hub/session/a46984f2-1dfb-46c8-90d3-00d0aea8351a/window/rect [39m[32m200[39m [90m46 ms - 49[39m
[35m[HTTP][39m [90m[39m
[35m[HTTP][39m [37m-->[39m [37mPOST[39m [37m/wd/hub/session/a46984f2-1dfb-46c8-90d3-00d0aea8351a/elements[39m
[35m[HTTP][39m [90m{"using":"-android uiautomator","value":"new UiSelector().className(\"android.widget.TextView\").text(\"Kendaraan yang sedang digunakan\")"}[39m
[35m[HTTP][39m [37m<-- POST /wd/hub/session/a46984f2-1dfb-46c8-90d3-00d0aea8351a/elements [39m[32m200[39m [90m143 ms - 139[39m
[35m[HTTP][39m [90m[39m
[35m[HTTP][39m [37m-->[39m [37mGET[39m [37m/wd/hub/session/a46984f2-1dfb-46c8-90d3-00d0aea8351a/element/579b7b67-d7d0-4752-a044-3893dcdfbfe1/location[39m
[35m[HTTP][39m [90m{}[39m
[35m[W3C (a46984f2)][39m Driver proxy active, passing request on via HTTP proxy
[35m[WD Proxy][39m Replacing sessionId 0c2c770f-c1b3-45ed-92cd-5e31f098fff1 with a46984f2-1dfb-46c8-90d3-00d0aea8351a
[35m[HTTP][39m [37m<-- GET /wd/hub/session/a46984f2-1dfb-46c8-90d3-00d0aea8351a/element/579b7b67-d7d0-4752-a044-3893dcdfbfe1/location [39m[32m200[39m [90m77 ms - 88[39m
[35m[HTTP][39m [90m[39m
[35m[HTTP][39m [37m-->[39m [37mPOST[39m [37m/wd/hub/session/a46984f2-1dfb-46c8-90d3-00d0aea8351a/timeouts[39m
[35m[HTTP][39m [90m{"implicit":30000}[39m
[35m[HTTP][39m [37m<-- POST /wd/hub/session/a46984f2-1dfb-46c8-90d3-00d0aea8351a/timeouts [39m[32m200[39m [90m2 ms - 14[39m
[35m[HTTP][39m [90m[39m
[35m[HTTP][39m [37m-->[39m [37mGET[39m [37m/wd/hub/session/a46984f2-1dfb-46c8-90d3-00d0aea8351a/element/579b7b67-d7d0-4752-a044-3893dcdfbfe1/text[39m
[35m[HTTP][39m [90m{}[39m
[35m[W3C (a46984f2)][39m Driver proxy active, passing request on via HTTP proxy
[35m[WD Proxy][39m Replacing sessionId 0c2c770f-c1b3-45ed-92cd-5e31f098fff1 with a46984f2-1dfb-46c8-90d3-00d0aea8351a
[35m[HTTP][39m [37m<-- GET /wd/hub/session/a46984f2-1dfb-46c8-90d3-00d0aea8351a/element/579b7b67-d7d0-4752-a044-3893dcdfbfe1/text [39m[32m200[39m [90m85 ms - 105[39m
[35m[HTTP][39m [90m[39m
[35m[HTTP][39m [37m-->[39m [37mGET[39m [37m/wd/hub/session/a46984f2-1dfb-46c8-90d3-00d0aea8351a/context[39m
[35m[HTTP][39m [90m{}[39m
[35m[HTTP][39m [37m<-- GET /wd/hub/session/a46984f2-1dfb-46c8-90d3-00d0aea8351a/context [39m[32m200[39m [90m2 ms - 22[39m
[35m[HTTP][39m [90m[39m
[35m[HTTP][39m [37m-->[39m [37mGET[39m [37m/wd/hub/session/a46984f2-1dfb-46c8-90d3-00d0aea8351a/contexts[39m
[35m[HTTP][39m [90m{}[39m
[35m[HTTP][39m [37m<-- GET /wd/hub/session/a46984f2-1dfb-46c8-90d3-00d0aea8351a/contexts [39m[32m200[39m [90m113 ms - 24[39m
[35m[HTTP][39m [90m[39m
[35m[HTTP][39m [37m-->[39m [37mPOST[39m [37m/wd/hub/session/a46984f2-1dfb-46c8-90d3-00d0aea8351a/context[39m
[35m[HTTP][39m [90m{"name":"NATIVE_APP"}[39m
[35m[HTTP][39m [37m<-- POST /wd/hub/session/a46984f2-1dfb-46c8-90d3-00d0aea8351a/context [39m[32m200[39m [90m2 ms - 14[39m
[35m[HTTP][39m [90m[39m
[35m[HTTP][39m [37m-->[39m [37mPOST[39m [37m/wd/hub/session/a46984f2-1dfb-46c8-90d3-00d0aea8351a/touch/perform[39m
[35m[HTTP][39m [90m{"actions":[{"action":"press","options":{"x":360,"y":1075}},{"action":"wait","options":{"ms":500}},{"action":"moveTo","options":{"x":360,"y":268}},{"action":"release","options":{}}]}[39m
[35m[HTTP][39m [37m<-- POST /wd/hub/session/a46984f2-1dfb-46c8-90d3-00d0aea8351a/touch/perform [39m[32m200[39m [90m1051 ms - 14[39m
[35m[HTTP][39m [90m[39m
[35m[HTTP][39m [37m-->[39m [37mPOST[39m [37m/wd/hub/session/a46984f2-1dfb-46c8-90d3-00d0aea8351a/context[39m
[35m[HTTP][39m [90m{"name":"NATIVE_APP"}[39m
[35m[HTTP][39m [37m<-- POST /wd/hub/session/a46984f2-1dfb-46c8-90d3-00d0aea8351a/context [39m[32m200[39m [90m3 ms - 14[39m
[35m[HTTP][39m [90m[39m
[35m[HTTP][39m [37m-->[39m [37mPOST[39m [37m/wd/hub/session/a46984f2-1dfb-46c8-90d3-00d0aea8351a/timeouts[39m
[35m[HTTP][39m [90m{"implicit":50}[39m
[35m[HTTP][39m [37m<-- POST /wd/hub/session/a46984f2-1dfb-46c8-90d3-00d0aea8351a/timeouts [39m[32m200[39m [90m11 ms - 14[39m
[35m[HTTP][39m [90m[39m
[35m[HTTP][39m [37m-->[39m [37mGET[39m [37m/wd/hub/session/a46984f2-1dfb-46c8-90d3-00d0aea8351a/window/rect[39m
[35m[HTTP][39m [90m{}[39m
[35m[HTTP][39m [37m<-- GET /wd/hub/session/a46984f2-1dfb-46c8-90d3-00d0aea8351a/window/rect [39m[32m200[39m [90m50 ms - 49[39m
[35m[HTTP][39m [90m[39m
[35m[HTTP][39m [37m-->[39m [37mPOST[39m [37m/wd/hub/session/a46984f2-1dfb-46c8-90d3-00d0aea8351a/elements[39m
[35m[HTTP][39m [90m{"using":"-android uiautomator","value":"new UiSelector().className(\"android.widget.Button\").text(\"Keluar dari akun\").resourceId(\"com.ritase.driver.staging:id/logout_btn\")"}[39m
[35m[HTTP][39m [37m<-- POST /wd/hub/session/a46984f2-1dfb-46c8-90d3-00d0aea8351a/elements [39m[32m200[39m [90m138 ms - 139[39m
[35m[HTTP][39m [90m[39m
[35m[HTTP][39m [37m-->[39m [37mGET[39m [37m/wd/hub/session/a46984f2-1dfb-46c8-90d3-00d0aea8351a/element/9a5866ac-4adf-45ab-878e-5a098b81bbee/location[39m
[35m[HTTP][39m [90m{}[39m
[35m[W3C (a46984f2)][39m Driver proxy active, passing request on via HTTP proxy
[35m[WD Proxy][39m Replacing sessionId 0c2c770f-c1b3-45ed-92cd-5e31f098fff1 with a46984f2-1dfb-46c8-90d3-00d0aea8351a
[35m[HTTP][39m [37m<-- GET /wd/hub/session/a46984f2-1dfb-46c8-90d3-00d0aea8351a/element/9a5866ac-4adf-45ab-878e-5a098b81bbee/location [39m[32m200[39m [90m84 ms - 89[39m
[35m[HTTP][39m [90m[39m
[35m[HTTP][39m [37m-->[39m [37mPOST[39m [37m/wd/hub/session/a46984f2-1dfb-46c8-90d3-00d0aea8351a/elements[39m
[35m[HTTP][39m [90m{"using":"-android uiautomator","value":"new UiSelector().className(\"android.widget.Button\").text(\"Keluar dari akun\").resourceId(\"com.ritase.driver.staging:id/logout_btn\")"}[39m
[35m[HTTP][39m [37m<-- POST /wd/hub/session/a46984f2-1dfb-46c8-90d3-00d0aea8351a/elements [39m[32m200[39m [90m157 ms - 139[39m
[35m[HTTP][39m [90m[39m
[35m[HTTP][39m [37m-->[39m [37mGET[39m [37m/wd/hub/session/a46984f2-1dfb-46c8-90d3-00d0aea8351a/element/069259e2-1e1c-45e5-bec4-92aabebebc9d/location[39m
[35m[HTTP][39m [90m{}[39m
[35m[W3C (a46984f2)][39m Driver proxy active, passing request on via HTTP proxy
[35m[WD Proxy][39m Replacing sessionId 0c2c770f-c1b3-45ed-92cd-5e31f098fff1 with a46984f2-1dfb-46c8-90d3-00d0aea8351a
[35m[HTTP][39m [37m<-- GET /wd/hub/session/a46984f2-1dfb-46c8-90d3-00d0aea8351a/element/069259e2-1e1c-45e5-bec4-92aabebebc9d/location [39m[32m200[39m [90m91 ms - 89[39m
[35m[HTTP][39m [90m[39m
[35m[HTTP][39m [37m-->[39m [37mPOST[39m [37m/wd/hub/session/a46984f2-1dfb-46c8-90d3-00d0aea8351a/elements[39m
[35m[HTTP][39m [90m{"using":"-android uiautomator","value":"new UiSelector().className(\"android.widget.Button\").text(\"Keluar dari akun\").resourceId(\"com.ritase.driver.staging:id/logout_btn\")"}[39m
[35m[HTTP][39m [37m<-- POST /wd/hub/session/a46984f2-1dfb-46c8-90d3-00d0aea8351a/elements [39m[32m200[39m [90m127 ms - 139[39m
[35m[HTTP][39m [90m[39m
[35m[HTTP][39m [37m-->[39m [37mGET[39m [37m/wd/hub/session/a46984f2-1dfb-46c8-90d3-00d0aea8351a/element/f0d2754a-7a5e-4fc9-acfc-3b5a56f02d95/location[39m
[35m[HTTP][39m [90m{}[39m
[35m[W3C (a46984f2)][39m Driver proxy active, passing request on via HTTP proxy
[35m[WD Proxy][39m Replacing sessionId 0c2c770f-c1b3-45ed-92cd-5e31f098fff1 with a46984f2-1dfb-46c8-90d3-00d0aea8351a
[35m[HTTP][39m [37m<-- GET /wd/hub/session/a46984f2-1dfb-46c8-90d3-00d0aea8351a/element/f0d2754a-7a5e-4fc9-acfc-3b5a56f02d95/location [39m[32m200[39m [90m84 ms - 89[39m
[35m[HTTP][39m [90m[39m
[35m[HTTP][39m [37m-->[39m [37mPOST[39m [37m/wd/hub/session/a46984f2-1dfb-46c8-90d3-00d0aea8351a/elements[39m
[35m[HTTP][39m [90m{"using":"-android uiautomator","value":"new UiSelector().className(\"android.widget.Button\").text(\"Keluar dari akun\").resourceId(\"com.ritase.driver.staging:id/logout_btn\")"}[39m
[35m[HTTP][39m [37m<-- POST /wd/hub/session/a46984f2-1dfb-46c8-90d3-00d0aea8351a/elements [39m[32m200[39m [90m150 ms - 139[39m
[35m[HTTP][39m [90m[39m
[35m[HTTP][39m [37m-->[39m [37mGET[39m [37m/wd/hub/session/a46984f2-1dfb-46c8-90d3-00d0aea8351a/element/5c4667b9-eb4c-4969-942e-666405466f0e/location[39m
[35m[HTTP][39m [90m{}[39m
[35m[W3C (a46984f2)][39m Driver proxy active, passing request on via HTTP proxy
[35m[WD Proxy][39m Replacing sessionId 0c2c770f-c1b3-45ed-92cd-5e31f098fff1 with a46984f2-1dfb-46c8-90d3-00d0aea8351a
[35m[HTTP][39m [37m<-- GET /wd/hub/session/a46984f2-1dfb-46c8-90d3-00d0aea8351a/element/5c4667b9-eb4c-4969-942e-666405466f0e/location [39m[32m200[39m [90m74 ms - 89[39m
[35m[HTTP][39m [90m[39m
[35m[HTTP][39m [37m-->[39m [37mPOST[39m [37m/wd/hub/session/a46984f2-1dfb-46c8-90d3-00d0aea8351a/elements[39m
[35m[HTTP][39m [90m{"using":"-android uiautomator","value":"new UiSelector().className(\"android.widget.Button\").text(\"Keluar dari akun\").resourceId(\"com.ritase.driver.staging:id/logout_btn\")"}[39m
[35m[HTTP][39m [37m<-- POST /wd/hub/session/a46984f2-1dfb-46c8-90d3-00d0aea8351a/elements [39m[32m200[39m [90m157 ms - 139[39m
[35m[HTTP][39m [90m[39m
[35m[HTTP][39m [37m-->[39m [37mGET[39m [37m/wd/hub/session/a46984f2-1dfb-46c8-90d3-00d0aea8351a/element/fd548c64-4fcc-4f20-b744-13aa69da1223/location[39m
[35m[HTTP][39m [90m{}[39m
[35m[W3C (a46984f2)][39m Driver proxy active, passing request on via HTTP proxy
[35m[WD Proxy][39m Replacing sessionId 0c2c770f-c1b3-45ed-92cd-5e31f098fff1 with a46984f2-1dfb-46c8-90d3-00d0aea8351a
[35m[HTTP][39m [37m<-- GET /wd/hub/session/a46984f2-1dfb-46c8-90d3-00d0aea8351a/element/fd548c64-4fcc-4f20-b744-13aa69da1223/location [39m[32m200[39m [90m87 ms - 89[39m
[35m[HTTP][39m [90m[39m
[35m[HTTP][39m [37m-->[39m [37mPOST[39m [37m/wd/hub/session/a46984f2-1dfb-46c8-90d3-00d0aea8351a/elements[39m
[35m[HTTP][39m [90m{"using":"-android uiautomator","value":"new UiSelector().className(\"android.widget.Button\").text(\"Keluar dari akun\").resourceId(\"com.ritase.driver.staging:id/logout_btn\")"}[39m
[35m[HTTP][39m [37m<-- POST /wd/hub/session/a46984f2-1dfb-46c8-90d3-00d0aea8351a/elements [39m[32m200[39m [90m121 ms - 139[39m
[35m[HTTP][39m [90m[39m
[35m[HTTP][39m [37m-->[39m [37mGET[39m [37m/wd/hub/session/a46984f2-1dfb-46c8-90d3-00d0aea8351a/element/92378994-3b71-46c3-bdc8-b4360f1a4a87/location[39m
[35m[HTTP][39m [90m{}[39m
[35m[W3C (a46984f2)][39m Driver proxy active, passing request on via HTTP proxy
[35m[WD Proxy][39m Replacing sessionId 0c2c770f-c1b3-45ed-92cd-5e31f098fff1 with a46984f2-1dfb-46c8-90d3-00d0aea8351a
[35m[HTTP][39m [37m<-- GET /wd/hub/session/a46984f2-1dfb-46c8-90d3-00d0aea8351a/element/92378994-3b71-46c3-bdc8-b4360f1a4a87/location [39m[32m200[39m [90m69 ms - 89[39m
[35m[HTTP][39m [90m[39m
[35m[HTTP][39m [37m-->[39m [37mPOST[39m [37m/wd/hub/session/a46984f2-1dfb-46c8-90d3-00d0aea8351a/elements[39m
[35m[HTTP][39m [90m{"using":"-android uiautomator","value":"new UiSelector().className(\"android.widget.Button\").text(\"Keluar dari akun\").resourceId(\"com.ritase.driver.staging:id/logout_btn\")"}[39m
[35m[HTTP][39m [37m<-- POST /wd/hub/session/a46984f2-1dfb-46c8-90d3-00d0aea8351a/elements [39m[32m200[39m [90m107 ms - 139[39m
[35m[HTTP][39m [90m[39m
[35m[HTTP][39m [37m-->[39m [37mGET[39m [37m/wd/hub/session/a46984f2-1dfb-46c8-90d3-00d0aea8351a/element/bf8ce316-305a-44e4-9415-5f97695099ec/location[39m
[35m[HTTP][39m [90m{}[39m
[35m[W3C (a46984f2)][39m Driver proxy active, passing request on via HTTP proxy
[35m[WD Proxy][39m Replacing sessionId 0c2c770f-c1b3-45ed-92cd-5e31f098fff1 with a46984f2-1dfb-46c8-90d3-00d0aea8351a
[35m[HTTP][39m [37m<-- GET /wd/hub/session/a46984f2-1dfb-46c8-90d3-00d0aea8351a/element/bf8ce316-305a-44e4-9415-5f97695099ec/location [39m[32m200[39m [90m49 ms - 89[39m
[35m[HTTP][39m [90m[39m
[35m[HTTP][39m [37m-->[39m [37mPOST[39m [37m/wd/hub/session/a46984f2-1dfb-46c8-90d3-00d0aea8351a/elements[39m
[35m[HTTP][39m [90m{"using":"-android uiautomator","value":"new UiSelector().className(\"android.widget.Button\").text(\"Keluar dari akun\").resourceId(\"com.ritase.driver.staging:id/logout_btn\")"}[39m
[35m[HTTP][39m [37m<-- POST /wd/hub/session/a46984f2-1dfb-46c8-90d3-00d0aea8351a/elements [39m[32m200[39m [90m80 ms - 139[39m
[35m[HTTP][39m [90m[39m
[35m[HTTP][39m [37m-->[39m [37mGET[39m [37m/wd/hub/session/a46984f2-1dfb-46c8-90d3-00d0aea8351a/element/9952a509-11d7-4c61-a336-dad04b6dfca9/location[39m
[35m[HTTP][39m [90m{}[39m
[35m[W3C (a46984f2)][39m Driver proxy active, passing request on via HTTP proxy
[35m[WD Proxy][39m Replacing sessionId 0c2c770f-c1b3-45ed-92cd-5e31f098fff1 with a46984f2-1dfb-46c8-90d3-00d0aea8351a
[35m[HTTP][39m [37m<-- GET /wd/hub/session/a46984f2-1dfb-46c8-90d3-00d0aea8351a/element/9952a509-11d7-4c61-a336-dad04b6dfca9/location [39m[32m200[39m [90m49 ms - 89[39m
[35m[HTTP][39m [90m[39m
[35m[HTTP][39m [37m-->[39m [37mPOST[39m [37m/wd/hub/session/a46984f2-1dfb-46c8-90d3-00d0aea8351a/timeouts[39m
[35m[HTTP][39m [90m{"implicit":30000}[39m
[35m[HTTP][39m [37m<-- POST /wd/hub/session/a46984f2-1dfb-46c8-90d3-00d0aea8351a/timeouts [39m[32m200[39m [90m2 ms - 14[39m
[35m[HTTP][39m [90m[39m
[35m[HTTP][39m [37m-->[39m [37mPOST[39m [37m/wd/hub/session/a46984f2-1dfb-46c8-90d3-00d0aea8351a/touch/perform[39m
[35m[HTTP][39m [90m{"actions":[{"action":"tap","options":{"x":1,"y":1,"element":"9952a509-11d7-4c61-a336-dad04b6dfca9"}},{"action":"release","options":{}}]}[39m
[35m[UiAutomator2][39m calling get location: 9952a509-11d7-4c61-a336-dad04b6dfca9
[35m[HTTP][39m [37m<-- POST /wd/hub/session/a46984f2-1dfb-46c8-90d3-00d0aea8351a/touch/perform [39m[32m200[39m [90m863 ms - 14[39m
[35m[HTTP][39m [90m[39m
[35m[HTTP][39m [37m-->[39m [37mPOST[39m [37m/wd/hub/session/a46984f2-1dfb-46c8-90d3-00d0aea8351a/timeouts[39m
[35m[HTTP][39m [90m{"implicit":50}[39m
[35m[HTTP][39m [37m<-- POST /wd/hub/session/a46984f2-1dfb-46c8-90d3-00d0aea8351a/timeouts [39m[32m200[39m [90m6 ms - 14[39m
[35m[HTTP][39m [90m[39m
[35m[HTTP][39m [37m-->[39m [37mGET[39m [37m/wd/hub/session/a46984f2-1dfb-46c8-90d3-00d0aea8351a/window/rect[39m
[35m[HTTP][39m [90m{}[39m
[35m[HTTP][39m [37m<-- GET /wd/hub/session/a46984f2-1dfb-46c8-90d3-00d0aea8351a/window/rect [39m[32m200[39m [90m46 ms - 49[39m
[35m[HTTP][39m [90m[39m
[35m[HTTP][39m [37m-->[39m [37mPOST[39m [37m/wd/hub/session/a46984f2-1dfb-46c8-90d3-00d0aea8351a/elements[39m
[35m[HTTP][39m [90m{"using":"-android uiautomator","value":"new UiSelector().className(\"android.widget.TextView\").text(\"Konfirmasi\").resourceId(\"com.ritase.driver.staging:id/title_tv\")"}[39m
[35m[HTTP][39m [37m<-- POST /wd/hub/session/a46984f2-1dfb-46c8-90d3-00d0aea8351a/elements [39m[32m200[39m [90m94 ms - 139[39m
[35m[HTTP][39m [90m[39m
[35m[HTTP][39m [37m-->[39m [37mGET[39m [37m/wd/hub/session/a46984f2-1dfb-46c8-90d3-00d0aea8351a/element/aa5d5f6d-2d50-4e50-b7ae-06e6e385304d/location[39m
[35m[HTTP][39m [90m{}[39m
[35m[W3C (a46984f2)][39m Driver proxy active, passing request on via HTTP proxy
[35m[WD Proxy][39m Replacing sessionId 0c2c770f-c1b3-45ed-92cd-5e31f098fff1 with a46984f2-1dfb-46c8-90d3-00d0aea8351a
[35m[HTTP][39m [37m<-- GET /wd/hub/session/a46984f2-1dfb-46c8-90d3-00d0aea8351a/element/aa5d5f6d-2d50-4e50-b7ae-06e6e385304d/location [39m[32m200[39m [90m46 ms - 89[39m
[35m[HTTP][39m [90m[39m
[35m[HTTP][39m [37m-->[39m [37mPOST[39m [37m/wd/hub/session/a46984f2-1dfb-46c8-90d3-00d0aea8351a/timeouts[39m
[35m[HTTP][39m [90m{"implicit":30000}[39m
[35m[HTTP][39m [37m<-- POST /wd/hub/session/a46984f2-1dfb-46c8-90d3-00d0aea8351a/timeouts [39m[32m200[39m [90m2 ms - 14[39m
[35m[HTTP][39m [90m[39m
[35m[HTTP][39m [37m-->[39m [37mGET[39m [37m/wd/hub/session/a46984f2-1dfb-46c8-90d3-00d0aea8351a/element/aa5d5f6d-2d50-4e50-b7ae-06e6e385304d/text[39m
[35m[HTTP][39m [90m{}[39m
[35m[W3C (a46984f2)][39m Driver proxy active, passing request on via HTTP proxy
[35m[WD Proxy][39m Replacing sessionId 0c2c770f-c1b3-45ed-92cd-5e31f098fff1 with a46984f2-1dfb-46c8-90d3-00d0aea8351a
[35m[HTTP][39m [37m<-- GET /wd/hub/session/a46984f2-1dfb-46c8-90d3-00d0aea8351a/element/aa5d5f6d-2d50-4e50-b7ae-06e6e385304d/text [39m[32m200[39m [90m53 ms - 84[39m
[35m[HTTP][39m [90m[39m
[35m[HTTP][39m [37m-->[39m [37mPOST[39m [37m/wd/hub/session/a46984f2-1dfb-46c8-90d3-00d0aea8351a/timeouts[39m
[35m[HTTP][39m [90m{"implicit":50}[39m
[35m[HTTP][39m [37m<-- POST /wd/hub/session/a46984f2-1dfb-46c8-90d3-00d0aea8351a/timeouts [39m[32m200[39m [90m2 ms - 14[39m
[35m[HTTP][39m [90m[39m
[35m[HTTP][39m [37m-->[39m [37mGET[39m [37m/wd/hub/session/a46984f2-1dfb-46c8-90d3-00d0aea8351a/window/rect[39m
[35m[HTTP][39m [90m{}[39m
[35m[HTTP][39m [37m<-- GET /wd/hub/session/a46984f2-1dfb-46c8-90d3-00d0aea8351a/window/rect [39m[32m200[39m [90m40 ms - 49[39m
[35m[HTTP][39m [90m[39m
[35m[HTTP][39m [37m-->[39m [37mPOST[39m [37m/wd/hub/session/a46984f2-1dfb-46c8-90d3-00d0aea8351a/elements[39m
[35m[HTTP][39m [90m{"using":"-android uiautomator","value":"new UiSelector().className(\"android.widget.Button\").text(\"YA\").resourceId(\"com.ritase.driver.staging:id/yes_btn\")"}[39m
[35m[HTTP][39m [37m<-- POST /wd/hub/session/a46984f2-1dfb-46c8-90d3-00d0aea8351a/elements [39m[32m200[39m [90m90 ms - 139[39m
[35m[HTTP][39m [90m[39m
[35m[HTTP][39m [37m-->[39m [37mGET[39m [37m/wd/hub/session/a46984f2-1dfb-46c8-90d3-00d0aea8351a/element/7ba56d7a-d011-4619-a240-e205f3cb6a9a/location[39m
[35m[HTTP][39m [90m{}[39m
[35m[W3C (a46984f2)][39m Driver proxy active, passing request on via HTTP proxy
[35m[WD Proxy][39m Replacing sessionId 0c2c770f-c1b3-45ed-92cd-5e31f098fff1 with a46984f2-1dfb-46c8-90d3-00d0aea8351a
[35m[HTTP][39m [37m<-- GET /wd/hub/session/a46984f2-1dfb-46c8-90d3-00d0aea8351a/element/7ba56d7a-d011-4619-a240-e205f3cb6a9a/location [39m[32m200[39m [90m43 ms - 89[39m
[35m[HTTP][39m [90m[39m
[35m[HTTP][39m [37m-->[39m [37mPOST[39m [37m/wd/hub/session/a46984f2-1dfb-46c8-90d3-00d0aea8351a/timeouts[39m
[35m[HTTP][39m [90m{"implicit":30000}[39m
[35m[HTTP][39m [37m<-- POST /wd/hub/session/a46984f2-1dfb-46c8-90d3-00d0aea8351a/timeouts [39m[32m200[39m [90m2 ms - 14[39m
[35m[HTTP][39m [90m[39m
[35m[HTTP][39m [37m-->[39m [37mPOST[39m [37m/wd/hub/session/a46984f2-1dfb-46c8-90d3-00d0aea8351a/touch/perform[39m
[35m[HTTP][39m [90m{"actions":[{"action":"tap","options":{"x":1,"y":1,"element":"7ba56d7a-d011-4619-a240-e205f3cb6a9a"}},{"action":"release","options":{}}]}[39m
[35m[UiAutomator2][39m calling get location: 7ba56d7a-d011-4619-a240-e205f3cb6a9a
[35m[HTTP][39m [37m<-- POST /wd/hub/session/a46984f2-1dfb-46c8-90d3-00d0aea8351a/touch/perform [39m[32m200[39m [90m2146 ms - 14[39m
[35m[HTTP][39m [90m[39m
[35m[HTTP][39m [37m-->[39m [37mPOST[39m [37m/wd/hub/session/a46984f2-1dfb-46c8-90d3-00d0aea8351a/timeouts[39m
[35m[HTTP][39m [90m{"implicit":50}[39m
[35m[HTTP][39m [37m<-- POST /wd/hub/session/a46984f2-1dfb-46c8-90d3-00d0aea8351a/timeouts [39m[32m200[39m [90m2 ms - 14[39m
[35m[HTTP][39m [90m[39m
[35m[HTTP][39m [37m-->[39m [37mGET[39m [37m/wd/hub/session/a46984f2-1dfb-46c8-90d3-00d0aea8351a/window/rect[39m
[35m[HTTP][39m [90m{}[39m
[35m[HTTP][39m [37m<-- GET /wd/hub/session/a46984f2-1dfb-46c8-90d3-00d0aea8351a/window/rect [39m[32m200[39m [90m25 ms - 49[39m
[35m[HTTP][39m [90m[39m
[35m[HTTP][39m [37m-->[39m [37mPOST[39m [37m/wd/hub/session/a46984f2-1dfb-46c8-90d3-00d0aea8351a/elements[39m
[35m[HTTP][39m [90m{"using":"-android uiautomator","value":"new UiSelector().className(\"android.widget.TextView\").text(\"Pilih Bahasa\")"}[39m
[35m[HTTP][39m [37m<-- POST /wd/hub/session/a46984f2-1dfb-46c8-90d3-00d0aea8351a/elements [39m[32m200[39m [90m544 ms - 139[39m
[35m[HTTP][39m [90m[39m
[35m[HTTP][39m [37m-->[39m [37mGET[39m [37m/wd/hub/session/a46984f2-1dfb-46c8-90d3-00d0aea8351a/element/bfbfa3c2-d4aa-4648-8b21-59867c903aba/location[39m
[35m[HTTP][39m [90m{}[39m
[35m[W3C (a46984f2)][39m Driver proxy active, passing request on via HTTP proxy
[35m[WD Proxy][39m Replacing sessionId 0c2c770f-c1b3-45ed-92cd-5e31f098fff1 with a46984f2-1dfb-46c8-90d3-00d0aea8351a
[35m[HTTP][39m [37m<-- GET /wd/hub/session/a46984f2-1dfb-46c8-90d3-00d0aea8351a/element/bfbfa3c2-d4aa-4648-8b21-59867c903aba/location [39m[32m200[39m [90m47 ms - 89[39m
[35m[HTTP][39m [90m[39m
[35m[HTTP][39m [37m-->[39m [37mPOST[39m [37m/wd/hub/session/a46984f2-1dfb-46c8-90d3-00d0aea8351a/timeouts[39m
[35m[HTTP][39m [90m{"implicit":30000}[39m
[35m[HTTP][39m [37m<-- POST /wd/hub/session/a46984f2-1dfb-46c8-90d3-00d0aea8351a/timeouts [39m[32m200[39m [90m2 ms - 14[39m
[35m[HTTP][39m [90m[39m
[35m[HTTP][39m [37m-->[39m [37mGET[39m [37m/wd/hub/session/a46984f2-1dfb-46c8-90d3-00d0aea8351a/element/bfbfa3c2-d4aa-4648-8b21-59867c903aba/text[39m
[35m[HTTP][39m [90m{}[39m
[35m[W3C (a46984f2)][39m Driver proxy active, passing request on via HTTP proxy
[35m[WD Proxy][39m Replacing sessionId 0c2c770f-c1b3-45ed-92cd-5e31f098fff1 with a46984f2-1dfb-46c8-90d3-00d0aea8351a
[35m[HTTP][39m [37m<-- GET /wd/hub/session/a46984f2-1dfb-46c8-90d3-00d0aea8351a/element/bfbfa3c2-d4aa-4648-8b21-59867c903aba/text [39m[32m200[39m [90m63 ms - 86[39m
[35m[HTTP][39m [90m[39m
[35m[HTTP][39m [37m-->[39m [37mDELETE[39m [37m/wd/hub/session/a46984f2-1dfb-46c8-90d3-00d0aea8351a[39m
[35m[HTTP][39m [90m{}[39m
[35m[Appium][39m Removing session a46984f2-1dfb-46c8-90d3-00d0aea8351a from our master session list
[35m[HTTP][39m [37m<-- DELETE /wd/hub/session/a46984f2-1dfb-46c8-90d3-00d0aea8351a [39m[32m200[39m [90m439 ms - 14[39m
[35m[HTTP][39m [90m[39m
