<?xml version="1.0" encoding="UTF-8" standalone="no"?>
<!DOCTYPE log SYSTEM "logger.dtd">
<log>
<record>
  <date>2019-09-05T17:03:28</date>
  <millis>1567677808378</millis>
  <sequence>0</sequence>
  <level>START</level>
  <class>com.kms.katalon.core.logging.XmlKeywordLogger</class>
  <method>startSuite</method>
  <thread>1</thread>
  <message>Start Test Suite : Test Suites/3.0/Driver V2/Accept Trips</message>
  <nestedLevel>0</nestedLevel>
  <property name="name">Accept Trips</property>
  <property name="description"></property>
  <property name="id">Test Suites/3.0/Driver V2/Accept Trips</property>
</record>
<record>
  <date>2019-09-05T17:03:28</date>
  <millis>1567677808410</millis>
  <sequence>1</sequence>
  <level>RUN_DATA</level>
  <class>com.kms.katalon.core.logging.XmlKeywordLogger</class>
  <method>logMessage</method>
  <thread>1</thread>
  <message>hostName = Purrari - Sanggam</message>
  <nestedLevel>0</nestedLevel>
  <property name="hostName">Purrari - Sanggam</property>
</record>
<record>
  <date>2019-09-05T17:03:28</date>
  <millis>1567677808413</millis>
  <sequence>2</sequence>
  <level>RUN_DATA</level>
  <class>com.kms.katalon.core.logging.XmlKeywordLogger</class>
  <method>logMessage</method>
  <thread>1</thread>
  <message>os = Windows 10 64bit</message>
  <nestedLevel>0</nestedLevel>
  <property name="os">Windows 10 64bit</property>
</record>
<record>
  <date>2019-09-05T17:03:28</date>
  <millis>1567677808416</millis>
  <sequence>3</sequence>
  <level>RUN_DATA</level>
  <class>com.kms.katalon.core.logging.XmlKeywordLogger</class>
  <method>logMessage</method>
  <thread>1</thread>
  <message>hostAddress = 10.255.9.2</message>
  <nestedLevel>0</nestedLevel>
  <property name="hostAddress">10.255.9.2</property>
</record>
<record>
  <date>2019-09-05T17:03:28</date>
  <millis>1567677808417</millis>
  <sequence>4</sequence>
  <level>RUN_DATA</level>
  <class>com.kms.katalon.core.logging.XmlKeywordLogger</class>
  <method>logMessage</method>
  <thread>1</thread>
  <message>katalonVersion = 6.3.0.1</message>
  <nestedLevel>0</nestedLevel>
  <property name="katalonVersion">6.3.0.1</property>
</record>
<record>
  <date>2019-09-05T17:03:29</date>
  <millis>1567677809594</millis>
  <sequence>5</sequence>
  <level>START</level>
  <class>com.kms.katalon.core.logging.XmlKeywordLogger</class>
  <method>startTest</method>
  <thread>1</thread>
  <message>Start Test Case : Test Cases/Mobile Drivers/Login/Login Drivers</message>
  <nestedLevel>1</nestedLevel>
  <property name="name">Test Cases/Mobile Drivers/Login/Login Drivers</property>
  <property name="description"></property>
  <property name="id">Test Cases/Mobile Drivers/Login/Login Drivers</property>
  <property name="source">C:\\Users\\Purrari\\Documents\\Ritase Automation\\Test Cases\\Mobile Drivers\\Login\\Login Drivers.tc</property>
  <property name="tag"></property>
  <property name="isOptional">false</property>
</record>
<record>
  <date>2019-09-05T17:03:31</date>
  <millis>1567677811810</millis>
  <sequence>7</sequence>
  <level>START</level>
  <class>com.kms.katalon.core.logging.XmlKeywordLogger</class>
  <method>startKeyword</method>
  <thread>1</thread>
  <message>Start action : runFeatureFile(\&amp;quot;Include/features/Mobile/Drivers V2/Login/LoginDrivers.feature\&amp;quot;, STOP_ON_FAILURE)</message>
  <nestedLevel>1</nestedLevel>
  <property name="startLine">16</property>
  <property name="stepIndex">1</property>
</record>
<record>
  <date>2019-09-05T17:03:32</date>
  <millis>1567677812399</millis>
  <sequence>8</sequence>
  <level>INFO</level>
  <class>com.kms.katalon.core.logging.XmlKeywordLogger</class>
  <method>logMessage</method>
  <thread>1</thread>
  <message>Starting run keyword runFeatureFile: &amp;apos;Include/features/Mobile/Drivers V2/Login/LoginDrivers.feature&amp;apos; and extract report to folder: &amp;apos;C:\\Users\\Purrari\\Documents\\Ritase Automation\\Reports\\20190905_170317\\3.0\\Driver V2\\Accept Trips\\20190905_170317/cucumber_report/1567677812327&amp;apos;...</message>
  <nestedLevel>1</nestedLevel>
</record>
<record>
  <date>2019-09-05T17:03:34</date>
  <millis>1567677814106</millis>
  <sequence>9</sequence>
  <level>START</level>
  <class>com.kms.katalon.core.logging.XmlKeywordLogger</class>
  <method>startTest</method>
  <thread>1</thread>
  <message>Start Test Case : SCENARIO Login Drivers</message>
  <nestedLevel>2</nestedLevel>
</record>
<record>
  <date>2019-09-05T17:03:34</date>
  <millis>1567677814117</millis>
  <sequence>10</sequence>
  <level>START</level>
  <class>com.kms.katalon.core.logging.XmlKeywordLogger</class>
  <method>startKeyword</method>
  <thread>1</thread>
  <message>Start action : User install and open ritase driver apps</message>
  <nestedLevel>2</nestedLevel>
</record>
<record>
  <date>2019-09-05T17:03:40</date>
  <millis>1567677820442</millis>
  <sequence>12</sequence>
  <level>INFO</level>
  <class>com.kms.katalon.core.logging.XmlKeywordLogger</class>
  <method>logMessage</method>
  <thread>1</thread>
  <message>Appium server started on port 61,008</message>
  <nestedLevel>2</nestedLevel>
</record>
<record>
  <date>2019-09-05T17:04:01</date>
  <millis>1567677841869</millis>
  <sequence>14</sequence>
  <level>RUN_DATA</level>
  <class>com.kms.katalon.core.logging.XmlKeywordLogger</class>
  <method>logMessage</method>
  <thread>1</thread>
  <message>appiumVersion = 1.14.2</message>
  <nestedLevel>2</nestedLevel>
  <property name="appiumVersion">1.14.2</property>
</record>
<record>
  <date>2019-09-05T17:04:01</date>
  <millis>1567677841870</millis>
  <sequence>15</sequence>
  <level>RUN_DATA</level>
  <class>com.kms.katalon.core.logging.XmlKeywordLogger</class>
  <method>logMessage</method>
  <thread>1</thread>
  <message>appiumServerStatus = {\&amp;quot;status\&amp;quot;:0,\&amp;quot;value\&amp;quot;:{\&amp;quot;build\&amp;quot;:{\&amp;quot;version\&amp;quot;:\&amp;quot;1.14.2\&amp;quot;}},\&amp;quot;sessionId\&amp;quot;:null}</message>
  <nestedLevel>2</nestedLevel>
  <property name="appiumServerStatus">{\&quot;status\&quot;:0,\&quot;value\&quot;:{\&quot;build\&quot;:{\&quot;version\&quot;:\&quot;1.14.2\&quot;}},\&quot;sessionId\&quot;:null}</property>
</record>
<record>
  <date>2019-09-05T17:04:01</date>
  <millis>1567677841927</millis>
  <sequence>16</sequence>
  <level>RUN_DATA</level>
  <class>com.kms.katalon.core.logging.XmlKeywordLogger</class>
  <method>logMessage</method>
  <thread>1</thread>
  <message>deviceId = a864e4de7d26</message>
  <nestedLevel>2</nestedLevel>
  <property name="deviceId">a864e4de7d26</property>
</record>
<record>
  <date>2019-09-05T17:04:01</date>
  <millis>1567677841927</millis>
  <sequence>17</sequence>
  <level>RUN_DATA</level>
  <class>com.kms.katalon.core.logging.XmlKeywordLogger</class>
  <method>logMessage</method>
  <thread>1</thread>
  <message>deviceName = Xiaomi Redmi 6A (Android 8.1.0)</message>
  <nestedLevel>2</nestedLevel>
  <property name="deviceName">Xiaomi Redmi 6A (Android 8.1.0)</property>
</record>
<record>
  <date>2019-09-05T17:04:01</date>
  <millis>1567677841927</millis>
  <sequence>18</sequence>
  <level>RUN_DATA</level>
  <class>com.kms.katalon.core.logging.XmlKeywordLogger</class>
  <method>logMessage</method>
  <thread>1</thread>
  <message>deviceModel = Redmi 6A</message>
  <nestedLevel>2</nestedLevel>
  <property name="deviceModel">Redmi 6A</property>
</record>
<record>
  <date>2019-09-05T17:04:01</date>
  <millis>1567677841935</millis>
  <sequence>19</sequence>
  <level>RUN_DATA</level>
  <class>com.kms.katalon.core.logging.XmlKeywordLogger</class>
  <method>logMessage</method>
  <thread>1</thread>
  <message>deviceManufacturer = Xiaomi</message>
  <nestedLevel>2</nestedLevel>
  <property name="deviceManufacturer">Xiaomi</property>
</record>
<record>
  <date>2019-09-05T17:04:01</date>
  <millis>1567677841935</millis>
  <sequence>20</sequence>
  <level>RUN_DATA</level>
  <class>com.kms.katalon.core.logging.XmlKeywordLogger</class>
  <method>logMessage</method>
  <thread>1</thread>
  <message>deviceOS = Android</message>
  <nestedLevel>2</nestedLevel>
  <property name="deviceOS">Android</property>
</record>
<record>
  <date>2019-09-05T17:04:01</date>
  <millis>1567677841935</millis>
  <sequence>21</sequence>
  <level>RUN_DATA</level>
  <class>com.kms.katalon.core.logging.XmlKeywordLogger</class>
  <method>logMessage</method>
  <thread>1</thread>
  <message>deviceOSVersion = 8.1.0</message>
  <nestedLevel>2</nestedLevel>
  <property name="deviceOSVersion">8.1.0</property>
</record>
<record>
  <date>2019-09-05T17:04:02</date>
  <millis>1567677842019</millis>
  <sequence>22</sequence>
  <level>PASSED</level>
  <class>com.kms.katalon.core.logging.XmlKeywordLogger</class>
  <method>logMessage</method>
  <thread>1</thread>
  <message>Started app at: &amp;apos;C:\\Users\\Purrari\\Documents\\Ritase Automation\\APK\\stg-driver.apk&amp;apos;</message>
  <nestedLevel>2</nestedLevel>
</record>
<record>
  <date>2019-09-05T17:04:02</date>
  <millis>1567677842611</millis>
  <sequence>23</sequence>
  <level>PASSED</level>
  <class>com.kms.katalon.core.logging.XmlKeywordLogger</class>
  <method>logMessage</method>
  <thread>1</thread>
  <message>Current device physical height is 1344</message>
  <nestedLevel>2</nestedLevel>
</record>
<record>
  <date>2019-09-05T17:04:02</date>
  <millis>1567677842823</millis>
  <sequence>24</sequence>
  <level>PASSED</level>
  <class>com.kms.katalon.core.logging.XmlKeywordLogger</class>
  <method>logMessage</method>
  <thread>1</thread>
  <message>Current device physical width is 720</message>
  <nestedLevel>2</nestedLevel>
</record>
<record>
  <date>2019-09-05T17:04:02</date>
  <millis>1567677842845</millis>
  <sequence>25</sequence>
  <level>PASSED</level>
  <class>com.kms.katalon.core.logging.XmlKeywordLogger</class>
  <method>logMessage</method>
  <thread>1</thread>
  <message>User install and open ritase driver apps</message>
  <nestedLevel>2</nestedLevel>
</record>
<record>
  <date>2019-09-05T17:04:02</date>
  <millis>1567677842845</millis>
  <sequence>26</sequence>
  <level>END</level>
  <class>com.kms.katalon.core.logging.XmlKeywordLogger</class>
  <method>endKeyword</method>
  <thread>1</thread>
  <message>End End action : User install and open ritase driver apps</message>
  <nestedLevel>2</nestedLevel>
</record>
<record>
  <date>2019-09-05T17:04:02</date>
  <millis>1567677842846</millis>
  <sequence>27</sequence>
  <level>START</level>
  <class>com.kms.katalon.core.logging.XmlKeywordLogger</class>
  <method>startKeyword</method>
  <thread>1</thread>
  <message>Start action : User tap initial login button</message>
  <nestedLevel>2</nestedLevel>
</record>
<record>
  <date>2019-09-05T17:04:07</date>
  <millis>1567677847278</millis>
  <sequence>31</sequence>
  <level>PASSED</level>
  <class>com.kms.katalon.core.logging.XmlKeywordLogger</class>
  <method>logMessage</method>
  <thread>1</thread>
  <message>Tapped on element &amp;apos;Object Repository/Driver Apps V2/tap_initialLogin&amp;apos;</message>
  <nestedLevel>2</nestedLevel>
</record>
<record>
  <date>2019-09-05T17:04:07</date>
  <millis>1567677847279</millis>
  <sequence>32</sequence>
  <level>PASSED</level>
  <class>com.kms.katalon.core.logging.XmlKeywordLogger</class>
  <method>logMessage</method>
  <thread>1</thread>
  <message>User tap initial login button</message>
  <nestedLevel>2</nestedLevel>
</record>
<record>
  <date>2019-09-05T17:04:07</date>
  <millis>1567677847279</millis>
  <sequence>33</sequence>
  <level>END</level>
  <class>com.kms.katalon.core.logging.XmlKeywordLogger</class>
  <method>endKeyword</method>
  <thread>1</thread>
  <message>End End action : User tap initial login button</message>
  <nestedLevel>2</nestedLevel>
</record>
<record>
  <date>2019-09-05T17:04:07</date>
  <millis>1567677847283</millis>
  <sequence>34</sequence>
  <level>START</level>
  <class>com.kms.katalon.core.logging.XmlKeywordLogger</class>
  <method>startKeyword</method>
  <thread>1</thread>
  <message>Start action : User fill email address driver 082329073112</message>
  <nestedLevel>2</nestedLevel>
</record>
<record>
  <date>2019-09-05T17:04:09</date>
  <millis>1567677849233</millis>
  <sequence>38</sequence>
  <level>PASSED</level>
  <class>com.kms.katalon.core.logging.XmlKeywordLogger</class>
  <method>logMessage</method>
  <thread>1</thread>
  <message>Text &amp;apos;082329073112&amp;apos; has been set to element &amp;apos;Object Repository/Driver Apps V2/input_emailDriver&amp;apos;</message>
  <nestedLevel>2</nestedLevel>
</record>
<record>
  <date>2019-09-05T17:04:09</date>
  <millis>1567677849235</millis>
  <sequence>39</sequence>
  <level>PASSED</level>
  <class>com.kms.katalon.core.logging.XmlKeywordLogger</class>
  <method>logMessage</method>
  <thread>1</thread>
  <message>User fill email address driver 082329073112</message>
  <nestedLevel>2</nestedLevel>
</record>
<record>
  <date>2019-09-05T17:04:09</date>
  <millis>1567677849235</millis>
  <sequence>40</sequence>
  <level>END</level>
  <class>com.kms.katalon.core.logging.XmlKeywordLogger</class>
  <method>endKeyword</method>
  <thread>1</thread>
  <message>End End action : User fill email address driver 082329073112</message>
  <nestedLevel>2</nestedLevel>
</record>
<record>
  <date>2019-09-05T17:04:09</date>
  <millis>1567677849244</millis>
  <sequence>41</sequence>
  <level>START</level>
  <class>com.kms.katalon.core.logging.XmlKeywordLogger</class>
  <method>startKeyword</method>
  <thread>1</thread>
  <message>Start action : User fill password driver 1234567</message>
  <nestedLevel>2</nestedLevel>
</record>
<record>
  <date>2019-09-05T17:04:11</date>
  <millis>1567677851278</millis>
  <sequence>45</sequence>
  <level>PASSED</level>
  <class>com.kms.katalon.core.logging.XmlKeywordLogger</class>
  <method>logMessage</method>
  <thread>1</thread>
  <message>Text &amp;apos;1234567&amp;apos; has been set to element &amp;apos;Object Repository/Driver Apps V2/input_passwordDriver&amp;apos;</message>
  <nestedLevel>2</nestedLevel>
</record>
<record>
  <date>2019-09-05T17:04:11</date>
  <millis>1567677851278</millis>
  <sequence>46</sequence>
  <level>PASSED</level>
  <class>com.kms.katalon.core.logging.XmlKeywordLogger</class>
  <method>logMessage</method>
  <thread>1</thread>
  <message>User fill password driver 1234567</message>
  <nestedLevel>2</nestedLevel>
</record>
<record>
  <date>2019-09-05T17:04:11</date>
  <millis>1567677851279</millis>
  <sequence>47</sequence>
  <level>END</level>
  <class>com.kms.katalon.core.logging.XmlKeywordLogger</class>
  <method>endKeyword</method>
  <thread>1</thread>
  <message>End End action : User fill password driver 1234567</message>
  <nestedLevel>2</nestedLevel>
</record>
<record>
  <date>2019-09-05T17:04:11</date>
  <millis>1567677851279</millis>
  <sequence>48</sequence>
  <level>START</level>
  <class>com.kms.katalon.core.logging.XmlKeywordLogger</class>
  <method>startKeyword</method>
  <thread>1</thread>
  <message>Start action : User tap login button</message>
  <nestedLevel>2</nestedLevel>
</record>
<record>
  <date>2019-09-05T17:04:14</date>
  <millis>1567677854061</millis>
  <sequence>52</sequence>
  <level>PASSED</level>
  <class>com.kms.katalon.core.logging.XmlKeywordLogger</class>
  <method>logMessage</method>
  <thread>1</thread>
  <message>Tapped on element &amp;apos;Object Repository/Driver Apps V2/tap_loginButton&amp;apos;</message>
  <nestedLevel>2</nestedLevel>
</record>
<record>
  <date>2019-09-05T17:04:24</date>
  <millis>1567677864157</millis>
  <sequence>54</sequence>
  <level>PASSED</level>
  <class>com.kms.katalon.core.logging.XmlKeywordLogger</class>
  <method>logMessage</method>
  <thread>1</thread>
  <message>Delayed 10 second(s)</message>
  <nestedLevel>2</nestedLevel>
</record>
<record>
  <date>2019-09-05T17:04:24</date>
  <millis>1567677864158</millis>
  <sequence>55</sequence>
  <level>PASSED</level>
  <class>com.kms.katalon.core.logging.XmlKeywordLogger</class>
  <method>logMessage</method>
  <thread>1</thread>
  <message>User tap login button</message>
  <nestedLevel>2</nestedLevel>
</record>
<record>
  <date>2019-09-05T17:04:24</date>
  <millis>1567677864159</millis>
  <sequence>56</sequence>
  <level>END</level>
  <class>com.kms.katalon.core.logging.XmlKeywordLogger</class>
  <method>endKeyword</method>
  <thread>1</thread>
  <message>End End action : User tap login button</message>
  <nestedLevel>2</nestedLevel>
</record>
<record>
  <date>2019-09-05T17:04:24</date>
  <millis>1567677864159</millis>
  <sequence>57</sequence>
  <level>START</level>
  <class>com.kms.katalon.core.logging.XmlKeywordLogger</class>
  <method>startKeyword</method>
  <thread>1</thread>
  <message>Start action : User see tab trip</message>
  <nestedLevel>2</nestedLevel>
</record>
<record>
  <date>2019-09-05T17:04:25</date>
  <millis>1567677865468</millis>
  <sequence>61</sequence>
  <level>PASSED</level>
  <class>com.kms.katalon.core.logging.XmlKeywordLogger</class>
  <method>logMessage</method>
  <thread>1</thread>
  <message>Text of element &amp;apos;Object Repository/Driver Apps V2/txt_tripMenu&amp;apos; is: &amp;apos;Punya pertanyaan? Tanyakan dengan Admin&amp;apos;</message>
  <nestedLevel>2</nestedLevel>
</record>
<record>
  <date>2019-09-05T17:04:25</date>
  <millis>1567677865473</millis>
  <sequence>62</sequence>
  <level>PASSED</level>
  <class>com.kms.katalon.core.logging.XmlKeywordLogger</class>
  <method>logMessage</method>
  <thread>1</thread>
  <message>User see tab trip</message>
  <nestedLevel>2</nestedLevel>
</record>
<record>
  <date>2019-09-05T17:04:25</date>
  <millis>1567677865478</millis>
  <sequence>63</sequence>
  <level>END</level>
  <class>com.kms.katalon.core.logging.XmlKeywordLogger</class>
  <method>endKeyword</method>
  <thread>1</thread>
  <message>End End action : User see tab trip</message>
  <nestedLevel>2</nestedLevel>
</record>
<record>
  <date>2019-09-05T17:04:25</date>
  <millis>1567677865488</millis>
  <sequence>64</sequence>
  <level>START</level>
  <class>com.kms.katalon.core.logging.XmlKeywordLogger</class>
  <method>startKeyword</method>
  <thread>1</thread>
  <message>Start action : User swipe one to two</message>
  <nestedLevel>2</nestedLevel>
</record>
<record>
  <date>2019-09-05T17:04:30</date>
  <millis>1567677870565</millis>
  <sequence>66</sequence>
  <level>PASSED</level>
  <class>com.kms.katalon.core.logging.XmlKeywordLogger</class>
  <method>logMessage</method>
  <thread>1</thread>
  <message>Delayed 5 second(s)</message>
  <nestedLevel>2</nestedLevel>
</record>
<record>
  <date>2019-09-05T17:04:31</date>
  <millis>1567677871803</millis>
  <sequence>67</sequence>
  <level>PASSED</level>
  <class>com.kms.katalon.core.logging.XmlKeywordLogger</class>
  <method>logMessage</method>
  <thread>1</thread>
  <message>Swiped from 576,672 to 144,672</message>
  <nestedLevel>2</nestedLevel>
</record>
<record>
  <date>2019-09-05T17:04:31</date>
  <millis>1567677871810</millis>
  <sequence>68</sequence>
  <level>PASSED</level>
  <class>com.kms.katalon.core.logging.XmlKeywordLogger</class>
  <method>logMessage</method>
  <thread>1</thread>
  <message>User swipe one to two</message>
  <nestedLevel>2</nestedLevel>
</record>
<record>
  <date>2019-09-05T17:04:31</date>
  <millis>1567677871810</millis>
  <sequence>69</sequence>
  <level>END</level>
  <class>com.kms.katalon.core.logging.XmlKeywordLogger</class>
  <method>endKeyword</method>
  <thread>1</thread>
  <message>End End action : User swipe one to two</message>
  <nestedLevel>2</nestedLevel>
</record>
<record>
  <date>2019-09-05T17:04:31</date>
  <millis>1567677871821</millis>
  <sequence>70</sequence>
  <level>START</level>
  <class>com.kms.katalon.core.logging.XmlKeywordLogger</class>
  <method>startKeyword</method>
  <thread>1</thread>
  <message>Start action : User see tab wallet</message>
  <nestedLevel>2</nestedLevel>
</record>
<record>
  <date>2019-09-05T17:04:34</date>
  <millis>1567677874366</millis>
  <sequence>74</sequence>
  <level>PASSED</level>
  <class>com.kms.katalon.core.logging.XmlKeywordLogger</class>
  <method>logMessage</method>
  <thread>1</thread>
  <message>Text of element &amp;apos;Object Repository/Driver Apps V2/txt_walletMenu&amp;apos; is: &amp;apos;Saldo Dompet Anda&amp;apos;</message>
  <nestedLevel>2</nestedLevel>
</record>
<record>
  <date>2019-09-05T17:04:34</date>
  <millis>1567677874367</millis>
  <sequence>75</sequence>
  <level>PASSED</level>
  <class>com.kms.katalon.core.logging.XmlKeywordLogger</class>
  <method>logMessage</method>
  <thread>1</thread>
  <message>User see tab wallet</message>
  <nestedLevel>2</nestedLevel>
</record>
<record>
  <date>2019-09-05T17:04:34</date>
  <millis>1567677874370</millis>
  <sequence>76</sequence>
  <level>END</level>
  <class>com.kms.katalon.core.logging.XmlKeywordLogger</class>
  <method>endKeyword</method>
  <thread>1</thread>
  <message>End End action : User see tab wallet</message>
  <nestedLevel>2</nestedLevel>
</record>
<record>
  <date>2019-09-05T17:04:34</date>
  <millis>1567677874382</millis>
  <sequence>77</sequence>
  <level>START</level>
  <class>com.kms.katalon.core.logging.XmlKeywordLogger</class>
  <method>startKeyword</method>
  <thread>1</thread>
  <message>Start action : User swipe two to three</message>
  <nestedLevel>2</nestedLevel>
</record>
<record>
  <date>2019-09-05T17:04:39</date>
  <millis>1567677879399</millis>
  <sequence>79</sequence>
  <level>PASSED</level>
  <class>com.kms.katalon.core.logging.XmlKeywordLogger</class>
  <method>logMessage</method>
  <thread>1</thread>
  <message>Delayed 5 second(s)</message>
  <nestedLevel>2</nestedLevel>
</record>
<record>
  <date>2019-09-05T17:04:40</date>
  <millis>1567677880783</millis>
  <sequence>80</sequence>
  <level>PASSED</level>
  <class>com.kms.katalon.core.logging.XmlKeywordLogger</class>
  <method>logMessage</method>
  <thread>1</thread>
  <message>Swiped from 576,672 to 144,672</message>
  <nestedLevel>2</nestedLevel>
</record>
<record>
  <date>2019-09-05T17:04:40</date>
  <millis>1567677880794</millis>
  <sequence>81</sequence>
  <level>PASSED</level>
  <class>com.kms.katalon.core.logging.XmlKeywordLogger</class>
  <method>logMessage</method>
  <thread>1</thread>
  <message>User swipe two to three</message>
  <nestedLevel>2</nestedLevel>
</record>
<record>
  <date>2019-09-05T17:04:40</date>
  <millis>1567677880794</millis>
  <sequence>82</sequence>
  <level>END</level>
  <class>com.kms.katalon.core.logging.XmlKeywordLogger</class>
  <method>endKeyword</method>
  <thread>1</thread>
  <message>End End action : User swipe two to three</message>
  <nestedLevel>2</nestedLevel>
</record>
<record>
  <date>2019-09-05T17:04:40</date>
  <millis>1567677880795</millis>
  <sequence>83</sequence>
  <level>START</level>
  <class>com.kms.katalon.core.logging.XmlKeywordLogger</class>
  <method>startKeyword</method>
  <thread>1</thread>
  <message>Start action : User swipe three to four</message>
  <nestedLevel>2</nestedLevel>
</record>
<record>
  <date>2019-09-05T17:04:45</date>
  <millis>1567677885815</millis>
  <sequence>85</sequence>
  <level>PASSED</level>
  <class>com.kms.katalon.core.logging.XmlKeywordLogger</class>
  <method>logMessage</method>
  <thread>1</thread>
  <message>Delayed 5 second(s)</message>
  <nestedLevel>2</nestedLevel>
</record>
<record>
  <date>2019-09-05T17:04:47</date>
  <millis>1567677887069</millis>
  <sequence>86</sequence>
  <level>PASSED</level>
  <class>com.kms.katalon.core.logging.XmlKeywordLogger</class>
  <method>logMessage</method>
  <thread>1</thread>
  <message>Swiped from 576,672 to 144,672</message>
  <nestedLevel>2</nestedLevel>
</record>
<record>
  <date>2019-09-05T17:04:47</date>
  <millis>1567677887077</millis>
  <sequence>87</sequence>
  <level>PASSED</level>
  <class>com.kms.katalon.core.logging.XmlKeywordLogger</class>
  <method>logMessage</method>
  <thread>1</thread>
  <message>User swipe three to four</message>
  <nestedLevel>2</nestedLevel>
</record>
<record>
  <date>2019-09-05T17:04:47</date>
  <millis>1567677887077</millis>
  <sequence>88</sequence>
  <level>END</level>
  <class>com.kms.katalon.core.logging.XmlKeywordLogger</class>
  <method>endKeyword</method>
  <thread>1</thread>
  <message>End End action : User swipe three to four</message>
  <nestedLevel>2</nestedLevel>
</record>
<record>
  <date>2019-09-05T17:04:47</date>
  <millis>1567677887079</millis>
  <sequence>89</sequence>
  <level>START</level>
  <class>com.kms.katalon.core.logging.XmlKeywordLogger</class>
  <method>startKeyword</method>
  <thread>1</thread>
  <message>Start action : User see tab Profil</message>
  <nestedLevel>2</nestedLevel>
</record>
<record>
  <date>2019-09-05T17:04:47</date>
  <millis>1567677887745</millis>
  <sequence>93</sequence>
  <level>PASSED</level>
  <class>com.kms.katalon.core.logging.XmlKeywordLogger</class>
  <method>logMessage</method>
  <thread>1</thread>
  <message>Text of element &amp;apos;Object Repository/Driver Apps V2/txt_Profile&amp;apos; is: &amp;apos;Kendaraan yang sedang digunakan&amp;apos;</message>
  <nestedLevel>2</nestedLevel>
</record>
<record>
  <date>2019-09-05T17:04:47</date>
  <millis>1567677887746</millis>
  <sequence>94</sequence>
  <level>PASSED</level>
  <class>com.kms.katalon.core.logging.XmlKeywordLogger</class>
  <method>logMessage</method>
  <thread>1</thread>
  <message>User see tab Profil</message>
  <nestedLevel>2</nestedLevel>
</record>
<record>
  <date>2019-09-05T17:04:47</date>
  <millis>1567677887752</millis>
  <sequence>95</sequence>
  <level>END</level>
  <class>com.kms.katalon.core.logging.XmlKeywordLogger</class>
  <method>endKeyword</method>
  <thread>1</thread>
  <message>End End action : User see tab Profil</message>
  <nestedLevel>2</nestedLevel>
</record>
<record>
  <date>2019-09-05T17:04:47</date>
  <millis>1567677887755</millis>
  <sequence>96</sequence>
  <level>START</level>
  <class>com.kms.katalon.core.logging.XmlKeywordLogger</class>
  <method>startKeyword</method>
  <thread>1</thread>
  <message>Start action : User swipe up</message>
  <nestedLevel>2</nestedLevel>
</record>
<record>
  <date>2019-09-05T17:04:52</date>
  <millis>1567677892762</millis>
  <sequence>98</sequence>
  <level>PASSED</level>
  <class>com.kms.katalon.core.logging.XmlKeywordLogger</class>
  <method>logMessage</method>
  <thread>1</thread>
  <message>Delayed 5 second(s)</message>
  <nestedLevel>2</nestedLevel>
</record>
<record>
  <date>2019-09-05T17:04:53</date>
  <millis>1567677893969</millis>
  <sequence>99</sequence>
  <level>PASSED</level>
  <class>com.kms.katalon.core.logging.XmlKeywordLogger</class>
  <method>logMessage</method>
  <thread>1</thread>
  <message>Swiped from 360,1,075 to 360,268</message>
  <nestedLevel>2</nestedLevel>
</record>
<record>
  <date>2019-09-05T17:04:53</date>
  <millis>1567677893981</millis>
  <sequence>100</sequence>
  <level>PASSED</level>
  <class>com.kms.katalon.core.logging.XmlKeywordLogger</class>
  <method>logMessage</method>
  <thread>1</thread>
  <message>User swipe up</message>
  <nestedLevel>2</nestedLevel>
</record>
<record>
  <date>2019-09-05T17:04:53</date>
  <millis>1567677893982</millis>
  <sequence>101</sequence>
  <level>END</level>
  <class>com.kms.katalon.core.logging.XmlKeywordLogger</class>
  <method>endKeyword</method>
  <thread>1</thread>
  <message>End End action : User swipe up</message>
  <nestedLevel>2</nestedLevel>
</record>
<record>
  <date>2019-09-05T17:04:53</date>
  <millis>1567677893983</millis>
  <sequence>102</sequence>
  <level>START</level>
  <class>com.kms.katalon.core.logging.XmlKeywordLogger</class>
  <method>startKeyword</method>
  <thread>1</thread>
  <message>Start action : User logout</message>
  <nestedLevel>2</nestedLevel>
</record>
<record>
  <date>2019-09-05T17:04:57</date>
  <millis>1567677897263</millis>
  <sequence>106</sequence>
  <level>PASSED</level>
  <class>com.kms.katalon.core.logging.XmlKeywordLogger</class>
  <method>logMessage</method>
  <thread>1</thread>
  <message>Tapped on element &amp;apos;Object Repository/Driver Apps V2/tap_logoutButton&amp;apos;</message>
  <nestedLevel>2</nestedLevel>
</record>
<record>
  <date>2019-09-05T17:05:07</date>
  <millis>1567677907273</millis>
  <sequence>108</sequence>
  <level>PASSED</level>
  <class>com.kms.katalon.core.logging.XmlKeywordLogger</class>
  <method>logMessage</method>
  <thread>1</thread>
  <message>Delayed 10 second(s)</message>
  <nestedLevel>2</nestedLevel>
</record>
<record>
  <date>2019-09-05T17:05:07</date>
  <millis>1567677907273</millis>
  <sequence>109</sequence>
  <level>PASSED</level>
  <class>com.kms.katalon.core.logging.XmlKeywordLogger</class>
  <method>logMessage</method>
  <thread>1</thread>
  <message>User logout</message>
  <nestedLevel>2</nestedLevel>
</record>
<record>
  <date>2019-09-05T17:05:07</date>
  <millis>1567677907282</millis>
  <sequence>110</sequence>
  <level>END</level>
  <class>com.kms.katalon.core.logging.XmlKeywordLogger</class>
  <method>endKeyword</method>
  <thread>1</thread>
  <message>End End action : User logout</message>
  <nestedLevel>2</nestedLevel>
</record>
<record>
  <date>2019-09-05T17:05:07</date>
  <millis>1567677907283</millis>
  <sequence>111</sequence>
  <level>START</level>
  <class>com.kms.katalon.core.logging.XmlKeywordLogger</class>
  <method>startKeyword</method>
  <thread>1</thread>
  <message>Start action : User Konfirmasi</message>
  <nestedLevel>2</nestedLevel>
</record>
<record>
  <date>2019-09-05T17:05:07</date>
  <millis>1567677907934</millis>
  <sequence>115</sequence>
  <level>PASSED</level>
  <class>com.kms.katalon.core.logging.XmlKeywordLogger</class>
  <method>logMessage</method>
  <thread>1</thread>
  <message>Text of element &amp;apos;Object Repository/Driver Apps V2/txt_konfirmasiOut&amp;apos; is: &amp;apos;Konfirmasi&amp;apos;</message>
  <nestedLevel>2</nestedLevel>
</record>
<record>
  <date>2019-09-05T17:05:07</date>
  <millis>1567677907935</millis>
  <sequence>116</sequence>
  <level>PASSED</level>
  <class>com.kms.katalon.core.logging.XmlKeywordLogger</class>
  <method>logMessage</method>
  <thread>1</thread>
  <message>User Konfirmasi</message>
  <nestedLevel>2</nestedLevel>
</record>
<record>
  <date>2019-09-05T17:05:07</date>
  <millis>1567677907935</millis>
  <sequence>117</sequence>
  <level>END</level>
  <class>com.kms.katalon.core.logging.XmlKeywordLogger</class>
  <method>endKeyword</method>
  <thread>1</thread>
  <message>End End action : User Konfirmasi</message>
  <nestedLevel>2</nestedLevel>
</record>
<record>
  <date>2019-09-05T17:05:07</date>
  <millis>1567677907936</millis>
  <sequence>118</sequence>
  <level>START</level>
  <class>com.kms.katalon.core.logging.XmlKeywordLogger</class>
  <method>startKeyword</method>
  <thread>1</thread>
  <message>Start action : User exit</message>
  <nestedLevel>2</nestedLevel>
</record>
<record>
  <date>2019-09-05T17:05:10</date>
  <millis>1567677910494</millis>
  <sequence>122</sequence>
  <level>PASSED</level>
  <class>com.kms.katalon.core.logging.XmlKeywordLogger</class>
  <method>logMessage</method>
  <thread>1</thread>
  <message>Tapped on element &amp;apos;Object Repository/Driver Apps V2/tap_ExitYa&amp;apos;</message>
  <nestedLevel>2</nestedLevel>
</record>
<record>
  <date>2019-09-05T17:05:20</date>
  <millis>1567677920499</millis>
  <sequence>124</sequence>
  <level>PASSED</level>
  <class>com.kms.katalon.core.logging.XmlKeywordLogger</class>
  <method>logMessage</method>
  <thread>1</thread>
  <message>Delayed 10 second(s)</message>
  <nestedLevel>2</nestedLevel>
</record>
<record>
  <date>2019-09-05T17:05:21</date>
  <millis>1567677921361</millis>
  <sequence>128</sequence>
  <level>PASSED</level>
  <class>com.kms.katalon.core.logging.XmlKeywordLogger</class>
  <method>logMessage</method>
  <thread>1</thread>
  <message>Text of element &amp;apos;Object Repository/Driver Apps V2/txt_Logout&amp;apos; is: &amp;apos;Pilih Bahasa&amp;apos;</message>
  <nestedLevel>2</nestedLevel>
</record>
<record>
  <date>2019-09-05T17:05:21</date>
  <millis>1567677921361</millis>
  <sequence>129</sequence>
  <level>PASSED</level>
  <class>com.kms.katalon.core.logging.XmlKeywordLogger</class>
  <method>logMessage</method>
  <thread>1</thread>
  <message>User exit</message>
  <nestedLevel>2</nestedLevel>
</record>
<record>
  <date>2019-09-05T17:05:21</date>
  <millis>1567677921362</millis>
  <sequence>130</sequence>
  <level>END</level>
  <class>com.kms.katalon.core.logging.XmlKeywordLogger</class>
  <method>endKeyword</method>
  <thread>1</thread>
  <message>End End action : User exit</message>
  <nestedLevel>2</nestedLevel>
</record>
<record>
  <date>2019-09-05T17:05:21</date>
  <millis>1567677921366</millis>
  <sequence>131</sequence>
  <level>PASSED</level>
  <class>com.kms.katalon.core.logging.XmlKeywordLogger</class>
  <method>logMessage</method>
  <thread>1</thread>
  <message>SCENARIO Login Drivers</message>
  <nestedLevel>2</nestedLevel>
</record>
<record>
  <date>2019-09-05T17:05:21</date>
  <millis>1567677921366</millis>
  <sequence>132</sequence>
  <level>END</level>
  <class>com.kms.katalon.core.logging.XmlKeywordLogger</class>
  <method>endTest</method>
  <thread>1</thread>
  <message>End Test Case : SCENARIO Login Drivers</message>
  <nestedLevel>1</nestedLevel>
</record>
<record>
  <date>2019-09-05T17:05:21</date>
  <millis>1567677921637</millis>
  <sequence>133</sequence>
  <level>PASSED</level>
  <class>com.kms.katalon.core.logging.XmlKeywordLogger</class>
  <method>logMessage</method>
  <thread>1</thread>
  <message>Feature file: &amp;apos;Include/features/Mobile/Drivers V2/Login/LoginDrivers.feature&amp;apos; was passed</message>
  <nestedLevel>1</nestedLevel>
</record>
<record>
  <date>2019-09-05T17:05:21</date>
  <millis>1567677921637</millis>
  <sequence>134</sequence>
  <level>END</level>
  <class>com.kms.katalon.core.logging.XmlKeywordLogger</class>
  <method>endKeyword</method>
  <thread>1</thread>
  <message>End action : runFeatureFile(\&amp;quot;Include/features/Mobile/Drivers V2/Login/LoginDrivers.feature\&amp;quot;, STOP_ON_FAILURE)</message>
  <nestedLevel>1</nestedLevel>
</record>
<record>
  <date>2019-09-05T17:05:21</date>
  <millis>1567677921637</millis>
  <sequence>135</sequence>
  <level>PASSED</level>
  <class>com.kms.katalon.core.logging.XmlKeywordLogger</class>
  <method>logMessage</method>
  <thread>1</thread>
  <message>Test Cases/Mobile Drivers/Login/Login Drivers</message>
  <nestedLevel>1</nestedLevel>
</record>
<record>
  <date>2019-09-05T17:05:21</date>
  <millis>1567677921638</millis>
  <sequence>136</sequence>
  <level>END</level>
  <class>com.kms.katalon.core.logging.XmlKeywordLogger</class>
  <method>endTest</method>
  <thread>1</thread>
  <message>End Test Case : Test Cases/Mobile Drivers/Login/Login Drivers</message>
  <nestedLevel>0</nestedLevel>
</record>
<record>
  <date>2019-09-05T17:05:21</date>
  <millis>1567677921870</millis>
  <sequence>137</sequence>
  <level>START</level>
  <class>com.kms.katalon.core.logging.XmlKeywordLogger</class>
  <method>startTest</method>
  <thread>1</thread>
  <message>Start Test Case : Test Cases/Mobile Drivers/Trips/Accept Trips</message>
  <nestedLevel>1</nestedLevel>
  <property name="name">Test Cases/Mobile Drivers/Trips/Accept Trips</property>
  <property name="description"></property>
  <property name="id">Test Cases/Mobile Drivers/Trips/Accept Trips</property>
  <property name="source">C:\\Users\\Purrari\\Documents\\Ritase Automation\\Test Cases\\Mobile Drivers\\Trips\\Accept Trips.tc</property>
  <property name="tag"></property>
  <property name="isOptional">false</property>
</record>
<record>
  <date>2019-09-05T17:05:22</date>
  <millis>1567677922232</millis>
  <sequence>139</sequence>
  <level>START</level>
  <class>com.kms.katalon.core.logging.XmlKeywordLogger</class>
  <method>startKeyword</method>
  <thread>1</thread>
  <message>Start action : runFeatureFile(\&amp;quot;Include/features/Mobile/Drivers V2/Trips/AcceptTrips.feature\&amp;quot;, STOP_ON_FAILURE)</message>
  <nestedLevel>1</nestedLevel>
  <property name="startLine">16</property>
  <property name="stepIndex">1</property>
</record>
<record>
  <date>2019-09-05T17:05:22</date>
  <millis>1567677922232</millis>
  <sequence>140</sequence>
  <level>INFO</level>
  <class>com.kms.katalon.core.logging.XmlKeywordLogger</class>
  <method>logMessage</method>
  <thread>1</thread>
  <message>Starting run keyword runFeatureFile: &amp;apos;Include/features/Mobile/Drivers V2/Trips/AcceptTrips.feature&amp;apos; and extract report to folder: &amp;apos;C:\\Users\\Purrari\\Documents\\Ritase Automation\\Reports\\20190905_170317\\3.0\\Driver V2\\Accept Trips\\20190905_170317/cucumber_report/1567677922232&amp;apos;...</message>
  <nestedLevel>1</nestedLevel>
</record>
<record>
  <date>2019-09-05T17:05:22</date>
  <millis>1567677922806</millis>
  <sequence>143</sequence>
  <level>FAILED</level>
  <class>com.kms.katalon.core.logging.XmlKeywordLogger</class>
  <method>logMessage</method>
  <thread>1</thread>
  <message>Keyword runFeatureFile was failed (Root cause: java.lang.IllegalArgumentException: Not a file or directory: C:\\Users\\Purrari\\Documents\\Ritase Automation\\Include\\features\\Mobile\\Drivers V2\\Trips\\AcceptTrips.feature\r\n\tat cucumber.runtime.io.FileResourceIterator$FileIterator.&amp;lt;init&amp;gt;(FileResourceIterator.java:63)\r\n\tat cucumber.runtime.io.FileResourceIterator.&amp;lt;init&amp;gt;(FileResourceIterator.java:28)\r\n\tat cucumber.runtime.io.FileResourceIterator.createFileResourceIterator(FileResourceIterator.java:14)\r\n\tat cucumber.runtime.io.FileResourceIterable.iterator(FileResourceIterable.java:19)\r\n\tat cucumber.runtime.model.CucumberFeature.loadFromFeaturePath(CucumberFeature.java:111)\r\n\tat cucumber.runtime.model.CucumberFeature.load(CucumberFeature.java:48)\r\n\tat cucumber.runtime.model.CucumberFeature.load(CucumberFeature.java:30)\r\n\tat cucumber.runtime.RuntimeOptions.cucumberFeatures(RuntimeOptions.java:305)\r\n\tat cucumber.runtime.Runtime.run(Runtime.java:97)\r\n\tat cucumber.api.cli.Main.run(Main.java:35)\r\n\tat cucumber.api.cli.Main$run.call(Unknown Source)\r\n\tat com.kms.katalon.core.cucumber.keyword.CucumberBuiltinKeywords$_runFeatureFile_closure1.doCall(CucumberBuiltinKeywords.groovy:76)\r\n\tat com.kms.katalon.core.cucumber.keyword.CucumberBuiltinKeywords$_runFeatureFile_closure1.doCall(CucumberBuiltinKeywords.groovy)\r\n\tat com.kms.katalon.core.keyword.internal.KeywordMain.runKeyword(KeywordMain.groovy:68)\r\n\tat com.kms.katalon.core.keyword.internal.KeywordMain$runKeyword.call(Unknown Source)\r\n\tat com.kms.katalon.core.cucumber.keyword.CucumberBuiltinKeywords.runFeatureFile(CucumberBuiltinKeywords.groovy:46)\r\n\tat com.kms.katalon.core.cucumber.keyword.CucumberBuiltinKeywords$runFeatureFile.call(Unknown Source)\r\n\tat Accept Trips.run(Accept Trips:16)\r\n\tat com.kms.katalon.core.main.ScriptEngine.run(ScriptEngine.java:194)\r\n\tat com.kms.katalon.core.main.ScriptEngine.runScriptAsRawText(ScriptEngine.java:119)\r\n\tat com.kms.katalon.core.main.TestCaseExecutor.runScript(TestCaseExecutor.java:337)\r\n\tat com.kms.katalon.core.main.TestCaseExecutor.doExecute(TestCaseExecutor.java:328)\r\n\tat com.kms.katalon.core.main.TestCaseExecutor.processExecutionPhase(TestCaseExecutor.java:307)\r\n\tat com.kms.katalon.core.main.TestCaseExecutor.accessMainPhase(TestCaseExecutor.java:299)\r\n\tat com.kms.katalon.core.main.TestCaseExecutor.execute(TestCaseExecutor.java:233)\r\n\tat com.kms.katalon.core.main.TestSuiteExecutor.accessTestCaseMainPhase(TestSuiteExecutor.java:150)\r\n\tat com.kms.katalon.core.main.TestSuiteExecutor.accessTestSuiteMainPhase(TestSuiteExecutor.java:123)\r\n\tat com.kms.katalon.core.main.TestSuiteExecutor.execute(TestSuiteExecutor.java:87)\r\n\tat com.kms.katalon.core.main.TestCaseMain.startTestSuite(TestCaseMain.java:157)\r\n\tat com.kms.katalon.core.main.TestCaseMain$startTestSuite$0.call(Unknown Source)\r\n\tat TempTestSuite1567677797160.run(TempTestSuite1567677797160.groovy:35)\r\n)</message>
  <nestedLevel>1</nestedLevel>
  <property name="failed.exception.class">java.lang.IllegalArgumentException</property>
  <property name="failed.exception.stacktrace">java.lang.IllegalArgumentException: Not a file or directory: C:\\Users\\Purrari\\Documents\\Ritase Automation\\Include\\features\\Mobile\\Drivers V2\\Trips\\AcceptTrips.feature\r\n\tat cucumber.runtime.io.FileResourceIterator$FileIterator.&lt;init&gt;(FileResourceIterator.java:63)\r\n\tat cucumber.runtime.io.FileResourceIterator.&lt;init&gt;(FileResourceIterator.java:28)\r\n\tat cucumber.runtime.io.FileResourceIterator.createFileResourceIterator(FileResourceIterator.java:14)\r\n\tat cucumber.runtime.io.FileResourceIterable.iterator(FileResourceIterable.java:19)\r\n\tat cucumber.runtime.model.CucumberFeature.loadFromFeaturePath(CucumberFeature.java:111)\r\n\tat cucumber.runtime.model.CucumberFeature.load(CucumberFeature.java:48)\r\n\tat cucumber.runtime.model.CucumberFeature.load(CucumberFeature.java:30)\r\n\tat cucumber.runtime.RuntimeOptions.cucumberFeatures(RuntimeOptions.java:305)\r\n\tat cucumber.runtime.Runtime.run(Runtime.java:97)\r\n\tat cucumber.api.cli.Main.run(Main.java:35)\r\n\tat cucumber.api.cli.Main$run.call(Unknown Source)\r\n\tat com.kms.katalon.core.cucumber.keyword.CucumberBuiltinKeywords$_runFeatureFile_closure1.doCall(CucumberBuiltinKeywords.groovy:76)\r\n\tat com.kms.katalon.core.cucumber.keyword.CucumberBuiltinKeywords$_runFeatureFile_closure1.doCall(CucumberBuiltinKeywords.groovy)\r\n\tat com.kms.katalon.core.keyword.internal.KeywordMain.runKeyword(KeywordMain.groovy:68)\r\n\tat com.kms.katalon.core.keyword.internal.KeywordMain$runKeyword.call(Unknown Source)\r\n\tat com.kms.katalon.core.cucumber.keyword.CucumberBuiltinKeywords.runFeatureFile(CucumberBuiltinKeywords.groovy:46)\r\n\tat com.kms.katalon.core.cucumber.keyword.CucumberBuiltinKeywords$runFeatureFile.call(Unknown Source)\r\n\tat Accept Trips.run(Accept Trips:16)\r\n\tat com.kms.katalon.core.main.ScriptEngine.run(ScriptEngine.java:194)\r\n\tat com.kms.katalon.core.main.ScriptEngine.runScriptAsRawText(ScriptEngine.java:119)\r\n\tat com.kms.katalon.core.main.TestCaseExecutor.runScript(TestCaseExecutor.java:337)\r\n\tat com.kms.katalon.core.main.TestCaseExecutor.doExecute(TestCaseExecutor.java:328)\r\n\tat com.kms.katalon.core.main.TestCaseExecutor.processExecutionPhase(TestCaseExecutor.java:307)\r\n\tat com.kms.katalon.core.main.TestCaseExecutor.accessMainPhase(TestCaseExecutor.java:299)\r\n\tat com.kms.katalon.core.main.TestCaseExecutor.execute(TestCaseExecutor.java:233)\r\n\tat com.kms.katalon.core.main.TestSuiteExecutor.accessTestCaseMainPhase(TestSuiteExecutor.java:150)\r\n\tat com.kms.katalon.core.main.TestSuiteExecutor.accessTestSuiteMainPhase(TestSuiteExecutor.java:123)\r\n\tat com.kms.katalon.core.main.TestSuiteExecutor.execute(TestSuiteExecutor.java:87)\r\n\tat com.kms.katalon.core.main.TestCaseMain.startTestSuite(TestCaseMain.java:157)\r\n\tat com.kms.katalon.core.main.TestCaseMain$startTestSuite$0.call(Unknown Source)\r\n\tat TempTestSuite1567677797160.run(TempTestSuite1567677797160.groovy:35)\r\n</property>
  <property name="failed.exception.message">Not a file or directory: C:\\Users\\Purrari\\Documents\\Ritase Automation\\Include\\features\\Mobile\\Drivers V2\\Trips\\AcceptTrips.feature</property>
</record>
<record>
  <date>2019-09-05T17:05:22</date>
  <millis>1567677922813</millis>
  <sequence>144</sequence>
  <level>END</level>
  <class>com.kms.katalon.core.logging.XmlKeywordLogger</class>
  <method>endKeyword</method>
  <thread>1</thread>
  <message>End action : runFeatureFile(\&amp;quot;Include/features/Mobile/Drivers V2/Trips/AcceptTrips.feature\&amp;quot;, STOP_ON_FAILURE)</message>
  <nestedLevel>1</nestedLevel>
</record>
<record>
  <date>2019-09-05T17:05:22</date>
  <millis>1567677922817</millis>
  <sequence>147</sequence>
  <level>FAILED</level>
  <class>com.kms.katalon.core.logging.XmlKeywordLogger</class>
  <method>logMessage</method>
  <thread>1</thread>
  <message>Test Cases/Mobile Drivers/Trips/Accept Trips FAILED.\nReason:\ncom.kms.katalon.core.exception.StepFailedException: Keyword runFeatureFile was failed (Root cause: java.lang.IllegalArgumentException: Not a file or directory: C:\\Users\\Purrari\\Documents\\Ritase Automation\\Include\\features\\Mobile\\Drivers V2\\Trips\\AcceptTrips.feature\r\n\tat cucumber.runtime.io.FileResourceIterator$FileIterator.&amp;lt;init&amp;gt;(FileResourceIterator.java:63)\r\n\tat cucumber.runtime.io.FileResourceIterator.&amp;lt;init&amp;gt;(FileResourceIterator.java:28)\r\n\tat cucumber.runtime.io.FileResourceIterator.createFileResourceIterator(FileResourceIterator.java:14)\r\n\tat cucumber.runtime.io.FileResourceIterable.iterator(FileResourceIterable.java:19)\r\n\tat cucumber.runtime.model.CucumberFeature.loadFromFeaturePath(CucumberFeature.java:111)\r\n\tat cucumber.runtime.model.CucumberFeature.load(CucumberFeature.java:48)\r\n\tat cucumber.runtime.model.CucumberFeature.load(CucumberFeature.java:30)\r\n\tat cucumber.runtime.RuntimeOptions.cucumberFeatures(RuntimeOptions.java:305)\r\n\tat cucumber.runtime.Runtime.run(Runtime.java:97)\r\n\tat cucumber.api.cli.Main.run(Main.java:35)\r\n\tat cucumber.api.cli.Main$run.call(Unknown Source)\r\n\tat com.kms.katalon.core.cucumber.keyword.CucumberBuiltinKeywords$_runFeatureFile_closure1.doCall(CucumberBuiltinKeywords.groovy:76)\r\n\tat com.kms.katalon.core.cucumber.keyword.CucumberBuiltinKeywords$_runFeatureFile_closure1.doCall(CucumberBuiltinKeywords.groovy)\r\n\tat com.kms.katalon.core.keyword.internal.KeywordMain.runKeyword(KeywordMain.groovy:68)\r\n\tat com.kms.katalon.core.keyword.internal.KeywordMain$runKeyword.call(Unknown Source)\r\n\tat com.kms.katalon.core.cucumber.keyword.CucumberBuiltinKeywords.runFeatureFile(CucumberBuiltinKeywords.groovy:46)\r\n\tat com.kms.katalon.core.cucumber.keyword.CucumberBuiltinKeywords$runFeatureFile.call(Unknown Source)\r\n\tat Accept Trips.run(Accept Trips:16)\r\n\tat com.kms.katalon.core.main.ScriptEngine.run(ScriptEngine.java:194)\r\n\tat com.kms.katalon.core.main.ScriptEngine.runScriptAsRawText(ScriptEngine.java:119)\r\n\tat com.kms.katalon.core.main.TestCaseExecutor.runScript(TestCaseExecutor.java:337)\r\n\tat com.kms.katalon.core.main.TestCaseExecutor.doExecute(TestCaseExecutor.java:328)\r\n\tat com.kms.katalon.core.main.TestCaseExecutor.processExecutionPhase(TestCaseExecutor.java:307)\r\n\tat com.kms.katalon.core.main.TestCaseExecutor.accessMainPhase(TestCaseExecutor.java:299)\r\n\tat com.kms.katalon.core.main.TestCaseExecutor.execute(TestCaseExecutor.java:233)\r\n\tat com.kms.katalon.core.main.TestSuiteExecutor.accessTestCaseMainPhase(TestSuiteExecutor.java:150)\r\n\tat com.kms.katalon.core.main.TestSuiteExecutor.accessTestSuiteMainPhase(TestSuiteExecutor.java:123)\r\n\tat com.kms.katalon.core.main.TestSuiteExecutor.execute(TestSuiteExecutor.java:87)\r\n\tat com.kms.katalon.core.main.TestCaseMain.startTestSuite(TestCaseMain.java:157)\r\n\tat com.kms.katalon.core.main.TestCaseMain$startTestSuite$0.call(Unknown Source)\r\n\tat TempTestSuite1567677797160.run(TempTestSuite1567677797160.groovy:35)\r\n)\r\n\tat com.kms.katalon.core.keyword.internal.KeywordMain.stepFailed(KeywordMain.groovy:50)\r\n\tat com.kms.katalon.core.keyword.internal.KeywordMain.stepFailed(KeywordMain.groovy)\r\n\tat com.kms.katalon.core.keyword.internal.KeywordMain.runKeyword(KeywordMain.groovy:70)\r\n\tat com.kms.katalon.core.keyword.internal.KeywordMain$runKeyword.call(Unknown Source)\r\n\tat com.kms.katalon.core.cucumber.keyword.CucumberBuiltinKeywords.runFeatureFile(CucumberBuiltinKeywords.groovy:46)\r\n\tat com.kms.katalon.core.cucumber.keyword.CucumberBuiltinKeywords$runFeatureFile.call(Unknown Source)\r\n\tat Accept Trips.run(Accept Trips:16)\r\n\tat com.kms.katalon.core.main.ScriptEngine.run(ScriptEngine.java:194)\r\n\tat com.kms.katalon.core.main.ScriptEngine.runScriptAsRawText(ScriptEngine.java:119)\r\n\tat com.kms.katalon.core.main.TestCaseExecutor.runScript(TestCaseExecutor.java:337)\r\n\tat com.kms.katalon.core.main.TestCaseExecutor.doExecute(TestCaseExecutor.java:328)\r\n\tat com.kms.katalon.core.main.TestCaseExecutor.processExecutionPhase(TestCaseExecutor.java:307)\r\n\tat com.kms.katalon.core.main.TestCaseExecutor.accessMainPhase(TestCaseExecutor.java:299)\r\n\tat com.kms.katalon.core.main.TestCaseExecutor.execute(TestCaseExecutor.java:233)\r\n\tat com.kms.katalon.core.main.TestSuiteExecutor.accessTestCaseMainPhase(TestSuiteExecutor.java:150)\r\n\tat com.kms.katalon.core.main.TestSuiteExecutor.accessTestSuiteMainPhase(TestSuiteExecutor.java:123)\r\n\tat com.kms.katalon.core.main.TestSuiteExecutor.execute(TestSuiteExecutor.java:87)\r\n\tat com.kms.katalon.core.main.TestCaseMain.startTestSuite(TestCaseMain.java:157)\r\n\tat com.kms.katalon.core.main.TestCaseMain$startTestSuite$0.call(Unknown Source)\r\n\tat TempTestSuite1567677797160.run(TempTestSuite1567677797160.groovy:35)\r\nCaused by: java.lang.IllegalArgumentException: Not a file or directory: C:\\Users\\Purrari\\Documents\\Ritase Automation\\Include\\features\\Mobile\\Drivers V2\\Trips\\AcceptTrips.feature\r\n\tat cucumber.runtime.io.FileResourceIterator$FileIterator.&amp;lt;init&amp;gt;(FileResourceIterator.java:63)\r\n\tat cucumber.runtime.io.FileResourceIterator.&amp;lt;init&amp;gt;(FileResourceIterator.java:28)\r\n\tat cucumber.runtime.io.FileResourceIterator.createFileResourceIterator(FileResourceIterator.java:14)\r\n\tat cucumber.runtime.io.FileResourceIterable.iterator(FileResourceIterable.java:19)\r\n\tat cucumber.runtime.model.CucumberFeature.loadFromFeaturePath(CucumberFeature.java:111)\r\n\tat cucumber.runtime.model.CucumberFeature.load(CucumberFeature.java:48)\r\n\tat cucumber.runtime.model.CucumberFeature.load(CucumberFeature.java:30)\r\n\tat cucumber.runtime.RuntimeOptions.cucumberFeatures(RuntimeOptions.java:305)\r\n\tat cucumber.runtime.Runtime.run(Runtime.java:97)\r\n\tat cucumber.api.cli.Main.run(Main.java:35)\r\n\tat cucumber.api.cli.Main$run.call(Unknown Source)\r\n\tat com.kms.katalon.core.cucumber.keyword.CucumberBuiltinKeywords$_runFeatureFile_closure1.doCall(CucumberBuiltinKeywords.groovy:76)\r\n\tat com.kms.katalon.core.cucumber.keyword.CucumberBuiltinKeywords$_runFeatureFile_closure1.doCall(CucumberBuiltinKeywords.groovy)\r\n\tat com.kms.katalon.core.keyword.internal.KeywordMain.runKeyword(KeywordMain.groovy:68)\r\n\t... 17 more\r\n</message>
  <exception>
    <message>com.kms.katalon.core.exception.StepFailedException: Keyword runFeatureFile was failed (Root cause: java.lang.IllegalArgumentException: Not a file or directory: C:\Users\Purrari\Documents\Ritase Automation\Include\features\Mobile\Drivers V2\Trips\AcceptTrips.feature
	at cucumber.runtime.io.FileResourceIterator$FileIterator.&lt;init&gt;(FileResourceIterator.java:63)
	at cucumber.runtime.io.FileResourceIterator.&lt;init&gt;(FileResourceIterator.java:28)
	at cucumber.runtime.io.FileResourceIterator.createFileResourceIterator(FileResourceIterator.java:14)
	at cucumber.runtime.io.FileResourceIterable.iterator(FileResourceIterable.java:19)
	at cucumber.runtime.model.CucumberFeature.loadFromFeaturePath(CucumberFeature.java:111)
	at cucumber.runtime.model.CucumberFeature.load(CucumberFeature.java:48)
	at cucumber.runtime.model.CucumberFeature.load(CucumberFeature.java:30)
	at cucumber.runtime.RuntimeOptions.cucumberFeatures(RuntimeOptions.java:305)
	at cucumber.runtime.Runtime.run(Runtime.java:97)
	at cucumber.api.cli.Main.run(Main.java:35)
	at cucumber.api.cli.Main$run.call(Unknown Source)
	at com.kms.katalon.core.cucumber.keyword.CucumberBuiltinKeywords$_runFeatureFile_closure1.doCall(CucumberBuiltinKeywords.groovy:76)
	at com.kms.katalon.core.cucumber.keyword.CucumberBuiltinKeywords$_runFeatureFile_closure1.doCall(CucumberBuiltinKeywords.groovy)
	at com.kms.katalon.core.keyword.internal.KeywordMain.runKeyword(KeywordMain.groovy:68)
	at com.kms.katalon.core.keyword.internal.KeywordMain$runKeyword.call(Unknown Source)
	at com.kms.katalon.core.cucumber.keyword.CucumberBuiltinKeywords.runFeatureFile(CucumberBuiltinKeywords.groovy:46)
	at com.kms.katalon.core.cucumber.keyword.CucumberBuiltinKeywords$runFeatureFile.call(Unknown Source)
	at Accept Trips.run(Accept Trips:16)
	at com.kms.katalon.core.main.ScriptEngine.run(ScriptEngine.java:194)
	at com.kms.katalon.core.main.ScriptEngine.runScriptAsRawText(ScriptEngine.java:119)
	at com.kms.katalon.core.main.TestCaseExecutor.runScript(TestCaseExecutor.java:337)
	at com.kms.katalon.core.main.TestCaseExecutor.doExecute(TestCaseExecutor.java:328)
	at com.kms.katalon.core.main.TestCaseExecutor.processExecutionPhase(TestCaseExecutor.java:307)
	at com.kms.katalon.core.main.TestCaseExecutor.accessMainPhase(TestCaseExecutor.java:299)
	at com.kms.katalon.core.main.TestCaseExecutor.execute(TestCaseExecutor.java:233)
	at com.kms.katalon.core.main.TestSuiteExecutor.accessTestCaseMainPhase(TestSuiteExecutor.java:150)
	at com.kms.katalon.core.main.TestSuiteExecutor.accessTestSuiteMainPhase(TestSuiteExecutor.java:123)
	at com.kms.katalon.core.main.TestSuiteExecutor.execute(TestSuiteExecutor.java:87)
	at com.kms.katalon.core.main.TestCaseMain.startTestSuite(TestCaseMain.java:157)
	at com.kms.katalon.core.main.TestCaseMain$startTestSuite$0.call(Unknown Source)
	at TempTestSuite1567677797160.run(TempTestSuite1567677797160.groovy:35)
)</message>
    <frame>
      <class>com.kms.katalon.core.keyword.internal.KeywordMain</class>
      <method>stepFailed</method>
      <line>50</line>
    </frame>
    <frame>
      <class>com.kms.katalon.core.keyword.internal.KeywordMain</class>
      <method>stepFailed</method>
    </frame>
    <frame>
      <class>com.kms.katalon.core.keyword.internal.KeywordMain</class>
      <method>runKeyword</method>
      <line>70</line>
    </frame>
    <frame>
      <class>com.kms.katalon.core.keyword.internal.KeywordMain$runKeyword</class>
      <method>call</method>
    </frame>
    <frame>
      <class>com.kms.katalon.core.cucumber.keyword.CucumberBuiltinKeywords</class>
      <method>runFeatureFile</method>
      <line>46</line>
    </frame>
    <frame>
      <class>com.kms.katalon.core.cucumber.keyword.CucumberBuiltinKeywords$runFeatureFile</class>
      <method>call</method>
    </frame>
    <frame>
      <class>Accept Trips</class>
      <method>run</method>
      <line>16</line>
    </frame>
    <frame>
      <class>com.kms.katalon.core.main.ScriptEngine</class>
      <method>run</method>
      <line>194</line>
    </frame>
    <frame>
      <class>com.kms.katalon.core.main.ScriptEngine</class>
      <method>runScriptAsRawText</method>
      <line>119</line>
    </frame>
    <frame>
      <class>com.kms.katalon.core.main.TestCaseExecutor</class>
      <method>runScript</method>
      <line>337</line>
    </frame>
    <frame>
      <class>com.kms.katalon.core.main.TestCaseExecutor</class>
      <method>doExecute</method>
      <line>328</line>
    </frame>
    <frame>
      <class>com.kms.katalon.core.main.TestCaseExecutor</class>
      <method>processExecutionPhase</method>
      <line>307</line>
    </frame>
    <frame>
      <class>com.kms.katalon.core.main.TestCaseExecutor</class>
      <method>accessMainPhase</method>
      <line>299</line>
    </frame>
    <frame>
      <class>com.kms.katalon.core.main.TestCaseExecutor</class>
      <method>execute</method>
      <line>233</line>
    </frame>
    <frame>
      <class>com.kms.katalon.core.main.TestSuiteExecutor</class>
      <method>accessTestCaseMainPhase</method>
      <line>150</line>
    </frame>
    <frame>
      <class>com.kms.katalon.core.main.TestSuiteExecutor</class>
      <method>accessTestSuiteMainPhase</method>
      <line>123</line>
    </frame>
    <frame>
      <class>com.kms.katalon.core.main.TestSuiteExecutor</class>
      <method>execute</method>
      <line>87</line>
    </frame>
    <frame>
      <class>com.kms.katalon.core.main.TestCaseMain</class>
      <method>startTestSuite</method>
      <line>157</line>
    </frame>
    <frame>
      <class>com.kms.katalon.core.main.TestCaseMain$startTestSuite$0</class>
      <method>call</method>
    </frame>
    <frame>
      <class>TempTestSuite1567677797160</class>
      <method>run</method>
      <line>35</line>
    </frame>
  </exception>
  <nestedLevel>0</nestedLevel>
  <property name="failed.exception.stacktrace">java.lang.IllegalArgumentException: Not a file or directory: C:\\Users\\Purrari\\Documents\\Ritase Automation\\Include\\features\\Mobile\\Drivers V2\\Trips\\AcceptTrips.feature\r\n\tat cucumber.runtime.io.FileResourceIterator$FileIterator.&lt;init&gt;(FileResourceIterator.java:63)\r\n\tat cucumber.runtime.io.FileResourceIterator.&lt;init&gt;(FileResourceIterator.java:28)\r\n\tat cucumber.runtime.io.FileResourceIterator.createFileResourceIterator(FileResourceIterator.java:14)\r\n\tat cucumber.runtime.io.FileResourceIterable.iterator(FileResourceIterable.java:19)\r\n\tat cucumber.runtime.model.CucumberFeature.loadFromFeaturePath(CucumberFeature.java:111)\r\n\tat cucumber.runtime.model.CucumberFeature.load(CucumberFeature.java:48)\r\n\tat cucumber.runtime.model.CucumberFeature.load(CucumberFeature.java:30)\r\n\tat cucumber.runtime.RuntimeOptions.cucumberFeatures(RuntimeOptions.java:305)\r\n\tat cucumber.runtime.Runtime.run(Runtime.java:97)\r\n\tat cucumber.api.cli.Main.run(Main.java:35)\r\n\tat cucumber.api.cli.Main$run.call(Unknown Source)\r\n\tat com.kms.katalon.core.cucumber.keyword.CucumberBuiltinKeywords$_runFeatureFile_closure1.doCall(CucumberBuiltinKeywords.groovy:76)\r\n\tat com.kms.katalon.core.cucumber.keyword.CucumberBuiltinKeywords$_runFeatureFile_closure1.doCall(CucumberBuiltinKeywords.groovy)\r\n\tat com.kms.katalon.core.keyword.internal.KeywordMain.runKeyword(KeywordMain.groovy:68)\r\n\tat com.kms.katalon.core.keyword.internal.KeywordMain$runKeyword.call(Unknown Source)\r\n\tat com.kms.katalon.core.cucumber.keyword.CucumberBuiltinKeywords.runFeatureFile(CucumberBuiltinKeywords.groovy:46)\r\n\tat com.kms.katalon.core.cucumber.keyword.CucumberBuiltinKeywords$runFeatureFile.call(Unknown Source)\r\n\tat Accept Trips.run(Accept Trips:16)\r\n\tat com.kms.katalon.core.main.ScriptEngine.run(ScriptEngine.java:194)\r\n\tat com.kms.katalon.core.main.ScriptEngine.runScriptAsRawText(ScriptEngine.java:119)\r\n\tat com.kms.katalon.core.main.TestCaseExecutor.runScript(TestCaseExecutor.java:337)\r\n\tat com.kms.katalon.core.main.TestCaseExecutor.doExecute(TestCaseExecutor.java:328)\r\n\tat com.kms.katalon.core.main.TestCaseExecutor.processExecutionPhase(TestCaseExecutor.java:307)\r\n\tat com.kms.katalon.core.main.TestCaseExecutor.accessMainPhase(TestCaseExecutor.java:299)\r\n\tat com.kms.katalon.core.main.TestCaseExecutor.execute(TestCaseExecutor.java:233)\r\n\tat com.kms.katalon.core.main.TestSuiteExecutor.accessTestCaseMainPhase(TestSuiteExecutor.java:150)\r\n\tat com.kms.katalon.core.main.TestSuiteExecutor.accessTestSuiteMainPhase(TestSuiteExecutor.java:123)\r\n\tat com.kms.katalon.core.main.TestSuiteExecutor.execute(TestSuiteExecutor.java:87)\r\n\tat com.kms.katalon.core.main.TestCaseMain.startTestSuite(TestCaseMain.java:157)\r\n\tat com.kms.katalon.core.main.TestCaseMain$startTestSuite$0.call(Unknown Source)\r\n\tat TempTestSuite1567677797160.run(TempTestSuite1567677797160.groovy:35)\r\n</property>
  <property name="failed.exception.class">java.lang.IllegalArgumentException</property>
  <property name="failed.exception.message">Not a file or directory: C:\\Users\\Purrari\\Documents\\Ritase Automation\\Include\\features\\Mobile\\Drivers V2\\Trips\\AcceptTrips.feature</property>
</record>
<record>
  <date>2019-09-05T17:05:22</date>
  <millis>1567677922827</millis>
  <sequence>149</sequence>
  <level>END</level>
  <class>com.kms.katalon.core.logging.XmlKeywordLogger</class>
  <method>endTest</method>
  <thread>1</thread>
  <message>End Test Case : Test Cases/Mobile Drivers/Trips/Accept Trips</message>
  <nestedLevel>0</nestedLevel>
</record>
<record>
  <date>2019-09-05T17:05:41</date>
  <millis>1567677941191</millis>
  <sequence>150</sequence>
  <level>END</level>
  <class>com.kms.katalon.core.logging.XmlKeywordLogger</class>
  <method>endSuite</method>
  <thread>1</thread>
  <message>End Test Suite : Test Suites/3.0/Driver V2/Accept Trips</message>
  <nestedLevel>0</nestedLevel>
</record>
</log>