<?xml version="1.0" encoding="UTF-8" standalone="no"?>
<!DOCTYPE log SYSTEM "logger.dtd">
<log>
<record>
  <date>2019-08-27T13:22:14</date>
  <millis>1566886934476</millis>
  <sequence>0</sequence>
  <level>START</level>
  <class>com.kms.katalon.core.logging.XmlKeywordLogger</class>
  <method>startSuite</method>
  <thread>1</thread>
  <message>Start Test Suite : Test Suites/3.0/Driver V2/Check login and swipe button</message>
  <nestedLevel>0</nestedLevel>
  <property name="name">Check login and swipe button</property>
  <property name="description"></property>
  <property name="id">Test Suites/3.0/Driver V2/Check login and swipe button</property>
</record>
<record>
  <date>2019-08-27T13:22:14</date>
  <millis>1566886934488</millis>
  <sequence>1</sequence>
  <level>RUN_DATA</level>
  <class>com.kms.katalon.core.logging.XmlKeywordLogger</class>
  <method>logMessage</method>
  <thread>1</thread>
  <message>hostName = jarwo - redstar</message>
  <nestedLevel>0</nestedLevel>
  <property name="hostName">jarwo - redstar</property>
</record>
<record>
  <date>2019-08-27T13:22:14</date>
  <millis>1566886934489</millis>
  <sequence>2</sequence>
  <level>RUN_DATA</level>
  <class>com.kms.katalon.core.logging.XmlKeywordLogger</class>
  <method>logMessage</method>
  <thread>1</thread>
  <message>os = Linux 64bit</message>
  <nestedLevel>0</nestedLevel>
  <property name="os">Linux 64bit</property>
</record>
<record>
  <date>2019-08-27T13:22:14</date>
  <millis>1566886934490</millis>
  <sequence>3</sequence>
  <level>RUN_DATA</level>
  <class>com.kms.katalon.core.logging.XmlKeywordLogger</class>
  <method>logMessage</method>
  <thread>1</thread>
  <message>hostAddress = 127.0.1.1</message>
  <nestedLevel>0</nestedLevel>
  <property name="hostAddress">127.0.1.1</property>
</record>
<record>
  <date>2019-08-27T13:22:14</date>
  <millis>1566886934490</millis>
  <sequence>4</sequence>
  <level>RUN_DATA</level>
  <class>com.kms.katalon.core.logging.XmlKeywordLogger</class>
  <method>logMessage</method>
  <thread>1</thread>
  <message>katalonVersion = 6.2.1.2</message>
  <nestedLevel>0</nestedLevel>
  <property name="katalonVersion">6.2.1.2</property>
</record>
<record>
  <date>2019-08-27T13:22:14</date>
  <millis>1566886934638</millis>
  <sequence>5</sequence>
  <level>START</level>
  <class>com.kms.katalon.core.logging.XmlKeywordLogger</class>
  <method>startTest</method>
  <thread>1</thread>
  <message>Start Test Case : Test Cases/Mobile Drivers/Login/Login Drivers</message>
  <nestedLevel>1</nestedLevel>
  <property name="name">Test Cases/Mobile Drivers/Login/Login Drivers</property>
  <property name="description"></property>
  <property name="id">Test Cases/Mobile Drivers/Login/Login Drivers</property>
  <property name="source">\\home\\jarwo\\Katalon Studio\\Ritase Automation Testing\\Test Cases\\Mobile Drivers\\Login\\Login Drivers.tc</property>
  <property name="tag"></property>
  <property name="isOptional">false</property>
</record>
<record>
  <date>2019-08-27T13:22:14</date>
  <millis>1566886934812</millis>
  <sequence>7</sequence>
  <level>START</level>
  <class>com.kms.katalon.core.logging.XmlKeywordLogger</class>
  <method>startKeyword</method>
  <thread>1</thread>
  <message>Start action : callTestCase(findTestCase(\&amp;quot;Mobile Drivers/Initial\&amp;quot;), [:], STOP_ON_FAILURE)</message>
  <nestedLevel>1</nestedLevel>
  <property name="startLine">16</property>
  <property name="stepIndex">1</property>
</record>
<record>
  <date>2019-08-27T13:22:14</date>
  <millis>1566886934981</millis>
  <sequence>10</sequence>
  <level>START</level>
  <class>com.kms.katalon.core.logging.XmlKeywordLogger</class>
  <method>startTest</method>
  <thread>1</thread>
  <message>Start Test Case : Test Cases/Mobile Drivers/Initial</message>
  <nestedLevel>2</nestedLevel>
  <property name="name">Test Cases/Mobile Drivers/Initial</property>
  <property name="description"></property>
  <property name="id">Test Cases/Mobile Drivers/Initial</property>
  <property name="source">\\home\\jarwo\\Katalon Studio\\Ritase Automation Testing\\Test Cases\\Mobile Drivers\\Initial.tc</property>
  <property name="tag"></property>
  <property name="isOptional">false</property>
</record>
<record>
  <date>2019-08-27T13:22:15</date>
  <millis>1566886935112</millis>
  <sequence>12</sequence>
  <level>START</level>
  <class>com.kms.katalon.core.logging.XmlKeywordLogger</class>
  <method>startKeyword</method>
  <thread>1</thread>
  <message>Start action : runFeatureFile(\&amp;quot;Include/features/Mobile/Drivers V2/Initial.feature\&amp;quot;, STOP_ON_FAILURE)</message>
  <nestedLevel>1</nestedLevel>
  <property name="startLine">16</property>
  <property name="stepIndex">1</property>
</record>
<record>
  <date>2019-08-27T13:22:15</date>
  <millis>1566886935140</millis>
  <sequence>13</sequence>
  <level>INFO</level>
  <class>com.kms.katalon.core.logging.XmlKeywordLogger</class>
  <method>logMessage</method>
  <thread>1</thread>
  <message>Starting run keyword runFeatureFile: &amp;apos;Include/features/Mobile/Drivers V2/Initial.feature&amp;apos; and extract report to folder: &amp;apos;/home/jarwo/Katalon Studio/Ritase Automation Testing/Reports/3.0/Driver V2/Check login and swipe button/20190827_132207/cucumber_report/1566886935133&amp;apos;...</message>
  <nestedLevel>2</nestedLevel>
</record>
<record>
  <date>2019-08-27T13:22:15</date>
  <millis>1566886935616</millis>
  <sequence>14</sequence>
  <level>START</level>
  <class>com.kms.katalon.core.logging.XmlKeywordLogger</class>
  <method>startTest</method>
  <thread>1</thread>
  <message>Start Test Case : SCENARIO Initial driver apps</message>
  <nestedLevel>3</nestedLevel>
</record>
<record>
  <date>2019-08-27T13:22:15</date>
  <millis>1566886935618</millis>
  <sequence>15</sequence>
  <level>START</level>
  <class>com.kms.katalon.core.logging.XmlKeywordLogger</class>
  <method>startKeyword</method>
  <thread>1</thread>
  <message>Start action : User install and open ritase driver apps</message>
  <nestedLevel>3</nestedLevel>
</record>
<record>
  <date>2019-08-27T13:22:16</date>
  <millis>1566886936627</millis>
  <sequence>17</sequence>
  <level>INFO</level>
  <class>com.kms.katalon.core.logging.XmlKeywordLogger</class>
  <method>logMessage</method>
  <thread>1</thread>
  <message>Appium server started on port 38,201</message>
  <nestedLevel>3</nestedLevel>
</record>
<record>
  <date>2019-08-27T13:22:28</date>
  <millis>1566886948940</millis>
  <sequence>19</sequence>
  <level>RUN_DATA</level>
  <class>com.kms.katalon.core.logging.XmlKeywordLogger</class>
  <method>logMessage</method>
  <thread>1</thread>
  <message>appiumVersion = 1.14.1</message>
  <nestedLevel>3</nestedLevel>
  <property name="appiumVersion">1.14.1</property>
</record>
<record>
  <date>2019-08-27T13:22:28</date>
  <millis>1566886948948</millis>
  <sequence>20</sequence>
  <level>RUN_DATA</level>
  <class>com.kms.katalon.core.logging.XmlKeywordLogger</class>
  <method>logMessage</method>
  <thread>1</thread>
  <message>deviceId = f24006487d26</message>
  <nestedLevel>3</nestedLevel>
  <property name="deviceId">f24006487d26</property>
</record>
<record>
  <date>2019-08-27T13:22:28</date>
  <millis>1566886948948</millis>
  <sequence>21</sequence>
  <level>RUN_DATA</level>
  <class>com.kms.katalon.core.logging.XmlKeywordLogger</class>
  <method>logMessage</method>
  <thread>1</thread>
  <message>deviceName = Xiaomi Redmi 6A (Android 8.1.0)</message>
  <nestedLevel>3</nestedLevel>
  <property name="deviceName">Xiaomi Redmi 6A (Android 8.1.0)</property>
</record>
<record>
  <date>2019-08-27T13:22:28</date>
  <millis>1566886948949</millis>
  <sequence>22</sequence>
  <level>RUN_DATA</level>
  <class>com.kms.katalon.core.logging.XmlKeywordLogger</class>
  <method>logMessage</method>
  <thread>1</thread>
  <message>deviceModel = Redmi 6A</message>
  <nestedLevel>3</nestedLevel>
  <property name="deviceModel">Redmi 6A</property>
</record>
<record>
  <date>2019-08-27T13:22:28</date>
  <millis>1566886948950</millis>
  <sequence>23</sequence>
  <level>RUN_DATA</level>
  <class>com.kms.katalon.core.logging.XmlKeywordLogger</class>
  <method>logMessage</method>
  <thread>1</thread>
  <message>deviceManufacturer = Xiaomi</message>
  <nestedLevel>3</nestedLevel>
  <property name="deviceManufacturer">Xiaomi</property>
</record>
<record>
  <date>2019-08-27T13:22:28</date>
  <millis>1566886948950</millis>
  <sequence>24</sequence>
  <level>RUN_DATA</level>
  <class>com.kms.katalon.core.logging.XmlKeywordLogger</class>
  <method>logMessage</method>
  <thread>1</thread>
  <message>deviceOS = Android</message>
  <nestedLevel>3</nestedLevel>
  <property name="deviceOS">Android</property>
</record>
<record>
  <date>2019-08-27T13:22:28</date>
  <millis>1566886948951</millis>
  <sequence>25</sequence>
  <level>RUN_DATA</level>
  <class>com.kms.katalon.core.logging.XmlKeywordLogger</class>
  <method>logMessage</method>
  <thread>1</thread>
  <message>deviceOSVersion = 8.1.0</message>
  <nestedLevel>3</nestedLevel>
  <property name="deviceOSVersion">8.1.0</property>
</record>
<record>
  <date>2019-08-27T13:22:28</date>
  <millis>1566886948953</millis>
  <sequence>26</sequence>
  <level>PASSED</level>
  <class>com.kms.katalon.core.logging.XmlKeywordLogger</class>
  <method>logMessage</method>
  <thread>1</thread>
  <message>Started app at: &amp;apos;/home/jarwo/Katalon Studio/Ritase Automation Testing/APK/stg-driver.apk&amp;apos;</message>
  <nestedLevel>3</nestedLevel>
</record>
<record>
  <date>2019-08-27T13:22:29</date>
  <millis>1566886949129</millis>
  <sequence>27</sequence>
  <level>PASSED</level>
  <class>com.kms.katalon.core.logging.XmlKeywordLogger</class>
  <method>logMessage</method>
  <thread>1</thread>
  <message>Current device physical height is 1344</message>
  <nestedLevel>3</nestedLevel>
</record>
<record>
  <date>2019-08-27T13:22:29</date>
  <millis>1566886949265</millis>
  <sequence>28</sequence>
  <level>PASSED</level>
  <class>com.kms.katalon.core.logging.XmlKeywordLogger</class>
  <method>logMessage</method>
  <thread>1</thread>
  <message>Current device physical width is 720</message>
  <nestedLevel>3</nestedLevel>
</record>
<record>
  <date>2019-08-27T13:22:29</date>
  <millis>1566886949278</millis>
  <sequence>29</sequence>
  <level>PASSED</level>
  <class>com.kms.katalon.core.logging.XmlKeywordLogger</class>
  <method>logMessage</method>
  <thread>1</thread>
  <message>User install and open ritase driver apps</message>
  <nestedLevel>3</nestedLevel>
</record>
<record>
  <date>2019-08-27T13:22:29</date>
  <millis>1566886949278</millis>
  <sequence>30</sequence>
  <level>END</level>
  <class>com.kms.katalon.core.logging.XmlKeywordLogger</class>
  <method>endKeyword</method>
  <thread>1</thread>
  <message>End End action : User install and open ritase driver apps</message>
  <nestedLevel>3</nestedLevel>
</record>
<record>
  <date>2019-08-27T13:22:29</date>
  <millis>1566886949284</millis>
  <sequence>31</sequence>
  <level>PASSED</level>
  <class>com.kms.katalon.core.logging.XmlKeywordLogger</class>
  <method>logMessage</method>
  <thread>1</thread>
  <message>SCENARIO Initial driver apps</message>
  <nestedLevel>3</nestedLevel>
</record>
<record>
  <date>2019-08-27T13:22:29</date>
  <millis>1566886949284</millis>
  <sequence>32</sequence>
  <level>END</level>
  <class>com.kms.katalon.core.logging.XmlKeywordLogger</class>
  <method>endTest</method>
  <thread>1</thread>
  <message>End Test Case : SCENARIO Initial driver apps</message>
  <nestedLevel>2</nestedLevel>
</record>
<record>
  <date>2019-08-27T13:22:29</date>
  <millis>1566886949329</millis>
  <sequence>33</sequence>
  <level>PASSED</level>
  <class>com.kms.katalon.core.logging.XmlKeywordLogger</class>
  <method>logMessage</method>
  <thread>1</thread>
  <message>Feature file: &amp;apos;Include/features/Mobile/Drivers V2/Initial.feature&amp;apos; was passed</message>
  <nestedLevel>2</nestedLevel>
</record>
<record>
  <date>2019-08-27T13:22:29</date>
  <millis>1566886949329</millis>
  <sequence>34</sequence>
  <level>END</level>
  <class>com.kms.katalon.core.logging.XmlKeywordLogger</class>
  <method>endKeyword</method>
  <thread>1</thread>
  <message>End action : runFeatureFile(\&amp;quot;Include/features/Mobile/Drivers V2/Initial.feature\&amp;quot;, STOP_ON_FAILURE)</message>
  <nestedLevel>1</nestedLevel>
</record>
<record>
  <date>2019-08-27T13:22:29</date>
  <millis>1566886949330</millis>
  <sequence>35</sequence>
  <level>PASSED</level>
  <class>com.kms.katalon.core.logging.XmlKeywordLogger</class>
  <method>logMessage</method>
  <thread>1</thread>
  <message>Test Cases/Mobile Drivers/Initial</message>
  <nestedLevel>2</nestedLevel>
</record>
<record>
  <date>2019-08-27T13:22:29</date>
  <millis>1566886949330</millis>
  <sequence>36</sequence>
  <level>END</level>
  <class>com.kms.katalon.core.logging.XmlKeywordLogger</class>
  <method>endTest</method>
  <thread>1</thread>
  <message>End Test Case : Test Cases/Mobile Drivers/Initial</message>
  <nestedLevel>1</nestedLevel>
</record>
<record>
  <date>2019-08-27T13:22:29</date>
  <millis>1566886949334</millis>
  <sequence>37</sequence>
  <level>PASSED</level>
  <class>com.kms.katalon.core.logging.XmlKeywordLogger</class>
  <method>logMessage</method>
  <thread>1</thread>
  <message>Call Test Case &amp;apos;Test Cases/Mobile Drivers/Initial&amp;apos; successfully</message>
  <nestedLevel>1</nestedLevel>
</record>
<record>
  <date>2019-08-27T13:22:29</date>
  <millis>1566886949334</millis>
  <sequence>38</sequence>
  <level>START</level>
  <class>com.kms.katalon.core.logging.XmlKeywordLogger</class>
  <method>startKeyword</method>
  <thread>1</thread>
  <message>Start action : runFeatureFile(\&amp;quot;Include/features/Mobile/Drivers V2/Login/LoginDrivers.feature\&amp;quot;, STOP_ON_FAILURE)</message>
  <nestedLevel>1</nestedLevel>
  <property name="startLine">17</property>
  <property name="stepIndex">2</property>
</record>
<record>
  <date>2019-08-27T13:22:29</date>
  <millis>1566886949335</millis>
  <sequence>39</sequence>
  <level>INFO</level>
  <class>com.kms.katalon.core.logging.XmlKeywordLogger</class>
  <method>logMessage</method>
  <thread>1</thread>
  <message>Starting run keyword runFeatureFile: &amp;apos;Include/features/Mobile/Drivers V2/Login/LoginDrivers.feature&amp;apos; and extract report to folder: &amp;apos;/home/jarwo/Katalon Studio/Ritase Automation Testing/Reports/3.0/Driver V2/Check login and swipe button/20190827_132207/cucumber_report/1566886949335&amp;apos;...</message>
  <nestedLevel>1</nestedLevel>
</record>
<record>
  <date>2019-08-27T13:22:29</date>
  <millis>1566886949438</millis>
  <sequence>40</sequence>
  <level>START</level>
  <class>com.kms.katalon.core.logging.XmlKeywordLogger</class>
  <method>startTest</method>
  <thread>1</thread>
  <message>Start Test Case : SCENARIO Login Drivers</message>
  <nestedLevel>2</nestedLevel>
</record>
<record>
  <date>2019-08-27T13:22:29</date>
  <millis>1566886949439</millis>
  <sequence>41</sequence>
  <level>START</level>
  <class>com.kms.katalon.core.logging.XmlKeywordLogger</class>
  <method>startKeyword</method>
  <thread>1</thread>
  <message>Start action : User tap initial login button</message>
  <nestedLevel>2</nestedLevel>
</record>
<record>
  <date>2019-08-27T13:22:32</date>
  <millis>1566886952593</millis>
  <sequence>45</sequence>
  <level>PASSED</level>
  <class>com.kms.katalon.core.logging.XmlKeywordLogger</class>
  <method>logMessage</method>
  <thread>1</thread>
  <message>Tapped on element &amp;apos;Object Repository/Driver Apps V2/tap_initialLogin&amp;apos;</message>
  <nestedLevel>2</nestedLevel>
</record>
<record>
  <date>2019-08-27T13:22:32</date>
  <millis>1566886952595</millis>
  <sequence>46</sequence>
  <level>PASSED</level>
  <class>com.kms.katalon.core.logging.XmlKeywordLogger</class>
  <method>logMessage</method>
  <thread>1</thread>
  <message>User tap initial login button</message>
  <nestedLevel>2</nestedLevel>
</record>
<record>
  <date>2019-08-27T13:22:32</date>
  <millis>1566886952596</millis>
  <sequence>47</sequence>
  <level>END</level>
  <class>com.kms.katalon.core.logging.XmlKeywordLogger</class>
  <method>endKeyword</method>
  <thread>1</thread>
  <message>End End action : User tap initial login button</message>
  <nestedLevel>2</nestedLevel>
</record>
<record>
  <date>2019-08-27T13:22:32</date>
  <millis>1566886952598</millis>
  <sequence>48</sequence>
  <level>START</level>
  <class>com.kms.katalon.core.logging.XmlKeywordLogger</class>
  <method>startKeyword</method>
  <thread>1</thread>
  <message>Start action : User fill email address driver sopo@qa.com</message>
  <nestedLevel>2</nestedLevel>
</record>
<record>
  <date>2019-08-27T13:22:34</date>
  <millis>1566886954268</millis>
  <sequence>52</sequence>
  <level>PASSED</level>
  <class>com.kms.katalon.core.logging.XmlKeywordLogger</class>
  <method>logMessage</method>
  <thread>1</thread>
  <message>Text &amp;apos;sopo@qa.com&amp;apos; has been set to element &amp;apos;Object Repository/Driver Apps V2/input_emailDriver&amp;apos;</message>
  <nestedLevel>2</nestedLevel>
</record>
<record>
  <date>2019-08-27T13:22:34</date>
  <millis>1566886954269</millis>
  <sequence>53</sequence>
  <level>PASSED</level>
  <class>com.kms.katalon.core.logging.XmlKeywordLogger</class>
  <method>logMessage</method>
  <thread>1</thread>
  <message>User fill email address driver sopo@qa.com</message>
  <nestedLevel>2</nestedLevel>
</record>
<record>
  <date>2019-08-27T13:22:34</date>
  <millis>1566886954269</millis>
  <sequence>54</sequence>
  <level>END</level>
  <class>com.kms.katalon.core.logging.XmlKeywordLogger</class>
  <method>endKeyword</method>
  <thread>1</thread>
  <message>End End action : User fill email address driver sopo@qa.com</message>
  <nestedLevel>2</nestedLevel>
</record>
<record>
  <date>2019-08-27T13:22:34</date>
  <millis>1566886954270</millis>
  <sequence>55</sequence>
  <level>START</level>
  <class>com.kms.katalon.core.logging.XmlKeywordLogger</class>
  <method>startKeyword</method>
  <thread>1</thread>
  <message>Start action : User fill password driver rahasia</message>
  <nestedLevel>2</nestedLevel>
</record>
<record>
  <date>2019-08-27T13:22:36</date>
  <millis>1566886956187</millis>
  <sequence>59</sequence>
  <level>PASSED</level>
  <class>com.kms.katalon.core.logging.XmlKeywordLogger</class>
  <method>logMessage</method>
  <thread>1</thread>
  <message>Text &amp;apos;rahasia&amp;apos; has been set to element &amp;apos;Object Repository/Driver Apps V2/input_passwordDriver&amp;apos;</message>
  <nestedLevel>2</nestedLevel>
</record>
<record>
  <date>2019-08-27T13:22:36</date>
  <millis>1566886956189</millis>
  <sequence>60</sequence>
  <level>PASSED</level>
  <class>com.kms.katalon.core.logging.XmlKeywordLogger</class>
  <method>logMessage</method>
  <thread>1</thread>
  <message>User fill password driver rahasia</message>
  <nestedLevel>2</nestedLevel>
</record>
<record>
  <date>2019-08-27T13:22:36</date>
  <millis>1566886956190</millis>
  <sequence>61</sequence>
  <level>END</level>
  <class>com.kms.katalon.core.logging.XmlKeywordLogger</class>
  <method>endKeyword</method>
  <thread>1</thread>
  <message>End End action : User fill password driver rahasia</message>
  <nestedLevel>2</nestedLevel>
</record>
<record>
  <date>2019-08-27T13:22:36</date>
  <millis>1566886956192</millis>
  <sequence>62</sequence>
  <level>START</level>
  <class>com.kms.katalon.core.logging.XmlKeywordLogger</class>
  <method>startKeyword</method>
  <thread>1</thread>
  <message>Start action : User tap login button</message>
  <nestedLevel>2</nestedLevel>
</record>
<record>
  <date>2019-08-27T13:22:41</date>
  <millis>1566886961494</millis>
  <sequence>66</sequence>
  <level>PASSED</level>
  <class>com.kms.katalon.core.logging.XmlKeywordLogger</class>
  <method>logMessage</method>
  <thread>1</thread>
  <message>Tapped on element &amp;apos;Object Repository/Driver Apps V2/tap_loginButton&amp;apos;</message>
  <nestedLevel>2</nestedLevel>
</record>
<record>
  <date>2019-08-27T13:22:51</date>
  <millis>1566886971520</millis>
  <sequence>68</sequence>
  <level>PASSED</level>
  <class>com.kms.katalon.core.logging.XmlKeywordLogger</class>
  <method>logMessage</method>
  <thread>1</thread>
  <message>Delayed 10 second(s)</message>
  <nestedLevel>2</nestedLevel>
</record>
<record>
  <date>2019-08-27T13:22:51</date>
  <millis>1566886971521</millis>
  <sequence>69</sequence>
  <level>PASSED</level>
  <class>com.kms.katalon.core.logging.XmlKeywordLogger</class>
  <method>logMessage</method>
  <thread>1</thread>
  <message>User tap login button</message>
  <nestedLevel>2</nestedLevel>
</record>
<record>
  <date>2019-08-27T13:22:51</date>
  <millis>1566886971522</millis>
  <sequence>70</sequence>
  <level>END</level>
  <class>com.kms.katalon.core.logging.XmlKeywordLogger</class>
  <method>endKeyword</method>
  <thread>1</thread>
  <message>End End action : User tap login button</message>
  <nestedLevel>2</nestedLevel>
</record>
<record>
  <date>2019-08-27T13:22:51</date>
  <millis>1566886971524</millis>
  <sequence>71</sequence>
  <level>START</level>
  <class>com.kms.katalon.core.logging.XmlKeywordLogger</class>
  <method>startKeyword</method>
  <thread>1</thread>
  <message>Start action : User see tab trip</message>
  <nestedLevel>2</nestedLevel>
</record>
<record>
  <date>2019-08-27T13:22:52</date>
  <millis>1566886972000</millis>
  <sequence>75</sequence>
  <level>PASSED</level>
  <class>com.kms.katalon.core.logging.XmlKeywordLogger</class>
  <method>logMessage</method>
  <thread>1</thread>
  <message>Text of element &amp;apos;Object Repository/Driver Apps V2/txt_tripMenu&amp;apos; is: &amp;apos;Punya pertanyaan? Tanyakan dengan Admin&amp;apos;</message>
  <nestedLevel>2</nestedLevel>
</record>
<record>
  <date>2019-08-27T13:22:52</date>
  <millis>1566886972003</millis>
  <sequence>76</sequence>
  <level>PASSED</level>
  <class>com.kms.katalon.core.logging.XmlKeywordLogger</class>
  <method>logMessage</method>
  <thread>1</thread>
  <message>User see tab trip</message>
  <nestedLevel>2</nestedLevel>
</record>
<record>
  <date>2019-08-27T13:22:52</date>
  <millis>1566886972004</millis>
  <sequence>77</sequence>
  <level>END</level>
  <class>com.kms.katalon.core.logging.XmlKeywordLogger</class>
  <method>endKeyword</method>
  <thread>1</thread>
  <message>End End action : User see tab trip</message>
  <nestedLevel>2</nestedLevel>
</record>
<record>
  <date>2019-08-27T13:22:52</date>
  <millis>1566886972005</millis>
  <sequence>78</sequence>
  <level>START</level>
  <class>com.kms.katalon.core.logging.XmlKeywordLogger</class>
  <method>startKeyword</method>
  <thread>1</thread>
  <message>Start action : User swipe right to left</message>
  <nestedLevel>2</nestedLevel>
</record>
<record>
  <date>2019-08-27T13:23:02</date>
  <millis>1566886982017</millis>
  <sequence>80</sequence>
  <level>PASSED</level>
  <class>com.kms.katalon.core.logging.XmlKeywordLogger</class>
  <method>logMessage</method>
  <thread>1</thread>
  <message>Delayed 10 second(s)</message>
  <nestedLevel>2</nestedLevel>
</record>
<record>
  <date>2019-08-27T13:23:03</date>
  <millis>1566886983279</millis>
  <sequence>81</sequence>
  <level>PASSED</level>
  <class>com.kms.katalon.core.logging.XmlKeywordLogger</class>
  <method>logMessage</method>
  <thread>1</thread>
  <message>Swiped from 576,672 to 144,672</message>
  <nestedLevel>2</nestedLevel>
</record>
<record>
  <date>2019-08-27T13:23:03</date>
  <millis>1566886983296</millis>
  <sequence>82</sequence>
  <level>PASSED</level>
  <class>com.kms.katalon.core.logging.XmlKeywordLogger</class>
  <method>logMessage</method>
  <thread>1</thread>
  <message>User swipe right to left</message>
  <nestedLevel>2</nestedLevel>
</record>
<record>
  <date>2019-08-27T13:23:03</date>
  <millis>1566886983297</millis>
  <sequence>83</sequence>
  <level>END</level>
  <class>com.kms.katalon.core.logging.XmlKeywordLogger</class>
  <method>endKeyword</method>
  <thread>1</thread>
  <message>End End action : User swipe right to left</message>
  <nestedLevel>2</nestedLevel>
</record>
<record>
  <date>2019-08-27T13:23:03</date>
  <millis>1566886983299</millis>
  <sequence>84</sequence>
  <level>START</level>
  <class>com.kms.katalon.core.logging.XmlKeywordLogger</class>
  <method>startKeyword</method>
  <thread>1</thread>
  <message>Start action : User see tab wallet</message>
  <nestedLevel>2</nestedLevel>
</record>
<record>
  <date>2019-08-27T13:23:05</date>
  <millis>1566886985764</millis>
  <sequence>88</sequence>
  <level>PASSED</level>
  <class>com.kms.katalon.core.logging.XmlKeywordLogger</class>
  <method>logMessage</method>
  <thread>1</thread>
  <message>Text of element &amp;apos;Object Repository/Driver Apps V2/txt_walletMenu&amp;apos; is: &amp;apos;Fitur Wallet Belum Aktif&amp;apos;</message>
  <nestedLevel>2</nestedLevel>
</record>
<record>
  <date>2019-08-27T13:23:05</date>
  <millis>1566886985765</millis>
  <sequence>89</sequence>
  <level>PASSED</level>
  <class>com.kms.katalon.core.logging.XmlKeywordLogger</class>
  <method>logMessage</method>
  <thread>1</thread>
  <message>User see tab wallet</message>
  <nestedLevel>2</nestedLevel>
</record>
<record>
  <date>2019-08-27T13:23:05</date>
  <millis>1566886985765</millis>
  <sequence>90</sequence>
  <level>END</level>
  <class>com.kms.katalon.core.logging.XmlKeywordLogger</class>
  <method>endKeyword</method>
  <thread>1</thread>
  <message>End End action : User see tab wallet</message>
  <nestedLevel>2</nestedLevel>
</record>
<record>
  <date>2019-08-27T13:23:05</date>
  <millis>1566886985766</millis>
  <sequence>91</sequence>
  <level>PASSED</level>
  <class>com.kms.katalon.core.logging.XmlKeywordLogger</class>
  <method>logMessage</method>
  <thread>1</thread>
  <message>SCENARIO Login Drivers</message>
  <nestedLevel>2</nestedLevel>
</record>
<record>
  <date>2019-08-27T13:23:05</date>
  <millis>1566886985766</millis>
  <sequence>92</sequence>
  <level>END</level>
  <class>com.kms.katalon.core.logging.XmlKeywordLogger</class>
  <method>endTest</method>
  <thread>1</thread>
  <message>End Test Case : SCENARIO Login Drivers</message>
  <nestedLevel>1</nestedLevel>
</record>
<record>
  <date>2019-08-27T13:23:05</date>
  <millis>1566886985771</millis>
  <sequence>93</sequence>
  <level>PASSED</level>
  <class>com.kms.katalon.core.logging.XmlKeywordLogger</class>
  <method>logMessage</method>
  <thread>1</thread>
  <message>Feature file: &amp;apos;Include/features/Mobile/Drivers V2/Login/LoginDrivers.feature&amp;apos; was passed</message>
  <nestedLevel>1</nestedLevel>
</record>
<record>
  <date>2019-08-27T13:23:05</date>
  <millis>1566886985771</millis>
  <sequence>94</sequence>
  <level>END</level>
  <class>com.kms.katalon.core.logging.XmlKeywordLogger</class>
  <method>endKeyword</method>
  <thread>1</thread>
  <message>End action : callTestCase(findTestCase(\&amp;quot;Mobile Drivers/Initial\&amp;quot;), [:], STOP_ON_FAILURE)</message>
  <nestedLevel>1</nestedLevel>
</record>
<record>
  <date>2019-08-27T13:23:05</date>
  <millis>1566886985771</millis>
  <sequence>95</sequence>
  <level>PASSED</level>
  <class>com.kms.katalon.core.logging.XmlKeywordLogger</class>
  <method>logMessage</method>
  <thread>1</thread>
  <message>Test Cases/Mobile Drivers/Login/Login Drivers</message>
  <nestedLevel>1</nestedLevel>
</record>
<record>
  <date>2019-08-27T13:23:05</date>
  <millis>1566886985771</millis>
  <sequence>96</sequence>
  <level>END</level>
  <class>com.kms.katalon.core.logging.XmlKeywordLogger</class>
  <method>endTest</method>
  <thread>1</thread>
  <message>End Test Case : Test Cases/Mobile Drivers/Login/Login Drivers</message>
  <nestedLevel>0</nestedLevel>
</record>
<record>
  <date>2019-08-27T13:23:05</date>
  <millis>1566886985773</millis>
  <sequence>97</sequence>
  <level>START</level>
  <class>com.kms.katalon.core.logging.XmlKeywordLogger</class>
  <method>startKeyword</method>
  <thread>1</thread>
  <message>Start listener action : exportKatalonReports</message>
  <nestedLevel>0</nestedLevel>
</record>
</log><record>
  <date>2019-08-27T13:23:05</date>
  <millis>1566886985980</millis>
  <sequence>243</sequence>
  <level>INFO</level>
  <class>com.kms.katalon.core.logging.XmlKeywordLogger</class>
  <method>logMessage</method>
  <thread>1</thread>
  <message>Start generating HTML report folder at: /home/jarwo/Katalon Studio/Ritase Automation Testing/Reports/3.0/Driver V2/Check login and swipe button/20190827_132207...</message>
  <nestedLevel>0</nestedLevel>
</record>
<record>
  <date>2019-08-27T13:23:05</date>
  <millis>1566886985991</millis>
  <sequence>244</sequence>
  <level>INFO</level>
  <class>com.kms.katalon.core.logging.XmlKeywordLogger</class>
  <method>logMessage</method>
  <thread>1</thread>
  <message>HTML report generated</message>
  <nestedLevel>0</nestedLevel>
</record>
<record>
  <date>2019-08-27T13:23:05</date>
  <millis>1566886985991</millis>
  <sequence>245</sequence>
  <level>INFO</level>
  <class>com.kms.katalon.core.logging.XmlKeywordLogger</class>
  <method>logMessage</method>
  <thread>1</thread>
  <message>Start generating CSV report folder at: /home/jarwo/Katalon Studio/Ritase Automation Testing/Reports/3.0/Driver V2/Check login and swipe button/20190827_132207...</message>
  <nestedLevel>0</nestedLevel>
</record>
<record>
  <date>2019-08-27T13:23:05</date>
  <millis>1566886985998</millis>
  <sequence>246</sequence>
  <level>INFO</level>
  <class>com.kms.katalon.core.logging.XmlKeywordLogger</class>
  <method>logMessage</method>
  <thread>1</thread>
  <message>CSV report generated</message>
  <nestedLevel>0</nestedLevel>
</record>
<record>
  <date>2019-08-27T13:23:05</date>
  <millis>1566886985999</millis>
  <sequence>247</sequence>
  <level>INFO</level>
  <class>com.kms.katalon.core.logging.XmlKeywordLogger</class>
  <method>logMessage</method>
  <thread>1</thread>
  <message>Start generating JUnit report folder at: /home/jarwo/Katalon Studio/Ritase Automation Testing/Reports/3.0/Driver V2/Check login and swipe button/20190827_132207...</message>
  <nestedLevel>0</nestedLevel>
</record>
<record>
  <date>2019-08-27T13:23:06</date>
  <millis>1566886986086</millis>
  <sequence>248</sequence>
  <level>INFO</level>
  <class>com.kms.katalon.core.logging.XmlKeywordLogger</class>
  <method>logMessage</method>
  <thread>1</thread>
  <message>JUnit report generated</message>
  <nestedLevel>0</nestedLevel>
</record>
<record>
  <date>2019-08-27T13:23:06</date>
  <millis>1566886986086</millis>
  <sequence>250</sequence>
  <level>END</level>
  <class>com.kms.katalon.core.logging.XmlKeywordLogger</class>
  <method>endKeyword</method>
  <thread>1</thread>
  <message>End listener action : exportKatalonReports</message>
  <nestedLevel>0</nestedLevel>
</record>
<record>
  <date>2019-08-27T13:23:06</date>
  <millis>1566886986364</millis>
  <sequence>251</sequence>
  <level>END</level>
  <class>com.kms.katalon.core.logging.XmlKeywordLogger</class>
  <method>endSuite</method>
  <thread>1</thread>
  <message>End Test Suite : Test Suites/3.0/Driver V2/Check login and swipe button</message>
  <nestedLevel>0</nestedLevel>
</record>
</log>
