<?xml version="1.0" encoding="UTF-8" standalone="no"?>
<!DOCTYPE log SYSTEM "logger.dtd">
<log>
<record>
  <date>2019-08-27T15:29:32</date>
  <millis>1566894572174</millis>
  <sequence>0</sequence>
  <level>START</level>
  <class>com.kms.katalon.core.logging.XmlKeywordLogger</class>
  <method>startSuite</method>
  <thread>1</thread>
  <message>Start Test Suite : Test Suites/1.0/Create single orders</message>
  <nestedLevel>0</nestedLevel>
  <property name="name">Create single orders</property>
  <property name="description"></property>
  <property name="id">Test Suites/1.0/Create single orders</property>
</record>
<record>
  <date>2019-08-27T15:29:32</date>
  <millis>1566894572187</millis>
  <sequence>1</sequence>
  <level>RUN_DATA</level>
  <class>com.kms.katalon.core.logging.XmlKeywordLogger</class>
  <method>logMessage</method>
  <thread>1</thread>
  <message>hostName = jarwo - redstar</message>
  <nestedLevel>0</nestedLevel>
  <property name="hostName">jarwo - redstar</property>
</record>
<record>
  <date>2019-08-27T15:29:32</date>
  <millis>1566894572188</millis>
  <sequence>2</sequence>
  <level>RUN_DATA</level>
  <class>com.kms.katalon.core.logging.XmlKeywordLogger</class>
  <method>logMessage</method>
  <thread>1</thread>
  <message>os = Linux 64bit</message>
  <nestedLevel>0</nestedLevel>
  <property name="os">Linux 64bit</property>
</record>
<record>
  <date>2019-08-27T15:29:32</date>
  <millis>1566894572188</millis>
  <sequence>3</sequence>
  <level>RUN_DATA</level>
  <class>com.kms.katalon.core.logging.XmlKeywordLogger</class>
  <method>logMessage</method>
  <thread>1</thread>
  <message>hostAddress = 127.0.1.1</message>
  <nestedLevel>0</nestedLevel>
  <property name="hostAddress">127.0.1.1</property>
</record>
<record>
  <date>2019-08-27T15:29:32</date>
  <millis>1566894572189</millis>
  <sequence>4</sequence>
  <level>RUN_DATA</level>
  <class>com.kms.katalon.core.logging.XmlKeywordLogger</class>
  <method>logMessage</method>
  <thread>1</thread>
  <message>katalonVersion = 6.2.1.2</message>
  <nestedLevel>0</nestedLevel>
  <property name="katalonVersion">6.2.1.2</property>
</record>
<record>
  <date>2019-08-27T15:29:32</date>
  <millis>1566894572337</millis>
  <sequence>5</sequence>
  <level>START</level>
  <class>com.kms.katalon.core.logging.XmlKeywordLogger</class>
  <method>startTest</method>
  <thread>1</thread>
  <message>Start Test Case : Test Cases/Web Ritase/Login/Login Shippers (DIRA XL)</message>
  <nestedLevel>1</nestedLevel>
  <property name="name">Test Cases/Web Ritase/Login/Login Shippers (DIRA XL)</property>
  <property name="description"></property>
  <property name="id">Test Cases/Web Ritase/Login/Login Shippers (DIRA XL)</property>
  <property name="source">\\home\\jarwo\\Katalon Studio\\Ritase Automation Testing\\Test Cases\\Web Ritase\\Login\\Login Shippers (DIRA XL).tc</property>
  <property name="tag"></property>
  <property name="isOptional">false</property>
</record>
<record>
  <date>2019-08-27T15:29:32</date>
  <millis>1566894572477</millis>
  <sequence>7</sequence>
  <level>START</level>
  <class>com.kms.katalon.core.logging.XmlKeywordLogger</class>
  <method>startKeyword</method>
  <thread>1</thread>
  <message>Start action : runFeatureFile(\&amp;quot;Include/features/Web/Login/LoginShippers.feature\&amp;quot;, STOP_ON_FAILURE)</message>
  <nestedLevel>1</nestedLevel>
  <property name="startLine">16</property>
  <property name="stepIndex">1</property>
</record>
<record>
  <date>2019-08-27T15:29:32</date>
  <millis>1566894572505</millis>
  <sequence>8</sequence>
  <level>INFO</level>
  <class>com.kms.katalon.core.logging.XmlKeywordLogger</class>
  <method>logMessage</method>
  <thread>1</thread>
  <message>Starting run keyword runFeatureFile: &amp;apos;Include/features/Web/Login/LoginShippers.feature&amp;apos; and extract report to folder: &amp;apos;/home/jarwo/Katalon Studio/Ritase Automation Testing/Reports/1.0/Create single orders/20190827_152925/cucumber_report/1566894572499&amp;apos;...</message>
  <nestedLevel>1</nestedLevel>
</record>
<record>
  <date>2019-08-27T15:29:32</date>
  <millis>1566894572824</millis>
  <sequence>9</sequence>
  <level>START</level>
  <class>com.kms.katalon.core.logging.XmlKeywordLogger</class>
  <method>startTest</method>
  <thread>1</thread>
  <message>Start Test Case : SCENARIO Login Shippers</message>
  <nestedLevel>2</nestedLevel>
</record>
<record>
  <date>2019-08-27T15:29:32</date>
  <millis>1566894572825</millis>
  <sequence>10</sequence>
  <level>START</level>
  <class>com.kms.katalon.core.logging.XmlKeywordLogger</class>
  <method>startKeyword</method>
  <thread>1</thread>
  <message>Start action : User open browser and visit https://staging.shippers.rit-ase.com/</message>
  <nestedLevel>2</nestedLevel>
</record>
<record>
  <date>2019-08-27T15:29:32</date>
  <millis>1566894572939</millis>
  <sequence>12</sequence>
  <level>INFO</level>
  <class>com.kms.katalon.core.logging.XmlKeywordLogger</class>
  <method>logMessage</method>
  <thread>1</thread>
  <message>Starting &amp;apos;Firefox (headless)&amp;apos; driver</message>
  <nestedLevel>2</nestedLevel>
</record>
<record>
  <date>2019-08-27T15:29:33</date>
  <millis>1566894573018</millis>
  <sequence>14</sequence>
  <level>INFO</level>
  <class>com.kms.katalon.core.logging.XmlKeywordLogger</class>
  <method>logMessage</method>
  <thread>1</thread>
  <message>Action delay is set to 0 seconds</message>
  <nestedLevel>2</nestedLevel>
</record>
<record>
  <date>2019-08-27T15:29:34</date>
  <millis>1566894574918</millis>
  <sequence>16</sequence>
  <level>RUN_DATA</level>
  <class>com.kms.katalon.core.logging.XmlKeywordLogger</class>
  <method>logMessage</method>
  <thread>1</thread>
  <message>sessionId = 45154fb4-ca68-45ed-be02-4e60ac0ae685</message>
  <nestedLevel>2</nestedLevel>
  <property name="sessionId">45154fb4-ca68-45ed-be02-4e60ac0ae685</property>
</record>
<record>
  <date>2019-08-27T15:29:34</date>
  <millis>1566894574930</millis>
  <sequence>17</sequence>
  <level>RUN_DATA</level>
  <class>com.kms.katalon.core.logging.XmlKeywordLogger</class>
  <method>logMessage</method>
  <thread>1</thread>
  <message>browser = Firefox 68.0</message>
  <nestedLevel>2</nestedLevel>
  <property name="browser">Firefox 68.0</property>
</record>
<record>
  <date>2019-08-27T15:29:34</date>
  <millis>1566894574931</millis>
  <sequence>18</sequence>
  <level>RUN_DATA</level>
  <class>com.kms.katalon.core.logging.XmlKeywordLogger</class>
  <method>logMessage</method>
  <thread>1</thread>
  <message>platform = Linux</message>
  <nestedLevel>2</nestedLevel>
  <property name="platform">Linux</property>
</record>
<record>
  <date>2019-08-27T15:29:34</date>
  <millis>1566894574931</millis>
  <sequence>19</sequence>
  <level>RUN_DATA</level>
  <class>com.kms.katalon.core.logging.XmlKeywordLogger</class>
  <method>logMessage</method>
  <thread>1</thread>
  <message>seleniumVersion = 3.141.59</message>
  <nestedLevel>2</nestedLevel>
  <property name="seleniumVersion">3.141.59</property>
</record>
<record>
  <date>2019-08-27T15:29:34</date>
  <millis>1566894574932</millis>
  <sequence>20</sequence>
  <level>RUN_DATA</level>
  <class>com.kms.katalon.core.logging.XmlKeywordLogger</class>
  <method>logMessage</method>
  <thread>1</thread>
  <message>proxyInformation = ProxyInformation{proxyOption=NO_PROXY, proxyServerType=HTTP, password=, proxyServerAddress=, proxyServerPort=0}</message>
  <nestedLevel>2</nestedLevel>
  <property name="proxyInformation">ProxyInformation{proxyOption=NO_PROXY, proxyServerType=HTTP, password=, proxyServerAddress=, proxyServerPort=0}</property>
</record>
<record>
  <date>2019-08-27T15:29:43</date>
  <millis>1566894583517</millis>
  <sequence>22</sequence>
  <level>PASSED</level>
  <class>com.kms.katalon.core.logging.XmlKeywordLogger</class>
  <method>logMessage</method>
  <thread>1</thread>
  <message>Browser is opened with url: &amp;apos;https://staging.shippers.rit-ase.com/&amp;apos;</message>
  <nestedLevel>2</nestedLevel>
</record>
<record>
  <date>2019-08-27T15:29:43</date>
  <millis>1566894583524</millis>
  <sequence>23</sequence>
  <level>PASSED</level>
  <class>com.kms.katalon.core.logging.XmlKeywordLogger</class>
  <method>logMessage</method>
  <thread>1</thread>
  <message>User open browser and visit https://staging.shippers.rit-ase.com/</message>
  <nestedLevel>2</nestedLevel>
</record>
<record>
  <date>2019-08-27T15:29:43</date>
  <millis>1566894583525</millis>
  <sequence>24</sequence>
  <level>END</level>
  <class>com.kms.katalon.core.logging.XmlKeywordLogger</class>
  <method>endKeyword</method>
  <thread>1</thread>
  <message>End End action : User open browser and visit https://staging.shippers.rit-ase.com/</message>
  <nestedLevel>2</nestedLevel>
</record>
<record>
  <date>2019-08-27T15:29:43</date>
  <millis>1566894583528</millis>
  <sequence>25</sequence>
  <level>START</level>
  <class>com.kms.katalon.core.logging.XmlKeywordLogger</class>
  <method>startKeyword</method>
  <thread>1</thread>
  <message>Start action : User see login page</message>
  <nestedLevel>2</nestedLevel>
</record>
<record>
  <date>2019-08-27T15:29:43</date>
  <millis>1566894583598</millis>
  <sequence>32</sequence>
  <level>PASSED</level>
  <class>com.kms.katalon.core.logging.XmlKeywordLogger</class>
  <method>logMessage</method>
  <thread>1</thread>
  <message>Text of object &amp;apos;Object Repository/Shippers Web/Login/text_loginForm&amp;apos; is: &amp;apos;Please login to partners account&amp;apos;</message>
  <nestedLevel>2</nestedLevel>
</record>
<record>
  <date>2019-08-27T15:29:43</date>
  <millis>1566894583600</millis>
  <sequence>33</sequence>
  <level>PASSED</level>
  <class>com.kms.katalon.core.logging.XmlKeywordLogger</class>
  <method>logMessage</method>
  <thread>1</thread>
  <message>User see login page</message>
  <nestedLevel>2</nestedLevel>
</record>
<record>
  <date>2019-08-27T15:29:43</date>
  <millis>1566894583600</millis>
  <sequence>34</sequence>
  <level>END</level>
  <class>com.kms.katalon.core.logging.XmlKeywordLogger</class>
  <method>endKeyword</method>
  <thread>1</thread>
  <message>End End action : User see login page</message>
  <nestedLevel>2</nestedLevel>
</record>
<record>
  <date>2019-08-27T15:29:43</date>
  <millis>1566894583600</millis>
  <sequence>35</sequence>
  <level>START</level>
  <class>com.kms.katalon.core.logging.XmlKeywordLogger</class>
  <method>startKeyword</method>
  <thread>1</thread>
  <message>Start action : User fill email shippers order@xl.co.id</message>
  <nestedLevel>2</nestedLevel>
</record>
<record>
  <date>2019-08-27T15:29:43</date>
  <millis>1566894583783</millis>
  <sequence>44</sequence>
  <level>PASSED</level>
  <class>com.kms.katalon.core.logging.XmlKeywordLogger</class>
  <method>logMessage</method>
  <thread>1</thread>
  <message>Text &amp;apos;order@xl.co.id&amp;apos; is set on object &amp;apos;Object Repository/Shippers Web/Login/input_emailAddress&amp;apos;</message>
  <nestedLevel>2</nestedLevel>
</record>
<record>
  <date>2019-08-27T15:29:43</date>
  <millis>1566894583784</millis>
  <sequence>45</sequence>
  <level>PASSED</level>
  <class>com.kms.katalon.core.logging.XmlKeywordLogger</class>
  <method>logMessage</method>
  <thread>1</thread>
  <message>User fill email shippers order@xl.co.id</message>
  <nestedLevel>2</nestedLevel>
</record>
<record>
  <date>2019-08-27T15:29:43</date>
  <millis>1566894583784</millis>
  <sequence>46</sequence>
  <level>END</level>
  <class>com.kms.katalon.core.logging.XmlKeywordLogger</class>
  <method>endKeyword</method>
  <thread>1</thread>
  <message>End End action : User fill email shippers order@xl.co.id</message>
  <nestedLevel>2</nestedLevel>
</record>
<record>
  <date>2019-08-27T15:29:43</date>
  <millis>1566894583785</millis>
  <sequence>47</sequence>
  <level>START</level>
  <class>com.kms.katalon.core.logging.XmlKeywordLogger</class>
  <method>startKeyword</method>
  <thread>1</thread>
  <message>Start action : User fill password shippers YFZfyx+NhJE=</message>
  <nestedLevel>2</nestedLevel>
</record>
<record>
  <date>2019-08-27T15:29:43</date>
  <millis>1566894583886</millis>
  <sequence>56</sequence>
  <level>PASSED</level>
  <class>com.kms.katalon.core.logging.XmlKeywordLogger</class>
  <method>logMessage</method>
  <thread>1</thread>
  <message>Text ****** has been set on object &amp;apos;Object Repository/Shippers Web/Login/input_password&amp;apos;</message>
  <nestedLevel>2</nestedLevel>
</record>
<record>
  <date>2019-08-27T15:29:43</date>
  <millis>1566894583887</millis>
  <sequence>57</sequence>
  <level>PASSED</level>
  <class>com.kms.katalon.core.logging.XmlKeywordLogger</class>
  <method>logMessage</method>
  <thread>1</thread>
  <message>User fill password shippers YFZfyx+NhJE=</message>
  <nestedLevel>2</nestedLevel>
</record>
<record>
  <date>2019-08-27T15:29:43</date>
  <millis>1566894583888</millis>
  <sequence>58</sequence>
  <level>END</level>
  <class>com.kms.katalon.core.logging.XmlKeywordLogger</class>
  <method>endKeyword</method>
  <thread>1</thread>
  <message>End End action : User fill password shippers YFZfyx+NhJE=</message>
  <nestedLevel>2</nestedLevel>
</record>
<record>
  <date>2019-08-27T15:29:43</date>
  <millis>1566894583889</millis>
  <sequence>59</sequence>
  <level>START</level>
  <class>com.kms.katalon.core.logging.XmlKeywordLogger</class>
  <method>startKeyword</method>
  <thread>1</thread>
  <message>Start action : User click button login</message>
  <nestedLevel>2</nestedLevel>
</record>
<record>
  <date>2019-08-27T15:29:44</date>
  <millis>1566894584176</millis>
  <sequence>66</sequence>
  <level>PASSED</level>
  <class>com.kms.katalon.core.logging.XmlKeywordLogger</class>
  <method>logMessage</method>
  <thread>1</thread>
  <message>Object: &amp;apos;Object Repository/Shippers Web/Login/button_loginShippers&amp;apos; is clicked on</message>
  <nestedLevel>2</nestedLevel>
</record>
<record>
  <date>2019-08-27T15:29:47</date>
  <millis>1566894587220</millis>
  <sequence>68</sequence>
  <level>PASSED</level>
  <class>com.kms.katalon.core.logging.XmlKeywordLogger</class>
  <method>logMessage</method>
  <thread>1</thread>
  <message>Delayed 3 second(s)</message>
  <nestedLevel>2</nestedLevel>
</record>
<record>
  <date>2019-08-27T15:29:47</date>
  <millis>1566894587221</millis>
  <sequence>69</sequence>
  <level>PASSED</level>
  <class>com.kms.katalon.core.logging.XmlKeywordLogger</class>
  <method>logMessage</method>
  <thread>1</thread>
  <message>User click button login</message>
  <nestedLevel>2</nestedLevel>
</record>
<record>
  <date>2019-08-27T15:29:47</date>
  <millis>1566894587222</millis>
  <sequence>70</sequence>
  <level>END</level>
  <class>com.kms.katalon.core.logging.XmlKeywordLogger</class>
  <method>endKeyword</method>
  <thread>1</thread>
  <message>End End action : User click button login</message>
  <nestedLevel>2</nestedLevel>
</record>
<record>
  <date>2019-08-27T15:29:47</date>
  <millis>1566894587223</millis>
  <sequence>71</sequence>
  <level>START</level>
  <class>com.kms.katalon.core.logging.XmlKeywordLogger</class>
  <method>startKeyword</method>
  <thread>1</thread>
  <message>Start action : User see dashboard menu</message>
  <nestedLevel>2</nestedLevel>
</record>
<record>
  <date>2019-08-27T15:29:47</date>
  <millis>1566894587257</millis>
  <sequence>77</sequence>
  <level>PASSED</level>
  <class>com.kms.katalon.core.logging.XmlKeywordLogger</class>
  <method>logMessage</method>
  <thread>1</thread>
  <message>Object &amp;apos;Object Repository/Shippers Web/Login/text_DashboardTxt&amp;apos; is present</message>
  <nestedLevel>2</nestedLevel>
</record>
<record>
  <date>2019-08-27T15:29:47</date>
  <millis>1566894587257</millis>
  <sequence>78</sequence>
  <level>PASSED</level>
  <class>com.kms.katalon.core.logging.XmlKeywordLogger</class>
  <method>logMessage</method>
  <thread>1</thread>
  <message>User see dashboard menu</message>
  <nestedLevel>2</nestedLevel>
</record>
<record>
  <date>2019-08-27T15:29:47</date>
  <millis>1566894587257</millis>
  <sequence>79</sequence>
  <level>END</level>
  <class>com.kms.katalon.core.logging.XmlKeywordLogger</class>
  <method>endKeyword</method>
  <thread>1</thread>
  <message>End End action : User see dashboard menu</message>
  <nestedLevel>2</nestedLevel>
</record>
<record>
  <date>2019-08-27T15:29:47</date>
  <millis>1566894587261</millis>
  <sequence>80</sequence>
  <level>PASSED</level>
  <class>com.kms.katalon.core.logging.XmlKeywordLogger</class>
  <method>logMessage</method>
  <thread>1</thread>
  <message>SCENARIO Login Shippers</message>
  <nestedLevel>2</nestedLevel>
</record>
<record>
  <date>2019-08-27T15:29:47</date>
  <millis>1566894587261</millis>
  <sequence>81</sequence>
  <level>END</level>
  <class>com.kms.katalon.core.logging.XmlKeywordLogger</class>
  <method>endTest</method>
  <thread>1</thread>
  <message>End Test Case : SCENARIO Login Shippers</message>
  <nestedLevel>1</nestedLevel>
</record>
<record>
  <date>2019-08-27T15:29:47</date>
  <millis>1566894587306</millis>
  <sequence>82</sequence>
  <level>PASSED</level>
  <class>com.kms.katalon.core.logging.XmlKeywordLogger</class>
  <method>logMessage</method>
  <thread>1</thread>
  <message>Feature file: &amp;apos;Include/features/Web/Login/LoginShippers.feature&amp;apos; was passed</message>
  <nestedLevel>1</nestedLevel>
</record>
<record>
  <date>2019-08-27T15:29:47</date>
  <millis>1566894587307</millis>
  <sequence>83</sequence>
  <level>END</level>
  <class>com.kms.katalon.core.logging.XmlKeywordLogger</class>
  <method>endKeyword</method>
  <thread>1</thread>
  <message>End action : runFeatureFile(\&amp;quot;Include/features/Web/Login/LoginShippers.feature\&amp;quot;, STOP_ON_FAILURE)</message>
  <nestedLevel>1</nestedLevel>
</record>
<record>
  <date>2019-08-27T15:29:47</date>
  <millis>1566894587307</millis>
  <sequence>84</sequence>
  <level>PASSED</level>
  <class>com.kms.katalon.core.logging.XmlKeywordLogger</class>
  <method>logMessage</method>
  <thread>1</thread>
  <message>Test Cases/Web Ritase/Login/Login Shippers (DIRA XL)</message>
  <nestedLevel>1</nestedLevel>
</record>
<record>
  <date>2019-08-27T15:29:47</date>
  <millis>1566894587307</millis>
  <sequence>85</sequence>
  <level>END</level>
  <class>com.kms.katalon.core.logging.XmlKeywordLogger</class>
  <method>endTest</method>
  <thread>1</thread>
  <message>End Test Case : Test Cases/Web Ritase/Login/Login Shippers (DIRA XL)</message>
  <nestedLevel>0</nestedLevel>
</record>
<record>
  <date>2019-08-27T15:29:47</date>
  <millis>1566894587311</millis>
  <sequence>86</sequence>
  <level>START</level>
  <class>com.kms.katalon.core.logging.XmlKeywordLogger</class>
  <method>startTest</method>
  <thread>1</thread>
  <message>Start Test Case : Test Cases/Web Ritase/Orders/Single Orders (DIRA XL)</message>
  <nestedLevel>1</nestedLevel>
  <property name="name">Test Cases/Web Ritase/Orders/Single Orders (DIRA XL)</property>
  <property name="description"></property>
  <property name="id">Test Cases/Web Ritase/Orders/Single Orders (DIRA XL)</property>
  <property name="source">\\home\\jarwo\\Katalon Studio\\Ritase Automation Testing\\Test Cases\\Web Ritase\\Orders\\Single Orders (DIRA XL).tc</property>
  <property name="tag"></property>
  <property name="isOptional">false</property>
</record>
<record>
  <date>2019-08-27T15:29:47</date>
  <millis>1566894587406</millis>
  <sequence>88</sequence>
  <level>START</level>
  <class>com.kms.katalon.core.logging.XmlKeywordLogger</class>
  <method>startKeyword</method>
  <thread>1</thread>
  <message>Start action : runFeatureFile(\&amp;quot;Include/features/Web/Orders/SingleOrderXL.feature\&amp;quot;, STOP_ON_FAILURE)</message>
  <nestedLevel>1</nestedLevel>
  <property name="startLine">16</property>
  <property name="stepIndex">1</property>
</record>
<record>
  <date>2019-08-27T15:29:47</date>
  <millis>1566894587407</millis>
  <sequence>89</sequence>
  <level>INFO</level>
  <class>com.kms.katalon.core.logging.XmlKeywordLogger</class>
  <method>logMessage</method>
  <thread>1</thread>
  <message>Starting run keyword runFeatureFile: &amp;apos;Include/features/Web/Orders/SingleOrderXL.feature&amp;apos; and extract report to folder: &amp;apos;/home/jarwo/Katalon Studio/Ritase Automation Testing/Reports/1.0/Create single orders/20190827_152925/cucumber_report/1566894587407&amp;apos;...</message>
  <nestedLevel>1</nestedLevel>
</record>
<record>
  <date>2019-08-27T15:29:47</date>
  <millis>1566894587459</millis>
  <sequence>90</sequence>
  <level>START</level>
  <class>com.kms.katalon.core.logging.XmlKeywordLogger</class>
  <method>startTest</method>
  <thread>1</thread>
  <message>Start Test Case : SCENARIO Single Order as Dira XL</message>
  <nestedLevel>2</nestedLevel>
</record>
<record>
  <date>2019-08-27T15:29:47</date>
  <millis>1566894587460</millis>
  <sequence>91</sequence>
  <level>START</level>
  <class>com.kms.katalon.core.logging.XmlKeywordLogger</class>
  <method>startKeyword</method>
  <thread>1</thread>
  <message>Start action : QA generate unique number for testing</message>
  <nestedLevel>2</nestedLevel>
</record>
<record>
  <date>2019-08-27T15:29:47</date>
  <millis>1566894587569</millis>
  <sequence>92</sequence>
  <level>PASSED</level>
  <class>com.kms.katalon.core.logging.XmlKeywordLogger</class>
  <method>logMessage</method>
  <thread>1</thread>
  <message>QA generate unique number for testing</message>
  <nestedLevel>2</nestedLevel>
</record>
<record>
  <date>2019-08-27T15:29:47</date>
  <millis>1566894587569</millis>
  <sequence>93</sequence>
  <level>END</level>
  <class>com.kms.katalon.core.logging.XmlKeywordLogger</class>
  <method>endKeyword</method>
  <thread>1</thread>
  <message>End End action : QA generate unique number for testing</message>
  <nestedLevel>2</nestedLevel>
</record>
<record>
  <date>2019-08-27T15:29:47</date>
  <millis>1566894587570</millis>
  <sequence>94</sequence>
  <level>START</level>
  <class>com.kms.katalon.core.logging.XmlKeywordLogger</class>
  <method>startKeyword</method>
  <thread>1</thread>
  <message>Start action : User click order menu</message>
  <nestedLevel>2</nestedLevel>
</record>
<record>
  <date>2019-08-27T15:29:48</date>
  <millis>1566894588104</millis>
  <sequence>101</sequence>
  <level>PASSED</level>
  <class>com.kms.katalon.core.logging.XmlKeywordLogger</class>
  <method>logMessage</method>
  <thread>1</thread>
  <message>Object: &amp;apos;Object Repository/Shippers Web/Orders/click_orderMenuButton&amp;apos; is clicked on</message>
  <nestedLevel>2</nestedLevel>
</record>
<record>
  <date>2019-08-27T15:29:48</date>
  <millis>1566894588105</millis>
  <sequence>102</sequence>
  <level>PASSED</level>
  <class>com.kms.katalon.core.logging.XmlKeywordLogger</class>
  <method>logMessage</method>
  <thread>1</thread>
  <message>User click order menu</message>
  <nestedLevel>2</nestedLevel>
</record>
<record>
  <date>2019-08-27T15:29:48</date>
  <millis>1566894588105</millis>
  <sequence>103</sequence>
  <level>END</level>
  <class>com.kms.katalon.core.logging.XmlKeywordLogger</class>
  <method>endKeyword</method>
  <thread>1</thread>
  <message>End End action : User click order menu</message>
  <nestedLevel>2</nestedLevel>
</record>
<record>
  <date>2019-08-27T15:29:48</date>
  <millis>1566894588105</millis>
  <sequence>104</sequence>
  <level>START</level>
  <class>com.kms.katalon.core.logging.XmlKeywordLogger</class>
  <method>startKeyword</method>
  <thread>1</thread>
  <message>Start action : User see order menu</message>
  <nestedLevel>2</nestedLevel>
</record>
<record>
  <date>2019-08-27T15:29:48</date>
  <millis>1566894588126</millis>
  <sequence>111</sequence>
  <level>PASSED</level>
  <class>com.kms.katalon.core.logging.XmlKeywordLogger</class>
  <method>logMessage</method>
  <thread>1</thread>
  <message>Text of object &amp;apos;Object Repository/Shippers Web/Orders/text_orderMenuTxt&amp;apos; is: &amp;apos;Manajemen Order&amp;apos;</message>
  <nestedLevel>2</nestedLevel>
</record>
<record>
  <date>2019-08-27T15:29:48</date>
  <millis>1566894588127</millis>
  <sequence>112</sequence>
  <level>PASSED</level>
  <class>com.kms.katalon.core.logging.XmlKeywordLogger</class>
  <method>logMessage</method>
  <thread>1</thread>
  <message>User see order menu</message>
  <nestedLevel>2</nestedLevel>
</record>
<record>
  <date>2019-08-27T15:29:48</date>
  <millis>1566894588127</millis>
  <sequence>113</sequence>
  <level>END</level>
  <class>com.kms.katalon.core.logging.XmlKeywordLogger</class>
  <method>endKeyword</method>
  <thread>1</thread>
  <message>End End action : User see order menu</message>
  <nestedLevel>2</nestedLevel>
</record>
<record>
  <date>2019-08-27T15:29:48</date>
  <millis>1566894588127</millis>
  <sequence>114</sequence>
  <level>START</level>
  <class>com.kms.katalon.core.logging.XmlKeywordLogger</class>
  <method>startKeyword</method>
  <thread>1</thread>
  <message>Start action : User click add order menu</message>
  <nestedLevel>2</nestedLevel>
</record>
<record>
  <date>2019-08-27T15:29:48</date>
  <millis>1566894588893</millis>
  <sequence>121</sequence>
  <level>PASSED</level>
  <class>com.kms.katalon.core.logging.XmlKeywordLogger</class>
  <method>logMessage</method>
  <thread>1</thread>
  <message>Object: &amp;apos;Object Repository/Shippers Web/Orders/click_addOrderMenuButton&amp;apos; is clicked on</message>
  <nestedLevel>2</nestedLevel>
</record>
<record>
  <date>2019-08-27T15:29:48</date>
  <millis>1566894588893</millis>
  <sequence>122</sequence>
  <level>PASSED</level>
  <class>com.kms.katalon.core.logging.XmlKeywordLogger</class>
  <method>logMessage</method>
  <thread>1</thread>
  <message>User click add order menu</message>
  <nestedLevel>2</nestedLevel>
</record>
<record>
  <date>2019-08-27T15:29:48</date>
  <millis>1566894588893</millis>
  <sequence>123</sequence>
  <level>END</level>
  <class>com.kms.katalon.core.logging.XmlKeywordLogger</class>
  <method>endKeyword</method>
  <thread>1</thread>
  <message>End End action : User click add order menu</message>
  <nestedLevel>2</nestedLevel>
</record>
<record>
  <date>2019-08-27T15:29:48</date>
  <millis>1566894588894</millis>
  <sequence>124</sequence>
  <level>START</level>
  <class>com.kms.katalon.core.logging.XmlKeywordLogger</class>
  <method>startKeyword</method>
  <thread>1</thread>
  <message>Start action : User see add order menu</message>
  <nestedLevel>2</nestedLevel>
</record>
<record>
  <date>2019-08-27T15:29:48</date>
  <millis>1566894588912</millis>
  <sequence>131</sequence>
  <level>PASSED</level>
  <class>com.kms.katalon.core.logging.XmlKeywordLogger</class>
  <method>logMessage</method>
  <thread>1</thread>
  <message>Text of object &amp;apos;Object Repository/Shippers Web/Orders/text_addOrderMenuTxt&amp;apos; is: &amp;apos;Tambah Order&amp;apos;</message>
  <nestedLevel>2</nestedLevel>
</record>
<record>
  <date>2019-08-27T15:29:48</date>
  <millis>1566894588912</millis>
  <sequence>132</sequence>
  <level>PASSED</level>
  <class>com.kms.katalon.core.logging.XmlKeywordLogger</class>
  <method>logMessage</method>
  <thread>1</thread>
  <message>User see add order menu</message>
  <nestedLevel>2</nestedLevel>
</record>
<record>
  <date>2019-08-27T15:29:48</date>
  <millis>1566894588912</millis>
  <sequence>133</sequence>
  <level>END</level>
  <class>com.kms.katalon.core.logging.XmlKeywordLogger</class>
  <method>endKeyword</method>
  <thread>1</thread>
  <message>End End action : User see add order menu</message>
  <nestedLevel>2</nestedLevel>
</record>
<record>
  <date>2019-08-27T15:29:48</date>
  <millis>1566894588913</millis>
  <sequence>134</sequence>
  <level>START</level>
  <class>com.kms.katalon.core.logging.XmlKeywordLogger</class>
  <method>startKeyword</method>
  <thread>1</thread>
  <message>Start action : User fill company transporter Ayaayawae</message>
  <nestedLevel>2</nestedLevel>
</record>
<record>
  <date>2019-08-27T15:29:49</date>
  <millis>1566894589145</millis>
  <sequence>141</sequence>
  <level>PASSED</level>
  <class>com.kms.katalon.core.logging.XmlKeywordLogger</class>
  <method>logMessage</method>
  <thread>1</thread>
  <message>Object: &amp;apos;Object Repository/Shippers Web/Orders/click_companyTransport&amp;apos; is clicked on</message>
  <nestedLevel>2</nestedLevel>
</record>
<record>
  <date>2019-08-27T15:29:51</date>
  <millis>1566894591148</millis>
  <sequence>143</sequence>
  <level>PASSED</level>
  <class>com.kms.katalon.core.logging.XmlKeywordLogger</class>
  <method>logMessage</method>
  <thread>1</thread>
  <message>Delayed 2 second(s)</message>
  <nestedLevel>2</nestedLevel>
</record>
<record>
  <date>2019-08-27T15:29:51</date>
  <millis>1566894591431</millis>
  <sequence>150</sequence>
  <level>PASSED</level>
  <class>com.kms.katalon.core.logging.XmlKeywordLogger</class>
  <method>logMessage</method>
  <thread>1</thread>
  <message>Object: &amp;apos;Object Repository/Shippers Web/Orders/companyTransport_Ayaayawae&amp;apos; is clicked on</message>
  <nestedLevel>2</nestedLevel>
</record>
<record>
  <date>2019-08-27T15:29:51</date>
  <millis>1566894591433</millis>
  <sequence>151</sequence>
  <level>PASSED</level>
  <class>com.kms.katalon.core.logging.XmlKeywordLogger</class>
  <method>logMessage</method>
  <thread>1</thread>
  <message>User fill company transporter Ayaayawae</message>
  <nestedLevel>2</nestedLevel>
</record>
<record>
  <date>2019-08-27T15:29:51</date>
  <millis>1566894591434</millis>
  <sequence>152</sequence>
  <level>END</level>
  <class>com.kms.katalon.core.logging.XmlKeywordLogger</class>
  <method>endKeyword</method>
  <thread>1</thread>
  <message>End End action : User fill company transporter Ayaayawae</message>
  <nestedLevel>2</nestedLevel>
</record>
<record>
  <date>2019-08-27T15:29:51</date>
  <millis>1566894591435</millis>
  <sequence>153</sequence>
  <level>START</level>
  <class>com.kms.katalon.core.logging.XmlKeywordLogger</class>
  <method>startKeyword</method>
  <thread>1</thread>
  <message>Start action : User fill origin Jeki kompeni</message>
  <nestedLevel>2</nestedLevel>
</record>
<record>
  <date>2019-08-27T15:29:51</date>
  <millis>1566894591711</millis>
  <sequence>160</sequence>
  <level>PASSED</level>
  <class>com.kms.katalon.core.logging.XmlKeywordLogger</class>
  <method>logMessage</method>
  <thread>1</thread>
  <message>Object: &amp;apos;Object Repository/Shippers Web/Orders/click_originContact&amp;apos; is clicked on</message>
  <nestedLevel>2</nestedLevel>
</record>
<record>
  <date>2019-08-27T15:29:53</date>
  <millis>1566894593717</millis>
  <sequence>162</sequence>
  <level>PASSED</level>
  <class>com.kms.katalon.core.logging.XmlKeywordLogger</class>
  <method>logMessage</method>
  <thread>1</thread>
  <message>Delayed 2 second(s)</message>
  <nestedLevel>2</nestedLevel>
</record>
<record>
  <date>2019-08-27T15:29:54</date>
  <millis>1566894594060</millis>
  <sequence>169</sequence>
  <level>PASSED</level>
  <class>com.kms.katalon.core.logging.XmlKeywordLogger</class>
  <method>logMessage</method>
  <thread>1</thread>
  <message>Object: &amp;apos;Object Repository/Shippers Web/Orders/originContact_Jeki kompeni&amp;apos; is clicked on</message>
  <nestedLevel>2</nestedLevel>
</record>
<record>
  <date>2019-08-27T15:29:54</date>
  <millis>1566894594061</millis>
  <sequence>170</sequence>
  <level>PASSED</level>
  <class>com.kms.katalon.core.logging.XmlKeywordLogger</class>
  <method>logMessage</method>
  <thread>1</thread>
  <message>User fill origin Jeki kompeni</message>
  <nestedLevel>2</nestedLevel>
</record>
<record>
  <date>2019-08-27T15:29:54</date>
  <millis>1566894594061</millis>
  <sequence>171</sequence>
  <level>END</level>
  <class>com.kms.katalon.core.logging.XmlKeywordLogger</class>
  <method>endKeyword</method>
  <thread>1</thread>
  <message>End End action : User fill origin Jeki kompeni</message>
  <nestedLevel>2</nestedLevel>
</record>
<record>
  <date>2019-08-27T15:29:54</date>
  <millis>1566894594062</millis>
  <sequence>172</sequence>
  <level>START</level>
  <class>com.kms.katalon.core.logging.XmlKeywordLogger</class>
  <method>startKeyword</method>
  <thread>1</thread>
  <message>Start action : User fill destination Rizki kompeni</message>
  <nestedLevel>2</nestedLevel>
</record>
<record>
  <date>2019-08-27T15:29:54</date>
  <millis>1566894594333</millis>
  <sequence>179</sequence>
  <level>PASSED</level>
  <class>com.kms.katalon.core.logging.XmlKeywordLogger</class>
  <method>logMessage</method>
  <thread>1</thread>
  <message>Object: &amp;apos;Object Repository/Shippers Web/Orders/click_destinationContact&amp;apos; is clicked on</message>
  <nestedLevel>2</nestedLevel>
</record>
<record>
  <date>2019-08-27T15:29:56</date>
  <millis>1566894596336</millis>
  <sequence>181</sequence>
  <level>PASSED</level>
  <class>com.kms.katalon.core.logging.XmlKeywordLogger</class>
  <method>logMessage</method>
  <thread>1</thread>
  <message>Delayed 2 second(s)</message>
  <nestedLevel>2</nestedLevel>
</record>
<record>
  <date>2019-08-27T15:29:56</date>
  <millis>1566894596659</millis>
  <sequence>188</sequence>
  <level>PASSED</level>
  <class>com.kms.katalon.core.logging.XmlKeywordLogger</class>
  <method>logMessage</method>
  <thread>1</thread>
  <message>Object: &amp;apos;Object Repository/Shippers Web/Orders/destinationContact_Rizki kompeni&amp;apos; is clicked on</message>
  <nestedLevel>2</nestedLevel>
</record>
<record>
  <date>2019-08-27T15:29:56</date>
  <millis>1566894596660</millis>
  <sequence>189</sequence>
  <level>PASSED</level>
  <class>com.kms.katalon.core.logging.XmlKeywordLogger</class>
  <method>logMessage</method>
  <thread>1</thread>
  <message>User fill destination Rizki kompeni</message>
  <nestedLevel>2</nestedLevel>
</record>
<record>
  <date>2019-08-27T15:29:56</date>
  <millis>1566894596661</millis>
  <sequence>190</sequence>
  <level>END</level>
  <class>com.kms.katalon.core.logging.XmlKeywordLogger</class>
  <method>endKeyword</method>
  <thread>1</thread>
  <message>End End action : User fill destination Rizki kompeni</message>
  <nestedLevel>2</nestedLevel>
</record>
<record>
  <date>2019-08-27T15:29:56</date>
  <millis>1566894596663</millis>
  <sequence>191</sequence>
  <level>START</level>
  <class>com.kms.katalon.core.logging.XmlKeywordLogger</class>
  <method>startKeyword</method>
  <thread>1</thread>
  <message>Start action : User fill po number</message>
  <nestedLevel>2</nestedLevel>
</record>
<record>
  <date>2019-08-27T15:29:56</date>
  <millis>1566894596795</millis>
  <sequence>200</sequence>
  <level>PASSED</level>
  <class>com.kms.katalon.core.logging.XmlKeywordLogger</class>
  <method>logMessage</method>
  <thread>1</thread>
  <message>Text &amp;apos;PO-01072&amp;apos; is set on object &amp;apos;Object Repository/Shippers Web/Orders/input_poNumber&amp;apos;</message>
  <nestedLevel>2</nestedLevel>
</record>
<record>
  <date>2019-08-27T15:29:56</date>
  <millis>1566894596796</millis>
  <sequence>201</sequence>
  <level>PASSED</level>
  <class>com.kms.katalon.core.logging.XmlKeywordLogger</class>
  <method>logMessage</method>
  <thread>1</thread>
  <message>User fill po number</message>
  <nestedLevel>2</nestedLevel>
</record>
<record>
  <date>2019-08-27T15:29:56</date>
  <millis>1566894596796</millis>
  <sequence>202</sequence>
  <level>END</level>
  <class>com.kms.katalon.core.logging.XmlKeywordLogger</class>
  <method>endKeyword</method>
  <thread>1</thread>
  <message>End End action : User fill po number</message>
  <nestedLevel>2</nestedLevel>
</record>
<record>
  <date>2019-08-27T15:29:56</date>
  <millis>1566894596796</millis>
  <sequence>203</sequence>
  <level>START</level>
  <class>com.kms.katalon.core.logging.XmlKeywordLogger</class>
  <method>startKeyword</method>
  <thread>1</thread>
  <message>Start action : User fill order number</message>
  <nestedLevel>2</nestedLevel>
</record>
<record>
  <date>2019-08-27T15:29:56</date>
  <millis>1566894596926</millis>
  <sequence>212</sequence>
  <level>PASSED</level>
  <class>com.kms.katalon.core.logging.XmlKeywordLogger</class>
  <method>logMessage</method>
  <thread>1</thread>
  <message>Text &amp;apos;ORD-31334&amp;apos; is set on object &amp;apos;Object Repository/Shippers Web/Orders/input_orderNumber&amp;apos;</message>
  <nestedLevel>2</nestedLevel>
</record>
<record>
  <date>2019-08-27T15:29:56</date>
  <millis>1566894596927</millis>
  <sequence>213</sequence>
  <level>PASSED</level>
  <class>com.kms.katalon.core.logging.XmlKeywordLogger</class>
  <method>logMessage</method>
  <thread>1</thread>
  <message>User fill order number</message>
  <nestedLevel>2</nestedLevel>
</record>
<record>
  <date>2019-08-27T15:29:56</date>
  <millis>1566894596927</millis>
  <sequence>214</sequence>
  <level>END</level>
  <class>com.kms.katalon.core.logging.XmlKeywordLogger</class>
  <method>endKeyword</method>
  <thread>1</thread>
  <message>End End action : User fill order number</message>
  <nestedLevel>2</nestedLevel>
</record>
<record>
  <date>2019-08-27T15:29:56</date>
  <millis>1566894596927</millis>
  <sequence>215</sequence>
  <level>START</level>
  <class>com.kms.katalon.core.logging.XmlKeywordLogger</class>
  <method>startKeyword</method>
  <thread>1</thread>
  <message>Start action : User fill shipment number</message>
  <nestedLevel>2</nestedLevel>
</record>
<record>
  <date>2019-08-27T15:29:57</date>
  <millis>1566894597076</millis>
  <sequence>224</sequence>
  <level>PASSED</level>
  <class>com.kms.katalon.core.logging.XmlKeywordLogger</class>
  <method>logMessage</method>
  <thread>1</thread>
  <message>Text &amp;apos;81546085&amp;apos; is set on object &amp;apos;Object Repository/Shippers Web/Orders/input_shipmentNumber&amp;apos;</message>
  <nestedLevel>2</nestedLevel>
</record>
<record>
  <date>2019-08-27T15:29:57</date>
  <millis>1566894597076</millis>
  <sequence>225</sequence>
  <level>PASSED</level>
  <class>com.kms.katalon.core.logging.XmlKeywordLogger</class>
  <method>logMessage</method>
  <thread>1</thread>
  <message>User fill shipment number</message>
  <nestedLevel>2</nestedLevel>
</record>
<record>
  <date>2019-08-27T15:29:57</date>
  <millis>1566894597076</millis>
  <sequence>226</sequence>
  <level>END</level>
  <class>com.kms.katalon.core.logging.XmlKeywordLogger</class>
  <method>endKeyword</method>
  <thread>1</thread>
  <message>End End action : User fill shipment number</message>
  <nestedLevel>2</nestedLevel>
</record>
<record>
  <date>2019-08-27T15:29:57</date>
  <millis>1566894597077</millis>
  <sequence>227</sequence>
  <level>START</level>
  <class>com.kms.katalon.core.logging.XmlKeywordLogger</class>
  <method>startKeyword</method>
  <thread>1</thread>
  <message>Start action : User fill vehicle type CDD</message>
  <nestedLevel>2</nestedLevel>
</record>
<record>
  <date>2019-08-27T15:29:57</date>
  <millis>1566894597406</millis>
  <sequence>234</sequence>
  <level>PASSED</level>
  <class>com.kms.katalon.core.logging.XmlKeywordLogger</class>
  <method>logMessage</method>
  <thread>1</thread>
  <message>Object: &amp;apos;Object Repository/Shippers Web/Orders/click_vehicleType&amp;apos; is clicked on</message>
  <nestedLevel>2</nestedLevel>
</record>
<record>
  <date>2019-08-27T15:29:59</date>
  <millis>1566894599408</millis>
  <sequence>236</sequence>
  <level>PASSED</level>
  <class>com.kms.katalon.core.logging.XmlKeywordLogger</class>
  <method>logMessage</method>
  <thread>1</thread>
  <message>Delayed 2 second(s)</message>
  <nestedLevel>2</nestedLevel>
</record>
<record>
  <date>2019-08-27T15:29:59</date>
  <millis>1566894599805</millis>
  <sequence>243</sequence>
  <level>PASSED</level>
  <class>com.kms.katalon.core.logging.XmlKeywordLogger</class>
  <method>logMessage</method>
  <thread>1</thread>
  <message>Object: &amp;apos;Object Repository/Shippers Web/Orders/vehicleType_CDD&amp;apos; is clicked on</message>
  <nestedLevel>2</nestedLevel>
</record>
<record>
  <date>2019-08-27T15:29:59</date>
  <millis>1566894599806</millis>
  <sequence>244</sequence>
  <level>PASSED</level>
  <class>com.kms.katalon.core.logging.XmlKeywordLogger</class>
  <method>logMessage</method>
  <thread>1</thread>
  <message>User fill vehicle type CDD</message>
  <nestedLevel>2</nestedLevel>
</record>
<record>
  <date>2019-08-27T15:29:59</date>
  <millis>1566894599807</millis>
  <sequence>245</sequence>
  <level>END</level>
  <class>com.kms.katalon.core.logging.XmlKeywordLogger</class>
  <method>endKeyword</method>
  <thread>1</thread>
  <message>End End action : User fill vehicle type CDD</message>
  <nestedLevel>2</nestedLevel>
</record>
<record>
  <date>2019-08-27T15:29:59</date>
  <millis>1566894599808</millis>
  <sequence>246</sequence>
  <level>START</level>
  <class>com.kms.katalon.core.logging.XmlKeywordLogger</class>
  <method>startKeyword</method>
  <thread>1</thread>
  <message>Start action : User fill shipper price</message>
  <nestedLevel>2</nestedLevel>
</record>
<record>
  <date>2019-08-27T15:29:59</date>
  <millis>1566894599877</millis>
  <sequence>255</sequence>
  <level>PASSED</level>
  <class>com.kms.katalon.core.logging.XmlKeywordLogger</class>
  <method>logMessage</method>
  <thread>1</thread>
  <message>Text &amp;apos;1153337&amp;apos; is set on object &amp;apos;Object Repository/Shippers Web/Orders/input_shipperPrice&amp;apos;</message>
  <nestedLevel>2</nestedLevel>
</record>
<record>
  <date>2019-08-27T15:29:59</date>
  <millis>1566894599878</millis>
  <sequence>256</sequence>
  <level>PASSED</level>
  <class>com.kms.katalon.core.logging.XmlKeywordLogger</class>
  <method>logMessage</method>
  <thread>1</thread>
  <message>User fill shipper price</message>
  <nestedLevel>2</nestedLevel>
</record>
<record>
  <date>2019-08-27T15:29:59</date>
  <millis>1566894599878</millis>
  <sequence>257</sequence>
  <level>END</level>
  <class>com.kms.katalon.core.logging.XmlKeywordLogger</class>
  <method>endKeyword</method>
  <thread>1</thread>
  <message>End End action : User fill shipper price</message>
  <nestedLevel>2</nestedLevel>
</record>
<record>
  <date>2019-08-27T15:29:59</date>
  <millis>1566894599879</millis>
  <sequence>258</sequence>
  <level>START</level>
  <class>com.kms.katalon.core.logging.XmlKeywordLogger</class>
  <method>startKeyword</method>
  <thread>1</thread>
  <message>Start action : User fill description</message>
  <nestedLevel>2</nestedLevel>
</record>
<record>
  <date>2019-08-27T15:30:00</date>
  <millis>1566894600067</millis>
  <sequence>267</sequence>
  <level>PASSED</level>
  <class>com.kms.katalon.core.logging.XmlKeywordLogger</class>
  <method>logMessage</method>
  <thread>1</thread>
  <message>Text &amp;apos;QA-85991&amp;apos; is set on object &amp;apos;Object Repository/Shippers Web/Orders/input_description&amp;apos;</message>
  <nestedLevel>2</nestedLevel>
</record>
<record>
  <date>2019-08-27T15:30:00</date>
  <millis>1566894600068</millis>
  <sequence>268</sequence>
  <level>PASSED</level>
  <class>com.kms.katalon.core.logging.XmlKeywordLogger</class>
  <method>logMessage</method>
  <thread>1</thread>
  <message>User fill description</message>
  <nestedLevel>2</nestedLevel>
</record>
<record>
  <date>2019-08-27T15:30:00</date>
  <millis>1566894600068</millis>
  <sequence>269</sequence>
  <level>END</level>
  <class>com.kms.katalon.core.logging.XmlKeywordLogger</class>
  <method>endKeyword</method>
  <thread>1</thread>
  <message>End End action : User fill description</message>
  <nestedLevel>2</nestedLevel>
</record>
<record>
  <date>2019-08-27T15:30:00</date>
  <millis>1566894600068</millis>
  <sequence>270</sequence>
  <level>START</level>
  <class>com.kms.katalon.core.logging.XmlKeywordLogger</class>
  <method>startKeyword</method>
  <thread>1</thread>
  <message>Start action : User fill instruction</message>
  <nestedLevel>2</nestedLevel>
</record>
<record>
  <date>2019-08-27T15:30:00</date>
  <millis>1566894600152</millis>
  <sequence>279</sequence>
  <level>PASSED</level>
  <class>com.kms.katalon.core.logging.XmlKeywordLogger</class>
  <method>logMessage</method>
  <thread>1</thread>
  <message>Text &amp;apos;QA-85991&amp;apos; is set on object &amp;apos;Object Repository/Shippers Web/Orders/input_instruction&amp;apos;</message>
  <nestedLevel>2</nestedLevel>
</record>
<record>
  <date>2019-08-27T15:30:00</date>
  <millis>1566894600152</millis>
  <sequence>280</sequence>
  <level>PASSED</level>
  <class>com.kms.katalon.core.logging.XmlKeywordLogger</class>
  <method>logMessage</method>
  <thread>1</thread>
  <message>User fill instruction</message>
  <nestedLevel>2</nestedLevel>
</record>
<record>
  <date>2019-08-27T15:30:00</date>
  <millis>1566894600152</millis>
  <sequence>281</sequence>
  <level>END</level>
  <class>com.kms.katalon.core.logging.XmlKeywordLogger</class>
  <method>endKeyword</method>
  <thread>1</thread>
  <message>End End action : User fill instruction</message>
  <nestedLevel>2</nestedLevel>
</record>
<record>
  <date>2019-08-27T15:30:00</date>
  <millis>1566894600153</millis>
  <sequence>282</sequence>
  <level>START</level>
  <class>com.kms.katalon.core.logging.XmlKeywordLogger</class>
  <method>startKeyword</method>
  <thread>1</thread>
  <message>Start action : User fill pickup time estimation</message>
  <nestedLevel>2</nestedLevel>
</record>
<record>
  <date>2019-08-27T15:30:00</date>
  <millis>1566894600605</millis>
  <sequence>289</sequence>
  <level>PASSED</level>
  <class>com.kms.katalon.core.logging.XmlKeywordLogger</class>
  <method>logMessage</method>
  <thread>1</thread>
  <message>Object: &amp;apos;Object Repository/Shippers Web/Orders/click_pickupTimeEstimation&amp;apos; is clicked on</message>
  <nestedLevel>2</nestedLevel>
</record>
<record>
  <date>2019-08-27T15:30:01</date>
  <millis>1566894601063</millis>
  <sequence>296</sequence>
  <level>PASSED</level>
  <class>com.kms.katalon.core.logging.XmlKeywordLogger</class>
  <method>logMessage</method>
  <thread>1</thread>
  <message>Object: &amp;apos;Object Repository/Shippers Web/Orders/pickupTimeEstimation_today&amp;apos; is clicked on</message>
  <nestedLevel>2</nestedLevel>
</record>
<record>
  <date>2019-08-27T15:30:01</date>
  <millis>1566894601343</millis>
  <sequence>303</sequence>
  <level>PASSED</level>
  <class>com.kms.katalon.core.logging.XmlKeywordLogger</class>
  <method>logMessage</method>
  <thread>1</thread>
  <message>Object: &amp;apos;Object Repository/Shippers Web/Orders/pickupTimeEstimation_plusOneHour&amp;apos; is clicked on</message>
  <nestedLevel>2</nestedLevel>
</record>
<record>
  <date>2019-08-27T15:30:01</date>
  <millis>1566894601612</millis>
  <sequence>310</sequence>
  <level>PASSED</level>
  <class>com.kms.katalon.core.logging.XmlKeywordLogger</class>
  <method>logMessage</method>
  <thread>1</thread>
  <message>Object: &amp;apos;Object Repository/Shippers Web/Orders/pickupTimeEstimation_close&amp;apos; is clicked on</message>
  <nestedLevel>2</nestedLevel>
</record>
<record>
  <date>2019-08-27T15:30:01</date>
  <millis>1566894601614</millis>
  <sequence>311</sequence>
  <level>PASSED</level>
  <class>com.kms.katalon.core.logging.XmlKeywordLogger</class>
  <method>logMessage</method>
  <thread>1</thread>
  <message>User fill pickup time estimation</message>
  <nestedLevel>2</nestedLevel>
</record>
<record>
  <date>2019-08-27T15:30:01</date>
  <millis>1566894601614</millis>
  <sequence>312</sequence>
  <level>END</level>
  <class>com.kms.katalon.core.logging.XmlKeywordLogger</class>
  <method>endKeyword</method>
  <thread>1</thread>
  <message>End End action : User fill pickup time estimation</message>
  <nestedLevel>2</nestedLevel>
</record>
<record>
  <date>2019-08-27T15:30:01</date>
  <millis>1566894601616</millis>
  <sequence>313</sequence>
  <level>START</level>
  <class>com.kms.katalon.core.logging.XmlKeywordLogger</class>
  <method>startKeyword</method>
  <thread>1</thread>
  <message>Start action : User click traced button</message>
  <nestedLevel>2</nestedLevel>
</record>
<record>
  <date>2019-08-27T15:30:01</date>
  <millis>1566894601869</millis>
  <sequence>320</sequence>
  <level>PASSED</level>
  <class>com.kms.katalon.core.logging.XmlKeywordLogger</class>
  <method>logMessage</method>
  <thread>1</thread>
  <message>Object: &amp;apos;Object Repository/Shippers Web/Orders/click_tracedButton&amp;apos; is clicked on</message>
  <nestedLevel>2</nestedLevel>
</record>
<record>
  <date>2019-08-27T15:30:01</date>
  <millis>1566894601871</millis>
  <sequence>321</sequence>
  <level>PASSED</level>
  <class>com.kms.katalon.core.logging.XmlKeywordLogger</class>
  <method>logMessage</method>
  <thread>1</thread>
  <message>User click traced button</message>
  <nestedLevel>2</nestedLevel>
</record>
<record>
  <date>2019-08-27T15:30:01</date>
  <millis>1566894601872</millis>
  <sequence>322</sequence>
  <level>END</level>
  <class>com.kms.katalon.core.logging.XmlKeywordLogger</class>
  <method>endKeyword</method>
  <thread>1</thread>
  <message>End End action : User click traced button</message>
  <nestedLevel>2</nestedLevel>
</record>
<record>
  <date>2019-08-27T15:30:01</date>
  <millis>1566894601873</millis>
  <sequence>323</sequence>
  <level>START</level>
  <class>com.kms.katalon.core.logging.XmlKeywordLogger</class>
  <method>startKeyword</method>
  <thread>1</thread>
  <message>Start action : User click add order</message>
  <nestedLevel>2</nestedLevel>
</record>
<record>
  <date>2019-08-27T15:30:02</date>
  <millis>1566894602175</millis>
  <sequence>330</sequence>
  <level>PASSED</level>
  <class>com.kms.katalon.core.logging.XmlKeywordLogger</class>
  <method>logMessage</method>
  <thread>1</thread>
  <message>Object: &amp;apos;Object Repository/Shippers Web/Orders/click_addOrderButton&amp;apos; is clicked on</message>
  <nestedLevel>2</nestedLevel>
</record>
<record>
  <date>2019-08-27T15:30:05</date>
  <millis>1566894605180</millis>
  <sequence>332</sequence>
  <level>PASSED</level>
  <class>com.kms.katalon.core.logging.XmlKeywordLogger</class>
  <method>logMessage</method>
  <thread>1</thread>
  <message>Delayed 3 second(s)</message>
  <nestedLevel>2</nestedLevel>
</record>
<record>
  <date>2019-08-27T15:30:05</date>
  <millis>1566894605182</millis>
  <sequence>333</sequence>
  <level>PASSED</level>
  <class>com.kms.katalon.core.logging.XmlKeywordLogger</class>
  <method>logMessage</method>
  <thread>1</thread>
  <message>User click add order</message>
  <nestedLevel>2</nestedLevel>
</record>
<record>
  <date>2019-08-27T15:30:05</date>
  <millis>1566894605182</millis>
  <sequence>334</sequence>
  <level>END</level>
  <class>com.kms.katalon.core.logging.XmlKeywordLogger</class>
  <method>endKeyword</method>
  <thread>1</thread>
  <message>End End action : User click add order</message>
  <nestedLevel>2</nestedLevel>
</record>
<record>
  <date>2019-08-27T15:30:05</date>
  <millis>1566894605184</millis>
  <sequence>335</sequence>
  <level>START</level>
  <class>com.kms.katalon.core.logging.XmlKeywordLogger</class>
  <method>startKeyword</method>
  <thread>1</thread>
  <message>Start action : User see popup order success</message>
  <nestedLevel>2</nestedLevel>
</record>
<record>
  <date>2019-08-27T15:30:05</date>
  <millis>1566894605224</millis>
  <sequence>342</sequence>
  <level>PASSED</level>
  <class>com.kms.katalon.core.logging.XmlKeywordLogger</class>
  <method>logMessage</method>
  <thread>1</thread>
  <message>Text of object &amp;apos;Object Repository/Shippers Web/Orders/text_orderSuccess&amp;apos; is: &amp;apos;Berhasil!&amp;apos;</message>
  <nestedLevel>2</nestedLevel>
</record>
<record>
  <date>2019-08-27T15:30:05</date>
  <millis>1566894605225</millis>
  <sequence>343</sequence>
  <level>PASSED</level>
  <class>com.kms.katalon.core.logging.XmlKeywordLogger</class>
  <method>logMessage</method>
  <thread>1</thread>
  <message>User see popup order success</message>
  <nestedLevel>2</nestedLevel>
</record>
<record>
  <date>2019-08-27T15:30:05</date>
  <millis>1566894605225</millis>
  <sequence>344</sequence>
  <level>END</level>
  <class>com.kms.katalon.core.logging.XmlKeywordLogger</class>
  <method>endKeyword</method>
  <thread>1</thread>
  <message>End End action : User see popup order success</message>
  <nestedLevel>2</nestedLevel>
</record>
<record>
  <date>2019-08-27T15:30:05</date>
  <millis>1566894605226</millis>
  <sequence>345</sequence>
  <level>PASSED</level>
  <class>com.kms.katalon.core.logging.XmlKeywordLogger</class>
  <method>logMessage</method>
  <thread>1</thread>
  <message>SCENARIO Single Order as Dira XL</message>
  <nestedLevel>2</nestedLevel>
</record>
<record>
  <date>2019-08-27T15:30:05</date>
  <millis>1566894605226</millis>
  <sequence>346</sequence>
  <level>END</level>
  <class>com.kms.katalon.core.logging.XmlKeywordLogger</class>
  <method>endTest</method>
  <thread>1</thread>
  <message>End Test Case : SCENARIO Single Order as Dira XL</message>
  <nestedLevel>1</nestedLevel>
</record>
<record>
  <date>2019-08-27T15:30:05</date>
  <millis>1566894605230</millis>
  <sequence>347</sequence>
  <level>PASSED</level>
  <class>com.kms.katalon.core.logging.XmlKeywordLogger</class>
  <method>logMessage</method>
  <thread>1</thread>
  <message>Feature file: &amp;apos;Include/features/Web/Orders/SingleOrderXL.feature&amp;apos; was passed</message>
  <nestedLevel>1</nestedLevel>
</record>
<record>
  <date>2019-08-27T15:30:05</date>
  <millis>1566894605231</millis>
  <sequence>348</sequence>
  <level>END</level>
  <class>com.kms.katalon.core.logging.XmlKeywordLogger</class>
  <method>endKeyword</method>
  <thread>1</thread>
  <message>End action : runFeatureFile(\&amp;quot;Include/features/Web/Orders/SingleOrderXL.feature\&amp;quot;, STOP_ON_FAILURE)</message>
  <nestedLevel>1</nestedLevel>
</record>
<record>
  <date>2019-08-27T15:30:05</date>
  <millis>1566894605231</millis>
  <sequence>349</sequence>
  <level>PASSED</level>
  <class>com.kms.katalon.core.logging.XmlKeywordLogger</class>
  <method>logMessage</method>
  <thread>1</thread>
  <message>Test Cases/Web Ritase/Orders/Single Orders (DIRA XL)</message>
  <nestedLevel>1</nestedLevel>
</record>
<record>
  <date>2019-08-27T15:30:05</date>
  <millis>1566894605231</millis>
  <sequence>350</sequence>
  <level>END</level>
  <class>com.kms.katalon.core.logging.XmlKeywordLogger</class>
  <method>endTest</method>
  <thread>1</thread>
  <message>End Test Case : Test Cases/Web Ritase/Orders/Single Orders (DIRA XL)</message>
  <nestedLevel>0</nestedLevel>
</record>
<record>
  <date>2019-08-27T15:30:05</date>
  <millis>1566894605231</millis>
  <sequence>351</sequence>
  <level>START</level>
  <class>com.kms.katalon.core.logging.XmlKeywordLogger</class>
  <method>startKeyword</method>
  <thread>1</thread>
  <message>Start listener action : exportKatalonReports</message>
  <nestedLevel>0</nestedLevel>
</record>
<record>
  <date>2019-08-27T15:30:05</date>
  <millis>1566894605345</millis>
  <sequence>643</sequence>
  <level>INFO</level>
  <class>com.kms.katalon.core.logging.XmlKeywordLogger</class>
  <method>logMessage</method>
  <thread>1</thread>
  <message>Start generating HTML report folder at: /home/jarwo/Katalon Studio/Ritase Automation Testing/Reports/1.0/Create single orders/20190827_152925...</message>
  <nestedLevel>0</nestedLevel>
</record>
<record>
  <date>2019-08-27T15:30:05</date>
  <millis>1566894605360</millis>
  <sequence>644</sequence>
  <level>INFO</level>
  <class>com.kms.katalon.core.logging.XmlKeywordLogger</class>
  <method>logMessage</method>
  <thread>1</thread>
  <message>HTML report generated</message>
  <nestedLevel>0</nestedLevel>
</record>
<record>
  <date>2019-08-27T15:30:05</date>
  <millis>1566894605361</millis>
  <sequence>645</sequence>
  <level>INFO</level>
  <class>com.kms.katalon.core.logging.XmlKeywordLogger</class>
  <method>logMessage</method>
  <thread>1</thread>
  <message>Start generating CSV report folder at: /home/jarwo/Katalon Studio/Ritase Automation Testing/Reports/1.0/Create single orders/20190827_152925...</message>
  <nestedLevel>0</nestedLevel>
</record>
<record>
  <date>2019-08-27T15:30:05</date>
  <millis>1566894605370</millis>
  <sequence>646</sequence>
  <level>INFO</level>
  <class>com.kms.katalon.core.logging.XmlKeywordLogger</class>
  <method>logMessage</method>
  <thread>1</thread>
  <message>CSV report generated</message>
  <nestedLevel>0</nestedLevel>
</record>
<record>
  <date>2019-08-27T15:30:05</date>
  <millis>1566894605370</millis>
  <sequence>647</sequence>
  <level>INFO</level>
  <class>com.kms.katalon.core.logging.XmlKeywordLogger</class>
  <method>logMessage</method>
  <thread>1</thread>
  <message>Start generating JUnit report folder at: /home/jarwo/Katalon Studio/Ritase Automation Testing/Reports/1.0/Create single orders/20190827_152925...</message>
  <nestedLevel>0</nestedLevel>
</record>
<record>
  <date>2019-08-27T15:30:05</date>
  <millis>1566894605590</millis>
  <sequence>648</sequence>
  <level>INFO</level>
  <class>com.kms.katalon.core.logging.XmlKeywordLogger</class>
  <method>logMessage</method>
  <thread>1</thread>
  <message>JUnit report generated</message>
  <nestedLevel>0</nestedLevel>
</record>
<record>
  <date>2019-08-27T15:30:05</date>
  <millis>1566894605591</millis>
  <sequence>650</sequence>
  <level>END</level>
  <class>com.kms.katalon.core.logging.XmlKeywordLogger</class>
  <method>endKeyword</method>
  <thread>1</thread>
  <message>End listener action : exportKatalonReports</message>
  <nestedLevel>0</nestedLevel>
</record>
<record>
  <date>2019-08-27T15:30:08</date>
  <millis>1566894608266</millis>
  <sequence>651</sequence>
  <level>END</level>
  <class>com.kms.katalon.core.logging.XmlKeywordLogger</class>
  <method>endSuite</method>
  <thread>1</thread>
  <message>End Test Suite : Test Suites/1.0/Create single orders</message>
  <nestedLevel>0</nestedLevel>
</record>
</log>