<?xml version="1.0" encoding="UTF-8" standalone="no"?>
<!DOCTYPE log SYSTEM "logger.dtd">
<log>
<record>
  <date>2019-08-27T14:07:26</date>
  <millis>1566889646865</millis>
  <sequence>0</sequence>
  <level>START</level>
  <class>com.kms.katalon.core.logging.XmlKeywordLogger</class>
  <method>startSuite</method>
  <thread>1</thread>
  <message>Start Test Suite : Test Suites/3.0/Driver V2/Check login and swipe button</message>
  <nestedLevel>0</nestedLevel>
  <property name="name">Check login and swipe button</property>
  <property name="description"></property>
  <property name="id">Test Suites/3.0/Driver V2/Check login and swipe button</property>
</record>
<record>
  <date>2019-08-27T14:07:26</date>
  <millis>1566889646878</millis>
  <sequence>1</sequence>
  <level>RUN_DATA</level>
  <class>com.kms.katalon.core.logging.XmlKeywordLogger</class>
  <method>logMessage</method>
  <thread>1</thread>
  <message>hostName = jarwo - redstar</message>
  <nestedLevel>0</nestedLevel>
  <property name="hostName">jarwo - redstar</property>
</record>
<record>
  <date>2019-08-27T14:07:26</date>
  <millis>1566889646879</millis>
  <sequence>2</sequence>
  <level>RUN_DATA</level>
  <class>com.kms.katalon.core.logging.XmlKeywordLogger</class>
  <method>logMessage</method>
  <thread>1</thread>
  <message>os = Linux 64bit</message>
  <nestedLevel>0</nestedLevel>
  <property name="os">Linux 64bit</property>
</record>
<record>
  <date>2019-08-27T14:07:26</date>
  <millis>1566889646880</millis>
  <sequence>3</sequence>
  <level>RUN_DATA</level>
  <class>com.kms.katalon.core.logging.XmlKeywordLogger</class>
  <method>logMessage</method>
  <thread>1</thread>
  <message>hostAddress = 127.0.1.1</message>
  <nestedLevel>0</nestedLevel>
  <property name="hostAddress">127.0.1.1</property>
</record>
<record>
  <date>2019-08-27T14:07:26</date>
  <millis>1566889646880</millis>
  <sequence>4</sequence>
  <level>RUN_DATA</level>
  <class>com.kms.katalon.core.logging.XmlKeywordLogger</class>
  <method>logMessage</method>
  <thread>1</thread>
  <message>katalonVersion = 6.2.1.2</message>
  <nestedLevel>0</nestedLevel>
  <property name="katalonVersion">6.2.1.2</property>
</record>
<record>
  <date>2019-08-27T14:07:27</date>
  <millis>1566889647055</millis>
  <sequence>5</sequence>
  <level>START</level>
  <class>com.kms.katalon.core.logging.XmlKeywordLogger</class>
  <method>startTest</method>
  <thread>1</thread>
  <message>Start Test Case : Test Cases/Mobile Drivers/Login/Login Drivers</message>
  <nestedLevel>1</nestedLevel>
  <property name="name">Test Cases/Mobile Drivers/Login/Login Drivers</property>
  <property name="description"></property>
  <property name="id">Test Cases/Mobile Drivers/Login/Login Drivers</property>
  <property name="source">\\home\\jarwo\\Katalon Studio\\Ritase Automation Testing\\Test Cases\\Mobile Drivers\\Login\\Login Drivers.tc</property>
  <property name="tag"></property>
  <property name="isOptional">false</property>
</record>
<record>
  <date>2019-08-27T14:07:27</date>
  <millis>1566889647259</millis>
  <sequence>7</sequence>
  <level>START</level>
  <class>com.kms.katalon.core.logging.XmlKeywordLogger</class>
  <method>startKeyword</method>
  <thread>1</thread>
  <message>Start action : callTestCase(findTestCase(\&amp;quot;Mobile Drivers/Initial\&amp;quot;), [:], STOP_ON_FAILURE)</message>
  <nestedLevel>1</nestedLevel>
  <property name="startLine">16</property>
  <property name="stepIndex">1</property>
</record>
<record>
  <date>2019-08-27T14:07:27</date>
  <millis>1566889647415</millis>
  <sequence>10</sequence>
  <level>START</level>
  <class>com.kms.katalon.core.logging.XmlKeywordLogger</class>
  <method>startTest</method>
  <thread>1</thread>
  <message>Start Test Case : Test Cases/Mobile Drivers/Initial</message>
  <nestedLevel>2</nestedLevel>
  <property name="name">Test Cases/Mobile Drivers/Initial</property>
  <property name="description"></property>
  <property name="id">Test Cases/Mobile Drivers/Initial</property>
  <property name="source">\\home\\jarwo\\Katalon Studio\\Ritase Automation Testing\\Test Cases\\Mobile Drivers\\Initial.tc</property>
  <property name="tag"></property>
  <property name="isOptional">false</property>
</record>
<record>
  <date>2019-08-27T14:07:27</date>
  <millis>1566889647535</millis>
  <sequence>12</sequence>
  <level>START</level>
  <class>com.kms.katalon.core.logging.XmlKeywordLogger</class>
  <method>startKeyword</method>
  <thread>1</thread>
  <message>Start action : runFeatureFile(\&amp;quot;Include/features/Mobile/Drivers V2/Initial.feature\&amp;quot;, STOP_ON_FAILURE)</message>
  <nestedLevel>1</nestedLevel>
  <property name="startLine">16</property>
  <property name="stepIndex">1</property>
</record>
<record>
  <date>2019-08-27T14:07:27</date>
  <millis>1566889647564</millis>
  <sequence>13</sequence>
  <level>INFO</level>
  <class>com.kms.katalon.core.logging.XmlKeywordLogger</class>
  <method>logMessage</method>
  <thread>1</thread>
  <message>Starting run keyword runFeatureFile: &amp;apos;Include/features/Mobile/Drivers V2/Initial.feature&amp;apos; and extract report to folder: &amp;apos;/home/jarwo/Katalon Studio/Ritase Automation Testing/Reports/3.0/Driver V2/Check login and swipe button/20190827_140719/cucumber_report/1566889647556&amp;apos;...</message>
  <nestedLevel>2</nestedLevel>
</record>
<record>
  <date>2019-08-27T14:07:28</date>
  <millis>1566889648073</millis>
  <sequence>14</sequence>
  <level>START</level>
  <class>com.kms.katalon.core.logging.XmlKeywordLogger</class>
  <method>startTest</method>
  <thread>1</thread>
  <message>Start Test Case : SCENARIO Initial driver apps</message>
  <nestedLevel>3</nestedLevel>
</record>
<record>
  <date>2019-08-27T14:07:28</date>
  <millis>1566889648075</millis>
  <sequence>15</sequence>
  <level>START</level>
  <class>com.kms.katalon.core.logging.XmlKeywordLogger</class>
  <method>startKeyword</method>
  <thread>1</thread>
  <message>Start action : User install and open ritase driver apps</message>
  <nestedLevel>3</nestedLevel>
</record>
<record>
  <date>2019-08-27T14:07:29</date>
  <millis>1566889649086</millis>
  <sequence>17</sequence>
  <level>INFO</level>
  <class>com.kms.katalon.core.logging.XmlKeywordLogger</class>
  <method>logMessage</method>
  <thread>1</thread>
  <message>Appium server started on port 36,725</message>
  <nestedLevel>3</nestedLevel>
</record>
<record>
  <date>2019-08-27T14:07:42</date>
  <millis>1566889662041</millis>
  <sequence>19</sequence>
  <level>RUN_DATA</level>
  <class>com.kms.katalon.core.logging.XmlKeywordLogger</class>
  <method>logMessage</method>
  <thread>1</thread>
  <message>appiumVersion = 1.14.1</message>
  <nestedLevel>3</nestedLevel>
  <property name="appiumVersion">1.14.1</property>
</record>
<record>
  <date>2019-08-27T14:07:42</date>
  <millis>1566889662051</millis>
  <sequence>20</sequence>
  <level>RUN_DATA</level>
  <class>com.kms.katalon.core.logging.XmlKeywordLogger</class>
  <method>logMessage</method>
  <thread>1</thread>
  <message>deviceId = f24006487d26</message>
  <nestedLevel>3</nestedLevel>
  <property name="deviceId">f24006487d26</property>
</record>
<record>
  <date>2019-08-27T14:07:42</date>
  <millis>1566889662051</millis>
  <sequence>21</sequence>
  <level>RUN_DATA</level>
  <class>com.kms.katalon.core.logging.XmlKeywordLogger</class>
  <method>logMessage</method>
  <thread>1</thread>
  <message>deviceName = Xiaomi Redmi 6A (Android 8.1.0)</message>
  <nestedLevel>3</nestedLevel>
  <property name="deviceName">Xiaomi Redmi 6A (Android 8.1.0)</property>
</record>
<record>
  <date>2019-08-27T14:07:42</date>
  <millis>1566889662052</millis>
  <sequence>22</sequence>
  <level>RUN_DATA</level>
  <class>com.kms.katalon.core.logging.XmlKeywordLogger</class>
  <method>logMessage</method>
  <thread>1</thread>
  <message>deviceModel = Redmi 6A</message>
  <nestedLevel>3</nestedLevel>
  <property name="deviceModel">Redmi 6A</property>
</record>
<record>
  <date>2019-08-27T14:07:42</date>
  <millis>1566889662052</millis>
  <sequence>23</sequence>
  <level>RUN_DATA</level>
  <class>com.kms.katalon.core.logging.XmlKeywordLogger</class>
  <method>logMessage</method>
  <thread>1</thread>
  <message>deviceManufacturer = Xiaomi</message>
  <nestedLevel>3</nestedLevel>
  <property name="deviceManufacturer">Xiaomi</property>
</record>
<record>
  <date>2019-08-27T14:07:42</date>
  <millis>1566889662053</millis>
  <sequence>24</sequence>
  <level>RUN_DATA</level>
  <class>com.kms.katalon.core.logging.XmlKeywordLogger</class>
  <method>logMessage</method>
  <thread>1</thread>
  <message>deviceOS = Android</message>
  <nestedLevel>3</nestedLevel>
  <property name="deviceOS">Android</property>
</record>
<record>
  <date>2019-08-27T14:07:42</date>
  <millis>1566889662054</millis>
  <sequence>25</sequence>
  <level>RUN_DATA</level>
  <class>com.kms.katalon.core.logging.XmlKeywordLogger</class>
  <method>logMessage</method>
  <thread>1</thread>
  <message>deviceOSVersion = 8.1.0</message>
  <nestedLevel>3</nestedLevel>
  <property name="deviceOSVersion">8.1.0</property>
</record>
<record>
  <date>2019-08-27T14:07:42</date>
  <millis>1566889662056</millis>
  <sequence>26</sequence>
  <level>PASSED</level>
  <class>com.kms.katalon.core.logging.XmlKeywordLogger</class>
  <method>logMessage</method>
  <thread>1</thread>
  <message>Started app at: &amp;apos;/home/jarwo/Katalon Studio/Ritase Automation Testing/APK/stg-driver.apk&amp;apos;</message>
  <nestedLevel>3</nestedLevel>
</record>
<record>
  <date>2019-08-27T14:07:42</date>
  <millis>1566889662217</millis>
  <sequence>27</sequence>
  <level>PASSED</level>
  <class>com.kms.katalon.core.logging.XmlKeywordLogger</class>
  <method>logMessage</method>
  <thread>1</thread>
  <message>Current device physical height is 1344</message>
  <nestedLevel>3</nestedLevel>
</record>
<record>
  <date>2019-08-27T14:07:42</date>
  <millis>1566889662320</millis>
  <sequence>28</sequence>
  <level>PASSED</level>
  <class>com.kms.katalon.core.logging.XmlKeywordLogger</class>
  <method>logMessage</method>
  <thread>1</thread>
  <message>Current device physical width is 720</message>
  <nestedLevel>3</nestedLevel>
</record>
<record>
  <date>2019-08-27T14:07:42</date>
  <millis>1566889662330</millis>
  <sequence>29</sequence>
  <level>PASSED</level>
  <class>com.kms.katalon.core.logging.XmlKeywordLogger</class>
  <method>logMessage</method>
  <thread>1</thread>
  <message>User install and open ritase driver apps</message>
  <nestedLevel>3</nestedLevel>
</record>
<record>
  <date>2019-08-27T14:07:42</date>
  <millis>1566889662331</millis>
  <sequence>30</sequence>
  <level>END</level>
  <class>com.kms.katalon.core.logging.XmlKeywordLogger</class>
  <method>endKeyword</method>
  <thread>1</thread>
  <message>End End action : User install and open ritase driver apps</message>
  <nestedLevel>3</nestedLevel>
</record>
<record>
  <date>2019-08-27T14:07:42</date>
  <millis>1566889662335</millis>
  <sequence>31</sequence>
  <level>PASSED</level>
  <class>com.kms.katalon.core.logging.XmlKeywordLogger</class>
  <method>logMessage</method>
  <thread>1</thread>
  <message>SCENARIO Initial driver apps</message>
  <nestedLevel>3</nestedLevel>
</record>
<record>
  <date>2019-08-27T14:07:42</date>
  <millis>1566889662335</millis>
  <sequence>32</sequence>
  <level>END</level>
  <class>com.kms.katalon.core.logging.XmlKeywordLogger</class>
  <method>endTest</method>
  <thread>1</thread>
  <message>End Test Case : SCENARIO Initial driver apps</message>
  <nestedLevel>2</nestedLevel>
</record>
<record>
  <date>2019-08-27T14:07:42</date>
  <millis>1566889662376</millis>
  <sequence>33</sequence>
  <level>PASSED</level>
  <class>com.kms.katalon.core.logging.XmlKeywordLogger</class>
  <method>logMessage</method>
  <thread>1</thread>
  <message>Feature file: &amp;apos;Include/features/Mobile/Drivers V2/Initial.feature&amp;apos; was passed</message>
  <nestedLevel>2</nestedLevel>
</record>
<record>
  <date>2019-08-27T14:07:42</date>
  <millis>1566889662376</millis>
  <sequence>34</sequence>
  <level>END</level>
  <class>com.kms.katalon.core.logging.XmlKeywordLogger</class>
  <method>endKeyword</method>
  <thread>1</thread>
  <message>End action : runFeatureFile(\&amp;quot;Include/features/Mobile/Drivers V2/Initial.feature\&amp;quot;, STOP_ON_FAILURE)</message>
  <nestedLevel>1</nestedLevel>
</record>
<record>
  <date>2019-08-27T14:07:42</date>
  <millis>1566889662376</millis>
  <sequence>35</sequence>
  <level>PASSED</level>
  <class>com.kms.katalon.core.logging.XmlKeywordLogger</class>
  <method>logMessage</method>
  <thread>1</thread>
  <message>Test Cases/Mobile Drivers/Initial</message>
  <nestedLevel>2</nestedLevel>
</record>
<record>
  <date>2019-08-27T14:07:42</date>
  <millis>1566889662377</millis>
  <sequence>36</sequence>
  <level>END</level>
  <class>com.kms.katalon.core.logging.XmlKeywordLogger</class>
  <method>endTest</method>
  <thread>1</thread>
  <message>End Test Case : Test Cases/Mobile Drivers/Initial</message>
  <nestedLevel>1</nestedLevel>
</record>
<record>
  <date>2019-08-27T14:07:42</date>
  <millis>1566889662383</millis>
  <sequence>37</sequence>
  <level>PASSED</level>
  <class>com.kms.katalon.core.logging.XmlKeywordLogger</class>
  <method>logMessage</method>
  <thread>1</thread>
  <message>Call Test Case &amp;apos;Test Cases/Mobile Drivers/Initial&amp;apos; successfully</message>
  <nestedLevel>1</nestedLevel>
</record>
<record>
  <date>2019-08-27T14:07:42</date>
  <millis>1566889662384</millis>
  <sequence>38</sequence>
  <level>START</level>
  <class>com.kms.katalon.core.logging.XmlKeywordLogger</class>
  <method>startKeyword</method>
  <thread>1</thread>
  <message>Start action : runFeatureFile(\&amp;quot;Include/features/Mobile/Drivers V2/Login/LoginDrivers.feature\&amp;quot;, STOP_ON_FAILURE)</message>
  <nestedLevel>1</nestedLevel>
  <property name="startLine">17</property>
  <property name="stepIndex">2</property>
</record>
<record>
  <date>2019-08-27T14:07:42</date>
  <millis>1566889662385</millis>
  <sequence>39</sequence>
  <level>INFO</level>
  <class>com.kms.katalon.core.logging.XmlKeywordLogger</class>
  <method>logMessage</method>
  <thread>1</thread>
  <message>Starting run keyword runFeatureFile: &amp;apos;Include/features/Mobile/Drivers V2/Login/LoginDrivers.feature&amp;apos; and extract report to folder: &amp;apos;/home/jarwo/Katalon Studio/Ritase Automation Testing/Reports/3.0/Driver V2/Check login and swipe button/20190827_140719/cucumber_report/1566889662384&amp;apos;...</message>
  <nestedLevel>1</nestedLevel>
</record>
<record>
  <date>2019-08-27T14:07:42</date>
  <millis>1566889662494</millis>
  <sequence>40</sequence>
  <level>START</level>
  <class>com.kms.katalon.core.logging.XmlKeywordLogger</class>
  <method>startTest</method>
  <thread>1</thread>
  <message>Start Test Case : SCENARIO Login Drivers</message>
  <nestedLevel>2</nestedLevel>
</record>
<record>
  <date>2019-08-27T14:07:42</date>
  <millis>1566889662495</millis>
  <sequence>41</sequence>
  <level>START</level>
  <class>com.kms.katalon.core.logging.XmlKeywordLogger</class>
  <method>startKeyword</method>
  <thread>1</thread>
  <message>Start action : User tap initial login button</message>
  <nestedLevel>2</nestedLevel>
</record>
<record>
  <date>2019-08-27T14:07:45</date>
  <millis>1566889665531</millis>
  <sequence>45</sequence>
  <level>PASSED</level>
  <class>com.kms.katalon.core.logging.XmlKeywordLogger</class>
  <method>logMessage</method>
  <thread>1</thread>
  <message>Tapped on element &amp;apos;Object Repository/Driver Apps V2/tap_initialLogin&amp;apos;</message>
  <nestedLevel>2</nestedLevel>
</record>
<record>
  <date>2019-08-27T14:07:45</date>
  <millis>1566889665533</millis>
  <sequence>46</sequence>
  <level>PASSED</level>
  <class>com.kms.katalon.core.logging.XmlKeywordLogger</class>
  <method>logMessage</method>
  <thread>1</thread>
  <message>User tap initial login button</message>
  <nestedLevel>2</nestedLevel>
</record>
<record>
  <date>2019-08-27T14:07:45</date>
  <millis>1566889665534</millis>
  <sequence>47</sequence>
  <level>END</level>
  <class>com.kms.katalon.core.logging.XmlKeywordLogger</class>
  <method>endKeyword</method>
  <thread>1</thread>
  <message>End End action : User tap initial login button</message>
  <nestedLevel>2</nestedLevel>
</record>
<record>
  <date>2019-08-27T14:07:45</date>
  <millis>1566889665535</millis>
  <sequence>48</sequence>
  <level>START</level>
  <class>com.kms.katalon.core.logging.XmlKeywordLogger</class>
  <method>startKeyword</method>
  <thread>1</thread>
  <message>Start action : User fill email address driver sopo@qa.com</message>
  <nestedLevel>2</nestedLevel>
</record>
<record>
  <date>2019-08-27T14:07:47</date>
  <millis>1566889667218</millis>
  <sequence>52</sequence>
  <level>PASSED</level>
  <class>com.kms.katalon.core.logging.XmlKeywordLogger</class>
  <method>logMessage</method>
  <thread>1</thread>
  <message>Text &amp;apos;sopo@qa.com&amp;apos; has been set to element &amp;apos;Object Repository/Driver Apps V2/input_emailDriver&amp;apos;</message>
  <nestedLevel>2</nestedLevel>
</record>
<record>
  <date>2019-08-27T14:07:47</date>
  <millis>1566889667220</millis>
  <sequence>53</sequence>
  <level>PASSED</level>
  <class>com.kms.katalon.core.logging.XmlKeywordLogger</class>
  <method>logMessage</method>
  <thread>1</thread>
  <message>User fill email address driver sopo@qa.com</message>
  <nestedLevel>2</nestedLevel>
</record>
<record>
  <date>2019-08-27T14:07:47</date>
  <millis>1566889667221</millis>
  <sequence>54</sequence>
  <level>END</level>
  <class>com.kms.katalon.core.logging.XmlKeywordLogger</class>
  <method>endKeyword</method>
  <thread>1</thread>
  <message>End End action : User fill email address driver sopo@qa.com</message>
  <nestedLevel>2</nestedLevel>
</record>
<record>
  <date>2019-08-27T14:07:47</date>
  <millis>1566889667223</millis>
  <sequence>55</sequence>
  <level>START</level>
  <class>com.kms.katalon.core.logging.XmlKeywordLogger</class>
  <method>startKeyword</method>
  <thread>1</thread>
  <message>Start action : User fill password driver rahasia</message>
  <nestedLevel>2</nestedLevel>
</record>
<record>
  <date>2019-08-27T14:07:49</date>
  <millis>1566889669146</millis>
  <sequence>59</sequence>
  <level>PASSED</level>
  <class>com.kms.katalon.core.logging.XmlKeywordLogger</class>
  <method>logMessage</method>
  <thread>1</thread>
  <message>Text &amp;apos;rahasia&amp;apos; has been set to element &amp;apos;Object Repository/Driver Apps V2/input_passwordDriver&amp;apos;</message>
  <nestedLevel>2</nestedLevel>
</record>
<record>
  <date>2019-08-27T14:07:49</date>
  <millis>1566889669149</millis>
  <sequence>60</sequence>
  <level>PASSED</level>
  <class>com.kms.katalon.core.logging.XmlKeywordLogger</class>
  <method>logMessage</method>
  <thread>1</thread>
  <message>User fill password driver rahasia</message>
  <nestedLevel>2</nestedLevel>
</record>
<record>
  <date>2019-08-27T14:07:49</date>
  <millis>1566889669149</millis>
  <sequence>61</sequence>
  <level>END</level>
  <class>com.kms.katalon.core.logging.XmlKeywordLogger</class>
  <method>endKeyword</method>
  <thread>1</thread>
  <message>End End action : User fill password driver rahasia</message>
  <nestedLevel>2</nestedLevel>
</record>
<record>
  <date>2019-08-27T14:07:49</date>
  <millis>1566889669152</millis>
  <sequence>62</sequence>
  <level>START</level>
  <class>com.kms.katalon.core.logging.XmlKeywordLogger</class>
  <method>startKeyword</method>
  <thread>1</thread>
  <message>Start action : User tap login button</message>
  <nestedLevel>2</nestedLevel>
</record>
<record>
  <date>2019-08-27T14:07:53</date>
  <millis>1566889673952</millis>
  <sequence>66</sequence>
  <level>PASSED</level>
  <class>com.kms.katalon.core.logging.XmlKeywordLogger</class>
  <method>logMessage</method>
  <thread>1</thread>
  <message>Tapped on element &amp;apos;Object Repository/Driver Apps V2/tap_loginButton&amp;apos;</message>
  <nestedLevel>2</nestedLevel>
</record>
<record>
  <date>2019-08-27T14:08:03</date>
  <millis>1566889683975</millis>
  <sequence>68</sequence>
  <level>PASSED</level>
  <class>com.kms.katalon.core.logging.XmlKeywordLogger</class>
  <method>logMessage</method>
  <thread>1</thread>
  <message>Delayed 10 second(s)</message>
  <nestedLevel>2</nestedLevel>
</record>
<record>
  <date>2019-08-27T14:08:03</date>
  <millis>1566889683977</millis>
  <sequence>69</sequence>
  <level>PASSED</level>
  <class>com.kms.katalon.core.logging.XmlKeywordLogger</class>
  <method>logMessage</method>
  <thread>1</thread>
  <message>User tap login button</message>
  <nestedLevel>2</nestedLevel>
</record>
<record>
  <date>2019-08-27T14:08:03</date>
  <millis>1566889683977</millis>
  <sequence>70</sequence>
  <level>END</level>
  <class>com.kms.katalon.core.logging.XmlKeywordLogger</class>
  <method>endKeyword</method>
  <thread>1</thread>
  <message>End End action : User tap login button</message>
  <nestedLevel>2</nestedLevel>
</record>
<record>
  <date>2019-08-27T14:08:03</date>
  <millis>1566889683980</millis>
  <sequence>71</sequence>
  <level>START</level>
  <class>com.kms.katalon.core.logging.XmlKeywordLogger</class>
  <method>startKeyword</method>
  <thread>1</thread>
  <message>Start action : User see tab trip</message>
  <nestedLevel>2</nestedLevel>
</record>
<record>
  <date>2019-08-27T14:08:04</date>
  <millis>1566889684436</millis>
  <sequence>75</sequence>
  <level>PASSED</level>
  <class>com.kms.katalon.core.logging.XmlKeywordLogger</class>
  <method>logMessage</method>
  <thread>1</thread>
  <message>Text of element &amp;apos;Object Repository/Driver Apps V2/txt_tripMenu&amp;apos; is: &amp;apos;Punya pertanyaan? Tanyakan dengan Admin&amp;apos;</message>
  <nestedLevel>2</nestedLevel>
</record>
<record>
  <date>2019-08-27T14:08:04</date>
  <millis>1566889684441</millis>
  <sequence>76</sequence>
  <level>PASSED</level>
  <class>com.kms.katalon.core.logging.XmlKeywordLogger</class>
  <method>logMessage</method>
  <thread>1</thread>
  <message>User see tab trip</message>
  <nestedLevel>2</nestedLevel>
</record>
<record>
  <date>2019-08-27T14:08:04</date>
  <millis>1566889684442</millis>
  <sequence>77</sequence>
  <level>END</level>
  <class>com.kms.katalon.core.logging.XmlKeywordLogger</class>
  <method>endKeyword</method>
  <thread>1</thread>
  <message>End End action : User see tab trip</message>
  <nestedLevel>2</nestedLevel>
</record>
<record>
  <date>2019-08-27T14:08:04</date>
  <millis>1566889684444</millis>
  <sequence>78</sequence>
  <level>START</level>
  <class>com.kms.katalon.core.logging.XmlKeywordLogger</class>
  <method>startKeyword</method>
  <thread>1</thread>
  <message>Start action : User swipe right to left</message>
  <nestedLevel>2</nestedLevel>
</record>
<record>
  <date>2019-08-27T14:08:14</date>
  <millis>1566889694457</millis>
  <sequence>80</sequence>
  <level>PASSED</level>
  <class>com.kms.katalon.core.logging.XmlKeywordLogger</class>
  <method>logMessage</method>
  <thread>1</thread>
  <message>Delayed 10 second(s)</message>
  <nestedLevel>2</nestedLevel>
</record>
<record>
  <date>2019-08-27T14:08:15</date>
  <millis>1566889695694</millis>
  <sequence>81</sequence>
  <level>PASSED</level>
  <class>com.kms.katalon.core.logging.XmlKeywordLogger</class>
  <method>logMessage</method>
  <thread>1</thread>
  <message>Swiped from 576,672 to 144,672</message>
  <nestedLevel>2</nestedLevel>
</record>
<record>
  <date>2019-08-27T14:08:15</date>
  <millis>1566889695712</millis>
  <sequence>82</sequence>
  <level>PASSED</level>
  <class>com.kms.katalon.core.logging.XmlKeywordLogger</class>
  <method>logMessage</method>
  <thread>1</thread>
  <message>User swipe right to left</message>
  <nestedLevel>2</nestedLevel>
</record>
<record>
  <date>2019-08-27T14:08:15</date>
  <millis>1566889695713</millis>
  <sequence>83</sequence>
  <level>END</level>
  <class>com.kms.katalon.core.logging.XmlKeywordLogger</class>
  <method>endKeyword</method>
  <thread>1</thread>
  <message>End End action : User swipe right to left</message>
  <nestedLevel>2</nestedLevel>
</record>
<record>
  <date>2019-08-27T14:08:15</date>
  <millis>1566889695716</millis>
  <sequence>84</sequence>
  <level>START</level>
  <class>com.kms.katalon.core.logging.XmlKeywordLogger</class>
  <method>startKeyword</method>
  <thread>1</thread>
  <message>Start action : User see tab wallet</message>
  <nestedLevel>2</nestedLevel>
</record>
<record>
  <date>2019-08-27T14:08:18</date>
  <millis>1566889698572</millis>
  <sequence>88</sequence>
  <level>PASSED</level>
  <class>com.kms.katalon.core.logging.XmlKeywordLogger</class>
  <method>logMessage</method>
  <thread>1</thread>
  <message>Text of element &amp;apos;Object Repository/Driver Apps V2/txt_walletMenu&amp;apos; is: &amp;apos;Fitur Wallet Belum Aktif&amp;apos;</message>
  <nestedLevel>2</nestedLevel>
</record>
<record>
  <date>2019-08-27T14:08:18</date>
  <millis>1566889698574</millis>
  <sequence>89</sequence>
  <level>PASSED</level>
  <class>com.kms.katalon.core.logging.XmlKeywordLogger</class>
  <method>logMessage</method>
  <thread>1</thread>
  <message>User see tab wallet</message>
  <nestedLevel>2</nestedLevel>
</record>
<record>
  <date>2019-08-27T14:08:18</date>
  <millis>1566889698575</millis>
  <sequence>90</sequence>
  <level>END</level>
  <class>com.kms.katalon.core.logging.XmlKeywordLogger</class>
  <method>endKeyword</method>
  <thread>1</thread>
  <message>End End action : User see tab wallet</message>
  <nestedLevel>2</nestedLevel>
</record>
<record>
  <date>2019-08-27T14:08:18</date>
  <millis>1566889698576</millis>
  <sequence>91</sequence>
  <level>PASSED</level>
  <class>com.kms.katalon.core.logging.XmlKeywordLogger</class>
  <method>logMessage</method>
  <thread>1</thread>
  <message>SCENARIO Login Drivers</message>
  <nestedLevel>2</nestedLevel>
</record>
<record>
  <date>2019-08-27T14:08:18</date>
  <millis>1566889698577</millis>
  <sequence>92</sequence>
  <level>END</level>
  <class>com.kms.katalon.core.logging.XmlKeywordLogger</class>
  <method>endTest</method>
  <thread>1</thread>
  <message>End Test Case : SCENARIO Login Drivers</message>
  <nestedLevel>1</nestedLevel>
</record>
<record>
  <date>2019-08-27T14:08:18</date>
  <millis>1566889698590</millis>
  <sequence>93</sequence>
  <level>PASSED</level>
  <class>com.kms.katalon.core.logging.XmlKeywordLogger</class>
  <method>logMessage</method>
  <thread>1</thread>
  <message>Feature file: &amp;apos;Include/features/Mobile/Drivers V2/Login/LoginDrivers.feature&amp;apos; was passed</message>
  <nestedLevel>1</nestedLevel>
</record>
<record>
  <date>2019-08-27T14:08:18</date>
  <millis>1566889698591</millis>
  <sequence>94</sequence>
  <level>END</level>
  <class>com.kms.katalon.core.logging.XmlKeywordLogger</class>
  <method>endKeyword</method>
  <thread>1</thread>
  <message>End action : callTestCase(findTestCase(\&amp;quot;Mobile Drivers/Initial\&amp;quot;), [:], STOP_ON_FAILURE)</message>
  <nestedLevel>1</nestedLevel>
</record>
<record>
  <date>2019-08-27T14:08:18</date>
  <millis>1566889698591</millis>
  <sequence>95</sequence>
  <level>PASSED</level>
  <class>com.kms.katalon.core.logging.XmlKeywordLogger</class>
  <method>logMessage</method>
  <thread>1</thread>
  <message>Test Cases/Mobile Drivers/Login/Login Drivers</message>
  <nestedLevel>1</nestedLevel>
</record>
<record>
  <date>2019-08-27T14:08:18</date>
  <millis>1566889698594</millis>
  <sequence>96</sequence>
  <level>START</level>
  <class>com.kms.katalon.core.logging.XmlKeywordLogger</class>
  <method>startKeyword</method>
  <thread>1</thread>
  <message>Start tear down : tearDownTestCase</message>
  <nestedLevel>1</nestedLevel>
  <property name="isIgnoredIfFailed">true</property>
</record>
<record>
  <date>2019-08-27T14:08:18</date>
  <millis>1566889698748</millis>
  <sequence>97</sequence>
  <level>START</level>
  <class>com.kms.katalon.core.logging.XmlKeywordLogger</class>
  <method>startKeyword</method>
  <thread>1</thread>
  <message>Start action : closeApplication()</message>
  <nestedLevel>1</nestedLevel>
  <property name="startLine">60</property>
  <property name="stepIndex">1</property>
</record>
<record>
  <date>2019-08-27T14:08:18</date>
  <millis>1566889698995</millis>
  <sequence>98</sequence>
  <level>PASSED</level>
  <class>com.kms.katalon.core.logging.XmlKeywordLogger</class>
  <method>logMessage</method>
  <thread>1</thread>
  <message>Close app successfully</message>
  <nestedLevel>1</nestedLevel>
</record>
<record>
  <date>2019-08-27T14:08:18</date>
  <millis>1566889698995</millis>
  <sequence>99</sequence>
  <level>END</level>
  <class>com.kms.katalon.core.logging.XmlKeywordLogger</class>
  <method>endKeyword</method>
  <thread>1</thread>
  <message>End action : closeApplication()</message>
  <nestedLevel>1</nestedLevel>
</record>
<record>
  <date>2019-08-27T14:08:18</date>
  <millis>1566889698996</millis>
  <sequence>100</sequence>
  <level>PASSED</level>
  <class>com.kms.katalon.core.logging.XmlKeywordLogger</class>
  <method>logMessage</method>
  <thread>1</thread>
  <message>Method &amp;apos;tearDownTestCase&amp;apos; complete successfully</message>
  <nestedLevel>1</nestedLevel>
</record>
<record>
  <date>2019-08-27T14:08:18</date>
  <millis>1566889698996</millis>
  <sequence>101</sequence>
  <level>END</level>
  <class>com.kms.katalon.core.logging.XmlKeywordLogger</class>
  <method>endKeyword</method>
  <thread>1</thread>
  <message>End End action : tearDownTestCase</message>
  <nestedLevel>1</nestedLevel>
</record>
<record>
  <date>2019-08-27T14:08:18</date>
  <millis>1566889698996</millis>
  <sequence>102</sequence>
  <level>END</level>
  <class>com.kms.katalon.core.logging.XmlKeywordLogger</class>
  <method>endTest</method>
  <thread>1</thread>
  <message>End Test Case : Test Cases/Mobile Drivers/Login/Login Drivers</message>
  <nestedLevel>0</nestedLevel>
</record>
<record>
  <date>2019-08-27T14:08:18</date>
  <millis>1566889698998</millis>
  <sequence>103</sequence>
  <level>START</level>
  <class>com.kms.katalon.core.logging.XmlKeywordLogger</class>
  <method>startKeyword</method>
  <thread>1</thread>
  <message>Start listener action : exportKatalonReports</message>
  <nestedLevel>0</nestedLevel>
</record>
</log><record>
  <date>2019-08-27T14:08:19</date>
  <millis>1566889699153</millis>
  <sequence>261</sequence>
  <level>INFO</level>
  <class>com.kms.katalon.core.logging.XmlKeywordLogger</class>
  <method>logMessage</method>
  <thread>1</thread>
  <message>Start generating HTML report folder at: /home/jarwo/Katalon Studio/Ritase Automation Testing/Reports/3.0/Driver V2/Check login and swipe button/20190827_140719...</message>
  <nestedLevel>0</nestedLevel>
</record>
<record>
  <date>2019-08-27T14:08:19</date>
  <millis>1566889699168</millis>
  <sequence>262</sequence>
  <level>INFO</level>
  <class>com.kms.katalon.core.logging.XmlKeywordLogger</class>
  <method>logMessage</method>
  <thread>1</thread>
  <message>HTML report generated</message>
  <nestedLevel>0</nestedLevel>
</record>
<record>
  <date>2019-08-27T14:08:19</date>
  <millis>1566889699168</millis>
  <sequence>263</sequence>
  <level>INFO</level>
  <class>com.kms.katalon.core.logging.XmlKeywordLogger</class>
  <method>logMessage</method>
  <thread>1</thread>
  <message>Start generating CSV report folder at: /home/jarwo/Katalon Studio/Ritase Automation Testing/Reports/3.0/Driver V2/Check login and swipe button/20190827_140719...</message>
  <nestedLevel>0</nestedLevel>
</record>
<record>
  <date>2019-08-27T14:08:19</date>
  <millis>1566889699180</millis>
  <sequence>264</sequence>
  <level>INFO</level>
  <class>com.kms.katalon.core.logging.XmlKeywordLogger</class>
  <method>logMessage</method>
  <thread>1</thread>
  <message>CSV report generated</message>
  <nestedLevel>0</nestedLevel>
</record>
<record>
  <date>2019-08-27T14:08:19</date>
  <millis>1566889699180</millis>
  <sequence>265</sequence>
  <level>INFO</level>
  <class>com.kms.katalon.core.logging.XmlKeywordLogger</class>
  <method>logMessage</method>
  <thread>1</thread>
  <message>Start generating JUnit report folder at: /home/jarwo/Katalon Studio/Ritase Automation Testing/Reports/3.0/Driver V2/Check login and swipe button/20190827_140719...</message>
  <nestedLevel>0</nestedLevel>
</record>
<record>
  <date>2019-08-27T14:08:19</date>
  <millis>1566889699259</millis>
  <sequence>266</sequence>
  <level>INFO</level>
  <class>com.kms.katalon.core.logging.XmlKeywordLogger</class>
  <method>logMessage</method>
  <thread>1</thread>
  <message>JUnit report generated</message>
  <nestedLevel>0</nestedLevel>
</record>
<record>
  <date>2019-08-27T14:08:19</date>
  <millis>1566889699259</millis>
  <sequence>268</sequence>
  <level>END</level>
  <class>com.kms.katalon.core.logging.XmlKeywordLogger</class>
  <method>endKeyword</method>
  <thread>1</thread>
  <message>End listener action : exportKatalonReports</message>
  <nestedLevel>0</nestedLevel>
</record>
<record>
  <date>2019-08-27T14:08:19</date>
  <millis>1566889699264</millis>
  <sequence>269</sequence>
  <level>END</level>
  <class>com.kms.katalon.core.logging.XmlKeywordLogger</class>
  <method>endSuite</method>
  <thread>1</thread>
  <message>End Test Suite : Test Suites/3.0/Driver V2/Check login and swipe button</message>
  <nestedLevel>0</nestedLevel>
</record>
</log>
