[35m[Appium][39m Welcome to Appium v1.14.1
[35m[Appium][39m Non-default server args:
[35m[Appium][39m   port: 39025
[35m[Appium][39m   chromeDriverPort: 44977
[35m[Appium][39m   tmpDir: /tmp/Katalon/Appium/Temp1566889612215
[35m[Appium][39m Appium REST http interface listener started on 0.0.0.0:39025
[35m[HTTP][39m [37m-->[39m [37mGET[39m [37m/wd/hub/status[39m
[35m[HTTP][39m [90m{}[39m
[debug] [35m[GENERIC][39m Calling AppiumDriver.getStatus() with args: []
[debug] [35m[GENERIC][39m Responding to client with driver.getStatus() result: {"build":{"version":"1.14.1"}}
[35m[HTTP][39m [37m<-- GET /wd/hub/status [39m[32m200[39m [90m13 ms - 68[39m
[35m[HTTP][39m [90m[39m
[35m[HTTP][39m [37m-->[39m [37mPOST[39m [37m/wd/hub/session[39m
[35m[HTTP][39m [90m{"desiredCapabilities":{"app":"/home/jarwo/Katalon Studio/Ritase Automation Testing/APK/stg-driver.apk","noReset":true,"newCommandTimeout":1800,"platformVersion":"8.1.0","automationName":"uiautomator2","autoGrantPermissions":true,"platformName":"Android","udid":"f24006487d26","deviceName":"Xiaomi Redmi 6A (Android 8.1.0)","fullReset":false,"platform":"ANDROID"},"capabilities":{"firstMatch":[{"appium:app":"/home/jarwo/Katalon Studio/Ritase Automation Testing/APK/stg-driver.apk","appium:autoGrantPermissions":true,"appium:automationName":"uiautomator2","appium:deviceName":"Xiaomi Redmi 6A (Android 8.1.0)","appium:fullReset":false,"appium:newCommandTimeout":1800,"appium:noReset":true,"platform":"ANDROID","platformName":"android","appium:platformVersion":"8.1.0","appium:udid":"f24006487d26"}]}}[39m
[debug] [35m[W3C][39m Calling AppiumDriver.createSession() with args: [{"app":"/home/jarwo/Katalon Studio/Ritase Automation Testing/APK/stg-driver.apk","noReset":true,"newCommandTimeout":1800,"platformVersion":"8.1.0","automationName":"uiautomator2","autoGrantPermissions":true,"platformName":"Android","udid":"f24006487d26","deviceName":"Xiaomi Redmi 6A (Android 8.1.0)","fullReset":false,"platform":"ANDROID"},null,{"firstMatch":[{"appium:app":"/home/jarwo/Katalon Studio/Ritase Automation Testing/APK/stg-driver.apk","appium:autoGrantPermissions":true,"appium:automationName":"uiautomator2","appium:deviceName":"Xiaomi Redmi 6A (Android 8.1.0)","appium:fullReset":false,"appium:newCommandTimeout":1800,"appium:noReset":true,"platform":"ANDROID","platformName":"android","appium:platformVersion":"8.1.0","appium:udid":"f24006487d26"}]}]
[debug] [35m[BaseDriver][39m Event 'newSessionRequested' logged at 1566889613271 (14:06:53 GMT+0700 (Western Indonesia Time))
[35m[BaseDriver][39m The capabilities ["platform"] are not standard capabilities and should have an extension prefix
[35m[Appium][39m Appium v1.14.1 creating new AndroidUiautomator2Driver (v1.33.1) session
[35m[Appium][39m Capabilities:
[35m[Appium][39m   platform: ANDROID
[35m[Appium][39m   platformName: android
[35m[Appium][39m   app: /home/jarwo/Katalon Studio/Ritase Automation Testing/APK/stg-driver.apk
[35m[Appium][39m   autoGrantPermissions: true
[35m[Appium][39m   automationName: uiautomator2
[35m[Appium][39m   deviceName: Xiaomi Redmi 6A (Android 8.1.0)
[35m[Appium][39m   fullReset: false
[35m[Appium][39m   newCommandTimeout: 1800
[35m[Appium][39m   noReset: true
[35m[Appium][39m   platformVersion: 8.1.0
[35m[Appium][39m   udid: f24006487d26
[debug] [35m[BaseDriver][39m W3C capabilities {"alwaysMatch":{"appium:pla... and MJSONWP desired capabilities {"app":"/home/jarwo/Katalon... were provided
[debug] [35m[BaseDriver][39m Creating session with W3C capabilities: {"alwaysMatch":{"appium:pla...
[35m[BaseDriver][39m The following capabilities were provided, but are not recognized by appium: platform.
[35m[BaseDriver][39m Session created with session id: 9a4b63b6-d745-42d2-b0f4-b2c052810d3e
[35m[BaseDriver][39m Using local app '/home/jarwo/Katalon Studio/Ritase Automation Testing/APK/stg-driver.apk'
[debug] [35m[UiAutomator2][39m Checking whether app is actually present
[35m[ADB][39m Found 1 'build-tools' folders under '/home/jarwo/.katalon/tools/android_sdk' (newest first):
[35m[ADB][39m     /home/jarwo/.katalon/tools/android_sdk/build-tools/29.0.1
[35m[ADB][39m Using 'adb' from '/home/jarwo/.katalon/tools/android_sdk/platform-tools/adb'
[35m[AndroidDriver][39m Retrieving device list
[debug] [35m[ADB][39m Trying to find a connected android device
[debug] [35m[ADB][39m Getting connected devices...
[debug] [35m[ADB][39m 1 device(s) connected
[35m[AndroidDriver][39m Using device: f24006487d26
[35m[ADB][39m Using 'adb' from '/home/jarwo/.katalon/tools/android_sdk/platform-tools/adb'
[debug] [35m[ADB][39m Setting device id to f24006487d26
[debug] [35m[ADB][39m Running '/home/jarwo/.katalon/tools/android_sdk/platform-tools/adb -P 5037 -s f24006487d26 shell getprop ro.build.version.sdk'
[debug] [35m[ADB][39m Current device property 'ro.build.version.sdk': 27
[debug] [35m[ADB][39m Device API level: 27
[debug] [35m[AndroidDriver][39m Parsing package and activity from app manifest
[35m[ADB][39m Using 'apkanalyzer' from '/home/jarwo/.katalon/tools/android_sdk/tools/bin/apkanalyzer'
[debug] [35m[ADB][39m Starting '/home/jarwo/.katalon/tools/android_sdk/tools/bin/apkanalyzer' with args ["-h","manifest","print","/home/jarwo/Katalon Studio/Ritase Automation Testing/APK/stg-driver.apk"]
[35m[ADB][39m Using the alternative activity name detection method because of: Command '/home/jarwo/.katalon/tools/android_sdk/tools/bin/apkanalyzer -h manifest print '/home/jarwo/Katalon Studio/Ritase Automation Testing/APK/stg-driver.apk'' exited with code 1
[35m[ADB][39m Using 'aapt' from '/home/jarwo/.katalon/tools/android_sdk/build-tools/29.0.1/aapt'
[35m[ADB][39m Extracting package and launch activity from manifest
[35m[ADB][39m Package name: 'com.ritase.driver.staging'
[35m[ADB][39m Main activity name: 'com.ritase.driver.activity.SplashActivity'
[debug] [35m[AndroidDriver][39m Parsed package and activity are: com.ritase.driver.staging/com.ritase.driver.activity.SplashActivity
[debug] [35m[ADB][39m Running '/home/jarwo/.katalon/tools/android_sdk/platform-tools/adb -P 5037 -s f24006487d26 wait-for-device'
[debug] [35m[ADB][39m Running '/home/jarwo/.katalon/tools/android_sdk/platform-tools/adb -P 5037 -s f24006487d26 shell echo ping'
[debug] [35m[AndroidDriver][39m Pushing settings apk to device...
[debug] [35m[ADB][39m Getting install status for io.appium.settings
[debug] [35m[ADB][39m Running '/home/jarwo/.katalon/tools/android_sdk/platform-tools/adb -P 5037 -s f24006487d26 shell dumpsys package io.appium.settings'
[debug] [35m[ADB][39m 'io.appium.settings' is installed
[debug] [35m[ADB][39m Getting package info for 'io.appium.settings'
[debug] [35m[ADB][39m Running '/home/jarwo/.katalon/tools/android_sdk/platform-tools/adb -P 5037 -s f24006487d26 shell dumpsys package io.appium.settings'
[debug] [35m[ADB][39m The version code of the installed 'io.appium.settings' is greater than the application version code (18 > 17)
[debug] [35m[ADB][39m There is no need to install/upgrade '/home/jarwo/.nvm/versions/node/v12.5.0/lib/node_modules/appium/node_modules/io.appium.settings/apks/settings_apk-debug.apk'
[debug] [35m[ADB][39m Getting IDs of all 'io.appium.settings' processes
[debug] [35m[ADB][39m Running '/home/jarwo/.katalon/tools/android_sdk/platform-tools/adb -P 5037 -s f24006487d26 shell 'pgrep --help; echo $?''
[debug] [35m[ADB][39m Running '/home/jarwo/.katalon/tools/android_sdk/platform-tools/adb -P 5037 -s f24006487d26 shell pgrep -f io\\.appium\\.settings'
[debug] [35m[ADB][39m Running '/home/jarwo/.katalon/tools/android_sdk/platform-tools/adb -P 5037 -s f24006487d26 shell am start -W -n io.appium.settings/.Settings -a android.intent.action.MAIN -c android.intent.category.LAUNCHER -f 0x10200000'
[debug] [35m[ADB][39m Running '/home/jarwo/.katalon/tools/android_sdk/platform-tools/adb -P 5037 -s f24006487d26 shell appops set io.appium.settings android\:mock_location allow'
[debug] [35m[Logcat][39m Starting logcat capture
[debug] [35m[ADB][39m Getting install status for io.appium.uiautomator2.server
[debug] [35m[ADB][39m Running '/home/jarwo/.katalon/tools/android_sdk/platform-tools/adb -P 5037 -s f24006487d26 shell dumpsys package io.appium.uiautomator2.server'
[debug] [35m[ADB][39m 'io.appium.uiautomator2.server' is installed
[debug] [35m[ADB][39m Getting package info for 'io.appium.uiautomator2.server'
[debug] [35m[ADB][39m Running '/home/jarwo/.katalon/tools/android_sdk/platform-tools/adb -P 5037 -s f24006487d26 shell dumpsys package io.appium.uiautomator2.server'
[debug] [35m[ADB][39m The version name of the installed 'io.appium.uiautomator2.server' is greater or equal to the application version name ('3.5.1' >= '3.5.1')
[debug] [35m[UiAutomator2][39m io.appium.uiautomator2.server installation state: sameVersionInstalled
[debug] [35m[ADB][39m Checking app cert for /home/jarwo/.nvm/versions/node/v12.5.0/lib/node_modules/appium/node_modules/appium-uiautomator2-server/apks/appium-uiautomator2-server-v3.5.1.apk
[35m[ADB][39m Using 'apksigner' from '/home/jarwo/.katalon/tools/android_sdk/build-tools/29.0.1/apksigner'
[debug] [35m[ADB][39m Starting '/home/jarwo/.katalon/tools/android_sdk/build-tools/29.0.1/apksigner' with args '["verify","--print-certs","/home/jarwo/.nvm/versions/node/v12.5.0/lib/node_modules/appium/node_modules/appium-uiautomator2-server/apks/appium-uiautomator2-server-v3.5.1.apk"]'
[debug] [35m[ADB][39m apksigner stdout: Signer #1 certificate DN: EMAILADDRESS=android@android.com, CN=Android, OU=Android, O=Android, L=Mountain View, ST=California, C=US
[debug] [35m[ADB][39m Signer #1 certificate SHA-256 digest: a40da80a59d170caa950cf15c18c454d47a39b26989d8b640ecd745ba71bf5dc
[debug] [35m[ADB][39m Signer #1 certificate SHA-1 digest: 61ed377e85d386a8dfee6b864bd85b0bfaa5af81
[debug] [35m[ADB][39m Signer #1 certificate MD5 digest: e89b158e4bcf988ebd09eb83f5378e87
[debug] [35m[ADB][39m 
[debug] [35m[ADB][39m '/home/jarwo/.nvm/versions/node/v12.5.0/lib/node_modules/appium/node_modules/appium-uiautomator2-server/apks/appium-uiautomator2-server-v3.5.1.apk' is already signed.
[debug] [35m[ADB][39m Getting install status for io.appium.uiautomator2.server.test
[debug] [35m[ADB][39m Running '/home/jarwo/.katalon/tools/android_sdk/platform-tools/adb -P 5037 -s f24006487d26 shell dumpsys package io.appium.uiautomator2.server.test'
[debug] [35m[ADB][39m 'io.appium.uiautomator2.server.test' is installed
[debug] [35m[ADB][39m Checking app cert for /home/jarwo/.nvm/versions/node/v12.5.0/lib/node_modules/appium/node_modules/appium-uiautomator2-server/apks/appium-uiautomator2-server-debug-androidTest.apk
[debug] [35m[ADB][39m Starting '/home/jarwo/.katalon/tools/android_sdk/build-tools/29.0.1/apksigner' with args '["verify","--print-certs","/home/jarwo/.nvm/versions/node/v12.5.0/lib/node_modules/appium/node_modules/appium-uiautomator2-server/apks/appium-uiautomator2-server-debug-androidTest.apk"]'
[debug] [35m[ADB][39m apksigner stdout: Signer #1 certificate DN: EMAILADDRESS=android@android.com, CN=Android, OU=Android, O=Android, L=Mountain View, ST=California, C=US
[debug] [35m[ADB][39m Signer #1 certificate SHA-256 digest: a40da80a59d170caa950cf15c18c454d47a39b26989d8b640ecd745ba71bf5dc
[debug] [35m[ADB][39m Signer #1 certificate SHA-1 digest: 61ed377e85d386a8dfee6b864bd85b0bfaa5af81
[debug] [35m[ADB][39m Signer #1 certificate MD5 digest: e89b158e4bcf988ebd09eb83f5378e87
[debug] [35m[ADB][39m 
[debug] [35m[ADB][39m '/home/jarwo/.nvm/versions/node/v12.5.0/lib/node_modules/appium/node_modules/appium-uiautomator2-server/apks/appium-uiautomator2-server-debug-androidTest.apk' is already signed.
[35m[UiAutomator2][39m Server packages are not going to be (re)installed
[debug] [35m[UiAutomator2][39m Waiting up to 30000ms for services to be available
[debug] [35m[ADB][39m Running '/home/jarwo/.katalon/tools/android_sdk/platform-tools/adb -P 5037 -s f24006487d26 shell pm list instrumentation'
[debug] [35m[UiAutomator2][39m Instrumentation target 'io.appium.uiautomator2.server.test/androidx.test.runner.AndroidJUnitRunner' is available
[debug] [35m[UiAutomator2][39m Forwarding UiAutomator2 Server port 6790 to 8200
[debug] [35m[ADB][39m Forwarding system: 8200 to device: 6790
[debug] [35m[ADB][39m Running '/home/jarwo/.katalon/tools/android_sdk/platform-tools/adb -P 5037 -s f24006487d26 forward tcp\:8200 tcp\:6790'
[debug] [35m[ADB][39m Checking app cert for /home/jarwo/Katalon Studio/Ritase Automation Testing/APK/stg-driver.apk
[debug] [35m[ADB][39m Starting '/home/jarwo/.katalon/tools/android_sdk/build-tools/29.0.1/apksigner' with args '["verify","--print-certs","/home/jarwo/Katalon Studio/Ritase Automation Testing/APK/stg-driver.apk"]'
[debug] [35m[ADB][39m apksigner stdout: Signer #1 certificate DN: EMAILADDRESS=android@android.com, CN=Android, OU=Android, O=Android, L=Mountain View, ST=California, C=US
[debug] [35m[ADB][39m Signer #1 certificate SHA-256 digest: a40da80a59d170caa950cf15c18c454d47a39b26989d8b640ecd745ba71bf5dc
[debug] [35m[ADB][39m Signer #1 certificate SHA-1 digest: 61ed377e85d386a8dfee6b864bd85b0bfaa5af81
[debug] [35m[ADB][39m Signer #1 certificate MD5 digest: e89b158e4bcf988ebd09eb83f5378e87
[debug] [35m[ADB][39m 
[debug] [35m[ADB][39m '/home/jarwo/Katalon Studio/Ritase Automation Testing/APK/stg-driver.apk' is already signed.
[debug] [35m[ADB][39m Getting install status for com.ritase.driver.staging
[debug] [35m[ADB][39m Running '/home/jarwo/.katalon/tools/android_sdk/platform-tools/adb -P 5037 -s f24006487d26 shell dumpsys package com.ritase.driver.staging'
[debug] [35m[ADB][39m 'com.ritase.driver.staging' is installed
[debug] [35m[ADB][39m Getting package info for 'com.ritase.driver.staging'
[debug] [35m[ADB][39m Running '/home/jarwo/.katalon/tools/android_sdk/platform-tools/adb -P 5037 -s f24006487d26 shell dumpsys package com.ritase.driver.staging'
[debug] [35m[ADB][39m The version name of the installed 'com.ritase.driver.staging' is greater or equal to the application version name ('2.0.0' >= '2.0.0')
[debug] [35m[ADB][39m There is no need to install/upgrade '/home/jarwo/Katalon Studio/Ritase Automation Testing/APK/stg-driver.apk'
[debug] [35m[UiAutomator2][39m Performing shallow cleanup of automation leftovers
[debug] [35m[UiAutomator2][39m No obsolete sessions have been detected (Error: socket hang up)
[debug] [35m[ADB][39m Running '/home/jarwo/.katalon/tools/android_sdk/platform-tools/adb -P 5037 -s f24006487d26 shell am force-stop io.appium.uiautomator2.server.test'
[35m[UiAutomator2][39m Starting UIAutomator2 server 3.5.1
[35m[UiAutomator2][39m Using UIAutomator2 server from '/home/jarwo/.nvm/versions/node/v12.5.0/lib/node_modules/appium/node_modules/appium-uiautomator2-server/apks/appium-uiautomator2-server-v3.5.1.apk' and test from '/home/jarwo/.nvm/versions/node/v12.5.0/lib/node_modules/appium/node_modules/appium-uiautomator2-server/apks/appium-uiautomator2-server-debug-androidTest.apk'
[35m[UiAutomator2][39m Waiting up to 30000ms for UiAutomator2 to be online...
[debug] [35m[ADB][39m Creating ADB subprocess with args: ["-P",5037,"-s","f24006487d26","shell","am","instrument","-w","io.appium.uiautomator2.server.test/androidx.test.runner.AndroidJUnitRunner"]
[debug] [35m[WD Proxy][39m Matched '/status' to command name 'getStatus'
[debug] [35m[WD Proxy][39m Proxying [GET /status] to [GET http://localhost:8200/wd/hub/status] with no body
[35m[WD Proxy][39m Got an unexpected response: {"code":"ECONNRESET"}
[35m[HTTP][39m [37m<-- POST /wd/hub/session [39m[32m-[39m [90m- ms - -[39m
[35m[HTTP][39m [90m[39m
[debug] [35m[WD Proxy][39m Matched '/status' to command name 'getStatus'
[debug] [35m[WD Proxy][39m Proxying [GET /status] to [GET http://localhost:8200/wd/hub/status] with no body
[35m[WD Proxy][39m Got an unexpected response: {"code":"ECONNRESET"}
[debug] [35m[Instrumentation][39m io.appium.uiautomator2.server.test.AppiumUiAutomator2Server:
[debug] [35m[WD Proxy][39m Matched '/status' to command name 'getStatus'
[debug] [35m[WD Proxy][39m Proxying [GET /status] to [GET http://localhost:8200/wd/hub/status] with no body
[35m[WD Proxy][39m Got an unexpected response: {"code":"ECONNRESET"}
[debug] [35m[WD Proxy][39m Matched '/status' to command name 'getStatus'
[debug] [35m[WD Proxy][39m Proxying [GET /status] to [GET http://localhost:8200/wd/hub/status] with no body
[35m[WD Proxy][39m Got an unexpected response: {"code":"ECONNRESET"}
[debug] [35m[WD Proxy][39m Matched '/status' to command name 'getStatus'
[debug] [35m[WD Proxy][39m Proxying [GET /status] to [GET http://localhost:8200/wd/hub/status] with no body
[debug] [35m[WD Proxy][39m Got response with status 200: "{\"sessionId\":\"None\",\"status\":0,\"value\":\"Status Invoked\"}"
[debug] [35m[WD Proxy][39m Determined that the downstream protocol for proxy is MJSONWP
[debug] [35m[UiAutomator2][39m The initialization of the instrumentation process took 5321ms
[debug] [35m[WD Proxy][39m Matched '/session' to command name 'createSession'
[debug] [35m[WD Proxy][39m Proxying [POST /session] to [POST http://localhost:8200/wd/hub/session] with body: {"desiredCapabilities":{"platform":"ANDROID","webStorageEnabled":false,"takesScreenshot":true,"javascriptEnabled":true,"databaseEnabled":false,"networkConnectionEnabled":true,"locationContextEnabled":false,"warnings":{},"desired":{"platformName":"android","platform":"ANDROID","app":"/home/jarwo/Katalon Studio/Ritase Automation Testing/APK/stg-driver.apk","autoGrantPermissions":true,"automationName":"uiautomator2","deviceName":"Xiaomi Redmi 6A (Android 8.1.0)","fullReset":false,"newCommandTimeout":1800,"noReset":true,"platformVersion":"8.1.0","udid":"f24006487d26"},"platformName":"android","app":"/home/jarwo/Katalon Studio/Ritase Automation Testing/APK/stg-driver.apk","autoGrantPermissions":true,"automationName":"uiautomator2","deviceName":"f24006487d26","fullReset":false,"newCommandTimeout":1800,"noReset":true,"platformVersion":"8.1.0","udid":"f24006487d26","deviceUDID":"f24006487d26","appPackage":"com.ritase.driver.staging"}}
[debug] [35m[WD Proxy][39m Got response with status 200: {"sessionId":"f894da29-aa49-4f33-bc1a-44cd608d0edd","status":0,"value":"Created Session"}
[debug] [35m[WD Proxy][39m Proxying [GET /appium/device/info] to [GET http://localhost:8200/wd/hub/session/f894da29-aa49-4f33-bc1a-44cd608d0edd/appium/device/info] with no body
[debug] [35m[WD Proxy][39m Got response with status 200: "{\"sessionId\":\"f894da29-aa49-4f33-bc1a-44cd608d0edd\",\"status\":0,\"value\":{\"androidId\":\"077f3bd29a889ea0\",\"manufacturer\":\"Xiaomi\",\"model\":\"Redmi 6A\",\"brand\":\"xiaomi\",\"apiVersion\":\"27\",\"platformVersion\":\"8.1.0\",\"carrierName\":\"\",\"realDisplaySize\":\"720x1440\",\"displayDensity\":320,\"networks\":[{\"type\":1,\"typeName\":\"WIFI\",\"subtype\":0,\"subtypeName\":\"\",\"isConnected\":true,\"detailedState\":\"CONNECTED\",\"state\":\"CONNECTED\",\"extraInfo\":\"\\\"CoHive Wi-Fi Access\\\"\",\"isAvailable\":true,\"isFailover\":false,\"isRoaming\":false,\"capabilities\":{\"transportTypes\":\"NET_CAPABILITY_SUPL\",\"networkCapabilities\":\"\",\"linkUpstreamBandwidthKbps\":1048576,\"linkDownBandwidthKbps\":1048576,\"signalStrength\":-54,\"networkSpecifier\":null,\"SSID\":null}}]}}"
[debug] [35m[ADB][39m Running '/home/jarwo/.katalon/tools/android_sdk/platform-tools/adb -P 5037 -s f24006487d26 shell dumpsys window'
[35m[AndroidDriver][39m Screen already unlocked, doing nothing
[35m[UiAutomator2][39m UiAutomator2 did not start the activity we were waiting for, 'com.ritase.driver.staging/com.ritase.driver.activity.SplashActivity'. Starting it ourselves
[debug] [35m[ADB][39m Running '/home/jarwo/.katalon/tools/android_sdk/platform-tools/adb -P 5037 -s f24006487d26 shell am start -W -n com.ritase.driver.staging/com.ritase.driver.activity.SplashActivity -S -a android.intent.action.MAIN -c android.intent.category.LAUNCHER -f 0x10200000'
[debug] [35m[Instrumentation][39m INSTRUMENTATION_RESULT: shortMsg=Process crashed.
[debug] [35m[Instrumentation][39m INSTRUMENTATION_CODE: 0
[debug] [35m[Instrumentation][39m The process has exited with code 0
[debug] [35m[UiAutomator2][39m Deleting UiAutomator2 session
[debug] [35m[UiAutomator2][39m Deleting UiAutomator2 server session
[debug] [35m[WD Proxy][39m Matched '/' to command name 'deleteSession'
[debug] [35m[WD Proxy][39m Proxying [DELETE /] to [DELETE http://localhost:8200/wd/hub/session/f894da29-aa49-4f33-bc1a-44cd608d0edd] with no body
[35m[WD Proxy][39m Got an unexpected response: {"code":"ECONNRESET"}
[35m[UiAutomator2][39m Did not get confirmation UiAutomator2 deleteSession worked; Error was: UnknownError: An unknown server-side error occurred while processing the command. Original error: Could not proxy command to remote server. Original error: Error: socket hang up
[debug] [35m[ADB][39m Running '/home/jarwo/.katalon/tools/android_sdk/platform-tools/adb -P 5037 -s f24006487d26 shell am force-stop com.ritase.driver.staging'
[debug] [35m[Logcat][39m Stopping logcat capture
[debug] [35m[ADB][39m Removing forwarded port socket connection: 8200 
[debug] [35m[ADB][39m Running '/home/jarwo/.katalon/tools/android_sdk/platform-tools/adb -P 5037 -s f24006487d26 forward --remove tcp\:8200'
[debug] [35m[BaseDriver][39m Event 'newSessionStarted' logged at 1566889645720 (14:07:25 GMT+0700 (Western Indonesia Time))
[debug] [35m[W3C][39m Encountered internal error running command: Error: Cannot start the 'com.ritase.driver.staging' application. Visit https://github.com/appium/appium/blob/master/docs/en/writing-running-appium/android/activity-startup.md for troubleshooting. Original error: Error executing adbExec. Original error: 'Command '/home/jarwo/.katalon/tools/android_sdk/platform-tools/adb -P 5037 -s f24006487d26 shell am start -W -n com.ritase.driver.staging/com.ritase.driver.activity.SplashActivity -S -a android.intent.action.MAIN -c android.intent.category.LAUNCHER -f 0x10200000' timed out after 20000ms'. Try to increase the 20000ms adb execution timeout represented by 'adbExecTimeout' capability
[debug] [35m[W3C][39m     at ADB.<anonymous> (/home/jarwo/.nvm/versions/node/v12.5.0/lib/node_modules/appium/node_modules/appium-adb/lib/tools/apk-utils.js:149:11)
[debug] [35m[W3C][39m     at Generator.throw (<anonymous>)
[debug] [35m[W3C][39m     at asyncGeneratorStep (/home/jarwo/.nvm/versions/node/v12.5.0/lib/node_modules/appium/node_modules/@babel/runtime/helpers/asyncToGenerator.js:3:24)
[debug] [35m[W3C][39m     at _throw (/home/jarwo/.nvm/versions/node/v12.5.0/lib/node_modules/appium/node_modules/@babel/runtime/helpers/asyncToGenerator.js:29:9)
